--- model polynom_b (rz < 0). units: [m] for length, [rad] for angle and [m^(n-1)] for polynom_b ---
 len[m]     angle[deg]     PolyB(n=0)     PolyB(n=1)     PolyB(n=2)     PolyB(n=3)     PolyB(n=4)     PolyB(n=5)     PolyB(n=6)    
 0.1250 ,  +0.40656346 ,  -1.9491e-05 ,  -7.7540e-01 ,  +4.3310e-02 ,  -1.0483e+00 ,  -4.7979e+02 ,  +2.3980e+04 ,  +2.9696e+06 , 
 0.0550 ,  +0.17996464 ,  -9.4943e-05 ,  -7.7350e-01 ,  +2.7999e-02 ,  +2.6294e+00 ,  -5.0459e+02 ,  +3.1008e+03 ,  +2.8188e+06 , 
 0.0100 ,  +0.03293975 ,  -6.0938e-04 ,  -7.6878e-01 ,  -1.9682e-03 ,  +4.5316e+00 ,  -6.7738e+02 ,  -4.2851e+03 ,  +3.5101e+06 , 
 0.0050 ,  +0.01656680 ,  -1.2019e-03 ,  -7.6059e-01 ,  -4.3708e-02 ,  +2.9867e+00 ,  -6.3504e+02 ,  -7.0367e+02 ,  +3.0505e+06 , 
 0.0050 ,  +0.01651365 ,  -1.2371e-03 ,  -7.5044e-01 ,  -1.9851e-01 ,  +1.9103e+00 ,  -4.9889e+02 ,  +6.0264e+03 ,  +2.3949e+06 , 
 0.0050 ,  +0.01649154 ,  -1.2735e-03 ,  -7.4385e-01 ,  -3.1068e-01 ,  +2.1649e+00 ,  -8.3065e+02 ,  +9.8121e+03 ,  +3.7606e+06 , 
 0.0050 ,  +0.01650144 ,  -1.2032e-03 ,  -7.4817e-01 ,  -2.4294e-01 ,  +1.9372e+00 ,  -6.1273e+02 ,  +7.5789e+03 ,  +2.8222e+06 , 
 0.0100 ,  +0.03287860 ,  -6.1787e-04 ,  -7.6276e-01 ,  -4.0249e-02 ,  +1.5034e+00 ,  -5.7854e+02 ,  +9.4739e+03 ,  +2.6272e+06 , 
 0.0100 ,  +0.03298718 ,  -4.8119e-04 ,  -7.7141e-01 ,  -1.4165e-02 ,  +4.1951e+00 ,  -3.8278e+02 ,  -5.2157e+02 ,  +2.0272e+06 , 
 0.1750 ,  +0.57105325 ,  -3.2439e-06 ,  -7.7390e-01 ,  +4.0930e-02 ,  +5.2746e+00 ,  +6.9726e+02 ,  -1.1145e+03 ,  -2.9515e+06 , 
 0.1750 ,  +0.57056492 ,  -5.3497e-05 ,  -7.7238e-01 ,  +9.4260e-02 ,  +1.9903e+00 ,  +2.1547e+02 ,  +2.5781e+04 ,  -4.5329e+05 , 
 0.0200 ,  +0.06295733 ,  +3.9258e-05 ,  -7.8202e-01 ,  -1.5075e-01 ,  +8.7000e+00 ,  -5.4743e+02 ,  +1.9156e+04 ,  +2.8348e+06 , 
 0.0100 ,  +0.02639409 ,  +1.0556e-03 ,  -6.6652e-01 ,  -4.1350e-01 ,  +1.7716e+01 ,  -7.6816e+02 ,  +1.8541e+04 ,  +2.2374e+06 , 
 0.0150 ,  +0.02756609 ,  +8.3352e-04 ,  -3.4877e-01 ,  -2.4254e+00 ,  +2.1676e+01 ,  -6.7336e+02 ,  +1.7531e+04 ,  +1.5073e+06 , 
 0.0200 ,  +0.01913081 ,  +4.2130e-04 ,  -1.0226e-01 ,  -2.1602e+00 ,  +1.2491e+01 ,  -2.6047e+02 ,  +9.4794e+02 ,  +5.7061e+05 , 
 0.0300 ,  +0.01151016 ,  +1.1984e-04 ,  -2.2658e-02 ,  -8.8503e-01 ,  +4.3758e+00 ,  +3.8841e+01 ,  -2.4624e+03 ,  -1.7213e+05 , 
 0.0320 ,  +0.00439865 ,  -5.8832e-06 ,  -4.3471e-03 ,  -2.5833e-01 ,  +1.0716e+00 ,  +1.6316e+01 ,  -1.4005e+03 ,  -3.6931e+04 , 
 0.0325 ,  +0.00321764 ,  +5.7520e-05 ,  -1.1512e-03 ,  -1.3069e-01 ,  +4.1928e-01 ,  +2.3480e+00 ,  -1.1180e+03 ,  +1.4879e+05 , 
