--- model polynom_b (rz > 0). units: [m] for length, [rad] for angle and [m^(n-1)] for polynom_b ---
 len[m]    angle[deg]  PolyB(n=0)   PolyB(n=1)   PolyB(n=2)   PolyB(n=3)   PolyB(n=4)   PolyB(n=5)   PolyB(n=6)   
 0.1250 ,  +0.40635 ,  +0.00e+00 ,  -7.76e-01 ,  +6.15e-03 ,  +4.42e+00 ,  +1.36e+02 ,  -1.78e+03 ,  -2.61e+05 , 
 0.0550 ,  +0.17966 ,  +0.00e+00 ,  -7.75e-01 ,  -3.00e-02 ,  +1.48e+00 ,  +1.90e+02 ,  +1.17e+04 ,  -7.00e+04 , 
 0.0100 ,  +0.03260 ,  +0.00e+00 ,  -7.71e-01 ,  -4.14e-02 ,  +3.31e-02 ,  -5.84e+01 ,  +1.98e+04 ,  +3.92e+05 , 
 0.0050 ,  +0.01623 ,  +0.00e+00 ,  -7.63e-01 ,  -8.52e-02 ,  -4.58e+00 ,  +1.91e+01 ,  +3.98e+04 ,  +4.92e+04 , 
 0.0050 ,  +0.01617 ,  +0.00e+00 ,  -7.54e-01 ,  -2.18e-01 ,  -3.87e+00 ,  +5.95e+01 ,  +3.65e+04 ,  -1.48e+05 , 
 0.0050 ,  +0.01614 ,  +0.00e+00 ,  -7.48e-01 ,  -3.44e-01 ,  -3.25e+00 ,  +1.55e+02 ,  +3.57e+04 ,  -7.57e+05 , 
 0.0050 ,  +0.01616 ,  +0.00e+00 ,  -7.51e-01 ,  -2.75e-01 ,  -1.25e+00 ,  +4.46e+01 ,  +2.39e+04 ,  -2.72e+05 , 
 0.0100 ,  +0.03249 ,  +0.00e+00 ,  -7.64e-01 ,  -8.80e-02 ,  -2.10e+00 ,  -8.87e+01 ,  +2.60e+04 ,  +6.51e+05 , 
 0.0100 ,  +0.03266 ,  +0.00e+00 ,  -7.72e-01 ,  -6.92e-02 ,  -1.31e+00 ,  +3.48e+02 ,  +2.34e+04 ,  -1.07e+06 , 
 0.1750 ,  +0.57033 ,  +0.00e+00 ,  -7.75e-01 ,  +5.53e-02 ,  +8.24e-01 ,  -1.63e+02 ,  +1.70e+04 ,  +1.26e+06 , 
 0.1750 ,  +0.56993 ,  +0.00e+00 ,  -7.74e-01 ,  +7.81e-02 ,  +5.81e+00 ,  +2.47e+02 ,  -7.10e+03 ,  -9.00e+05 , 
 0.0200 ,  +0.06318 ,  +0.00e+00 ,  -7.86e-01 ,  -2.06e-01 ,  +7.85e+00 ,  +7.39e+02 ,  +1.48e+04 ,  -3.14e+06 , 
 0.0100 ,  +0.02731 ,  +0.00e+00 ,  -6.83e-01 ,  -3.31e-01 ,  +1.32e+01 ,  +3.48e+02 ,  +2.71e+04 ,  -2.56e+06 , 
 0.0150 ,  +0.02888 ,  +0.00e+00 ,  -3.68e-01 ,  -2.36e+00 ,  +1.83e+01 ,  +2.06e+02 ,  +2.95e+04 ,  -2.33e+06 , 
 0.0200 ,  +0.02009 ,  +0.00e+00 ,  -1.10e-01 ,  -2.18e+00 ,  +1.00e+01 ,  -9.26e+01 ,  +1.42e+04 ,  -2.53e+05 , 
 0.0300 ,  +0.01202 ,  +0.00e+00 ,  -2.44e-02 ,  -8.96e-01 ,  +3.24e+00 ,  -9.88e+01 ,  +3.66e+03 ,  +4.36e+05 , 
 0.0320 ,  +0.00452 ,  +0.00e+00 ,  -4.62e-03 ,  -2.61e-01 ,  +8.83e-01 ,  -5.07e+01 ,  -3.52e+02 ,  +2.17e+05 , 
 0.0325 ,  +0.00348 ,  +3.96e-04 ,  -1.41e-03 ,  -1.26e-01 ,  +2.15e+00 ,  -6.87e+01 ,  -9.38e+03 ,  +3.12e+05 , 
