--- model polynom_b (rz < 0). units: [m] for length, [rad] for angle and [m^(n-1)] for polynom_b ---
 len[m]    angle[deg]  PolyB(n=0)   PolyB(n=1)   PolyB(n=2)   PolyB(n=3)   PolyB(n=4)   PolyB(n=5)   PolyB(n=6)   
 0.1250 ,  +0.40614 ,  +0.00e+00 ,  -7.75e-01 ,  +3.53e-02 ,  +7.77e+00 ,  -1.45e+02 ,  -2.50e+04 ,  +1.26e+06 , 
 0.0550 ,  +0.17958 ,  +0.00e+00 ,  -7.74e-01 ,  -9.00e-03 ,  +5.51e+00 ,  +3.08e+02 ,  -1.38e+04 ,  -6.94e+05 , 
 0.0100 ,  +0.03261 ,  +0.00e+00 ,  -7.70e-01 ,  -3.59e-02 ,  +4.04e+00 ,  +1.91e+02 ,  -6.35e+03 ,  -9.29e+04 , 
 0.0050 ,  +0.01625 ,  +0.00e+00 ,  -7.64e-01 ,  -6.93e-02 ,  +2.16e+00 ,  +2.33e+02 ,  -5.61e+02 ,  -4.76e+05 , 
 0.0050 ,  +0.01620 ,  +0.00e+00 ,  -7.56e-01 ,  -1.77e-01 ,  +1.86e+00 ,  +1.58e+02 ,  +1.95e+03 ,  -3.20e+05 , 
 0.0050 ,  +0.01617 ,  +0.00e+00 ,  -7.51e-01 ,  -2.90e-01 ,  +3.01e+00 ,  +3.13e+02 ,  +1.36e+03 ,  -1.04e+06 , 
 0.0050 ,  +0.01619 ,  +0.00e+00 ,  -7.54e-01 ,  -2.40e-01 ,  +3.20e+00 ,  +3.61e+02 ,  -1.85e+03 ,  -1.13e+06 , 
 0.0100 ,  +0.03255 ,  +0.00e+00 ,  -7.65e-01 ,  -7.57e-02 ,  +4.79e+00 ,  +3.42e+02 ,  -1.04e+04 ,  -1.14e+06 , 
 0.0100 ,  +0.03269 ,  +0.00e+00 ,  -7.72e-01 ,  -4.61e-02 ,  +6.13e+00 ,  +3.38e+02 ,  -1.24e+04 ,  -7.93e+05 , 
 0.1750 ,  +0.57062 ,  +0.00e+00 ,  -7.74e-01 ,  +1.53e-02 ,  +5.41e+00 ,  +7.48e+02 ,  -2.37e+03 ,  -2.64e+06 , 
 0.1750 ,  +0.57041 ,  +0.00e+00 ,  -7.74e-01 ,  +7.99e-02 ,  +3.55e+00 ,  +6.01e+01 ,  +1.70e+04 ,  +3.34e+05 , 
 0.0200 ,  +0.06322 ,  +0.00e+00 ,  -7.87e-01 ,  -5.84e-02 ,  +7.06e+00 ,  -9.91e+02 ,  +2.04e+04 ,  +4.58e+06 , 
 0.0100 ,  +0.02722 ,  +0.00e+00 ,  -6.79e-01 ,  -1.93e-01 ,  +1.35e+01 ,  -1.17e+03 ,  +2.03e+04 ,  +4.15e+06 , 
 0.0150 ,  +0.02867 ,  +0.00e+00 ,  -3.62e-01 ,  -2.26e+00 ,  +1.92e+01 ,  -9.00e+02 ,  +2.12e+04 ,  +2.39e+06 , 
 0.0200 ,  +0.01994 ,  +0.00e+00 ,  -1.08e-01 ,  -2.12e+00 ,  +1.18e+01 ,  -4.52e+02 ,  +6.43e+03 ,  +1.15e+06 , 
 0.0300 ,  +0.01190 ,  +0.00e+00 ,  -2.40e-02 ,  -8.80e-01 ,  +4.37e+00 ,  -1.03e+02 ,  -1.32e+03 ,  +4.16e+05 , 
 0.0320 ,  +0.00446 ,  +0.00e+00 ,  -4.54e-03 ,  -2.61e-01 ,  +1.16e+00 ,  -8.60e+00 ,  -1.84e+03 ,  +8.89e+04 , 
 0.0325 ,  +0.00338 ,  -4.09e-04 ,  -1.10e-03 ,  -1.41e-01 ,  +3.21e-01 ,  +1.88e+02 ,  -4.25e+02 ,  -7.54e+05 , 
