--- model polynom_b (rz < 0). units: [m] for length, [rad] for angle and [m^(n-1)] for polynom_b ---
 len[m]    angle[deg]  PolyB(n=0)   PolyB(n=1)   PolyB(n=2)   PolyB(n=3)   PolyB(n=4)   PolyB(n=5)   PolyB(n=6)   
 0.1250 ,  +0.40640 ,  +0.00e+00 ,  -7.76e-01 ,  +2.13e-02 ,  +1.13e+00 ,  -1.99e+02 ,  +6.60e+03 ,  +1.02e+06 , 
 0.0550 ,  +0.17966 ,  +0.00e+00 ,  -7.74e-01 ,  +4.62e-03 ,  +4.47e+00 ,  -2.60e+02 ,  -1.31e+04 ,  +1.33e+06 , 
 0.0100 ,  +0.03260 ,  +0.00e+00 ,  -7.70e-01 ,  -6.36e-02 ,  +7.62e+00 ,  +1.85e+02 ,  -2.82e+04 ,  -6.93e+05 , 
 0.0050 ,  +0.01624 ,  +0.00e+00 ,  -7.62e-01 ,  -9.97e-02 ,  +6.28e+00 ,  +1.84e+02 ,  -2.55e+04 ,  -1.13e+06 , 
 0.0050 ,  +0.01619 ,  +0.00e+00 ,  -7.54e-01 ,  -2.17e-01 ,  +3.42e+00 ,  -4.04e+01 ,  -8.33e+03 ,  -1.71e+05 , 
 0.0050 ,  +0.01617 ,  +0.00e+00 ,  -7.49e-01 ,  -3.14e-01 ,  +4.10e+00 ,  -1.05e+02 ,  -7.58e+03 ,  +2.40e+05 , 
 0.0050 ,  +0.01620 ,  +0.00e+00 ,  -7.53e-01 ,  -2.33e-01 ,  +3.43e+00 ,  -1.78e+02 ,  -7.61e+03 ,  +5.54e+05 , 
 0.0100 ,  +0.03258 ,  +0.00e+00 ,  -7.65e-01 ,  -7.26e-02 ,  +4.41e+00 ,  -1.13e+02 ,  -1.26e+04 ,  +3.50e+05 , 
 0.0100 ,  +0.03273 ,  +0.00e+00 ,  -7.72e-01 ,  -4.87e-02 ,  +4.21e+00 ,  +4.73e+01 ,  -7.01e+03 ,  -1.46e+05 , 
 0.1750 ,  +0.57134 ,  +0.00e+00 ,  -7.74e-01 ,  +4.05e-02 ,  +5.12e+00 ,  +7.73e+01 ,  -1.18e+04 ,  +4.76e+05 , 
 0.1750 ,  +0.57058 ,  +0.00e+00 ,  -7.73e-01 ,  +8.76e-02 ,  +2.20e+00 ,  +5.59e+01 ,  +2.05e+04 ,  -2.44e+05 , 
 0.0200 ,  +0.06305 ,  +0.00e+00 ,  -7.84e-01 ,  -1.25e-01 ,  +1.17e+01 ,  -1.35e+03 ,  +9.47e+03 ,  +5.93e+06 , 
 0.0100 ,  +0.02702 ,  +0.00e+00 ,  -6.69e-01 ,  -4.07e-01 ,  +2.06e+01 ,  -1.25e+03 ,  +6.30e+03 ,  +4.33e+06 , 
 0.0150 ,  +0.02835 ,  +0.00e+00 ,  -3.53e-01 ,  -2.42e+00 ,  +2.28e+01 ,  -8.72e+02 ,  +1.10e+04 ,  +2.62e+06 , 
 0.0200 ,  +0.01964 ,  +0.00e+00 ,  -1.05e-01 ,  -2.15e+00 ,  +1.16e+01 ,  -4.34e+02 ,  +2.34e+03 ,  +1.36e+06 , 
 0.0300 ,  +0.01170 ,  +0.00e+00 ,  -2.38e-02 ,  -8.78e-01 ,  +4.00e+00 ,  -5.48e+01 ,  -1.69e+03 ,  +2.20e+05 , 
 0.0320 ,  +0.00439 ,  +0.00e+00 ,  -4.55e-03 ,  -2.59e-01 ,  +8.17e-01 ,  +1.91e+01 ,  -3.18e+02 ,  -8.54e+04 , 
 0.0325 ,  +0.00336 ,  -1.73e-04 ,  -1.13e-03 ,  -1.17e-01 ,  -9.98e-02 ,  -1.08e+02 ,  +2.79e+03 ,  +3.27e+05 , 
