--- model polynom_b (rz < 0). units: [m] for length, [rad] for angle and [m^(n-1)] for polynom_b ---
 len[m]    angle[deg]  PolyB(n=0)   PolyB(n=1)   PolyB(n=2)   PolyB(n=3)   PolyB(n=4)   PolyB(n=5)   PolyB(n=6)   
 0.1250 ,  +0.40657 ,  +0.00e+00 ,  -7.76e-01 ,  +3.97e-02 ,  +4.12e+00 ,  -6.62e+01 ,  +4.51e+03 ,  +2.70e+05 , 
 0.0550 ,  +0.17977 ,  +0.00e+00 ,  -7.74e-01 ,  -1.71e-02 ,  +7.21e+00 ,  +3.96e+02 ,  -1.40e+04 ,  -1.46e+06 , 
 0.0100 ,  +0.03263 ,  +0.00e+00 ,  -7.70e-01 ,  -6.64e-02 ,  +5.92e+00 ,  +5.30e+02 ,  -4.54e+03 ,  -2.37e+06 , 
 0.0050 ,  +0.01626 ,  +0.00e+00 ,  -7.63e-01 ,  -1.08e-01 ,  +2.61e+00 ,  +5.21e+02 ,  +8.48e+03 ,  -2.46e+06 , 
 0.0050 ,  +0.01621 ,  +0.00e+00 ,  -7.55e-01 ,  -2.22e-01 ,  +3.81e+00 ,  +4.15e+02 ,  +1.37e+03 ,  -2.01e+06 , 
 0.0050 ,  +0.01619 ,  +0.00e+00 ,  -7.51e-01 ,  -3.03e-01 ,  +4.21e+00 ,  +2.70e+02 ,  +4.09e+03 ,  -1.34e+06 , 
 0.0050 ,  +0.01622 ,  +0.00e+00 ,  -7.54e-01 ,  -2.43e-01 ,  +3.95e+00 ,  +4.78e+02 ,  -1.33e+01 ,  -2.22e+06 , 
 0.0100 ,  +0.03259 ,  +0.00e+00 ,  -7.65e-01 ,  -9.68e-02 ,  +4.39e+00 ,  +3.59e+02 ,  +2.75e+02 ,  -1.61e+06 , 
 0.0100 ,  +0.03273 ,  +0.00e+00 ,  -7.71e-01 ,  -7.75e-02 ,  +5.02e+00 ,  +4.77e+02 ,  -5.48e+00 ,  -1.80e+06 , 
 0.1750 ,  +0.57146 ,  +0.00e+00 ,  -7.75e-01 ,  +1.03e-02 ,  +6.67e+00 ,  +4.72e+02 ,  -3.43e+03 ,  -1.22e+06 , 
 0.1750 ,  +0.57072 ,  +0.00e+00 ,  -7.74e-01 ,  +4.00e-02 ,  +3.30e+00 ,  +1.62e+02 ,  +1.32e+04 ,  +1.86e+05 , 
 0.0200 ,  +0.06293 ,  +0.00e+00 ,  -7.83e-01 ,  -1.74e-01 ,  +1.31e+01 ,  -3.29e+02 ,  -2.19e+03 ,  +1.39e+06 , 
 0.0100 ,  +0.02685 ,  +0.00e+00 ,  -6.61e-01 ,  -4.58e-01 ,  +1.83e+01 ,  -6.11e+02 ,  +1.58e+04 ,  +1.38e+06 , 
 0.0150 ,  +0.02811 ,  +0.00e+00 ,  -3.44e-01 ,  -2.44e+00 ,  +2.25e+01 ,  -5.77e+02 ,  +8.86e+03 ,  +9.80e+05 , 
 0.0200 ,  +0.01958 ,  +0.00e+00 ,  -1.02e-01 ,  -2.14e+00 ,  +1.12e+01 ,  -3.12e+02 ,  +3.86e+03 ,  +7.71e+05 , 
 0.0300 ,  +0.01171 ,  +0.00e+00 ,  -2.30e-02 ,  -8.75e-01 ,  +3.77e+00 ,  -3.12e+01 ,  -6.13e+02 ,  +1.65e+05 , 
 0.0320 ,  +0.00437 ,  +0.00e+00 ,  -4.31e-03 ,  -2.57e-01 ,  +7.43e-01 ,  -3.32e+00 ,  +1.45e+02 ,  +7.74e+04 , 
 0.0325 ,  +0.00330 ,  -6.51e-04 ,  -1.10e-03 ,  -1.27e-01 ,  +1.12e+00 ,  -1.58e+01 ,  -3.35e+03 ,  +1.13e+05 , 
