--- model polynom_b (rz > 0). units: [m] for length, [rad] for angle and [m^(n-1)] for polynom_b ---
 len[m]    angle[deg]  PolyB(n=0)   PolyB(n=1)   PolyB(n=2)   PolyB(n=3)   PolyB(n=4)   PolyB(n=5)   PolyB(n=6)   
 0.1250 ,  +0.40563 ,  +0.00e+00 ,  -7.75e-01 ,  +1.21e-02 ,  +3.60e+00 ,  +1.86e+02 ,  -1.06e+03 ,  -3.51e+05 , 
 0.0550 ,  +0.17939 ,  +0.00e+00 ,  -7.74e-01 ,  -7.17e-03 ,  +2.66e+00 ,  +1.13e+02 ,  +3.69e+03 ,  -1.96e+05 , 
 0.0100 ,  +0.03255 ,  +0.00e+00 ,  -7.71e-01 ,  -3.29e-02 ,  +1.27e+00 ,  +8.96e+00 ,  +1.26e+04 ,  +1.68e+05 , 
 0.0050 ,  +0.01620 ,  +0.00e+00 ,  -7.63e-01 ,  -6.64e-02 ,  -3.04e-01 ,  +2.53e+01 ,  +1.73e+04 ,  +1.31e+04 , 
 0.0050 ,  +0.01614 ,  +0.00e+00 ,  -7.53e-01 ,  -1.95e-01 ,  -2.26e+00 ,  -4.77e+01 ,  +2.66e+04 ,  +1.55e+05 , 
 0.0050 ,  +0.01609 ,  +0.00e+00 ,  -7.45e-01 ,  -3.54e-01 ,  -9.40e-01 ,  +9.83e+01 ,  +2.46e+04 ,  -3.88e+05 , 
 0.0050 ,  +0.01611 ,  +0.00e+00 ,  -7.48e-01 ,  -3.25e-01 ,  -1.93e+00 ,  +3.29e+02 ,  +2.86e+04 ,  -1.22e+06 , 
 0.0100 ,  +0.03241 ,  +0.00e+00 ,  -7.63e-01 ,  -9.42e-02 ,  -1.12e+00 ,  +2.32e+02 ,  +2.31e+04 ,  -1.01e+06 , 
 0.0100 ,  +0.03261 ,  +0.00e+00 ,  -7.72e-01 ,  -3.51e-02 ,  -2.20e+00 ,  +1.67e+02 ,  +3.20e+04 ,  -4.33e+05 , 
 0.1750 ,  +0.56973 ,  +0.00e+00 ,  -7.75e-01 ,  +6.08e-02 ,  +7.73e-01 ,  -1.77e+02 ,  +2.23e+04 ,  +1.27e+06 , 
 0.1750 ,  +0.56942 ,  +0.00e+00 ,  -7.75e-01 ,  +9.55e-02 ,  +4.63e+00 ,  -2.43e+02 ,  +8.60e+03 ,  +1.50e+06 , 
 0.0200 ,  +0.06333 ,  +0.00e+00 ,  -7.87e-01 ,  -1.31e-01 ,  +9.26e+00 ,  -6.72e+02 ,  +1.12e+04 ,  +3.16e+06 , 
 0.0100 ,  +0.02769 ,  +0.00e+00 ,  -6.96e-01 ,  -1.78e-01 ,  +1.75e+01 ,  -4.89e+02 ,  +4.27e+03 ,  +8.77e+05 , 
 0.0150 ,  +0.02968 ,  +0.00e+00 ,  -3.85e-01 ,  -2.22e+00 ,  +2.15e+01 ,  -4.50e+02 ,  +1.31e+04 ,  +1.53e+05 , 
 0.0200 ,  +0.02081 ,  +0.00e+00 ,  -1.16e-01 ,  -2.23e+00 ,  +1.25e+01 ,  -9.78e+01 ,  +3.50e+03 ,  -4.44e+05 , 
 0.0300 ,  +0.01236 ,  +0.00e+00 ,  -2.59e-02 ,  -9.36e-01 ,  +4.44e+00 ,  +2.12e+01 ,  -1.09e+03 ,  -1.28e+05 , 
 0.0320 ,  +0.00456 ,  +0.00e+00 ,  -5.00e-03 ,  -2.73e-01 ,  +1.06e+00 ,  +1.19e+01 ,  -7.98e+02 ,  -5.19e+03 , 
 0.0325 ,  +0.00349 ,  +1.37e-03 ,  -1.45e-03 ,  -1.31e-01 ,  +6.59e-02 ,  -2.91e+01 ,  +1.19e+03 ,  +8.11e+04 , 
