--- model polynom_b (rz > 0). units: [m] for length, [rad] for angle and [m^(n-1)] for polynom_b ---
 len[m]    angle[deg]  PolyB(n=0)   PolyB(n=1)   PolyB(n=2)   PolyB(n=3)   PolyB(n=4)   PolyB(n=5)   PolyB(n=6)   
 0.1250 ,  +0.40632 ,  +0.00e+00 ,  -7.76e-01 ,  +6.47e-02 ,  +3.80e+00 ,  -1.01e+03 ,  +2.35e+03 ,  +5.74e+06 , 
 0.0550 ,  +0.17976 ,  +0.00e+00 ,  -7.75e-01 ,  +3.81e-02 ,  +2.84e+00 ,  -9.30e+02 ,  +4.78e+03 ,  +5.34e+06 , 
 0.0100 ,  +0.03264 ,  +0.00e+00 ,  -7.72e-01 ,  +2.65e-02 ,  +2.95e+00 ,  -1.13e+03 ,  +3.27e+03 ,  +5.86e+06 , 
 0.0050 ,  +0.01626 ,  +0.00e+00 ,  -7.65e-01 ,  -2.10e-02 ,  +4.06e+00 ,  -9.64e+02 ,  -7.20e+03 ,  +4.97e+06 , 
 0.0050 ,  +0.01621 ,  +0.00e+00 ,  -7.56e-01 ,  -1.44e-01 ,  +4.18e+00 ,  -9.54e+02 ,  -6.66e+03 ,  +4.79e+06 , 
 0.0050 ,  +0.01618 ,  +0.00e+00 ,  -7.51e-01 ,  -2.54e-01 ,  +4.49e+00 ,  -8.68e+02 ,  -4.46e+03 ,  +4.23e+06 , 
 0.0050 ,  +0.01620 ,  +0.00e+00 ,  -7.54e-01 ,  -1.65e-01 ,  +4.35e+00 ,  -1.18e+03 ,  -6.22e+03 ,  +5.55e+06 , 
 0.0100 ,  +0.03257 ,  +0.00e+00 ,  -7.66e-01 ,  -2.08e-02 ,  +4.28e+00 ,  -7.72e+02 ,  -6.93e+03 ,  +3.84e+06 , 
 0.0100 ,  +0.03271 ,  +0.00e+00 ,  -7.73e-01 ,  +1.16e-02 ,  +5.80e+00 ,  -7.86e+02 ,  -1.07e+04 ,  +4.18e+06 , 
 0.1750 ,  +0.57062 ,  +0.00e+00 ,  -7.75e-01 ,  +4.54e-02 ,  +4.77e+00 ,  +2.92e+02 ,  +3.14e+02 ,  -9.00e+05 , 
 0.1750 ,  +0.57017 ,  +0.00e+00 ,  -7.74e-01 ,  +8.17e-02 ,  +3.27e+00 ,  +9.51e+01 ,  +1.67e+04 ,  +3.10e+05 , 
 0.0200 ,  +0.06317 ,  +0.00e+00 ,  -7.88e-01 ,  -8.66e-02 ,  +7.27e+00 ,  -7.58e+02 ,  +1.25e+04 ,  +4.47e+06 , 
 0.0100 ,  +0.02714 ,  +0.00e+00 ,  -6.76e-01 ,  -2.73e-01 ,  +1.08e+01 ,  -6.02e+02 ,  +2.63e+04 ,  +2.28e+06 , 
 0.0150 ,  +0.02855 ,  +0.00e+00 ,  -3.58e-01 ,  -2.37e+00 ,  +1.63e+01 ,  -1.17e+02 ,  +2.36e+04 ,  -1.76e+04 , 
 0.0200 ,  +0.01986 ,  +0.00e+00 ,  -1.06e-01 ,  -2.21e+00 ,  +6.77e+00 ,  +2.98e+02 ,  +1.85e+04 ,  -1.23e+06 , 
 0.0300 ,  +0.01190 ,  +0.00e+00 ,  -2.35e-02 ,  -9.21e-01 ,  +1.55e+00 ,  +2.18e+02 ,  +6.92e+03 ,  -6.51e+05 , 
 0.0320 ,  +0.00448 ,  +0.00e+00 ,  -4.47e-03 ,  -2.68e-01 ,  +4.61e-01 ,  +3.76e+01 ,  +6.83e+02 ,  -6.91e+04 , 
 0.0325 ,  +0.00346 ,  -5.22e-04 ,  -1.31e-03 ,  -1.32e-01 ,  +3.19e-01 ,  +5.63e+00 ,  -1.13e+03 ,  +1.31e+04 , 
