--- model polynom_b (rz > 0). units: [m] for length, [rad] for angle and [m^(n-1)] for polynom_b ---
 len[m]     angle[deg]     PolyB(n=0)     PolyB(n=1)     PolyB(n=2)     PolyB(n=3)     PolyB(n=4)     PolyB(n=5)     PolyB(n=6)    
 0.1250 ,  -0.40656346 ,  +1.1349e-01 ,  -7.7576e-01 ,  +2.2794e-02 ,  +1.0804e+00 ,  -3.7707e+02 ,  +1.1185e+04 ,  +2.2424e+06 , 
 0.0550 ,  -0.17996464 ,  +1.1408e-01 ,  -7.7397e-01 ,  +9.4035e-03 ,  +2.4582e+00 ,  -6.0892e+02 ,  +7.8021e+02 ,  +3.1772e+06 , 
 0.0100 ,  -0.03293975 ,  +1.1435e-01 ,  -7.6973e-01 ,  -1.7551e-02 ,  +5.0843e+00 ,  -7.7367e+02 ,  -1.0588e+04 ,  +3.5354e+06 , 
 0.0050 ,  -0.01656680 ,  +1.1446e-01 ,  -7.6227e-01 ,  -6.8287e-02 ,  +3.9920e+00 ,  -7.1929e+02 ,  -8.2067e+03 ,  +3.3137e+06 , 
 0.0050 ,  -0.01651365 ,  +1.1408e-01 ,  -7.5351e-01 ,  -2.2611e-01 ,  +5.3663e+00 ,  -3.4151e+02 ,  -1.7712e+04 ,  +1.7979e+06 , 
 0.0050 ,  -0.01649154 ,  +1.1391e-01 ,  -7.4859e-01 ,  -3.3370e-01 ,  +6.4070e+00 ,  -2.5206e+02 ,  -1.4834e+04 ,  +1.3041e+06 , 
 0.0050 ,  -0.01650144 ,  +1.1404e-01 ,  -7.5305e-01 ,  -2.4224e-01 ,  +5.9861e+00 ,  -2.0430e+02 ,  -1.5782e+04 ,  +8.5818e+05 , 
 0.0100 ,  -0.03287860 ,  +1.1413e-01 ,  -7.6526e-01 ,  -5.6707e-02 ,  +5.9486e+00 ,  -5.4826e+02 ,  -1.5909e+04 ,  +2.6662e+06 , 
 0.0100 ,  -0.03298718 ,  +1.1457e-01 ,  -7.7206e-01 ,  -3.2681e-02 ,  +4.9160e+00 ,  -3.6416e+02 ,  -9.2812e+03 ,  +2.0089e+06 , 
 0.1750 ,  -0.57105325 ,  +1.1385e-01 ,  -7.7517e-01 ,  +2.4865e-02 ,  +5.6070e+00 ,  +3.4295e+02 ,  -1.1013e+04 ,  -9.1471e+05 , 
 0.1750 ,  -0.57056492 ,  +1.1380e-01 ,  -7.7385e-01 ,  +2.0448e-02 ,  +1.3346e+00 ,  +8.6929e+02 ,  +2.3345e+04 ,  -3.4954e+06 , 
 0.0200 ,  -0.06295733 ,  +1.0979e-01 ,  -7.8225e-01 ,  -1.7834e-01 ,  +9.6291e+00 ,  -5.9746e+02 ,  +2.0457e+04 ,  +2.6229e+06 , 
 0.0100 ,  -0.02639409 ,  +9.2457e-02 ,  -6.5018e-01 ,  -5.4469e-01 ,  +1.8749e+01 ,  -1.1348e+03 ,  +1.8963e+04 ,  +3.4831e+06 , 
 0.0150 ,  -0.02756609 ,  +6.4078e-02 ,  -3.3083e-01 ,  -2.5052e+00 ,  +2.0246e+01 ,  -7.7882e+02 ,  +2.1524e+04 ,  +1.9920e+06 , 
 0.0200 ,  -0.01913081 ,  +3.3280e-02 ,  -9.7791e-02 ,  -2.0959e+00 ,  +1.0312e+01 ,  -2.6934e+02 ,  +5.8542e+03 ,  +6.6229e+05 , 
 0.0300 ,  -0.01151016 ,  +1.3299e-02 ,  -2.2179e-02 ,  -8.4919e-01 ,  +3.6224e+00 ,  -5.6687e+00 ,  -6.6829e+02 ,  +3.6216e+04 , 
 0.0320 ,  -0.00439865 ,  +4.7265e-03 ,  -4.2267e-03 ,  -2.4962e-01 ,  +7.2731e-01 ,  +1.2249e+01 ,  +7.1028e+01 ,  +9.2870e+03 , 
 0.0325 ,  -0.00321764 ,  +3.4997e-03 ,  -1.1988e-03 ,  -1.1402e-01 ,  +6.6521e-01 ,  -1.3306e+02 ,  -3.2368e+03 ,  +5.3196e+05 , 
