--- model polynom_b (rz < 0). units: [m] for length, [rad] for angle and [m^(n-1)] for polynom_b ---
 len[m]    angle[deg]  PolyB(n=0)   PolyB(n=1)   PolyB(n=2)   PolyB(n=3)   PolyB(n=4)   PolyB(n=5)   PolyB(n=6)   
 0.1250 ,  +0.40566 ,  +0.00e+00 ,  -7.75e-01 ,  +9.30e-02 ,  +8.86e+00 ,  -6.24e+02 ,  -1.84e+04 ,  +3.49e+06 , 
 0.0550 ,  +0.17939 ,  +0.00e+00 ,  -7.74e-01 ,  +4.74e-02 ,  +8.84e+00 ,  -3.20e+02 ,  -2.24e+04 ,  +2.15e+06 , 
 0.0100 ,  +0.03257 ,  +0.00e+00 ,  -7.70e-01 ,  -5.87e-03 ,  +9.88e+00 ,  +1.09e+00 ,  -2.74e+04 ,  +6.16e+05 , 
 0.0050 ,  +0.01622 ,  +0.00e+00 ,  -7.64e-01 ,  -5.57e-02 ,  +1.02e+01 ,  +2.90e+02 ,  -3.53e+04 ,  -7.39e+05 , 
 0.0050 ,  +0.01617 ,  +0.00e+00 ,  -7.55e-01 ,  -1.70e-01 ,  +7.87e+00 ,  +1.46e+02 ,  -2.06e+04 ,  -1.72e+05 , 
 0.0050 ,  +0.01614 ,  +0.00e+00 ,  -7.48e-01 ,  -3.13e-01 ,  +9.30e+00 ,  +3.96e+02 ,  -2.55e+04 ,  -1.20e+06 , 
 0.0050 ,  +0.01616 ,  +0.00e+00 ,  -7.51e-01 ,  -2.59e-01 ,  +9.21e+00 ,  +3.11e+02 ,  -2.94e+04 ,  -8.40e+05 , 
 0.0100 ,  +0.03249 ,  +0.00e+00 ,  -7.64e-01 ,  -7.76e-02 ,  +9.90e+00 ,  +3.06e+02 ,  -3.24e+04 ,  -7.57e+05 , 
 0.0100 ,  +0.03266 ,  +0.00e+00 ,  -7.72e-01 ,  -4.89e-02 ,  +1.18e+01 ,  +5.43e+02 ,  -3.76e+04 ,  -1.52e+06 , 
 0.1750 ,  +0.57054 ,  +0.00e+00 ,  -7.75e-01 ,  -1.67e-02 ,  +9.19e+00 ,  +1.46e+03 ,  -1.99e+04 ,  -5.47e+06 , 
 0.1750 ,  +0.57017 ,  +0.00e+00 ,  -7.73e-01 ,  +7.28e-02 ,  -6.31e-01 ,  +1.41e+02 ,  +3.74e+04 ,  +4.74e+05 , 
 0.0200 ,  +0.06328 ,  +0.00e+00 ,  -7.86e-01 ,  -1.04e-01 ,  +5.58e+00 ,  -9.07e+02 ,  +2.41e+04 ,  +4.18e+06 , 
 0.0100 ,  +0.02747 ,  +0.00e+00 ,  -6.88e-01 ,  -1.94e-01 ,  +1.59e+01 ,  -8.18e+02 ,  +1.02e+04 ,  +2.50e+06 , 
 0.0150 ,  +0.02914 ,  +0.00e+00 ,  -3.74e-01 ,  -2.22e+00 ,  +2.07e+01 ,  -9.00e+02 ,  +1.67e+04 ,  +2.25e+06 , 
 0.0200 ,  +0.02022 ,  +0.00e+00 ,  -1.11e-01 ,  -2.16e+00 ,  +1.19e+01 ,  -4.51e+02 ,  +5.07e+03 ,  +1.14e+06 , 
 0.0300 ,  +0.01200 ,  +0.00e+00 ,  -2.44e-02 ,  -8.97e-01 ,  +4.29e+00 ,  -9.19e+01 ,  -1.76e+03 ,  +3.24e+05 , 
 0.0320 ,  +0.00449 ,  +0.00e+00 ,  -4.55e-03 ,  -2.62e-01 ,  +8.30e-01 ,  -3.30e+01 ,  -3.13e+02 ,  +1.37e+05 , 
 0.0325 ,  +0.00343 ,  +1.28e-03 ,  -1.21e-03 ,  -1.31e-01 ,  +1.94e+00 ,  +2.95e+01 ,  -8.51e+03 ,  -1.11e+05 , 
