--- model polynom_b (rz < 0). units: [m] for length, [rad] for angle and [m^(n-1)] for polynom_b ---
 len[m]    angle[deg]  PolyB(n=0)   PolyB(n=1)   PolyB(n=2)   PolyB(n=3)   PolyB(n=4)   PolyB(n=5)   PolyB(n=6)   
 0.1250 ,  +0.40658 ,  +0.00e+00 ,  -7.76e-01 ,  -3.35e-04 ,  +1.79e+00 ,  +5.77e+02 ,  +6.93e+03 ,  -2.15e+06 , 
 0.0550 ,  +0.17975 ,  +0.00e+00 ,  -7.74e-01 ,  -5.32e-03 ,  +2.83e+00 ,  +3.20e+02 ,  +1.12e+03 ,  -1.14e+06 , 
 0.0100 ,  +0.03262 ,  +0.00e+00 ,  -7.70e-01 ,  -3.92e-02 ,  +3.53e+00 ,  +1.78e+02 ,  -3.17e+03 ,  -5.30e+05 , 
 0.0050 ,  +0.01624 ,  +0.00e+00 ,  -7.63e-01 ,  -7.44e-02 ,  +1.96e+00 ,  +1.00e+02 ,  +2.90e+02 ,  -4.27e+05 , 
 0.0050 ,  +0.01619 ,  +0.00e+00 ,  -7.54e-01 ,  -2.15e-01 ,  +1.37e+00 ,  +2.75e+02 ,  +4.06e+03 ,  -1.20e+06 , 
 0.0050 ,  +0.01616 ,  +0.00e+00 ,  -7.48e-01 ,  -3.29e-01 ,  +1.67e+00 ,  +2.33e+02 ,  +8.28e+03 ,  -1.07e+06 , 
 0.0050 ,  +0.01618 ,  +0.00e+00 ,  -7.52e-01 ,  -2.54e-01 ,  +9.58e-01 ,  +1.01e+02 ,  +1.16e+04 ,  -3.78e+05 , 
 0.0100 ,  +0.03253 ,  +0.00e+00 ,  -7.64e-01 ,  -8.28e-02 ,  +1.98e-01 ,  +2.64e+02 ,  +1.47e+04 ,  -9.87e+05 , 
 0.0100 ,  +0.03269 ,  +0.00e+00 ,  -7.72e-01 ,  -4.09e-02 ,  +1.15e+00 ,  +1.73e+02 ,  +1.17e+04 ,  -3.05e+05 , 
 0.1750 ,  +0.57068 ,  +0.00e+00 ,  -7.75e-01 ,  +7.56e-02 ,  +1.81e+00 ,  -2.48e+02 ,  +1.21e+04 ,  +1.78e+06 , 
 0.1750 ,  +0.57006 ,  +0.00e+00 ,  -7.74e-01 ,  +9.39e-02 ,  +5.28e+00 ,  -7.30e+01 ,  +1.69e+03 ,  +8.04e+05 , 
 0.0200 ,  +0.06307 ,  +0.00e+00 ,  -7.85e-01 ,  -2.00e-01 ,  +7.73e+00 ,  +2.43e+02 ,  +2.46e+04 ,  -1.22e+06 , 
 0.0100 ,  +0.02715 ,  +0.00e+00 ,  -6.75e-01 ,  -3.93e-01 ,  +1.42e+01 ,  -7.55e+01 ,  +3.45e+04 ,  -1.13e+06 , 
 0.0150 ,  +0.02863 ,  +0.00e+00 ,  -3.60e-01 ,  -2.39e+00 ,  +1.94e+01 ,  -1.59e+02 ,  +2.76e+04 ,  -1.01e+06 , 
 0.0200 ,  +0.01993 ,  +0.00e+00 ,  -1.08e-01 ,  -2.18e+00 ,  +1.03e+01 ,  -3.95e+01 ,  +1.19e+04 ,  -5.80e+05 , 
 0.0300 ,  +0.01188 ,  +0.00e+00 ,  -2.46e-02 ,  -8.92e-01 ,  +3.59e+00 ,  +2.50e+01 ,  +1.91e+03 ,  -1.39e+05 , 
 0.0320 ,  +0.00445 ,  +0.00e+00 ,  -4.73e-03 ,  -2.63e-01 ,  +6.50e-01 ,  +3.17e+01 ,  +9.34e+02 ,  -1.14e+05 , 
 0.0325 ,  +0.00341 ,  -2.73e-04 ,  -1.26e-03 ,  -1.23e-01 ,  +4.02e-01 ,  -1.26e+02 ,  -3.43e+02 ,  +5.42e+05 , 
