--- model polynom_b (rz > 0). units: [m] for length, [rad] for angle and [m^(n-1)] for polynom_b ---
 len[m]     angle[deg]     PolyB(n=0)     PolyB(n=1)     PolyB(n=2)     PolyB(n=3)     PolyB(n=4)     PolyB(n=5)     PolyB(n=6)    
 0.1250 ,  -0.40656346 ,  +1.1346e-01 ,  -7.7497e-01 ,  +3.7658e-02 ,  +2.4140e+00 ,  -1.1491e+02 ,  +2.2738e+03 ,  +1.2903e+06 , 
 0.0550 ,  -0.17996464 ,  +1.1410e-01 ,  -7.7425e-01 ,  +5.8645e-02 ,  +4.7178e+00 ,  -7.8711e+02 ,  -1.0282e+04 ,  +4.1446e+06 , 
 0.0100 ,  -0.03293975 ,  +1.1437e-01 ,  -7.6979e-01 ,  +3.5131e-02 ,  +4.1572e+00 ,  -8.6844e+02 ,  -9.5123e+03 ,  +4.1641e+06 , 
 0.0050 ,  -0.01656680 ,  +1.1448e-01 ,  -7.6190e-01 ,  -4.4703e-02 ,  +3.6268e+00 ,  -3.7684e+02 ,  -1.2052e+04 ,  +1.9476e+06 , 
 0.0050 ,  -0.01651365 ,  +1.1412e-01 ,  -7.5325e-01 ,  -1.6776e-01 ,  +3.3785e+00 ,  -5.9732e+02 ,  -6.8602e+03 ,  +2.8494e+06 , 
 0.0050 ,  -0.01649154 ,  +1.1397e-01 ,  -7.4905e-01 ,  -2.6748e-01 ,  +2.4004e+00 ,  -4.1883e+02 ,  -4.0757e+01 ,  +2.1459e+06 , 
 0.0050 ,  -0.01650144 ,  +1.1413e-01 ,  -7.5438e-01 ,  -1.6877e-01 ,  +4.0025e+00 ,  -4.1259e+02 ,  -8.6978e+03 ,  +1.9881e+06 , 
 0.0100 ,  -0.03287860 ,  +1.1422e-01 ,  -7.6636e-01 ,  -1.1558e-02 ,  +3.9535e+00 ,  -4.1365e+02 ,  -8.2726e+03 ,  +2.0266e+06 , 
 0.0100 ,  -0.03298718 ,  +1.1466e-01 ,  -7.7269e-01 ,  +1.6975e-04 ,  +7.1153e+00 ,  -1.6784e+02 ,  -2.2444e+04 ,  +1.0747e+06 , 
 0.1750 ,  -0.57105325 ,  +1.1384e-01 ,  -7.7403e-01 ,  +6.3625e-02 ,  +6.9093e+00 ,  +2.0491e+02 ,  -1.0016e+04 ,  -6.0111e+05 , 
 0.1750 ,  -0.57056492 ,  +1.1376e-01 ,  -7.7326e-01 ,  +1.0945e-01 ,  +7.0805e+00 ,  -3.5515e+02 ,  +1.6874e+03 ,  +2.0449e+06 , 
 0.0200 ,  -0.06295733 ,  +1.0966e-01 ,  -7.8485e-01 ,  -7.8806e-02 ,  +1.2877e+01 ,  -5.3945e+02 ,  -2.8705e+03 ,  +3.1876e+06 , 
 0.0100 ,  -0.02639409 ,  +9.1927e-02 ,  -6.4350e-01 ,  -4.9888e-01 ,  +1.8490e+01 ,  -3.9873e+02 ,  +4.0745e+03 ,  +9.7842e+05 , 
 0.0150 ,  -0.02756609 ,  +6.3429e-02 ,  -3.2213e-01 ,  -2.4634e+00 ,  +1.9967e+01 ,  -2.5057e+02 ,  +1.7130e+04 ,  -4.8198e+05 , 
 0.0200 ,  -0.01913081 ,  +3.2852e-02 ,  -9.4638e-02 ,  -2.0340e+00 ,  +1.0629e+01 ,  -1.8441e+02 ,  +9.0599e+03 ,  -1.3978e+05 , 
 0.0300 ,  -0.01151016 ,  +1.3142e-02 ,  -2.1304e-02 ,  -8.2242e-01 ,  +3.4821e+00 ,  -1.0399e+01 ,  +2.1505e+03 ,  -1.2817e+05 , 
 0.0320 ,  -0.00439865 ,  +4.6905e-03 ,  -4.1047e-03 ,  -2.4333e-01 ,  +6.3813e-01 ,  +1.8272e+01 ,  +7.5476e+02 ,  -6.4643e+04 , 
 0.0325 ,  -0.00321764 ,  +3.4932e-03 ,  -1.2019e-03 ,  -1.1379e-01 ,  +1.1653e-01 ,  -1.0394e+02 ,  -4.1937e+02 ,  +4.5169e+05 , 
