--- model polynom_b (rz > 0). units: [m] for length, [rad] for angle and [m^(n-1)] for polynom_b ---
 len[m]    angle[deg]  PolyB(n=0)   PolyB(n=1)   PolyB(n=2)   PolyB(n=3)   PolyB(n=4)   PolyB(n=5)   PolyB(n=6)   
 0.1250 ,  +0.40660 ,  +0.00e+00 ,  -7.76e-01 ,  +6.61e-02 ,  -1.11e+00 ,  -1.00e+03 ,  +2.05e+04 ,  +3.95e+06 , 
 0.0550 ,  +0.17971 ,  +0.00e+00 ,  -7.74e-01 ,  +2.93e-02 ,  -5.41e-01 ,  -7.55e+02 ,  +1.55e+04 ,  +2.94e+06 , 
 0.0100 ,  +0.03261 ,  +0.00e+00 ,  -7.70e-01 ,  +1.05e-02 ,  -4.32e-01 ,  -1.06e+03 ,  +1.59e+04 ,  +4.00e+06 , 
 0.0050 ,  +0.01624 ,  +0.00e+00 ,  -7.62e-01 ,  -3.51e-02 ,  -4.59e-01 ,  -9.96e+02 ,  +1.41e+04 ,  +3.45e+06 , 
 0.0050 ,  +0.01618 ,  +0.00e+00 ,  -7.53e-01 ,  -1.53e-01 ,  -1.84e+00 ,  -1.33e+03 ,  +2.34e+04 ,  +5.07e+06 , 
 0.0050 ,  +0.01615 ,  +0.00e+00 ,  -7.47e-01 ,  -2.80e-01 ,  +2.54e-01 ,  -1.07e+03 ,  +1.61e+04 ,  +3.86e+06 , 
 0.0050 ,  +0.01617 ,  +0.00e+00 ,  -7.51e-01 ,  -2.01e-01 ,  -6.53e-01 ,  -1.24e+03 ,  +1.79e+04 ,  +4.58e+06 , 
 0.0100 ,  +0.03251 ,  +0.00e+00 ,  -7.63e-01 ,  -1.94e-02 ,  +2.82e+00 ,  -1.36e+03 ,  -2.13e+03 ,  +5.37e+06 , 
 0.0100 ,  +0.03266 ,  +0.00e+00 ,  -7.70e-01 ,  -1.55e-04 ,  +4.87e+00 ,  -9.86e+02 ,  -1.05e+04 ,  +3.98e+06 , 
 0.1750 ,  +0.57046 ,  +0.00e+00 ,  -7.74e-01 ,  +6.93e-02 ,  +1.04e+01 ,  -6.79e+02 ,  -3.77e+04 ,  +3.60e+06 , 
 0.1750 ,  +0.57020 ,  +0.00e+00 ,  -7.72e-01 ,  +3.33e-04 ,  +2.88e+00 ,  +1.06e+03 ,  +7.81e+03 ,  -3.75e+06 , 
 0.0200 ,  +0.06313 ,  +0.00e+00 ,  -7.83e-01 ,  -2.10e-01 ,  +3.26e+00 ,  -6.66e+01 ,  +4.17e+04 ,  +5.93e+05 , 
 0.0100 ,  +0.02722 ,  +0.00e+00 ,  -6.76e-01 ,  -3.52e-01 ,  +1.13e+01 ,  -8.84e+02 ,  +4.37e+04 ,  +2.64e+06 , 
 0.0150 ,  +0.02871 ,  +0.00e+00 ,  -3.62e-01 ,  -2.35e+00 ,  +1.72e+01 ,  -6.85e+02 ,  +3.48e+04 ,  +1.22e+06 , 
 0.0200 ,  +0.01990 ,  +0.00e+00 ,  -1.08e-01 ,  -2.15e+00 ,  +9.72e+00 ,  -4.38e+02 ,  +1.24e+04 ,  +1.07e+06 , 
 0.0300 ,  +0.01186 ,  +0.00e+00 ,  -2.41e-02 ,  -8.80e-01 ,  +3.47e+00 ,  -1.51e+02 ,  +8.01e+02 ,  +5.73e+05 , 
 0.0320 ,  +0.00446 ,  +0.00e+00 ,  -4.61e-03 ,  -2.59e-01 ,  +7.17e-01 ,  -2.28e+01 ,  -1.27e+02 ,  +1.06e+05 , 
 0.0325 ,  +0.00343 ,  -5.05e-04 ,  -1.39e-03 ,  -1.26e-01 ,  +5.40e-01 ,  -1.35e+01 ,  -2.65e+02 ,  -6.49e+04 , 
