--- model polynom_b (rz < 0). units: [m] for length, [rad] for angle and [m^(n-1)] for polynom_b ---
 len[m]    angle[deg]  PolyB(n=0)   PolyB(n=1)   PolyB(n=2)   PolyB(n=3)   PolyB(n=4)   PolyB(n=5)   PolyB(n=6)   
 0.1250 ,  +0.40613 ,  +0.00e+00 ,  -7.74e-01 ,  +2.39e-02 ,  -3.44e-01 ,  +1.10e+03 ,  +3.12e+04 ,  -4.73e+06 , 
 0.0550 ,  +0.17964 ,  +0.00e+00 ,  -7.73e-01 ,  +3.90e-02 ,  -3.32e-01 ,  +3.85e+02 ,  +2.98e+04 ,  -1.46e+06 , 
 0.0100 ,  +0.03260 ,  +0.00e+00 ,  -7.69e-01 ,  +1.96e-02 ,  -1.63e+00 ,  +2.07e+02 ,  +3.72e+04 ,  -8.67e+05 , 
 0.0050 ,  +0.01623 ,  +0.00e+00 ,  -7.61e-01 ,  -2.25e-02 ,  -4.37e+00 ,  +2.25e+02 ,  +4.60e+04 ,  -1.12e+06 , 
 0.0050 ,  +0.01617 ,  +0.00e+00 ,  -7.52e-01 ,  -1.50e-01 ,  -3.42e+00 ,  -7.87e+00 ,  +4.30e+04 ,  -1.18e+05 , 
 0.0050 ,  +0.01614 ,  +0.00e+00 ,  -7.47e-01 ,  -2.40e-01 ,  -2.36e+00 ,  -3.57e+02 ,  +4.37e+04 ,  +1.35e+06 , 
 0.0050 ,  +0.01617 ,  +0.00e+00 ,  -7.51e-01 ,  -1.72e-01 ,  -2.57e+00 ,  -6.57e+01 ,  +4.12e+04 ,  -9.81e+04 , 
 0.0100 ,  +0.03253 ,  +0.00e+00 ,  -7.64e-01 ,  +2.21e-02 ,  -7.96e-01 ,  -2.53e+02 ,  +3.10e+04 ,  +8.35e+05 , 
 0.0100 ,  +0.03269 ,  +0.00e+00 ,  -7.72e-01 ,  +5.03e-02 ,  +1.42e+00 ,  -2.24e+02 ,  +2.19e+04 ,  +1.11e+06 , 
 0.1750 ,  +0.57066 ,  +0.00e+00 ,  -7.74e-01 ,  +1.66e-01 ,  +7.13e+00 ,  -9.78e+02 ,  -5.40e+03 ,  +4.72e+06 , 
 0.1750 ,  +0.57040 ,  +0.00e+00 ,  -7.74e-01 ,  +8.80e-02 ,  +9.47e+00 ,  +4.48e+02 ,  -1.29e+04 ,  -1.13e+06 , 
 0.0200 ,  +0.06321 ,  +0.00e+00 ,  -7.87e-01 ,  -9.98e-02 ,  +1.34e+01 ,  -1.06e+02 ,  -9.28e+03 ,  +1.68e+06 , 
 0.0100 ,  +0.02719 ,  +0.00e+00 ,  -6.75e-01 ,  -2.68e-01 ,  +1.69e+01 ,  -2.75e+02 ,  +9.88e+03 ,  +8.41e+05 , 
 0.0150 ,  +0.02868 ,  +0.00e+00 ,  -3.57e-01 ,  -2.32e+00 ,  +1.99e+01 ,  -3.26e+02 ,  +2.39e+04 ,  +3.96e+04 , 
 0.0200 ,  +0.02003 ,  +0.00e+00 ,  -1.05e-01 ,  -2.14e+00 ,  +1.09e+01 ,  -4.22e+02 ,  +1.43e+04 ,  +7.80e+05 , 
 0.0300 ,  +0.01194 ,  +0.00e+00 ,  -2.35e-02 ,  -8.79e-01 ,  +3.66e+00 ,  -2.49e+02 ,  +4.63e+03 ,  +8.07e+05 , 
 0.0320 ,  +0.00443 ,  +0.00e+00 ,  -4.50e-03 ,  -2.55e-01 ,  +9.58e-01 ,  -8.76e+01 ,  -1.89e+02 ,  +3.49e+05 , 
 0.0325 ,  +0.00336 ,  +6.91e-04 ,  -1.15e-03 ,  -1.22e-01 ,  -5.71e-01 ,  -8.94e+01 ,  +3.31e+03 ,  +3.60e+05 , 
