--- model polynom_b (rz > 0). units: [m] for length, [rad] for angle and [m^(n-1)] for polynom_b ---
 len[m]    angle[deg]  PolyB(n=0)   PolyB(n=1)   PolyB(n=2)   PolyB(n=3)   PolyB(n=4)   PolyB(n=5)   PolyB(n=6)   
 0.1250 ,  +0.40656 ,  +0.00e+00 ,  -7.75e-01 ,  +9.40e-02 ,  +6.05e+00 ,  -7.59e+02 ,  -1.14e+04 ,  +4.62e+06 , 
 0.0550 ,  +0.17985 ,  +0.00e+00 ,  -7.74e-01 ,  +2.35e-02 ,  +3.45e+00 ,  +2.71e+01 ,  -5.03e+03 ,  +1.08e+06 , 
 0.0100 ,  +0.03266 ,  +0.00e+00 ,  -7.70e-01 ,  -1.05e-02 ,  +2.03e+00 ,  +5.95e+01 ,  +3.57e+03 ,  +5.54e+05 , 
 0.0050 ,  +0.01628 ,  +0.00e+00 ,  -7.64e-01 ,  -3.78e-02 ,  +2.42e-01 ,  +4.06e+01 ,  +1.05e+04 ,  +3.20e+05 , 
 0.0050 ,  +0.01623 ,  +0.00e+00 ,  -7.57e-01 ,  -1.47e-01 ,  +1.38e-02 ,  +6.73e+01 ,  +1.17e+04 ,  +5.00e+05 , 
 0.0050 ,  +0.01620 ,  +0.00e+00 ,  -7.52e-01 ,  -2.37e-01 ,  -9.19e-01 ,  +1.50e+02 ,  +1.70e+04 ,  -4.13e+04 , 
 0.0050 ,  +0.01622 ,  +0.00e+00 ,  -7.55e-01 ,  -1.78e-01 ,  -2.64e+00 ,  +9.92e+01 ,  +2.61e+04 ,  +4.45e+04 , 
 0.0100 ,  +0.03257 ,  +0.00e+00 ,  -7.65e-01 ,  -5.50e-02 ,  -1.08e+00 ,  +3.12e+02 ,  +1.99e+04 ,  -7.60e+05 , 
 0.0100 ,  +0.03270 ,  +0.00e+00 ,  -7.71e-01 ,  -6.07e-03 ,  -2.54e-01 ,  +1.87e+01 ,  +1.74e+04 ,  +7.60e+05 , 
 0.1750 ,  +0.57083 ,  +0.00e+00 ,  -7.74e-01 ,  +7.85e-02 ,  +1.54e+00 ,  +3.91e+01 ,  +1.52e+04 ,  +3.40e+05 , 
 0.1750 ,  +0.57057 ,  +0.00e+00 ,  -7.74e-01 ,  +9.22e-02 ,  +5.16e+00 ,  +9.84e+01 ,  -9.00e+02 ,  -8.83e+03 , 
 0.0200 ,  +0.06309 ,  +0.00e+00 ,  -7.85e-01 ,  -1.63e-01 ,  +8.00e+00 ,  +4.61e+02 ,  +1.57e+04 ,  -2.09e+06 , 
 0.0100 ,  +0.02704 ,  +0.00e+00 ,  -6.71e-01 ,  -3.49e-01 ,  +1.36e+01 ,  -1.54e+02 ,  +2.91e+04 ,  -8.60e+05 , 
 0.0150 ,  +0.02834 ,  +0.00e+00 ,  -3.54e-01 ,  -2.37e+00 ,  +1.96e+01 ,  -3.09e+02 ,  +2.45e+04 ,  -5.10e+05 , 
 0.0200 ,  +0.01963 ,  +0.00e+00 ,  -1.05e-01 ,  -2.15e+00 ,  +1.15e+01 ,  -9.46e+01 ,  +7.60e+03 ,  -4.37e+05 , 
 0.0300 ,  +0.01169 ,  +0.00e+00 ,  -2.35e-02 ,  -8.78e-01 ,  +4.09e+00 ,  +1.57e+01 ,  -4.02e+02 ,  -1.40e+05 , 
 0.0320 ,  +0.00439 ,  +0.00e+00 ,  -4.48e-03 ,  -2.59e-01 ,  +1.06e+00 ,  +2.87e+01 ,  -1.15e+03 ,  -8.31e+04 , 
 0.0325 ,  +0.00335 ,  -3.30e-04 ,  -1.27e-03 ,  -1.28e-01 ,  -2.29e-01 ,  +2.13e+01 ,  +2.02e+03 ,  -6.72e+04 , 
