--- model polynom_b (rz > 0). units: [m] for length, [rad] for angle and [m^(n-1)] for polynom_b ---
 len[m]     angle[deg]     PolyB(n=0)     PolyB(n=1)     PolyB(n=2)     PolyB(n=3)     PolyB(n=4)     PolyB(n=5)     PolyB(n=6)    
 0.1250 ,  -0.40656346 ,  +1.1348e-01 ,  -7.7585e-01 ,  +6.0276e-02 ,  -2.3097e+00 ,  -7.0632e+02 ,  +3.7065e+04 ,  +3.0381e+06 , 
 0.0550 ,  -0.17996464 ,  +1.1411e-01 ,  -7.7470e-01 ,  +6.1498e-02 ,  -1.3425e+00 ,  -9.2919e+02 ,  +3.1201e+04 ,  +3.5847e+06 , 
 0.0100 ,  -0.03293975 ,  +1.1440e-01 ,  -7.7074e-01 ,  +5.6454e-02 ,  -2.2028e+00 ,  -1.2071e+03 ,  +3.4628e+04 ,  +4.3417e+06 , 
 0.0050 ,  -0.01656680 ,  +1.1454e-01 ,  -7.6394e-01 ,  +1.3454e-02 ,  -5.2050e+00 ,  -1.0744e+03 ,  +4.6556e+04 ,  +3.7084e+06 , 
 0.0050 ,  -0.01651365 ,  +1.1418e-01 ,  -7.5582e-01 ,  -8.5222e-02 ,  -3.9704e+00 ,  -1.3686e+03 ,  +3.9471e+04 ,  +4.8690e+06 , 
 0.0050 ,  -0.01649154 ,  +1.1402e-01 ,  -7.5073e-01 ,  -2.0047e-01 ,  -3.6518e+00 ,  -1.2250e+03 ,  +4.1374e+04 ,  +4.4203e+06 , 
 0.0050 ,  -0.01650144 ,  +1.1414e-01 ,  -7.5438e-01 ,  -1.3468e-01 ,  -3.1615e+00 ,  -1.1859e+03 ,  +3.7126e+04 ,  +4.3056e+06 , 
 0.0100 ,  -0.03287860 ,  +1.1421e-01 ,  -7.6567e-01 ,  +2.4834e-02 ,  -3.0147e+00 ,  -1.3225e+03 ,  +3.7358e+04 ,  +5.0441e+06 , 
 0.0100 ,  -0.03298718 ,  +1.1465e-01 ,  -7.7220e-01 ,  +5.9643e-02 ,  -1.9761e+00 ,  -1.5251e+03 ,  +3.6743e+04 ,  +6.3629e+06 , 
 0.1750 ,  -0.57105325 ,  +1.1387e-01 ,  -7.7457e-01 ,  +1.4373e-01 ,  +7.8972e+00 ,  -1.5791e+03 ,  -1.2038e+04 ,  +6.8201e+06 , 
 0.1750 ,  -0.57056492 ,  +1.1379e-01 ,  -7.7372e-01 ,  +5.9001e-03 ,  +1.1491e+01 ,  +9.4249e+02 ,  -3.4177e+04 ,  -2.6896e+06 , 
 0.0200 ,  -0.06295733 ,  +1.0986e-01 ,  -7.8548e-01 ,  -1.8996e-01 ,  +6.2954e+00 ,  +1.1015e+03 ,  +1.5982e+04 ,  -3.3629e+06 , 
 0.0100 ,  -0.02639409 ,  +9.2649e-02 ,  -6.5824e-01 ,  -4.6557e-01 ,  +1.3329e+01 ,  +4.4235e+02 ,  +1.9170e+04 ,  -1.9180e+06 , 
 0.0150 ,  -0.02756609 ,  +6.4245e-02 ,  -3.3688e-01 ,  -2.4901e+00 ,  +1.9678e+01 ,  +1.5476e+02 ,  +1.4210e+04 ,  -1.0048e+06 , 
 0.0200 ,  -0.01913081 ,  +3.3289e-02 ,  -9.8810e-02 ,  -2.1500e+00 ,  +1.3588e+01 ,  -2.4719e+00 ,  -8.0879e+03 ,  +4.3967e+05 , 
 0.0300 ,  -0.01151016 ,  +1.3254e-02 ,  -2.1996e-02 ,  -8.7926e-01 ,  +4.8028e+00 ,  +1.5109e+02 ,  -6.6589e+03 ,  -1.3982e+05 , 
 0.0320 ,  -0.00439865 ,  +4.7068e-03 ,  -4.1766e-03 ,  -2.5539e-01 ,  +5.0605e-01 ,  +7.1262e+01 ,  +2.4064e+02 ,  -1.7055e+05 , 
 0.0325 ,  -0.00321764 ,  +3.4833e-03 ,  -1.2214e-03 ,  -1.1554e-01 ,  +6.2473e-01 ,  -6.4157e+01 ,  -1.6226e+03 ,  +2.4679e+05 , 
