--- model polynom_b (rz < 0). units: [m] for length, [rad] for angle and [m^(n-1)] for polynom_b ---
 len[m]    angle[deg]  PolyB(n=0)   PolyB(n=1)   PolyB(n=2)   PolyB(n=3)   PolyB(n=4)   PolyB(n=5)   PolyB(n=6)   
 0.1250 ,  +0.40625 ,  +0.00e+00 ,  -7.75e-01 ,  +7.54e-02 ,  +2.27e+00 ,  -1.01e+03 ,  +1.88e+03 ,  +4.46e+06 , 
 0.0550 ,  +0.17969 ,  +0.00e+00 ,  -7.74e-01 ,  +3.84e-02 ,  +1.38e+00 ,  -7.72e+02 ,  +8.67e+03 ,  +3.57e+06 , 
 0.0100 ,  +0.03261 ,  +0.00e+00 ,  -7.70e-01 ,  -4.68e-03 ,  +2.70e+00 ,  -6.01e+02 ,  +3.16e+03 ,  +2.22e+06 , 
 0.0050 ,  +0.01624 ,  +0.00e+00 ,  -7.62e-01 ,  -4.55e-02 ,  +1.46e+00 ,  -6.27e+02 ,  +4.23e+03 ,  +2.13e+06 , 
 0.0050 ,  +0.01619 ,  +0.00e+00 ,  -7.54e-01 ,  -1.67e-01 ,  +2.73e+00 ,  -7.78e+02 ,  -1.44e+03 ,  +2.94e+06 , 
 0.0050 ,  +0.01616 ,  +0.00e+00 ,  -7.48e-01 ,  -2.86e-01 ,  +3.32e+00 ,  -5.24e+02 ,  -1.05e+03 ,  +1.70e+06 , 
 0.0050 ,  +0.01618 ,  +0.00e+00 ,  -7.52e-01 ,  -2.23e-01 ,  +4.39e+00 ,  -5.18e+02 ,  -7.66e+03 ,  +1.88e+06 , 
 0.0100 ,  +0.03253 ,  +0.00e+00 ,  -7.64e-01 ,  -4.61e-02 ,  +4.85e+00 ,  -4.65e+02 ,  -1.17e+04 ,  +1.55e+06 , 
 0.0100 ,  +0.03268 ,  +0.00e+00 ,  -7.71e-01 ,  -3.09e-02 ,  +3.51e+00 ,  -1.83e+02 ,  -2.94e+03 ,  +7.33e+05 , 
 0.1750 ,  +0.57056 ,  +0.00e+00 ,  -7.74e-01 ,  +3.70e-02 ,  +2.46e+00 ,  +2.62e+02 ,  +1.03e+04 ,  -1.14e+06 , 
 0.1750 ,  +0.57030 ,  +0.00e+00 ,  -7.74e-01 ,  +8.16e-02 ,  +5.46e+00 ,  -2.45e+02 ,  +4.76e+03 ,  +1.24e+06 , 
 0.0200 ,  +0.06311 ,  +0.00e+00 ,  -7.84e-01 ,  -1.80e-01 ,  +1.15e+01 ,  -5.60e+02 ,  +3.18e+03 ,  +2.94e+06 , 
 0.0100 ,  +0.02717 ,  +0.00e+00 ,  -6.75e-01 ,  -3.63e-01 ,  +1.92e+01 ,  -9.87e+02 ,  +6.72e+03 ,  +3.52e+06 , 
 0.0150 ,  +0.02867 ,  +0.00e+00 ,  -3.59e-01 ,  -2.38e+00 ,  +2.30e+01 ,  -9.72e+02 ,  +6.06e+03 ,  +3.22e+06 , 
 0.0200 ,  +0.02002 ,  +0.00e+00 ,  -1.07e-01 ,  -2.19e+00 ,  +1.33e+01 ,  -3.85e+02 ,  -6.77e+03 ,  +1.38e+06 , 
 0.0300 ,  +0.01198 ,  +0.00e+00 ,  -2.43e-02 ,  -9.09e-01 ,  +4.52e+00 ,  +2.93e+01 ,  -4.60e+03 ,  -1.40e+04 , 
 0.0320 ,  +0.00447 ,  +0.00e+00 ,  -4.67e-03 ,  -2.68e-01 ,  +8.91e-01 ,  +7.47e+01 ,  -7.84e+02 ,  -2.67e+05 , 
 0.0325 ,  +0.00339 ,  +7.69e-05 ,  -1.15e-03 ,  -1.16e-01 ,  -5.03e-01 ,  -1.80e+02 ,  +2.96e+03 ,  +5.90e+05 , 
