--- model polynom_b (rz > 0). units: [m] for length, [rad] for angle and [m^(n-1)] for polynom_b ---
 len[m]    angle[deg]  PolyB(n=0)   PolyB(n=1)   PolyB(n=2)   PolyB(n=3)   PolyB(n=4)   PolyB(n=5)   PolyB(n=6)   
 0.1250 ,  +0.40674 ,  +0.00e+00 ,  -7.76e-01 ,  -7.20e-03 ,  +6.80e-02 ,  +2.17e+02 ,  +1.70e+04 ,  +4.95e+05 , 
 0.0550 ,  +0.17984 ,  +0.00e+00 ,  -7.75e-01 ,  -6.29e-03 ,  -1.02e+00 ,  -2.34e+02 ,  +2.17e+04 ,  +2.28e+06 , 
 0.0100 ,  +0.03264 ,  +0.00e+00 ,  -7.71e-01 ,  -2.65e-02 ,  -4.12e+00 ,  -4.75e+02 ,  +4.00e+04 ,  +2.94e+06 , 
 0.0050 ,  +0.01626 ,  +0.00e+00 ,  -7.64e-01 ,  -6.28e-02 ,  -3.97e+00 ,  -6.11e+02 ,  +3.59e+04 ,  +3.31e+06 , 
 0.0050 ,  +0.01621 ,  +0.00e+00 ,  -7.55e-01 ,  -1.95e-01 ,  -6.62e+00 ,  -4.77e+02 ,  +5.13e+04 ,  +2.66e+06 , 
 0.0050 ,  +0.01618 ,  +0.00e+00 ,  -7.50e-01 ,  -2.86e-01 ,  -5.31e+00 ,  -5.05e+02 ,  +4.78e+04 ,  +2.77e+06 , 
 0.0050 ,  +0.01621 ,  +0.00e+00 ,  -7.54e-01 ,  -2.17e-01 ,  -4.97e+00 ,  -4.87e+02 ,  +4.35e+04 ,  +2.83e+06 , 
 0.0100 ,  +0.03257 ,  +0.00e+00 ,  -7.66e-01 ,  -7.00e-02 ,  -3.60e+00 ,  -2.62e+02 ,  +3.54e+04 ,  +1.89e+06 , 
 0.0100 ,  +0.03270 ,  +0.00e+00 ,  -7.72e-01 ,  -4.28e-02 ,  -1.82e+00 ,  -2.00e+02 ,  +2.85e+04 ,  +1.91e+06 , 
 0.1750 ,  +0.57086 ,  +0.00e+00 ,  -7.75e-01 ,  +4.58e-02 ,  +8.49e-01 ,  -7.46e+01 ,  +1.35e+04 ,  +1.10e+06 , 
 0.1750 ,  +0.57083 ,  +0.00e+00 ,  -7.74e-01 ,  +5.69e-02 ,  +3.18e+00 ,  +3.44e+02 ,  +1.17e+04 ,  -1.33e+06 , 
 0.0200 ,  +0.06305 ,  +0.00e+00 ,  -7.85e-01 ,  -1.07e-01 ,  +9.80e+00 ,  -8.66e+02 ,  +1.10e+04 ,  +3.92e+06 , 
 0.0100 ,  +0.02693 ,  +0.00e+00 ,  -6.66e-01 ,  -3.54e-01 ,  +1.85e+01 ,  -9.48e+02 ,  +5.36e+03 ,  +2.79e+06 , 
 0.0150 ,  +0.02819 ,  +0.00e+00 ,  -3.49e-01 ,  -2.39e+00 ,  +2.20e+01 ,  -4.81e+02 ,  +1.18e+04 ,  +4.70e+05 , 
 0.0200 ,  +0.01959 ,  +0.00e+00 ,  -1.05e-01 ,  -2.13e+00 ,  +1.23e+01 ,  -2.12e+02 ,  +2.08e+03 ,  +2.62e+05 , 
 0.0300 ,  +0.01168 ,  +0.00e+00 ,  -2.40e-02 ,  -8.72e-01 ,  +4.43e+00 ,  -5.82e+01 ,  -1.92e+03 ,  +2.33e+05 , 
 0.0320 ,  +0.00437 ,  +0.00e+00 ,  -4.59e-03 ,  -2.54e-01 ,  +1.10e+00 ,  -3.69e+01 ,  -1.44e+03 ,  +1.93e+05 , 
 0.0325 ,  +0.00335 ,  -1.15e-03 ,  -1.25e-03 ,  -1.37e-01 ,  +5.70e-02 ,  +1.53e+02 ,  -7.60e+02 ,  -5.79e+05 , 
