--- model polynom_b (rz < 0). units: [m] for length, [rad] for angle and [m^(n-1)] for polynom_b ---
 len[m]    angle[deg]  PolyB(n=0)   PolyB(n=1)   PolyB(n=2)   PolyB(n=3)   PolyB(n=4)   PolyB(n=5)   PolyB(n=6)   
 0.1250 ,  +0.40732 ,  +0.00e+00 ,  -7.76e-01 ,  -4.81e-02 ,  -4.81e-01 ,  +5.53e+02 ,  +2.03e+04 ,  -9.18e+05 , 
 0.0550 ,  +0.18008 ,  +0.00e+00 ,  -7.74e-01 ,  -6.26e-02 ,  -2.77e+00 ,  +4.48e+02 ,  +2.55e+04 ,  -6.95e+05 , 
 0.0100 ,  +0.03267 ,  +0.00e+00 ,  -7.70e-01 ,  -1.09e-01 ,  -1.90e+00 ,  +5.54e+02 ,  +2.17e+04 ,  -1.50e+06 , 
 0.0050 ,  +0.01627 ,  +0.00e+00 ,  -7.62e-01 ,  -1.75e-01 ,  -3.14e+00 ,  +7.70e+02 ,  +2.63e+04 ,  -2.68e+06 , 
 0.0050 ,  +0.01622 ,  +0.00e+00 ,  -7.53e-01 ,  -2.93e-01 ,  -3.39e+00 ,  +5.30e+02 ,  +2.93e+04 ,  -1.59e+06 , 
 0.0050 ,  +0.01619 ,  +0.00e+00 ,  -7.49e-01 ,  -3.78e-01 ,  -3.91e+00 ,  +6.07e+02 ,  +3.33e+04 ,  -1.90e+06 , 
 0.0050 ,  +0.01622 ,  +0.00e+00 ,  -7.54e-01 ,  -2.65e-01 ,  -4.94e+00 ,  +3.63e+02 ,  +3.76e+04 ,  -9.57e+05 , 
 0.0100 ,  +0.03260 ,  +0.00e+00 ,  -7.66e-01 ,  -1.07e-01 ,  -4.60e+00 ,  +2.57e+02 ,  +3.57e+04 ,  -2.29e+05 , 
 0.0100 ,  +0.03274 ,  +0.00e+00 ,  -7.72e-01 ,  -6.91e-02 ,  -4.93e+00 ,  +2.22e+02 ,  +3.94e+04 ,  -3.22e+04 , 
 0.1750 ,  +0.57142 ,  +0.00e+00 ,  -7.75e-01 ,  +3.84e-02 ,  -2.13e+00 ,  +2.21e+02 ,  +2.89e+04 ,  -6.37e+05 , 
 0.1750 ,  +0.57106 ,  +0.00e+00 ,  -7.74e-01 ,  +8.77e-02 ,  +6.79e+00 ,  -2.45e+02 ,  -6.78e+02 ,  +1.19e+06 , 
 0.0200 ,  +0.06288 ,  +0.00e+00 ,  -7.83e-01 ,  -1.96e-01 ,  +1.47e+01 ,  -2.44e+02 ,  -5.03e+03 ,  +1.50e+06 , 
 0.0100 ,  +0.02663 ,  +0.00e+00 ,  -6.54e-01 ,  -5.38e-01 ,  +2.23e+01 ,  -7.79e+02 ,  -2.02e+03 ,  +2.42e+06 , 
 0.0150 ,  +0.02766 ,  +0.00e+00 ,  -3.36e-01 ,  -2.49e+00 ,  +2.23e+01 ,  -6.17e+02 ,  +1.09e+04 ,  +1.60e+06 , 
 0.0200 ,  +0.01915 ,  +0.00e+00 ,  -1.00e-01 ,  -2.12e+00 ,  +1.14e+01 ,  -2.40e+02 ,  +2.42e+03 ,  +6.39e+05 , 
 0.0300 ,  +0.01145 ,  +0.00e+00 ,  -2.27e-02 ,  -8.65e-01 ,  +3.71e+00 ,  +8.37e+00 ,  -5.78e+02 ,  +4.29e+04 , 
 0.0320 ,  +0.00432 ,  +0.00e+00 ,  -4.37e-03 ,  -2.55e-01 ,  +6.42e-01 ,  +3.20e+01 ,  +4.66e+02 ,  -6.74e+04 , 
 0.0325 ,  +0.00332 ,  -1.94e-03 ,  -1.13e-03 ,  -1.28e-01 ,  -4.03e-01 ,  +5.92e+01 ,  +3.92e+03 ,  -3.11e+05 , 
