--- model polynom_b (rz > 0). units: [m] for length, [rad] for angle and [m^(n-1)] for polynom_b ---
 len[m]    angle[deg]  PolyB(n=0)   PolyB(n=1)   PolyB(n=2)   PolyB(n=3)   PolyB(n=4)   PolyB(n=5)   PolyB(n=6)   
 0.1250 ,  +0.40624 ,  +0.00e+00 ,  -7.76e-01 ,  -7.20e-04 ,  -2.33e+00 ,  +4.57e+02 ,  +3.27e+04 ,  -1.63e+06 , 
 0.0550 ,  +0.17970 ,  +0.00e+00 ,  -7.75e-01 ,  +2.52e-03 ,  -1.22e+00 ,  +6.32e+01 ,  +2.75e+04 ,  -3.75e+04 , 
 0.0100 ,  +0.03262 ,  +0.00e+00 ,  -7.71e-01 ,  -3.27e-02 ,  +9.16e-01 ,  +1.28e+02 ,  +1.51e+04 ,  -5.30e+05 , 
 0.0050 ,  +0.01624 ,  +0.00e+00 ,  -7.64e-01 ,  -6.89e-02 ,  +5.47e-01 ,  +6.37e+01 ,  +1.51e+04 ,  -4.19e+05 , 
 0.0050 ,  +0.01618 ,  +0.00e+00 ,  -7.55e-01 ,  -2.09e-01 ,  +5.61e-01 ,  +1.34e+02 ,  +1.53e+04 ,  -5.87e+05 , 
 0.0050 ,  +0.01615 ,  +0.00e+00 ,  -7.49e-01 ,  -3.42e-01 ,  +1.09e+00 ,  +4.65e+02 ,  +1.63e+04 ,  -2.15e+06 , 
 0.0050 ,  +0.01617 ,  +0.00e+00 ,  -7.52e-01 ,  -2.72e-01 ,  -1.02e+00 ,  +4.14e+02 ,  +2.46e+04 ,  -1.97e+06 , 
 0.0100 ,  +0.03251 ,  +0.00e+00 ,  -7.65e-01 ,  -6.32e-02 ,  -3.87e-01 ,  +6.15e+00 ,  +2.11e+04 ,  -2.65e+05 , 
 0.0100 ,  +0.03266 ,  +0.00e+00 ,  -7.72e-01 ,  -2.75e-02 ,  +2.92e-01 ,  +1.37e+02 ,  +1.85e+04 ,  -5.46e+05 , 
 0.1750 ,  +0.57009 ,  +0.00e+00 ,  -7.75e-01 ,  +8.72e-02 ,  +2.36e+00 ,  -3.64e+02 ,  +1.27e+04 ,  +2.11e+06 , 
 0.1750 ,  +0.56991 ,  +0.00e+00 ,  -7.74e-01 ,  +7.58e-02 ,  +5.12e+00 ,  +3.99e+02 ,  -1.64e+03 ,  -1.07e+06 , 
 0.0200 ,  +0.06321 ,  +0.00e+00 ,  -7.86e-01 ,  -1.80e-01 ,  +6.19e+00 ,  +9.87e+02 ,  +2.62e+04 ,  -4.45e+06 , 
 0.0100 ,  +0.02731 ,  +0.00e+00 ,  -6.80e-01 ,  -3.24e-01 ,  +1.22e+01 ,  +6.18e+02 ,  +3.53e+04 ,  -3.98e+06 , 
 0.0150 ,  +0.02892 ,  +0.00e+00 ,  -3.65e-01 ,  -2.35e+00 ,  +1.76e+01 ,  +1.60e+02 ,  +3.51e+04 ,  -2.39e+06 , 
 0.0200 ,  +0.02022 ,  +0.00e+00 ,  -1.08e-01 ,  -2.21e+00 ,  +1.02e+01 ,  -3.03e+01 ,  +1.46e+04 ,  -4.41e+05 , 
 0.0300 ,  +0.01210 ,  +0.00e+00 ,  -2.42e-02 ,  -9.12e-01 ,  +3.71e+00 ,  -4.21e+01 ,  +2.47e+03 ,  +2.52e+05 , 
 0.0320 ,  +0.00452 ,  +0.00e+00 ,  -4.65e-03 ,  -2.65e-01 ,  +6.73e-01 ,  -4.41e+01 ,  +1.30e+03 ,  +2.60e+05 , 
 0.0325 ,  +0.00345 ,  +3.94e-04 ,  -1.34e-03 ,  -1.29e-01 ,  -1.06e-02 ,  +1.29e+01 ,  +1.97e+03 ,  -1.33e+05 , 
