--- model polynom_b (rz < 0). units: [m] for length, [rad] for angle and [m^(n-1)] for polynom_b ---
 len[m]    angle[deg]  PolyB(n=0)   PolyB(n=1)   PolyB(n=2)   PolyB(n=3)   PolyB(n=4)   PolyB(n=5)   PolyB(n=6)   
 0.1250 ,  +0.40637 ,  +0.00e+00 ,  -7.75e-01 ,  +6.62e-02 ,  +2.15e-01 ,  -1.09e+03 ,  +8.72e+03 ,  +5.69e+06 , 
 0.0550 ,  +0.17963 ,  +0.00e+00 ,  -7.73e-01 ,  +3.46e-02 ,  -5.01e-02 ,  -8.51e+02 ,  +8.31e+03 ,  +4.24e+06 , 
 0.0100 ,  +0.03258 ,  +0.00e+00 ,  -7.68e-01 ,  +7.56e-03 ,  +1.97e+00 ,  -1.05e+03 ,  -1.22e+03 ,  +4.78e+06 , 
 0.0050 ,  +0.01623 ,  +0.00e+00 ,  -7.60e-01 ,  -2.56e-02 ,  +2.20e-01 ,  -1.24e+03 ,  +6.12e+03 ,  +5.32e+06 , 
 0.0050 ,  +0.01617 ,  +0.00e+00 ,  -7.51e-01 ,  -1.58e-01 ,  +2.04e+00 ,  -1.35e+03 ,  -6.90e+02 ,  +5.72e+06 , 
 0.0050 ,  +0.01614 ,  +0.00e+00 ,  -7.45e-01 ,  -2.91e-01 ,  +1.33e+00 ,  -1.02e+03 ,  +7.19e+03 ,  +4.13e+06 , 
 0.0050 ,  +0.01617 ,  +0.00e+00 ,  -7.50e-01 ,  -2.19e-01 ,  +2.66e+00 ,  -9.74e+02 ,  -2.34e+03 ,  +4.09e+06 , 
 0.0100 ,  +0.03253 ,  +0.00e+00 ,  -7.63e-01 ,  -3.06e-02 ,  +1.18e+00 ,  -9.65e+02 ,  +5.26e+03 ,  +4.12e+06 , 
 0.0100 ,  +0.03269 ,  +0.00e+00 ,  -7.71e-01 ,  +1.15e-02 ,  +2.25e+00 ,  -9.70e+02 ,  +8.61e+02 ,  +4.34e+06 , 
 0.1750 ,  +0.57093 ,  +0.00e+00 ,  -7.74e-01 ,  +7.45e-02 ,  +6.54e+00 ,  -7.19e+01 ,  -1.73e+04 ,  +3.36e+05 , 
 0.1750 ,  +0.57036 ,  +0.00e+00 ,  -7.73e-01 ,  +7.72e-02 ,  +4.27e+00 ,  +4.80e+02 ,  +9.74e+03 ,  -1.49e+06 , 
 0.0200 ,  +0.06312 ,  +0.00e+00 ,  -7.83e-01 ,  -1.64e-01 ,  +7.14e+00 ,  -4.95e+02 ,  +2.70e+04 ,  +2.62e+06 , 
 0.0100 ,  +0.02719 ,  +0.00e+00 ,  -6.74e-01 ,  -3.87e-01 ,  +1.58e+01 ,  -7.57e+02 ,  +2.91e+04 ,  +2.35e+06 , 
 0.0150 ,  +0.02865 ,  +0.00e+00 ,  -3.59e-01 ,  -2.40e+00 ,  +2.15e+01 ,  -6.18e+02 ,  +1.96e+04 ,  +1.43e+06 , 
 0.0200 ,  +0.01984 ,  +0.00e+00 ,  -1.06e-01 ,  -2.18e+00 ,  +1.15e+01 ,  -2.02e+02 ,  +5.36e+03 ,  +3.67e+05 , 
 0.0300 ,  +0.01179 ,  +0.00e+00 ,  -2.31e-02 ,  -8.87e-01 ,  +3.84e+00 ,  -5.04e+01 ,  -4.77e+02 ,  +2.65e+05 , 
 0.0320 ,  +0.00443 ,  +0.00e+00 ,  -4.37e-03 ,  -2.61e-01 ,  +8.02e-01 ,  -7.50e+00 ,  -3.87e+02 ,  +9.64e+04 , 
 0.0325 ,  +0.00338 ,  -7.58e-04 ,  -1.16e-03 ,  -1.36e-01 ,  +7.07e-01 ,  +1.23e+02 ,  -2.39e+03 ,  -5.13e+05 , 
