--- model polynom_b (rz < 0). units: [m] for length, [rad] for angle and [m^(n-1)] for polynom_b ---
 len[m]     angle[deg]     PolyB(n=0)     PolyB(n=1)     PolyB(n=2)     PolyB(n=3)     PolyB(n=4)     PolyB(n=5)     PolyB(n=6)    
 0.1250 ,  +0.40656346 ,  +2.4141e-05 ,  -7.7649e-01 ,  +2.7916e-02 ,  +1.4322e+00 ,  +1.8980e+02 ,  +2.7610e+03 ,  -8.8909e+05 , 
 0.0550 ,  +0.17996464 ,  -4.5622e-05 ,  -7.7474e-01 ,  +2.9573e-02 ,  +3.8462e-01 ,  -1.3130e+02 ,  +1.0477e+04 ,  +4.6571e+05 , 
 0.0100 ,  +0.03293975 ,  -5.5000e-04 ,  -7.7027e-01 ,  +9.9352e-03 ,  +1.8986e+00 ,  -3.8640e+02 ,  +3.4069e+03 ,  +1.4682e+06 , 
 0.0050 ,  +0.01656680 ,  -1.1271e-03 ,  -7.6251e-01 ,  -3.7221e-02 ,  +1.0785e+00 ,  -3.7877e+02 ,  +4.2946e+03 ,  +1.2636e+06 , 
 0.0050 ,  +0.01651365 ,  -1.1396e-03 ,  -7.5345e-01 ,  -1.9855e-01 ,  +4.7021e-01 ,  -2.2583e+01 ,  +9.0508e+03 ,  -1.9881e+05 , 
 0.0050 ,  +0.01649154 ,  -1.1530e-03 ,  -7.4857e-01 ,  -2.5929e-01 ,  +1.7366e+00 ,  -6.1187e+02 ,  +6.6589e+03 ,  +2.1624e+06 , 
 0.0050 ,  +0.01650144 ,  -1.0871e-03 ,  -7.5333e-01 ,  -1.8465e-01 ,  +1.7123e+00 ,  -3.6500e+02 ,  +2.4992e+03 ,  +1.3122e+06 , 
 0.0100 ,  +0.03287860 ,  -5.6551e-04 ,  -7.6566e-01 ,  -1.1597e-02 ,  +1.4210e+00 ,  -3.2607e+02 ,  +3.7263e+03 ,  +9.5393e+05 , 
 0.0100 ,  +0.03298718 ,  -4.9988e-04 ,  -7.7243e-01 ,  +3.9820e-03 ,  -1.3723e-01 ,  -8.5114e+01 ,  +1.4519e+04 ,  +2.1888e+05 , 
 0.1750 ,  +0.57105325 ,  -5.0033e-05 ,  -7.7479e-01 ,  +9.5806e-02 ,  +3.6141e+00 ,  +2.3845e+01 ,  +7.2258e+03 ,  -3.4848e+05 , 
 0.1750 ,  +0.57056492 ,  -4.0175e-05 ,  -7.7410e-01 ,  +1.1214e-01 ,  +6.8795e+00 ,  -2.4730e+02 ,  +4.2767e+03 ,  +1.5149e+06 , 
 0.0200 ,  +0.06295733 ,  -1.6677e-04 ,  -7.8531e-01 ,  -1.1542e-01 ,  +1.4019e+01 ,  -4.1582e+01 ,  -6.9737e+03 ,  +1.0418e+06 , 
 0.0100 ,  +0.02639409 ,  +1.0720e-04 ,  -6.5107e-01 ,  -4.8109e-01 ,  +2.0204e+01 ,  -1.1386e+02 ,  -3.3521e+03 ,  +1.7365e+05 , 
 0.0150 ,  +0.02756609 ,  -3.5844e-04 ,  -3.2992e-01 ,  -2.4790e+00 ,  +2.1909e+01 ,  +1.2393e+02 ,  +9.3827e+03 ,  -1.4506e+06 , 
 0.0200 ,  +0.01913081 ,  -3.5664e-04 ,  -9.7036e-02 ,  -2.0863e+00 ,  +1.1741e+01 ,  +2.0067e+02 ,  +3.9124e+03 ,  -1.2039e+06 , 
 0.0300 ,  +0.01151016 ,  -2.2555e-04 ,  -2.1487e-02 ,  -8.4394e-01 ,  +3.6541e+00 ,  +1.2948e+02 ,  +1.2376e+03 ,  -4.6333e+05 , 
 0.0320 ,  +0.00439865 ,  -1.1913e-04 ,  -4.0090e-03 ,  -2.4913e-01 ,  +6.9015e-01 ,  +6.4695e+01 ,  +5.3519e+02 ,  -2.1706e+05 , 
 0.0325 ,  +0.00321764 ,  +1.2317e-06 ,  -9.2200e-04 ,  -1.2798e-01 ,  -1.4433e-01 ,  +1.0032e+02 ,  +4.6741e+01 ,  -4.4762e+05 , 
