--- model polynom_b (rz > 0). units: [m] for length, [rad] for angle and [m^(n-1)] for polynom_b ---
 len[m]     angle[deg]     PolyB(n=0)     PolyB(n=1)     PolyB(n=2)     PolyB(n=3)     PolyB(n=4)     PolyB(n=5)     PolyB(n=6)    
 0.1250 ,  -0.40656346 ,  +1.1346e-01 ,  -7.7447e-01 ,  +7.9801e-02 ,  -7.8172e-01 ,  -5.5914e+02 ,  +3.3165e+04 ,  +3.6911e+06 , 
 0.0550 ,  -0.17996464 ,  +1.1410e-01 ,  -7.7319e-01 ,  +4.7816e-02 ,  -2.6117e+00 ,  -4.2317e+02 ,  +3.7754e+04 ,  +3.1144e+06 , 
 0.0100 ,  -0.03293975 ,  +1.1438e-01 ,  -7.6937e-01 ,  +3.5536e-02 ,  -2.3996e+00 ,  -5.8032e+02 ,  +3.6655e+04 ,  +3.2504e+06 , 
 0.0050 ,  -0.01656680 ,  +1.1449e-01 ,  -7.6166e-01 ,  -1.3477e-02 ,  -1.4263e+00 ,  -6.0470e+02 ,  +2.5821e+04 ,  +3.3397e+06 , 
 0.0050 ,  -0.01651365 ,  +1.1411e-01 ,  -7.5289e-01 ,  -1.5409e-01 ,  -3.2720e+00 ,  -3.6722e+02 ,  +3.8516e+04 ,  +1.9965e+06 , 
 0.0050 ,  -0.01649154 ,  +1.1396e-01 ,  -7.4870e-01 ,  -2.4460e-01 ,  -4.1167e+00 ,  -1.4194e+02 ,  +4.3910e+04 ,  +8.9910e+05 , 
 0.0050 ,  -0.01650144 ,  +1.1410e-01 ,  -7.5370e-01 ,  -1.3330e-01 ,  -3.8761e+00 ,  -3.3260e+02 ,  +3.9148e+04 ,  +1.6451e+06 , 
 0.0100 ,  -0.03287860 ,  +1.1417e-01 ,  -7.6502e-01 ,  +2.3768e-02 ,  -1.7050e+00 ,  -5.4522e+02 ,  +2.9366e+04 ,  +2.6410e+06 , 
 0.0100 ,  -0.03298718 ,  +1.1459e-01 ,  -7.7100e-01 ,  +4.1013e-02 ,  +9.7377e-03 ,  -4.8096e+02 ,  +2.4239e+04 ,  +2.5685e+06 , 
 0.1750 ,  -0.57105325 ,  +1.1382e-01 ,  -7.7332e-01 ,  +9.5021e-02 ,  +5.4588e+00 ,  -8.6887e+01 ,  -1.7664e+03 ,  +1.0379e+06 , 
 0.1750 ,  -0.57056492 ,  +1.1376e-01 ,  -7.7271e-01 ,  +1.0177e-01 ,  +6.8880e+00 ,  +7.6888e+01 ,  -4.0965e+02 ,  +1.2516e+05 , 
 0.0200 ,  -0.06295733 ,  +1.0959e-01 ,  -7.8314e-01 ,  -9.3292e-02 ,  +1.2458e+01 ,  +4.4942e+02 ,  -4.6531e+03 ,  -1.2543e+06 , 
 0.0100 ,  -0.02639409 ,  +9.1747e-02 ,  -6.3699e-01 ,  -5.2178e-01 ,  +1.8443e+01 ,  +1.3271e+02 ,  +2.8312e+03 ,  -1.1788e+06 , 
 0.0150 ,  -0.02756609 ,  +6.3278e-02 ,  -3.1610e-01 ,  -2.4704e+00 ,  +1.9898e+01 ,  +1.4870e+01 ,  +1.7331e+04 ,  -1.1268e+06 , 
 0.0200 ,  -0.01913081 ,  +3.2798e-02 ,  -9.2918e-02 ,  -2.0333e+00 ,  +1.0949e+01 ,  +5.8356e+01 ,  +5.4113e+03 ,  -5.5435e+05 , 
 0.0300 ,  -0.01151016 ,  +1.3091e-02 ,  -2.1305e-02 ,  -8.2199e-01 ,  +3.3568e+00 ,  +6.6661e+01 ,  +1.9570e+03 ,  -2.0701e+05 , 
 0.0320 ,  -0.00439865 ,  +4.6574e-03 ,  -4.2140e-03 ,  -2.4089e-01 ,  +9.1008e-01 ,  +1.8140e+01 ,  -8.8250e+02 ,  -2.2483e+04 , 
 0.0325 ,  -0.00321764 ,  +3.4538e-03 ,  -1.2655e-03 ,  -1.2269e-01 ,  +3.6102e-01 ,  +6.7378e+01 ,  -1.4769e+03 ,  -1.7549e+05 , 
