--- model polynom_b (rz > 0). units: [m] for length, [rad] for angle and [m^(n-1)] for polynom_b ---
 len[m]    angle[deg]  PolyB(n=0)   PolyB(n=1)   PolyB(n=2)   PolyB(n=3)   PolyB(n=4)   PolyB(n=5)   PolyB(n=6)   
 0.1250 ,  +0.40621 ,  +0.00e+00 ,  -7.74e-01 ,  +4.33e-02 ,  -4.27e+00 ,  -5.76e+02 ,  +4.66e+04 ,  +3.62e+06 , 
 0.0550 ,  +0.17964 ,  +0.00e+00 ,  -7.73e-01 ,  +2.64e-02 ,  -3.49e+00 ,  -7.68e+02 ,  +4.17e+04 ,  +4.52e+06 , 
 0.0100 ,  +0.03261 ,  +0.00e+00 ,  -7.69e-01 ,  +2.30e-02 ,  -1.69e+00 ,  -1.23e+03 ,  +2.88e+04 ,  +6.24e+06 , 
 0.0050 ,  +0.01625 ,  +0.00e+00 ,  -7.62e-01 ,  -2.62e-02 ,  -3.35e+00 ,  -1.16e+03 ,  +3.21e+04 ,  +5.92e+06 , 
 0.0050 ,  +0.01620 ,  +0.00e+00 ,  -7.54e-01 ,  -1.42e-01 ,  -2.94e+00 ,  -1.23e+03 ,  +3.33e+04 ,  +6.16e+06 , 
 0.0050 ,  +0.01618 ,  +0.00e+00 ,  -7.50e-01 ,  -2.34e-01 ,  -3.04e+00 ,  -1.20e+03 ,  +3.78e+04 ,  +5.86e+06 , 
 0.0050 ,  +0.01621 ,  +0.00e+00 ,  -7.54e-01 ,  -1.58e-01 ,  -2.65e+00 ,  -1.24e+03 ,  +3.12e+04 ,  +6.14e+06 , 
 0.0100 ,  +0.03258 ,  +0.00e+00 ,  -7.65e-01 ,  +1.68e-04 ,  -3.28e+00 ,  -1.39e+03 ,  +3.75e+04 ,  +6.89e+06 , 
 0.0100 ,  +0.03272 ,  +0.00e+00 ,  -7.72e-01 ,  +1.91e-03 ,  -8.65e-01 ,  -8.39e+02 ,  +2.53e+04 ,  +4.74e+06 , 
 0.1750 ,  +0.57117 ,  +0.00e+00 ,  -7.74e-01 ,  +1.01e-01 ,  +2.61e+00 ,  -6.83e+02 ,  +3.98e+03 ,  +3.65e+06 , 
 0.1750 ,  +0.57104 ,  +0.00e+00 ,  -7.73e-01 ,  +6.85e-02 ,  +5.08e+00 ,  +4.98e+02 ,  -1.66e+02 ,  -1.65e+06 , 
 0.0200 ,  +0.06312 ,  +0.00e+00 ,  -7.84e-01 ,  -1.32e-01 ,  +7.53e+00 ,  +9.74e+01 ,  +2.44e+04 ,  +3.85e+05 , 
 0.0100 ,  +0.02699 ,  +0.00e+00 ,  -6.63e-01 ,  -3.45e-01 ,  +1.39e+01 ,  -6.37e+02 ,  +3.09e+04 ,  +2.01e+06 , 
 0.0150 ,  +0.02833 ,  +0.00e+00 ,  -3.46e-01 ,  -2.37e+00 ,  +1.75e+01 ,  -6.75e+02 ,  +3.33e+04 ,  +1.66e+06 , 
 0.0200 ,  +0.01978 ,  +0.00e+00 ,  -1.03e-01 ,  -2.12e+00 ,  +9.57e+00 ,  -3.81e+02 ,  +1.39e+04 ,  +1.08e+06 , 
 0.0300 ,  +0.01168 ,  +0.00e+00 ,  -2.36e-02 ,  -8.69e-01 ,  +3.71e+00 ,  -8.57e+01 ,  +6.24e+02 ,  +3.73e+05 , 
 0.0320 ,  +0.00427 ,  +0.00e+00 ,  -4.65e-03 ,  -2.52e-01 ,  +3.89e-01 ,  -1.15e+00 ,  +1.98e+03 ,  +6.74e+04 , 
 0.0325 ,  +0.00322 ,  -6.18e-04 ,  -1.49e-03 ,  -1.38e-01 ,  +5.88e-01 ,  +1.71e+02 ,  -9.32e+02 ,  -5.72e+05 , 
