--- model polynom_b (rz > 0). units: [m] for length, [rad] for angle and [m^(n-1)] for polynom_b ---
 len[m]    angle[deg]  PolyB(n=0)   PolyB(n=1)   PolyB(n=2)   PolyB(n=3)   PolyB(n=4)   PolyB(n=5)   PolyB(n=6)   
 0.1250 ,  +0.40599 ,  +0.00e+00 ,  -7.75e-01 ,  -6.94e-02 ,  +9.91e+00 ,  +1.18e+03 ,  -3.83e+04 ,  -3.53e+06 , 
 0.0550 ,  +0.17951 ,  +0.00e+00 ,  -7.74e-01 ,  -1.15e-01 ,  +7.45e+00 ,  +1.60e+03 ,  -2.71e+04 ,  -5.21e+06 , 
 0.0100 ,  +0.03259 ,  +0.00e+00 ,  -7.70e-01 ,  -1.39e-01 ,  +4.55e+00 ,  +1.44e+03 ,  -8.28e+03 ,  -4.98e+06 , 
 0.0050 ,  +0.01624 ,  +0.00e+00 ,  -7.63e-01 ,  -1.91e-01 ,  +2.07e+00 ,  +1.81e+03 ,  +2.30e+03 ,  -6.79e+06 , 
 0.0050 ,  +0.01619 ,  +0.00e+00 ,  -7.55e-01 ,  -3.04e-01 ,  +3.89e+00 ,  +1.71e+03 ,  -7.72e+03 ,  -6.18e+06 , 
 0.0050 ,  +0.01616 ,  +0.00e+00 ,  -7.49e-01 ,  -3.90e-01 ,  +3.44e+00 ,  +1.34e+03 ,  -1.43e+03 ,  -4.94e+06 , 
 0.0050 ,  +0.01618 ,  +0.00e+00 ,  -7.52e-01 ,  -3.26e-01 ,  +1.19e+00 ,  +1.20e+03 ,  +8.62e+03 ,  -4.40e+06 , 
 0.0100 ,  +0.03253 ,  +0.00e+00 ,  -7.64e-01 ,  -1.70e-01 ,  +1.67e+00 ,  +1.38e+03 ,  +5.19e+03 ,  -5.09e+06 , 
 0.0100 ,  +0.03269 ,  +0.00e+00 ,  -7.71e-01 ,  -1.05e-01 ,  +1.39e+00 ,  +1.00e+03 ,  +1.28e+04 ,  -3.47e+06 , 
 0.1750 ,  +0.57057 ,  +0.00e+00 ,  -7.74e-01 ,  +8.69e-04 ,  -1.07e+00 ,  +9.13e+02 ,  +2.43e+04 ,  -3.26e+06 , 
 0.1750 ,  +0.56974 ,  +0.00e+00 ,  -7.73e-01 ,  +1.25e-01 ,  +1.15e+00 ,  -4.33e+02 ,  +2.17e+04 ,  +1.64e+06 , 
 0.0200 ,  +0.06314 ,  +0.00e+00 ,  -7.84e-01 ,  -1.52e-01 ,  +1.28e+01 ,  -4.92e+02 ,  +3.75e+03 ,  +1.15e+06 , 
 0.0100 ,  +0.02735 ,  +0.00e+00 ,  -6.83e-01 ,  -3.13e-01 ,  +1.99e+01 ,  -4.39e+02 ,  +1.04e+04 ,  -2.21e+05 , 
 0.0150 ,  +0.02901 ,  +0.00e+00 ,  -3.70e-01 ,  -2.31e+00 ,  +2.35e+01 ,  -6.46e+02 ,  +1.17e+04 ,  +6.53e+05 , 
 0.0200 ,  +0.02023 ,  +0.00e+00 ,  -1.10e-01 ,  -2.19e+00 ,  +1.33e+01 ,  -3.07e+02 ,  +4.31e+02 ,  +4.49e+05 , 
 0.0300 ,  +0.01211 ,  +0.00e+00 ,  -2.48e-02 ,  -9.10e-01 ,  +4.89e+00 ,  -3.97e+01 ,  -3.13e+03 ,  +1.42e+05 , 
 0.0320 ,  +0.00453 ,  +0.00e+00 ,  -4.76e-03 ,  -2.67e-01 ,  +1.19e+00 ,  -2.45e+01 ,  -1.26e+03 ,  +1.56e+05 , 
 0.0325 ,  +0.00344 ,  +2.28e-04 ,  -1.38e-03 ,  -1.41e-01 ,  +9.89e-01 ,  +5.47e+01 ,  -3.63e+03 ,  -4.29e+04 , 
