--- model polynom_b (rz < 0). units: [m] for length, [rad] for angle and [m^(n-1)] for polynom_b ---
 len[m]     angle[deg]     PolyB(n=0)     PolyB(n=1)     PolyB(n=2)     PolyB(n=3)     PolyB(n=4)     PolyB(n=5)     PolyB(n=6)    
 0.1250 ,  +0.40656346 ,  -3.6070e-05 ,  -7.7564e-01 ,  -4.0179e-02 ,  +1.1459e+00 ,  +9.7794e+02 ,  +7.5826e+03 ,  -3.4639e+06 , 
 0.0550 ,  +0.17996464 ,  -1.0144e-04 ,  -7.7391e-01 ,  -7.5114e-02 ,  -2.3700e+00 ,  +9.8132e+02 ,  +2.2155e+04 ,  -3.2897e+06 , 
 0.0100 ,  +0.03293975 ,  -5.7824e-04 ,  -7.6975e-01 ,  -1.0732e-01 ,  -2.9230e+00 ,  +8.3222e+02 ,  +2.9151e+04 ,  -2.9805e+06 , 
 0.0050 ,  +0.01656680 ,  -1.1334e-03 ,  -7.6252e-01 ,  -1.4712e-01 ,  -4.7335e+00 ,  +7.8339e+02 ,  +3.7948e+04 ,  -3.1021e+06 , 
 0.0050 ,  +0.01651365 ,  -1.1327e-03 ,  -7.5384e-01 ,  -2.9558e-01 ,  -4.6435e+00 ,  +1.0803e+03 ,  +3.8358e+04 ,  -4.4825e+06 , 
 0.0050 ,  +0.01649154 ,  -1.1408e-03 ,  -7.4878e-01 ,  -3.9764e-01 ,  -5.3304e+00 ,  +9.9196e+02 ,  +4.4370e+04 ,  -3.9478e+06 , 
 0.0050 ,  +0.01650144 ,  -1.0788e-03 ,  -7.5314e-01 ,  -2.9912e-01 ,  -4.8968e+00 ,  +8.3637e+02 ,  +4.0405e+04 ,  -3.5277e+06 , 
 0.0100 ,  +0.03287860 ,  -5.6328e-04 ,  -7.6505e-01 ,  -1.2503e-01 ,  -5.7501e+00 ,  +6.8327e+02 ,  +4.6151e+04 ,  -2.7568e+06 , 
 0.0100 ,  +0.03298718 ,  -5.0164e-04 ,  -7.7174e-01 ,  -9.5385e-02 ,  -5.6110e+00 ,  +8.1964e+02 ,  +4.7971e+04 ,  -3.0857e+06 , 
 0.1750 ,  +0.57105325 ,  -2.7294e-05 ,  -7.7438e-01 ,  +2.9594e-02 ,  -4.7624e+00 ,  +5.1540e+02 ,  +5.0490e+04 ,  -2.3390e+06 , 
 0.1750 ,  +0.57056492 ,  -3.8776e-05 ,  -7.7377e-01 ,  +1.2269e-01 ,  +8.1202e+00 ,  -7.9843e+02 ,  -5.6664e+03 ,  +3.4914e+06 , 
 0.0200 ,  +0.06295733 ,  -2.0962e-04 ,  -7.8164e-01 ,  -2.3299e-01 ,  +1.6765e+01 ,  +2.0874e+02 ,  -1.6950e+04 ,  -4.6630e+05 , 
 0.0100 ,  +0.02639409 ,  +1.0080e-04 ,  -6.4652e-01 ,  -6.4382e-01 ,  +2.2795e+01 ,  +7.2745e+01 ,  -3.8577e+03 ,  -1.4195e+06 , 
 0.0150 ,  +0.02756609 ,  -2.9120e-04 ,  -3.2766e-01 ,  -2.5664e+00 ,  +2.3333e+01 ,  +8.2552e+01 ,  +5.6019e+03 ,  -1.5986e+06 , 
 0.0200 ,  +0.01913081 ,  -2.5795e-04 ,  -9.6775e-02 ,  -2.1118e+00 ,  +1.1312e+01 ,  +1.2040e+02 ,  +2.4476e+03 ,  -9.0934e+05 , 
 0.0300 ,  +0.01151016 ,  -1.7728e-04 ,  -2.1924e-02 ,  -8.4982e-01 ,  +3.5056e+00 ,  +9.5639e+01 ,  +5.8736e+02 ,  -3.0623e+05 , 
 0.0320 ,  +0.00439865 ,  -1.0896e-04 ,  -4.2205e-03 ,  -2.4749e-01 ,  +6.5580e-01 ,  +1.7349e+01 ,  +7.0243e+02 ,  +9.4351e+03 , 
 0.0325 ,  +0.00321764 ,  -5.9727e-06 ,  -1.0895e-03 ,  -1.2921e-01 ,  +6.3101e-01 ,  +1.5637e+01 ,  -2.0499e+03 ,  +1.0893e+05 , 
