--- model polynom_b (rz < 0). units: [m] for length, [rad] for angle and [m^(n-1)] for polynom_b ---
 len[m]    angle[deg]  PolyB(n=0)   PolyB(n=1)   PolyB(n=2)   PolyB(n=3)   PolyB(n=4)   PolyB(n=5)   PolyB(n=6)   
 0.1250 ,  +0.40695 ,  +0.00e+00 ,  -7.75e-01 ,  +4.33e-02 ,  +3.94e+00 ,  -3.18e+02 ,  +1.28e+03 ,  +1.95e+06 , 
 0.0550 ,  +0.17992 ,  +0.00e+00 ,  -7.74e-01 ,  +1.41e-02 ,  +3.60e+00 ,  -1.89e+02 ,  +7.94e+02 ,  +1.21e+06 , 
 0.0100 ,  +0.03262 ,  +0.00e+00 ,  -7.68e-01 ,  -3.06e-02 ,  +3.59e+00 ,  -3.01e+02 ,  +2.53e+03 ,  +1.74e+06 , 
 0.0050 ,  +0.01624 ,  +0.00e+00 ,  -7.59e-01 ,  -8.92e-02 ,  +5.15e-01 ,  -4.93e+02 ,  +1.58e+04 ,  +2.35e+06 , 
 0.0050 ,  +0.01618 ,  +0.00e+00 ,  -7.50e-01 ,  -2.30e-01 ,  +3.39e+00 ,  -7.92e+02 ,  +6.46e+03 ,  +3.32e+06 , 
 0.0050 ,  +0.01616 ,  +0.00e+00 ,  -7.45e-01 ,  -3.36e-01 ,  +4.20e+00 ,  -6.58e+02 ,  +3.56e+03 ,  +2.91e+06 , 
 0.0050 ,  +0.01619 ,  +0.00e+00 ,  -7.51e-01 ,  -2.24e-01 ,  +2.24e+00 ,  -5.72e+02 ,  +9.90e+03 ,  +2.32e+06 , 
 0.0100 ,  +0.03258 ,  +0.00e+00 ,  -7.64e-01 ,  -4.46e-02 ,  +3.37e+00 ,  -6.09e+02 ,  +4.13e+03 ,  +2.85e+06 , 
 0.0100 ,  +0.03273 ,  +0.00e+00 ,  -7.71e-01 ,  -1.19e-02 ,  +3.04e+00 ,  -6.10e+02 ,  +9.81e+03 ,  +3.18e+06 , 
 0.1750 ,  +0.57160 ,  +0.00e+00 ,  -7.74e-01 ,  +7.14e-02 ,  +6.15e+00 ,  -3.05e+02 ,  -5.84e+03 ,  +1.69e+06 , 
 0.1750 ,  +0.57102 ,  +0.00e+00 ,  -7.73e-01 ,  +4.64e-02 ,  +6.41e+00 ,  +3.14e+02 ,  -2.66e+03 ,  -2.01e+05 , 
 0.0200 ,  +0.06293 ,  +0.00e+00 ,  -7.82e-01 ,  -2.00e-01 ,  +7.24e+00 ,  -2.88e+01 ,  +2.14e+04 ,  +1.07e+06 , 
 0.0100 ,  +0.02677 ,  +0.00e+00 ,  -6.58e-01 ,  -4.98e-01 ,  +1.49e+01 ,  -4.78e+02 ,  +2.78e+04 ,  +1.28e+06 , 
 0.0150 ,  +0.02790 ,  +0.00e+00 ,  -3.41e-01 ,  -2.47e+00 ,  +1.88e+01 ,  -3.02e+02 ,  +2.37e+04 ,  -1.85e+04 , 
 0.0200 ,  +0.01930 ,  +0.00e+00 ,  -1.01e-01 ,  -2.14e+00 ,  +9.53e+00 ,  -1.79e+02 ,  +9.89e+03 ,  +2.36e+05 , 
 0.0300 ,  +0.01150 ,  +0.00e+00 ,  -2.26e-02 ,  -8.64e-01 ,  +3.29e+00 ,  -1.67e+01 ,  +6.09e+02 ,  +5.23e+04 , 
 0.0320 ,  +0.00432 ,  +0.00e+00 ,  -4.39e-03 ,  -2.51e-01 ,  +7.28e-01 ,  -1.31e+01 ,  +1.21e+01 ,  +8.67e+04 , 
 0.0325 ,  +0.00329 ,  -2.04e-03 ,  -1.15e-03 ,  -1.24e-01 ,  +8.14e-01 ,  -3.92e+01 ,  -3.17e+03 ,  +1.82e+05 , 
