--- model polynom_b (rz < 0). units: [m] for length, [rad] for angle and [m^(n-1)] for polynom_b ---
 len[m]    angle[deg]  PolyB(n=0)   PolyB(n=1)   PolyB(n=2)   PolyB(n=3)   PolyB(n=4)   PolyB(n=5)   PolyB(n=6)   
 0.1250 ,  +0.40656 ,  +0.00e+00 ,  -7.75e-01 ,  +6.71e-02 ,  -1.18e+00 ,  -5.74e+02 ,  +2.71e+04 ,  +3.11e+06 , 
 0.0550 ,  +0.17977 ,  +0.00e+00 ,  -7.73e-01 ,  +4.62e-02 ,  -5.41e+00 ,  -5.14e+02 ,  +4.70e+04 ,  +2.46e+06 , 
 0.0100 ,  +0.03263 ,  +0.00e+00 ,  -7.68e-01 ,  +1.84e-02 ,  -4.94e+00 ,  -8.03e+02 ,  +4.62e+04 ,  +3.59e+06 , 
 0.0050 ,  +0.01625 ,  +0.00e+00 ,  -7.62e-01 ,  -8.00e-03 ,  -5.51e+00 ,  -1.11e+03 ,  +4.81e+04 ,  +4.55e+06 , 
 0.0050 ,  +0.01621 ,  +0.00e+00 ,  -7.54e-01 ,  -1.42e-01 ,  -4.88e+00 ,  -9.05e+02 ,  +4.69e+04 ,  +3.71e+06 , 
 0.0050 ,  +0.01619 ,  +0.00e+00 ,  -7.50e-01 ,  -2.00e-01 ,  -2.35e+00 ,  -1.27e+03 ,  +3.78e+04 ,  +5.18e+06 , 
 0.0050 ,  +0.01622 ,  +0.00e+00 ,  -7.54e-01 ,  -1.23e-01 ,  -2.80e+00 ,  -1.23e+03 ,  +3.59e+04 ,  +5.06e+06 , 
 0.0100 ,  +0.03260 ,  +0.00e+00 ,  -7.65e-01 ,  +2.56e-02 ,  -1.56e+00 ,  -1.23e+03 ,  +2.87e+04 ,  +5.16e+06 , 
 0.0100 ,  +0.03273 ,  +0.00e+00 ,  -7.71e-01 ,  +6.10e-02 ,  +3.86e-02 ,  -1.35e+03 ,  +2.34e+04 ,  +5.86e+06 , 
 0.1750 ,  +0.57143 ,  +0.00e+00 ,  -7.74e-01 ,  +1.19e-01 ,  +7.48e+00 ,  -6.67e+02 ,  -1.55e+04 ,  +3.38e+06 , 
 0.1750 ,  +0.57125 ,  +0.00e+00 ,  -7.74e-01 ,  +6.29e-02 ,  +2.70e+00 ,  +6.14e+02 ,  +2.21e+04 ,  -2.40e+06 , 
 0.0200 ,  +0.06300 ,  +0.00e+00 ,  -7.83e-01 ,  -1.39e-01 ,  +1.05e+01 ,  -6.92e+02 ,  +1.92e+04 ,  +3.03e+06 , 
 0.0100 ,  +0.02679 ,  +0.00e+00 ,  -6.58e-01 ,  -4.59e-01 ,  +1.84e+01 ,  -9.12e+02 ,  +2.13e+04 ,  +2.64e+06 , 
 0.0150 ,  +0.02792 ,  +0.00e+00 ,  -3.40e-01 ,  -2.42e+00 ,  +2.19e+01 ,  -9.68e+02 ,  +1.66e+04 ,  +2.70e+06 , 
 0.0200 ,  +0.01938 ,  +0.00e+00 ,  -1.01e-01 ,  -2.11e+00 ,  +1.14e+01 ,  -3.77e+02 ,  +3.99e+03 ,  +1.08e+06 , 
 0.0300 ,  +0.01159 ,  +0.00e+00 ,  -2.27e-02 ,  -8.64e-01 ,  +4.15e+00 ,  -3.05e+01 ,  -2.12e+03 ,  +1.19e+05 , 
 0.0320 ,  +0.00435 ,  +0.00e+00 ,  -4.39e-03 ,  -2.54e-01 ,  +8.52e-01 ,  -4.32e+00 ,  -2.02e+02 ,  +4.07e+04 , 
 0.0325 ,  +0.00333 ,  -7.26e-04 ,  -1.10e-03 ,  -1.26e-01 ,  -2.50e-01 ,  -7.30e+01 ,  +9.21e+02 ,  +4.44e+05 , 
