--- model polynom_b (rz > 0). units: [m] for length, [rad] for angle and [m^(n-1)] for polynom_b ---
 len[m]    angle[deg]  PolyB(n=0)   PolyB(n=1)   PolyB(n=2)   PolyB(n=3)   PolyB(n=4)   PolyB(n=5)   PolyB(n=6)   
 0.1250 ,  +0.40643 ,  +0.00e+00 ,  -7.75e-01 ,  -2.36e-02 ,  +3.13e+00 ,  +8.14e+01 ,  -1.59e+03 ,  +1.31e+06 , 
 0.0550 ,  +0.17965 ,  +0.00e+00 ,  -7.73e-01 ,  -5.92e-02 ,  +2.66e+00 ,  +4.57e+02 ,  -4.86e+03 ,  -5.10e+05 , 
 0.0100 ,  +0.03260 ,  +0.00e+00 ,  -7.68e-01 ,  -1.13e-01 ,  +1.19e+00 ,  +7.19e+02 ,  +4.47e+03 ,  -2.06e+06 , 
 0.0050 ,  +0.01625 ,  +0.00e+00 ,  -7.61e-01 ,  -1.72e-01 ,  -3.42e-01 ,  +8.64e+02 ,  +1.00e+04 ,  -2.87e+06 , 
 0.0050 ,  +0.01620 ,  +0.00e+00 ,  -7.53e-01 ,  -2.88e-01 ,  +1.19e+00 ,  +6.08e+02 ,  +1.88e+03 ,  -1.84e+06 , 
 0.0050 ,  +0.01619 ,  +0.00e+00 ,  -7.49e-01 ,  -3.96e-01 ,  +1.44e+00 ,  +9.78e+02 ,  +6.16e+03 ,  -3.74e+06 , 
 0.0050 ,  +0.01622 ,  +0.00e+00 ,  -7.54e-01 ,  -3.18e-01 ,  -2.74e-01 ,  +9.63e+02 ,  +1.58e+04 ,  -3.56e+06 , 
 0.0100 ,  +0.03262 ,  +0.00e+00 ,  -7.65e-01 ,  -1.59e-01 ,  -1.26e-01 ,  +8.15e+02 ,  +1.31e+04 ,  -2.62e+06 , 
 0.0100 ,  +0.03276 ,  +0.00e+00 ,  -7.71e-01 ,  -9.95e-02 ,  +1.58e+00 ,  +5.23e+02 ,  +5.06e+03 ,  -1.31e+06 , 
 0.1750 ,  +0.57165 ,  +0.00e+00 ,  -7.74e-01 ,  +8.49e-03 ,  +1.29e+00 ,  +5.30e+02 ,  +1.15e+04 ,  -1.70e+06 , 
 0.1750 ,  +0.57099 ,  +0.00e+00 ,  -7.73e-01 ,  +3.42e-02 ,  +6.09e-01 ,  +5.56e+02 ,  +2.39e+04 ,  -1.78e+06 , 
 0.0200 ,  +0.06297 ,  +0.00e+00 ,  -7.82e-01 ,  -1.88e-01 ,  +7.15e+00 ,  -2.37e+02 ,  +2.56e+04 ,  +1.09e+06 , 
 0.0100 ,  +0.02682 ,  +0.00e+00 ,  -6.59e-01 ,  -4.97e-01 ,  +1.59e+01 ,  -4.33e+02 ,  +2.77e+04 ,  +2.55e+05 , 
 0.0150 ,  +0.02800 ,  +0.00e+00 ,  -3.43e-01 ,  -2.48e+00 ,  +2.06e+01 ,  -1.80e+02 ,  +2.14e+04 ,  -1.14e+06 , 
 0.0200 ,  +0.01945 ,  +0.00e+00 ,  -1.02e-01 ,  -2.14e+00 ,  +1.08e+01 ,  +1.17e+01 ,  +7.27e+03 ,  -9.02e+05 , 
 0.0300 ,  +0.01164 ,  +0.00e+00 ,  -2.31e-02 ,  -8.76e-01 ,  +3.85e+00 ,  +8.86e+01 ,  -7.24e+01 ,  -4.32e+05 , 
 0.0320 ,  +0.00438 ,  +0.00e+00 ,  -4.47e-03 ,  -2.61e-01 ,  +8.99e-01 ,  +8.24e+01 ,  -4.41e+02 ,  -2.85e+05 , 
 0.0325 ,  +0.00338 ,  -1.21e-03 ,  -1.23e-03 ,  -1.36e-01 ,  -1.19e+00 ,  +7.70e+01 ,  +6.94e+03 ,  -1.98e+05 , 
