--- model polynom_b (rz < 0). units: [m] for length, [rad] for angle and [m^(n-1)] for polynom_b ---
 len[m]     angle[deg]     PolyB(n=0)     PolyB(n=1)     PolyB(n=2)     PolyB(n=3)     PolyB(n=4)     PolyB(n=5)     PolyB(n=6)    
 0.1250 ,  +0.40656346 ,  -6.7580e-05 ,  -7.7511e-01 ,  -3.1481e-02 ,  +4.5036e+00 ,  +7.2621e+02 ,  -2.7001e+04 ,  -2.6504e+06 , 
 0.0550 ,  +0.17996464 ,  -1.5156e-04 ,  -7.7319e-01 ,  -4.2163e-02 ,  -3.7473e-01 ,  +7.0309e+02 ,  -3.5972e+03 ,  -3.1992e+06 , 
 0.0100 ,  +0.03293975 ,  -6.8258e-04 ,  -7.6813e-01 ,  -7.6137e-02 ,  -3.1281e+00 ,  +7.6191e+02 ,  +1.5146e+04 ,  -3.9042e+06 , 
 0.0050 ,  +0.01656680 ,  -1.2899e-03 ,  -7.5895e-01 ,  -1.4407e-01 ,  -4.7317e+00 ,  +8.2423e+02 ,  +2.1043e+04 ,  -4.3469e+06 , 
 0.0050 ,  +0.01651365 ,  -1.3180e-03 ,  -7.4879e-01 ,  -2.9736e-01 ,  -4.8673e+00 ,  +7.0495e+02 ,  +2.5272e+04 ,  -3.9551e+06 , 
 0.0050 ,  +0.01649154 ,  -1.3198e-03 ,  -7.4409e-01 ,  -3.9467e-01 ,  -3.3986e+00 ,  +6.9605e+02 ,  +2.2337e+04 ,  -3.9797e+06 , 
 0.0050 ,  +0.01650144 ,  -1.2199e-03 ,  -7.5021e-01 ,  -2.8970e-01 ,  -3.3389e+00 ,  +8.1879e+02 ,  +1.8027e+04 ,  -4.2541e+06 , 
 0.0100 ,  +0.03287860 ,  -6.5293e-04 ,  -7.6389e-01 ,  -9.5635e-02 ,  -3.5929e+00 ,  +7.0285e+02 ,  +1.9501e+04 ,  -3.7809e+06 , 
 0.0100 ,  +0.03298718 ,  -5.6323e-04 ,  -7.7080e-01 ,  -8.8430e-02 ,  -3.5146e+00 ,  +1.0084e+03 ,  +2.1018e+04 ,  -4.8963e+06 , 
 0.1750 ,  +0.57105325 ,  -5.0548e-05 ,  -7.7394e-01 ,  +3.8237e-02 ,  -5.1922e+00 ,  +4.5351e+02 ,  +4.4066e+04 ,  -2.4393e+06 , 
 0.1750 ,  +0.57056492 ,  -4.3410e-05 ,  -7.7366e-01 ,  +1.3392e-01 ,  +5.7305e+00 ,  -1.1110e+03 ,  +2.5344e+03 ,  +4.8218e+06 , 
 0.0200 ,  +0.06295733 ,  -3.0209e-04 ,  -7.8070e-01 ,  -1.8680e-01 ,  +1.5751e+01 ,  -4.2592e+00 ,  -1.4387e+04 ,  -6.6333e+04 , 
 0.0100 ,  +0.02639409 ,  -1.2671e-04 ,  -6.4119e-01 ,  -6.2326e-01 ,  +2.0761e+01 ,  -2.2301e+02 ,  +4.7278e+03 ,  -3.7246e+05 , 
 0.0150 ,  +0.02756609 ,  -5.0242e-04 ,  -3.2250e-01 ,  -2.5541e+00 ,  +2.1414e+01 ,  -5.5832e+01 ,  +1.2545e+04 ,  -1.0777e+06 , 
 0.0200 ,  +0.01913081 ,  -3.1183e-04 ,  -9.5558e-02 ,  -2.0934e+00 ,  +1.0336e+01 ,  +1.8239e+01 ,  +5.5459e+03 ,  -4.4339e+05 , 
 0.0300 ,  +0.01151016 ,  -1.6826e-04 ,  -2.1894e-02 ,  -8.4323e-01 ,  +3.1621e+00 ,  +1.4392e+01 ,  +2.0055e+03 ,  +3.5862e+04 , 
 0.0320 ,  +0.00439865 ,  -1.0687e-04 ,  -4.2287e-03 ,  -2.4646e-01 ,  +6.7333e-01 ,  +2.0124e+01 ,  +4.8773e+02 ,  -3.0331e+04 , 
 0.0325 ,  +0.00321764 ,  -1.1495e-05 ,  -1.0791e-03 ,  -1.2403e-01 ,  +6.7661e-01 ,  +5.1340e+01 ,  -1.6745e+03 ,  -3.3339e+05 , 
