--- model polynom_b (rz < 0). units: [m] for length, [rad] for angle and [m^(n-1)] for polynom_b ---
 len[m]    angle[deg]  PolyB(n=0)   PolyB(n=1)   PolyB(n=2)   PolyB(n=3)   PolyB(n=4)   PolyB(n=5)   PolyB(n=6)   
 0.1250 ,  +0.40602 ,  +0.00e+00 ,  -7.75e-01 ,  -3.24e-03 ,  +2.90e+00 ,  +5.53e+02 ,  -3.27e+03 ,  -1.22e+06 , 
 0.0550 ,  +0.17956 ,  +0.00e+00 ,  -7.73e-01 ,  -1.90e-02 ,  +2.07e+00 ,  +3.88e+02 ,  -5.26e+02 ,  -3.95e+05 , 
 0.0100 ,  +0.03260 ,  +0.00e+00 ,  -7.69e-01 ,  -4.27e-02 ,  +2.06e+00 ,  +1.62e+02 ,  +1.52e+03 ,  +2.49e+05 , 
 0.0050 ,  +0.01624 ,  +0.00e+00 ,  -7.62e-01 ,  -8.14e-02 ,  +1.06e+00 ,  +1.49e+02 ,  +4.42e+03 ,  +6.10e+04 , 
 0.0050 ,  +0.01620 ,  +0.00e+00 ,  -7.54e-01 ,  -2.03e-01 ,  -2.69e-01 ,  +3.31e+02 ,  +9.02e+03 ,  -7.18e+05 , 
 0.0050 ,  +0.01618 ,  +0.00e+00 ,  -7.49e-01 ,  -3.11e-01 ,  -6.90e-01 ,  +3.80e+02 ,  +1.20e+04 ,  -8.89e+05 , 
 0.0050 ,  +0.01620 ,  +0.00e+00 ,  -7.53e-01 ,  -2.67e-01 ,  +4.39e-01 ,  +5.74e+02 ,  +7.23e+03 ,  -1.73e+06 , 
 0.0100 ,  +0.03257 ,  +0.00e+00 ,  -7.64e-01 ,  -9.22e-02 ,  +2.81e-01 ,  +2.68e+02 ,  +9.17e+03 ,  -4.60e+05 , 
 0.0100 ,  +0.03272 ,  +0.00e+00 ,  -7.71e-01 ,  -6.10e-02 ,  +2.54e+00 ,  +4.69e+02 ,  -7.50e+02 ,  -1.40e+06 , 
 0.1750 ,  +0.57119 ,  +0.00e+00 ,  -7.74e-01 ,  +1.85e-02 ,  -3.52e-02 ,  +1.05e+03 ,  +2.01e+04 ,  -4.35e+06 , 
 0.1750 ,  +0.57039 ,  +0.00e+00 ,  -7.73e-01 ,  +1.58e-01 ,  +3.12e+00 ,  -8.63e+02 ,  +1.85e+04 ,  +3.88e+06 , 
 0.0200 ,  +0.06312 ,  +0.00e+00 ,  -7.84e-01 ,  -1.86e-01 ,  +1.90e+01 ,  -3.58e+02 ,  -3.28e+04 ,  +1.81e+06 , 
 0.0100 ,  +0.02717 ,  +0.00e+00 ,  -6.77e-01 ,  -3.99e-01 ,  +2.35e+01 ,  -3.08e+02 ,  -1.25e+04 ,  +1.67e+05 , 
 0.0150 ,  +0.02858 ,  +0.00e+00 ,  -3.61e-01 ,  -2.41e+00 ,  +2.61e+01 ,  -4.15e+01 ,  -6.22e+03 ,  -1.17e+06 , 
 0.0200 ,  +0.01976 ,  +0.00e+00 ,  -1.07e-01 ,  -2.19e+00 ,  +1.44e+01 ,  +5.68e+01 ,  -9.65e+03 ,  -7.68e+05 , 
 0.0300 ,  +0.01181 ,  +0.00e+00 ,  -2.38e-02 ,  -8.99e-01 ,  +4.57e+00 ,  +1.66e+02 ,  -3.55e+03 ,  -6.91e+05 , 
 0.0320 ,  +0.00448 ,  +0.00e+00 ,  -4.54e-03 ,  -2.69e-01 ,  +8.24e-01 ,  +1.01e+02 ,  +1.12e+02 ,  -3.82e+05 , 
 0.0325 ,  +0.00341 ,  +1.43e-04 ,  -1.21e-03 ,  -1.34e-01 ,  +9.07e-01 ,  -1.97e+01 ,  -2.61e+03 ,  +1.35e+05 , 
