--- model polynom_b (rz > 0). units: [m] for length, [rad] for angle and [m^(n-1)] for polynom_b ---
 len[m]    angle[deg]  PolyB(n=0)   PolyB(n=1)   PolyB(n=2)   PolyB(n=3)   PolyB(n=4)   PolyB(n=5)   PolyB(n=6)   
 0.1250 ,  +0.40674 ,  +0.00e+00 ,  -7.74e-01 ,  -1.28e-03 ,  -5.40e+00 ,  -8.81e+00 ,  +4.15e+04 ,  +1.81e+06 , 
 0.0550 ,  +0.17989 ,  +0.00e+00 ,  -7.73e-01 ,  +6.58e-03 ,  -7.17e+00 ,  -2.86e+02 ,  +4.78e+04 ,  +2.61e+06 , 
 0.0100 ,  +0.03265 ,  +0.00e+00 ,  -7.69e-01 ,  +2.33e-03 ,  -5.25e+00 ,  -6.91e+02 ,  +3.95e+04 ,  +3.87e+06 , 
 0.0050 ,  +0.01627 ,  +0.00e+00 ,  -7.62e-01 ,  -4.62e-02 ,  -5.93e+00 ,  -7.85e+02 ,  +3.82e+04 ,  +4.33e+06 , 
 0.0050 ,  +0.01623 ,  +0.00e+00 ,  -7.54e-01 ,  -1.69e-01 ,  -5.12e+00 ,  -7.59e+02 ,  +3.31e+04 ,  +4.20e+06 , 
 0.0050 ,  +0.01621 ,  +0.00e+00 ,  -7.51e-01 ,  -2.27e-01 ,  -5.19e+00 ,  -8.64e+02 ,  +3.79e+04 ,  +4.31e+06 , 
 0.0050 ,  +0.01624 ,  +0.00e+00 ,  -7.56e-01 ,  -1.40e-01 ,  -6.56e+00 ,  -7.04e+02 ,  +4.41e+04 ,  +3.42e+06 , 
 0.0100 ,  +0.03265 ,  +0.00e+00 ,  -7.67e-01 ,  +6.08e-03 ,  -4.97e+00 ,  -9.26e+02 ,  +3.68e+04 ,  +4.80e+06 , 
 0.0100 ,  +0.03278 ,  +0.00e+00 ,  -7.72e-01 ,  +2.33e-02 ,  -3.73e+00 ,  -7.83e+02 ,  +3.27e+04 ,  +4.20e+06 , 
 0.1750 ,  +0.57158 ,  +0.00e+00 ,  -7.74e-01 ,  +1.11e-01 ,  -1.47e+00 ,  -3.80e+02 ,  +2.59e+04 ,  +1.72e+06 , 
 0.1750 ,  +0.57139 ,  +0.00e+00 ,  -7.73e-01 ,  +1.15e-01 ,  +6.86e+00 ,  -2.24e+01 ,  -4.70e+03 ,  +6.33e+05 , 
 0.0200 ,  +0.06303 ,  +0.00e+00 ,  -7.86e-01 ,  -9.50e-02 ,  +9.93e+00 ,  +2.88e+02 ,  +1.30e+04 ,  -7.55e+05 , 
 0.0100 ,  +0.02667 ,  +0.00e+00 ,  -6.55e-01 ,  -3.92e-01 ,  +1.53e+01 ,  -1.29e+02 ,  +2.04e+04 ,  -5.48e+05 , 
 0.0150 ,  +0.02767 ,  +0.00e+00 ,  -3.36e-01 ,  -2.41e+00 ,  +1.98e+01 ,  -2.39e+02 ,  +2.04e+04 ,  -1.14e+05 , 
 0.0200 ,  +0.01914 ,  +0.00e+00 ,  -9.96e-02 ,  -2.08e+00 ,  +1.01e+01 ,  -2.08e+02 ,  +1.27e+04 ,  +5.53e+05 , 
 0.0300 ,  +0.01142 ,  +0.00e+00 ,  -2.23e-02 ,  -8.51e-01 ,  +3.47e+00 ,  -6.73e+01 ,  +1.75e+03 ,  +3.97e+05 , 
 0.0320 ,  +0.00430 ,  +0.00e+00 ,  -4.22e-03 ,  -2.48e-01 ,  +8.00e-01 ,  -4.48e+01 ,  -4.84e+02 ,  +2.31e+05 , 
 0.0325 ,  +0.00334 ,  -2.24e-03 ,  -1.31e-03 ,  -1.23e-01 ,  +1.63e+00 ,  -7.42e+00 ,  -5.97e+03 ,  -4.88e+04 , 
