--- model polynom_b (rz < 0). units: [m] for length, [rad] for angle and [m^(n-1)] for polynom_b ---
 len[m]    angle[deg]  PolyB(n=0)   PolyB(n=1)   PolyB(n=2)   PolyB(n=3)   PolyB(n=4)   PolyB(n=5)   PolyB(n=6)   
 0.1250 ,  +0.40627 ,  +0.00e+00 ,  -7.77e-01 ,  +4.61e-02 ,  +5.17e+00 ,  -5.36e+02 ,  -1.68e+03 ,  +2.73e+06 , 
 0.0550 ,  +0.17965 ,  +0.00e+00 ,  -7.75e-01 ,  +2.19e-02 ,  +3.46e+00 ,  -5.70e+02 ,  +4.07e+03 ,  +3.01e+06 , 
 0.0100 ,  +0.03260 ,  +0.00e+00 ,  -7.70e-01 ,  +2.32e-02 ,  +1.50e+00 ,  -1.20e+03 ,  +1.30e+04 ,  +5.59e+06 , 
 0.0050 ,  +0.01624 ,  +0.00e+00 ,  -7.63e-01 ,  -2.33e-02 ,  +1.70e+00 ,  -1.15e+03 ,  +8.14e+03 ,  +5.14e+06 , 
 0.0050 ,  +0.01619 ,  +0.00e+00 ,  -7.55e-01 ,  -1.31e-01 ,  +2.28e+00 ,  -1.43e+03 ,  +3.73e+03 ,  +6.31e+06 , 
 0.0050 ,  +0.01617 ,  +0.00e+00 ,  -7.50e-01 ,  -2.68e-01 ,  +1.83e+00 ,  -7.60e+02 ,  +9.80e+03 ,  +3.39e+06 , 
 0.0050 ,  +0.01620 ,  +0.00e+00 ,  -7.54e-01 ,  -1.60e-01 ,  +1.13e+00 ,  -1.24e+03 ,  +1.19e+04 ,  +5.29e+06 , 
 0.0100 ,  +0.03258 ,  +0.00e+00 ,  -7.66e-01 ,  -6.82e-04 ,  +1.64e-01 ,  -1.34e+03 ,  +1.55e+04 ,  +6.19e+06 , 
 0.0100 ,  +0.03273 ,  +0.00e+00 ,  -7.73e-01 ,  +2.25e-02 ,  +5.86e-01 ,  -1.16e+03 ,  +1.71e+04 ,  +5.62e+06 , 
 0.1750 ,  +0.57125 ,  +0.00e+00 ,  -7.75e-01 ,  +6.78e-02 ,  +7.52e+00 ,  -5.59e+02 ,  -1.81e+04 ,  +3.53e+06 , 
 0.1750 ,  +0.57061 ,  +0.00e+00 ,  -7.74e-01 ,  +2.19e-02 ,  +1.53e+00 ,  +9.68e+02 ,  +2.31e+04 ,  -4.01e+06 , 
 0.0200 ,  +0.06311 ,  +0.00e+00 ,  -7.86e-01 ,  -9.07e-02 ,  +3.96e+00 ,  -1.28e+03 ,  +4.58e+04 ,  +5.56e+06 , 
 0.0100 ,  +0.02706 ,  +0.00e+00 ,  -6.72e-01 ,  -3.07e-01 ,  +1.32e+01 ,  -1.79e+03 ,  +3.58e+04 ,  +7.18e+06 , 
 0.0150 ,  +0.02839 ,  +0.00e+00 ,  -3.55e-01 ,  -2.35e+00 ,  +1.87e+01 ,  -1.26e+03 ,  +3.05e+04 ,  +4.26e+06 , 
 0.0200 ,  +0.01967 ,  +0.00e+00 ,  -1.06e-01 ,  -2.13e+00 ,  +1.08e+01 ,  -6.45e+02 ,  +9.46e+03 ,  +2.36e+06 , 
 0.0300 ,  +0.01171 ,  +0.00e+00 ,  -2.40e-02 ,  -8.72e-01 ,  +4.18e+00 ,  -2.10e+02 ,  -2.10e+03 ,  +9.62e+05 , 
 0.0320 ,  +0.00440 ,  +0.00e+00 ,  -4.59e-03 ,  -2.57e-01 ,  +1.17e+00 ,  -4.21e+01 ,  -2.18e+03 ,  +2.30e+05 , 
 0.0325 ,  +0.00337 ,  -1.76e-04 ,  -1.12e-03 ,  -1.31e-01 ,  -6.10e-01 ,  +7.90e+01 ,  +3.76e+03 ,  -3.68e+05 , 
