--- model polynom_b (rz > 0). units: [m] for length, [rad] for angle and [m^(n-1)] for polynom_b ---
 len[m]    angle[deg]  PolyB(n=0)   PolyB(n=1)   PolyB(n=2)   PolyB(n=3)   PolyB(n=4)   PolyB(n=5)   PolyB(n=6)   
 0.1250 ,  +0.40567 ,  +0.00e+00 ,  -7.74e-01 ,  -7.88e-03 ,  -9.01e+00 ,  +2.19e+02 ,  +5.76e+04 ,  +5.42e+05 , 
 0.0550 ,  +0.17942 ,  +0.00e+00 ,  -7.73e-01 ,  +1.09e-03 ,  -7.42e+00 ,  -1.92e+02 ,  +4.42e+04 ,  +2.26e+06 , 
 0.0100 ,  +0.03258 ,  +0.00e+00 ,  -7.70e-01 ,  -1.71e-02 ,  -8.71e+00 ,  -2.41e+02 ,  +5.37e+04 ,  +2.00e+06 , 
 0.0050 ,  +0.01623 ,  +0.00e+00 ,  -7.63e-01 ,  -3.65e-02 ,  -7.17e+00 ,  -5.07e+02 ,  +4.06e+04 ,  +2.96e+06 , 
 0.0050 ,  +0.01618 ,  +0.00e+00 ,  -7.55e-01 ,  -1.50e-01 ,  -6.89e+00 ,  -6.29e+02 ,  +4.04e+04 ,  +3.54e+06 , 
 0.0050 ,  +0.01615 ,  +0.00e+00 ,  -7.49e-01 ,  -2.75e-01 ,  -6.64e+00 ,  -4.60e+02 ,  +4.33e+04 ,  +2.65e+06 , 
 0.0050 ,  +0.01617 ,  +0.00e+00 ,  -7.52e-01 ,  -2.38e-01 ,  -8.01e+00 ,  -1.10e+02 ,  +4.83e+04 ,  +1.23e+06 , 
 0.0100 ,  +0.03252 ,  +0.00e+00 ,  -7.64e-01 ,  -5.71e-02 ,  -5.66e+00 ,  -3.60e+02 ,  +3.63e+04 ,  +2.51e+06 , 
 0.0100 ,  +0.03269 ,  +0.00e+00 ,  -7.72e-01 ,  -2.96e-02 ,  -4.90e+00 ,  -9.91e+01 ,  +3.78e+04 ,  +1.24e+06 , 
 0.1750 ,  +0.57059 ,  +0.00e+00 ,  -7.74e-01 ,  +1.13e-01 ,  -1.95e+00 ,  -7.99e+02 ,  +2.49e+04 ,  +3.63e+06 , 
 0.1750 ,  +0.57016 ,  +0.00e+00 ,  -7.74e-01 ,  +1.08e-01 ,  +9.35e+00 ,  -1.71e+02 ,  -1.32e+04 ,  +5.62e+05 , 
 0.0200 ,  +0.06325 ,  +0.00e+00 ,  -7.87e-01 ,  -1.45e-01 ,  +1.52e+01 ,  -1.49e+01 ,  -1.61e+04 ,  +1.37e+06 , 
 0.0100 ,  +0.02737 ,  +0.00e+00 ,  -6.84e-01 ,  -2.82e-01 ,  +2.01e+01 ,  +4.99e+02 ,  -1.08e+04 ,  -2.01e+06 , 
 0.0150 ,  +0.02903 ,  +0.00e+00 ,  -3.69e-01 ,  -2.32e+00 ,  +2.13e+01 ,  +3.41e+01 ,  +1.06e+04 ,  -7.55e+05 , 
 0.0200 ,  +0.02028 ,  +0.00e+00 ,  -1.11e-01 ,  -2.21e+00 ,  +1.07e+01 ,  +1.20e+02 ,  +9.60e+03 ,  -7.74e+05 , 
 0.0300 ,  +0.01206 ,  +0.00e+00 ,  -2.50e-02 ,  -9.13e-01 ,  +3.30e+00 ,  +7.06e+01 ,  +3.25e+03 ,  -2.26e+05 , 
 0.0320 ,  +0.00446 ,  +0.00e+00 ,  -4.74e-03 ,  -2.63e-01 ,  +8.01e-01 ,  -3.12e+01 ,  +2.63e+01 ,  +2.02e+05 , 
 0.0325 ,  +0.00339 ,  +4.91e-04 ,  -1.36e-03 ,  -1.28e-01 ,  +1.42e+00 ,  -2.13e+01 ,  -6.72e+03 ,  +1.13e+05 , 
