--- model polynom_b (rz < 0). units: [m] for length, [rad] for angle and [m^(n-1)] for polynom_b ---
 len[m]     angle[deg]     PolyB(n=0)     PolyB(n=1)     PolyB(n=2)     PolyB(n=3)     PolyB(n=4)     PolyB(n=5)     PolyB(n=6)    
 0.1250 ,  +0.40656346 ,  -3.0688e-05 ,  -7.7547e-01 ,  -2.3435e-02 ,  +3.1710e+00 ,  +9.4126e+02 ,  -6.6017e+02 ,  -3.1400e+06 , 
 0.0550 ,  +0.17996464 ,  -9.9762e-05 ,  -7.7377e-01 ,  -7.8403e-02 ,  +7.3720e-02 ,  +1.2121e+03 ,  +1.6075e+04 ,  -4.0457e+06 , 
 0.0100 ,  +0.03293975 ,  -5.8678e-04 ,  -7.6918e-01 ,  -1.1383e-01 ,  -2.1205e+00 ,  +1.0726e+03 ,  +2.7242e+04 ,  -3.6784e+06 , 
 0.0050 ,  +0.01656680 ,  -1.1334e-03 ,  -7.6220e-01 ,  -1.5200e-01 ,  -2.8614e+00 ,  +1.0642e+03 ,  +2.7964e+04 ,  -4.0684e+06 , 
 0.0050 ,  +0.01651365 ,  -1.1168e-03 ,  -7.5421e-01 ,  -2.5371e-01 ,  -4.6140e+00 ,  +7.8352e+02 ,  +3.9111e+04 ,  -2.9762e+06 , 
 0.0050 ,  +0.01649154 ,  -1.1082e-03 ,  -7.5023e-01 ,  -3.2871e-01 ,  -2.9084e+00 ,  +7.1812e+02 ,  +3.4927e+04 ,  -2.8129e+06 , 
 0.0050 ,  +0.01650144 ,  -1.0436e-03 ,  -7.5454e-01 ,  -2.5923e-01 ,  -4.1195e+00 ,  +8.3821e+02 ,  +3.6401e+04 ,  -3.0682e+06 , 
 0.0100 ,  +0.03287860 ,  -5.5049e-04 ,  -7.6527e-01 ,  -1.1367e-01 ,  -2.5857e+00 ,  +7.8119e+02 ,  +2.9380e+04 ,  -2.8069e+06 , 
 0.0100 ,  +0.03298718 ,  -5.0716e-04 ,  -7.7127e-01 ,  -9.4290e-02 ,  -2.2584e+00 ,  +9.4569e+02 ,  +3.0699e+04 ,  -3.2808e+06 , 
 0.1750 ,  +0.57105325 ,  -1.1582e-05 ,  -7.7434e-01 ,  +4.0288e-02 ,  -2.7114e+00 ,  +6.0030e+02 ,  +3.8646e+04 ,  -2.4371e+06 , 
 0.1750 ,  +0.57056492 ,  +2.6012e-06 ,  -7.7379e-01 ,  +1.3780e-01 ,  +4.1105e+00 ,  -7.1356e+02 ,  +7.4936e+03 ,  +3.3638e+06 , 
 0.0200 ,  +0.06295733 ,  -2.6450e-04 ,  -7.8144e-01 ,  -1.3930e-01 ,  +1.2712e+01 ,  -2.8213e+02 ,  +5.6290e+03 ,  +4.6590e+05 , 
 0.0100 ,  +0.02639409 ,  -2.1072e-04 ,  -6.3914e-01 ,  -6.1132e-01 ,  +2.0830e+01 ,  -3.9379e+02 ,  +1.2060e+04 ,  -5.3277e+05 , 
 0.0150 ,  +0.02756609 ,  -6.5642e-04 ,  -3.1983e-01 ,  -2.5234e+00 ,  +2.3209e+01 ,  -4.0297e+02 ,  +9.0469e+03 ,  -3.3551e+05 , 
 0.0200 ,  +0.01913081 ,  -4.5075e-04 ,  -9.4250e-02 ,  -2.0613e+00 ,  +1.1849e+01 ,  -8.4476e+01 ,  +1.4593e+03 ,  -4.9424e+05 , 
 0.0300 ,  +0.01151016 ,  -2.2655e-04 ,  -2.1395e-02 ,  -8.3234e-01 ,  +4.2461e+00 ,  +3.0242e+01 ,  -2.5338e+03 ,  -1.9317e+05 , 
 0.0320 ,  +0.00439865 ,  -1.1301e-04 ,  -4.1175e-03 ,  -2.4567e-01 ,  +1.1355e+00 ,  +4.2521e+01 ,  -1.6513e+03 ,  -1.6632e+05 , 
 0.0325 ,  +0.00321764 ,  +9.3510e-06 ,  -1.0166e-03 ,  -1.2725e-01 ,  +1.9484e-01 ,  +7.4118e+01 ,  +9.5900e+02 ,  -2.5378e+05 , 
