--- model polynom_b (rz > 0). units: [m] for length, [rad] for angle and [m^(n-1)] for polynom_b ---
 len[m]    angle[deg]  PolyB(n=0)   PolyB(n=1)   PolyB(n=2)   PolyB(n=3)   PolyB(n=4)   PolyB(n=5)   PolyB(n=6)   
 0.1250 ,  +0.40647 ,  +0.00e+00 ,  -7.76e-01 ,  +4.92e-02 ,  +4.69e+00 ,  -5.62e+02 ,  -5.48e+03 ,  +3.31e+06 , 
 0.0550 ,  +0.17971 ,  +0.00e+00 ,  -7.74e-01 ,  +4.90e-03 ,  +6.40e+00 ,  +1.64e+02 ,  -1.92e+04 ,  +4.07e+04 , 
 0.0100 ,  +0.03261 ,  +0.00e+00 ,  -7.70e-01 ,  -3.76e-02 ,  +7.00e+00 ,  +2.74e+02 ,  -2.14e+04 ,  -6.46e+05 , 
 0.0050 ,  +0.01624 ,  +0.00e+00 ,  -7.62e-01 ,  -1.05e-01 ,  +5.71e+00 ,  +5.09e+02 ,  -1.88e+04 ,  -1.68e+06 , 
 0.0050 ,  +0.01618 ,  +0.00e+00 ,  -7.53e-01 ,  -2.16e-01 ,  +5.47e+00 ,  +3.78e+01 ,  -1.37e+04 ,  +3.31e+05 , 
 0.0050 ,  +0.01616 ,  +0.00e+00 ,  -7.48e-01 ,  -3.25e-01 ,  +6.51e+00 ,  +1.59e+02 ,  -1.48e+04 ,  -3.10e+05 , 
 0.0050 ,  +0.01619 ,  +0.00e+00 ,  -7.52e-01 ,  -2.65e-01 ,  +4.07e+00 ,  +5.76e+02 ,  -6.38e+03 ,  -2.04e+06 , 
 0.0100 ,  +0.03256 ,  +0.00e+00 ,  -7.65e-01 ,  -6.22e-02 ,  +5.57e+00 ,  +8.24e+01 ,  -1.26e+04 ,  +1.76e+05 , 
 0.0100 ,  +0.03272 ,  +0.00e+00 ,  -7.72e-01 ,  -4.44e-02 ,  +7.48e+00 ,  +3.40e+02 ,  -2.12e+04 ,  -6.61e+05 , 
 0.1750 ,  +0.57114 ,  +0.00e+00 ,  -7.74e-01 ,  +4.50e-02 ,  +4.19e+00 ,  +7.47e+02 ,  +4.14e+03 ,  -2.93e+06 , 
 0.1750 ,  +0.57059 ,  +0.00e+00 ,  -7.73e-01 ,  +1.40e-01 ,  +2.90e+00 ,  -4.17e+02 ,  +2.41e+04 ,  +1.81e+06 , 
 0.0200 ,  +0.06310 ,  +0.00e+00 ,  -7.85e-01 ,  -7.51e-02 ,  +1.69e+01 ,  -1.15e+03 ,  -2.18e+04 ,  +5.16e+06 , 
 0.0100 ,  +0.02705 ,  +0.00e+00 ,  -6.71e-01 ,  -3.19e-01 ,  +2.36e+01 ,  -7.87e+02 ,  -1.68e+04 ,  +2.10e+06 , 
 0.0150 ,  +0.02837 ,  +0.00e+00 ,  -3.54e-01 ,  -2.36e+00 ,  +2.53e+01 ,  -4.83e+02 ,  -2.55e+03 ,  +3.60e+05 , 
 0.0200 ,  +0.01964 ,  +0.00e+00 ,  -1.04e-01 ,  -2.14e+00 ,  +1.33e+01 ,  -1.29e+02 ,  -2.17e+03 ,  -1.63e+05 , 
 0.0300 ,  +0.01169 ,  +0.00e+00 ,  -2.30e-02 ,  -8.77e-01 ,  +4.49e+00 ,  +2.26e+01 ,  -2.51e+03 ,  -7.89e+04 , 
 0.0320 ,  +0.00439 ,  +0.00e+00 ,  -4.30e-03 ,  -2.60e-01 ,  +8.11e-01 ,  +2.36e+01 ,  -4.97e+01 ,  -2.63e+04 , 
 0.0325 ,  +0.00339 ,  -2.63e-04 ,  -1.23e-03 ,  -1.16e-01 ,  +6.24e-01 ,  -2.28e+02 ,  -2.52e+03 ,  +9.67e+05 , 
