--- model polynom_b (rz < 0). units: [m] for length, [rad] for angle and [m^(n-1)] for polynom_b ---
 len[m]    angle[deg]  PolyB(n=0)   PolyB(n=1)   PolyB(n=2)   PolyB(n=3)   PolyB(n=4)   PolyB(n=5)   PolyB(n=6)   
 0.1250 ,  +0.40564 ,  +0.00e+00 ,  -7.76e-01 ,  -6.07e-03 ,  +2.35e+00 ,  +3.70e+02 ,  +1.17e+04 ,  -3.00e+05 , 
 0.0550 ,  +0.17937 ,  +0.00e+00 ,  -7.74e-01 ,  +7.11e-03 ,  +1.84e+00 ,  -1.60e+01 ,  +9.98e+03 ,  +1.13e+06 , 
 0.0100 ,  +0.03255 ,  +0.00e+00 ,  -7.70e-01 ,  -3.58e-02 ,  +2.12e+00 ,  +2.81e+02 ,  +8.96e+03 ,  -5.22e+05 , 
 0.0050 ,  +0.01620 ,  +0.00e+00 ,  -7.62e-01 ,  -5.36e-02 ,  +1.68e+00 ,  +1.31e+02 ,  +5.56e+03 ,  -2.85e+05 , 
 0.0050 ,  +0.01614 ,  +0.00e+00 ,  -7.52e-01 ,  -1.89e-01 ,  +1.37e+00 ,  +1.03e+02 ,  +7.37e+03 ,  -2.06e+05 , 
 0.0050 ,  +0.01610 ,  +0.00e+00 ,  -7.45e-01 ,  -3.27e-01 ,  -1.14e+00 ,  +2.88e+01 ,  +2.47e+04 ,  +1.10e+05 , 
 0.0050 ,  +0.01613 ,  +0.00e+00 ,  -7.48e-01 ,  -2.96e-01 ,  +5.88e-01 ,  +3.41e+02 ,  +1.43e+04 ,  -1.10e+06 , 
 0.0100 ,  +0.03246 ,  +0.00e+00 ,  -7.63e-01 ,  -7.51e-02 ,  +2.62e-01 ,  +1.91e+02 ,  +1.31e+04 ,  -4.88e+05 , 
 0.0100 ,  +0.03265 ,  +0.00e+00 ,  -7.72e-01 ,  -3.18e-02 ,  +1.34e+00 ,  +3.19e+02 ,  +1.47e+04 ,  -8.50e+05 , 
 0.1750 ,  +0.57001 ,  +0.00e+00 ,  -7.74e-01 ,  +7.30e-02 ,  +1.43e+00 ,  +1.62e+02 ,  +1.92e+04 ,  -1.59e+05 , 
 0.1750 ,  +0.56915 ,  +0.00e+00 ,  -7.73e-01 ,  +1.33e-01 ,  +6.93e+00 ,  -1.30e+02 ,  -3.59e+03 ,  +9.45e+05 , 
 0.0200 ,  +0.06329 ,  +0.00e+00 ,  -7.86e-01 ,  -1.60e-01 ,  +1.20e+01 ,  +3.05e+02 ,  +1.32e+03 ,  -8.94e+05 , 
 0.0100 ,  +0.02766 ,  +0.00e+00 ,  -6.95e-01 ,  -2.16e-01 ,  +1.81e+01 ,  +3.88e+01 ,  +8.09e+03 ,  -8.53e+05 , 
 0.0150 ,  +0.02962 ,  +0.00e+00 ,  -3.84e-01 ,  -2.26e+00 ,  +2.25e+01 ,  -6.27e+00 ,  +1.56e+04 ,  -1.20e+06 , 
 0.0200 ,  +0.02074 ,  +0.00e+00 ,  -1.14e-01 ,  -2.25e+00 ,  +1.30e+01 ,  +6.89e+01 ,  +6.06e+03 ,  -8.59e+05 , 
 0.0300 ,  +0.01239 ,  +0.00e+00 ,  -2.50e-02 ,  -9.41e-01 ,  +4.34e+00 ,  +1.03e+02 ,  +4.24e+02 ,  -4.37e+05 , 
 0.0320 ,  +0.00462 ,  +0.00e+00 ,  -4.75e-03 ,  -2.76e-01 ,  +9.65e-01 ,  +4.82e+01 ,  -3.26e+02 ,  -1.86e+05 , 
 0.0325 ,  +0.00348 ,  +1.92e-03 ,  -1.21e-03 ,  -1.30e-01 ,  -1.27e-01 ,  -9.68e+01 ,  +1.57e+03 ,  +4.53e+05 , 
