--- model polynom_b (rz < 0). units: [m] for length, [rad] for angle and [m^(n-1)] for polynom_b ---
 len[m]    angle[deg]  PolyB(n=0)   PolyB(n=1)   PolyB(n=2)   PolyB(n=3)   PolyB(n=4)   PolyB(n=5)   PolyB(n=6)   
 0.1250 ,  +0.40563 ,  +0.00e+00 ,  -7.75e-01 ,  +6.57e-02 ,  -6.92e+00 ,  -7.69e+02 ,  +4.37e+04 ,  +3.41e+06 , 
 0.0550 ,  +0.17943 ,  +0.00e+00 ,  -7.74e-01 ,  +7.18e-02 ,  -3.81e+00 ,  -1.16e+03 ,  +2.36e+04 ,  +5.03e+06 , 
 0.0100 ,  +0.03260 ,  +0.00e+00 ,  -7.71e-01 ,  +4.74e-02 ,  -1.65e+00 ,  -1.10e+03 ,  +1.20e+04 ,  +4.49e+06 , 
 0.0050 ,  +0.01625 ,  +0.00e+00 ,  -7.65e-01 ,  +1.85e-02 ,  -2.13e+00 ,  -1.16e+03 ,  +1.14e+04 ,  +4.75e+06 , 
 0.0050 ,  +0.01621 ,  +0.00e+00 ,  -7.58e-01 ,  -7.68e-02 ,  -1.95e+00 ,  -1.04e+03 ,  +1.17e+04 ,  +3.97e+06 , 
 0.0050 ,  +0.01619 ,  +0.00e+00 ,  -7.54e-01 ,  -1.56e-01 ,  -2.79e+00 ,  -1.19e+03 ,  +1.94e+04 ,  +4.61e+06 , 
 0.0050 ,  +0.01621 ,  +0.00e+00 ,  -7.56e-01 ,  -1.17e-01 ,  -2.52e+00 ,  -8.99e+02 ,  +1.43e+04 ,  +3.14e+06 , 
 0.0100 ,  +0.03256 ,  +0.00e+00 ,  -7.66e-01 ,  +1.34e-02 ,  -2.03e+00 ,  -9.90e+02 ,  +1.18e+04 ,  +4.00e+06 , 
 0.0100 ,  +0.03269 ,  +0.00e+00 ,  -7.72e-01 ,  +2.16e-02 ,  +2.23e-01 ,  -6.87e+02 ,  +4.80e+03 ,  +2.88e+06 , 
 0.1750 ,  +0.57074 ,  +0.00e+00 ,  -7.75e-01 ,  +1.10e-01 ,  +6.03e+00 ,  -5.74e+02 ,  -1.66e+04 ,  +2.37e+06 , 
 0.1750 ,  +0.57074 ,  +0.00e+00 ,  -7.74e-01 ,  +8.10e-02 ,  +3.78e+00 ,  +5.35e+02 ,  +1.50e+04 ,  -1.99e+06 , 
 0.0200 ,  +0.06326 ,  +0.00e+00 ,  -7.87e-01 ,  -6.58e-02 ,  +3.04e+00 ,  -4.81e+02 ,  +4.82e+04 ,  +2.27e+06 , 
 0.0100 ,  +0.02722 ,  +0.00e+00 ,  -6.77e-01 ,  -1.96e-01 ,  +1.14e+01 ,  -8.25e+02 ,  +3.76e+04 ,  +2.58e+06 , 
 0.0150 ,  +0.02869 ,  +0.00e+00 ,  -3.60e-01 ,  -2.26e+00 ,  +1.85e+01 ,  -8.40e+02 ,  +2.80e+04 ,  +2.12e+06 , 
 0.0200 ,  +0.02000 ,  +0.00e+00 ,  -1.07e-01 ,  -2.14e+00 ,  +1.15e+01 ,  -4.61e+02 ,  +7.98e+03 ,  +1.31e+06 , 
 0.0300 ,  +0.01195 ,  +0.00e+00 ,  -2.38e-02 ,  -8.82e-01 ,  +3.97e+00 ,  -1.68e+02 ,  +7.26e+02 ,  +6.74e+05 , 
 0.0320 ,  +0.00445 ,  +0.00e+00 ,  -4.48e-03 ,  -2.60e-01 ,  +8.41e-01 ,  -2.81e+01 ,  +2.55e+02 ,  +1.51e+05 , 
 0.0325 ,  +0.00338 ,  +8.38e-04 ,  -1.09e-03 ,  -1.35e-01 ,  +2.92e-01 ,  +4.70e+01 ,  -3.16e+02 ,  -6.50e+04 , 
