--- model polynom_b (rz < 0). units: [m] for length, [rad] for angle and [m^(n-1)] for polynom_b ---
 len[m]    angle[deg]  PolyB(n=0)   PolyB(n=1)   PolyB(n=2)   PolyB(n=3)   PolyB(n=4)   PolyB(n=5)   PolyB(n=6)   
 0.1250 ,  +0.40628 ,  +0.00e+00 ,  -7.75e-01 ,  +1.00e-01 ,  +1.11e+00 ,  -1.23e+03 ,  +4.57e+03 ,  +4.89e+06 , 
 0.0550 ,  +0.17963 ,  +0.00e+00 ,  -7.74e-01 ,  +4.16e-02 ,  +4.71e+00 ,  -7.36e+02 ,  -1.48e+04 ,  +2.93e+06 , 
 0.0100 ,  +0.03258 ,  +0.00e+00 ,  -7.70e-01 ,  +1.81e-02 ,  +5.18e+00 ,  -9.00e+02 ,  -1.53e+04 ,  +3.36e+06 , 
 0.0050 ,  +0.01622 ,  +0.00e+00 ,  -7.61e-01 ,  -3.01e-02 ,  +5.68e+00 ,  -9.52e+02 ,  -2.16e+04 ,  +3.43e+06 , 
 0.0050 ,  +0.01616 ,  +0.00e+00 ,  -7.51e-01 ,  -1.86e-01 ,  +4.07e+00 ,  -9.79e+02 ,  -1.17e+04 ,  +3.64e+06 , 
 0.0050 ,  +0.01613 ,  +0.00e+00 ,  -7.45e-01 ,  -2.84e-01 ,  +4.46e+00 ,  -1.20e+03 ,  -1.10e+04 ,  +4.50e+06 , 
 0.0050 ,  +0.01616 ,  +0.00e+00 ,  -7.50e-01 ,  -2.09e-01 ,  +3.31e+00 ,  -8.15e+02 ,  -7.77e+03 ,  +2.76e+06 , 
 0.0100 ,  +0.03252 ,  +0.00e+00 ,  -7.64e-01 ,  -2.04e-02 ,  +6.05e+00 ,  -8.05e+02 ,  -2.31e+04 ,  +2.94e+06 , 
 0.0100 ,  +0.03269 ,  +0.00e+00 ,  -7.72e-01 ,  -1.06e-02 ,  +7.00e+00 ,  -5.05e+02 ,  -2.44e+04 ,  +2.01e+06 , 
 0.1750 ,  +0.57093 ,  +0.00e+00 ,  -7.75e-01 ,  +4.32e-02 ,  +7.78e+00 ,  +1.14e+02 ,  -2.25e+04 ,  -6.15e+05 , 
 0.1750 ,  +0.57062 ,  +0.00e+00 ,  -7.74e-01 ,  +6.11e-03 ,  +6.91e+00 ,  +8.96e+02 ,  -1.58e+03 ,  -3.52e+06 , 
 0.0200 ,  +0.06309 ,  +0.00e+00 ,  -7.85e-01 ,  -1.68e-01 ,  +7.97e+00 ,  -2.88e+02 ,  +2.06e+04 ,  +2.21e+06 , 
 0.0100 ,  +0.02709 ,  +0.00e+00 ,  -6.72e-01 ,  -3.68e-01 ,  +1.42e+01 ,  -3.75e+02 ,  +2.33e+04 ,  +1.39e+06 , 
 0.0150 ,  +0.02852 ,  +0.00e+00 ,  -3.56e-01 ,  -2.38e+00 ,  +1.86e+01 ,  -4.88e+02 ,  +2.31e+04 ,  +1.41e+06 , 
 0.0200 ,  +0.01990 ,  +0.00e+00 ,  -1.06e-01 ,  -2.17e+00 ,  +9.76e+00 ,  -2.38e+02 ,  +1.02e+04 ,  +7.72e+05 , 
 0.0300 ,  +0.01190 ,  +0.00e+00 ,  -2.40e-02 ,  -8.96e-01 ,  +3.39e+00 ,  -2.15e+01 ,  +8.91e+02 ,  +2.14e+05 , 
 0.0320 ,  +0.00443 ,  +0.00e+00 ,  -4.60e-03 ,  -2.63e-01 ,  +6.56e-01 ,  +2.13e+01 ,  +2.08e+02 ,  -1.77e+04 , 
 0.0325 ,  +0.00335 ,  -1.07e-03 ,  -1.17e-03 ,  -1.27e-01 ,  -7.25e-03 ,  +3.08e+01 ,  +2.81e+02 ,  -2.05e+05 , 
