--- model polynom_b (rz > 0). units: [m] for length, [rad] for angle and [m^(n-1)] for polynom_b ---
 len[m]    angle[deg]  PolyB(n=0)   PolyB(n=1)   PolyB(n=2)   PolyB(n=3)   PolyB(n=4)   PolyB(n=5)   PolyB(n=6)   
 0.1250 ,  +0.40656 ,  +0.00e+00 ,  -7.75e-01 ,  -2.97e-02 ,  -1.86e+00 ,  +6.07e+02 ,  +2.16e+04 ,  -1.47e+06 , 
 0.0550 ,  +0.17976 ,  +0.00e+00 ,  -7.73e-01 ,  -2.35e-02 ,  -4.39e+00 ,  +2.84e+02 ,  +3.55e+04 ,  -4.83e+05 , 
 0.0100 ,  +0.03262 ,  +0.00e+00 ,  -7.68e-01 ,  -3.48e-02 ,  -5.19e+00 ,  -1.23e+02 ,  +4.12e+04 ,  +7.68e+05 , 
 0.0050 ,  +0.01625 ,  +0.00e+00 ,  -7.61e-01 ,  -7.27e-02 ,  -4.91e+00 ,  -3.27e+02 ,  +3.71e+04 ,  +1.57e+06 , 
 0.0050 ,  +0.01620 ,  +0.00e+00 ,  -7.52e-01 ,  -2.10e-01 ,  -6.18e+00 ,  -1.63e+02 ,  +4.35e+04 ,  +8.01e+05 , 
 0.0050 ,  +0.01617 ,  +0.00e+00 ,  -7.48e-01 ,  -2.87e-01 ,  -4.37e+00 ,  -4.49e+02 ,  +3.84e+04 ,  +1.80e+06 , 
 0.0050 ,  +0.01620 ,  +0.00e+00 ,  -7.52e-01 ,  -2.10e-01 ,  -3.48e+00 ,  -4.42e+02 ,  +2.91e+04 ,  +1.96e+06 , 
 0.0100 ,  +0.03257 ,  +0.00e+00 ,  -7.64e-01 ,  -2.30e-02 ,  -2.41e+00 ,  -7.75e+02 ,  +2.18e+04 ,  +3.38e+06 , 
 0.0100 ,  +0.03272 ,  +0.00e+00 ,  -7.70e-01 ,  +1.67e-02 ,  -2.13e+00 ,  -8.33e+02 ,  +2.28e+04 ,  +3.64e+06 , 
 0.1750 ,  +0.57129 ,  +0.00e+00 ,  -7.74e-01 ,  +8.39e-02 ,  +4.19e+00 ,  -3.64e+02 ,  -5.47e+03 ,  +2.17e+06 , 
 0.1750 ,  +0.57050 ,  +0.00e+00 ,  -7.73e-01 ,  +9.22e-02 ,  +5.10e+00 ,  +2.61e+02 ,  +7.97e+02 ,  -1.12e+06 , 
 0.0200 ,  +0.06297 ,  +0.00e+00 ,  -7.82e-01 ,  -1.55e-01 ,  +1.51e+01 ,  -2.77e+01 ,  -8.20e+03 ,  +2.03e+04 , 
 0.0100 ,  +0.02696 ,  +0.00e+00 ,  -6.66e-01 ,  -3.93e-01 ,  +2.16e+01 ,  -2.96e+02 ,  +1.77e+03 ,  -1.05e+05 , 
 0.0150 ,  +0.02830 ,  +0.00e+00 ,  -3.51e-01 ,  -2.39e+00 ,  +2.31e+01 ,  -2.19e+02 ,  +1.25e+04 ,  -5.83e+05 , 
 0.0200 ,  +0.01967 ,  +0.00e+00 ,  -1.05e-01 ,  -2.14e+00 ,  +1.26e+01 ,  -1.55e+02 ,  +3.06e+03 ,  +1.02e+05 , 
 0.0300 ,  +0.01172 ,  +0.00e+00 ,  -2.38e-02 ,  -8.71e-01 ,  +4.08e+00 ,  -1.06e+02 ,  -1.11e+01 ,  +4.71e+05 , 
 0.0320 ,  +0.00439 ,  +0.00e+00 ,  -4.63e-03 ,  -2.57e-01 ,  +9.67e-01 ,  -8.74e+00 ,  -8.93e+02 ,  +1.13e+05 , 
 0.0325 ,  +0.00335 ,  -1.31e-03 ,  -1.38e-03 ,  -1.33e-01 ,  +2.83e-01 ,  +5.24e+01 ,  -1.84e+02 ,  -2.00e+05 , 
