--- model polynom_b (rz < 0). units: [m] for length, [rad] for angle and [m^(n-1)] for polynom_b ---
 len[m]     angle[deg]     PolyB(n=0)     PolyB(n=1)     PolyB(n=2)     PolyB(n=3)     PolyB(n=4)     PolyB(n=5)     PolyB(n=6)    
 0.1250 ,  +0.40656346 ,  -4.5688e-05 ,  -7.7514e-01 ,  +4.4921e-02 ,  +1.8565e-01 ,  -1.1125e+01 ,  +1.5718e+04 ,  +4.8534e+04 , 
 0.0550 ,  +0.17996464 ,  -1.0717e-04 ,  -7.7398e-01 ,  +4.5883e-02 ,  +1.5564e+00 ,  -3.8347e+02 ,  +3.9168e+03 ,  +1.7030e+06 , 
 0.0100 ,  +0.03293975 ,  -6.0433e-04 ,  -7.6947e-01 ,  -2.3948e-03 ,  +2.5680e+00 ,  -2.8430e+02 ,  +4.0538e+02 ,  +1.1118e+06 , 
 0.0050 ,  +0.01656680 ,  -1.1709e-03 ,  -7.6184e-01 ,  -4.0590e-02 ,  +1.3141e+00 ,  -3.6867e+02 ,  +2.3654e+03 ,  +1.2788e+06 , 
 0.0050 ,  +0.01651365 ,  -1.1757e-03 ,  -7.5292e-01 ,  -1.7878e-01 ,  +1.8302e+00 ,  -3.6122e+02 ,  +7.7080e+02 ,  +1.2545e+06 , 
 0.0050 ,  +0.01649154 ,  -1.1862e-03 ,  -7.4766e-01 ,  -2.8599e-01 ,  +2.2761e+00 ,  -2.9292e+02 ,  +3.3903e+03 ,  +7.4988e+05 , 
 0.0050 ,  +0.01650144 ,  -1.1185e-03 ,  -7.5202e-01 ,  -2.0884e-01 ,  +2.7820e+00 ,  -2.5213e+02 ,  -1.9017e+03 ,  +6.1226e+05 , 
 0.0100 ,  +0.03287860 ,  -5.8399e-04 ,  -7.6447e-01 ,  -2.6665e-02 ,  +1.0348e+00 ,  -3.9659e+02 ,  +7.2434e+03 ,  +1.2387e+06 , 
 0.0100 ,  +0.03298718 ,  -5.0336e-04 ,  -7.7154e-01 ,  +1.2191e-02 ,  +1.9019e+00 ,  -4.2170e+02 ,  +4.4326e+03 ,  +1.4232e+06 , 
 0.1750 ,  +0.57105325 ,  -3.2905e-05 ,  -7.7403e-01 ,  +1.0191e-01 ,  +4.4566e+00 ,  -3.4717e+02 ,  +2.3084e+02 ,  +1.0451e+06 , 
 0.1750 ,  +0.57056492 ,  -2.6432e-05 ,  -7.7343e-01 ,  +8.0190e-02 ,  +9.1517e+00 ,  -1.6235e+02 ,  -1.2713e+04 ,  +1.5839e+06 , 
 0.0200 ,  +0.06295733 ,  -4.2013e-05 ,  -7.8363e-01 ,  -1.5732e-01 ,  +7.9499e+00 ,  +2.9769e+01 ,  +1.9458e+04 ,  +3.9666e+05 , 
 0.0100 ,  +0.02639409 ,  +5.3946e-04 ,  -6.5648e-01 ,  -4.4552e-01 ,  +1.5507e+01 ,  -3.2643e+02 ,  +1.9211e+04 ,  +3.0023e+05 , 
 0.0150 ,  +0.02756609 ,  +2.1515e-04 ,  -3.3673e-01 ,  -2.4341e+00 ,  +1.9932e+01 ,  -4.4080e+02 ,  +1.7402e+04 ,  +4.9264e+05 , 
 0.0200 ,  +0.01913081 ,  +9.6587e-05 ,  -9.9315e-02 ,  -2.1084e+00 ,  +1.0920e+01 ,  -1.5102e+02 ,  +4.4462e+03 ,  +1.6398e+05 , 
 0.0300 ,  +0.01151016 ,  -2.3178e-05 ,  -2.2326e-02 ,  -8.5851e-01 ,  +3.6532e+00 ,  +4.5143e+00 ,  -3.1033e+02 ,  +4.5645e+04 , 
 0.0320 ,  +0.00439865 ,  -6.2497e-05 ,  -4.2260e-03 ,  -2.5148e-01 ,  +7.9428e-01 ,  +2.3048e+01 ,  -4.2049e+02 ,  -5.4362e+04 , 
 0.0325 ,  +0.00321764 ,  +3.3559e-05 ,  -1.0700e-03 ,  -1.2580e-01 ,  +7.2220e-01 ,  -5.6411e+01 ,  -1.3311e+03 ,  +3.3979e+05 , 
