--- model polynom_b (rz < 0). units: [m] for length, [rad] for angle and [m^(n-1)] for polynom_b ---
 len[m]    angle[deg]  PolyB(n=0)   PolyB(n=1)   PolyB(n=2)   PolyB(n=3)   PolyB(n=4)   PolyB(n=5)   PolyB(n=6)   
 0.1250 ,  +0.40592 ,  +0.00e+00 ,  -7.76e-01 ,  +6.59e-02 ,  +1.96e+00 ,  -5.96e+02 ,  +1.62e+04 ,  +3.25e+06 , 
 0.0550 ,  +0.17947 ,  +0.00e+00 ,  -7.74e-01 ,  +5.16e-02 ,  +4.63e+00 ,  -8.62e+02 ,  +3.77e+02 ,  +4.27e+06 , 
 0.0100 ,  +0.03258 ,  +0.00e+00 ,  -7.70e-01 ,  +2.83e-02 ,  +4.73e+00 ,  -1.16e+03 ,  +1.04e+03 ,  +5.21e+06 , 
 0.0050 ,  +0.01623 ,  +0.00e+00 ,  -7.63e-01 ,  +8.45e-04 ,  +3.22e+00 ,  -1.27e+03 ,  +3.90e+03 ,  +5.51e+06 , 
 0.0050 ,  +0.01617 ,  +0.00e+00 ,  -7.54e-01 ,  -1.17e-01 ,  +2.25e+00 ,  -1.18e+03 ,  +9.42e+03 ,  +4.75e+06 , 
 0.0050 ,  +0.01614 ,  +0.00e+00 ,  -7.48e-01 ,  -2.49e-01 ,  +2.44e+00 ,  -1.10e+03 ,  +1.37e+04 ,  +4.46e+06 , 
 0.0050 ,  +0.01615 ,  +0.00e+00 ,  -7.51e-01 ,  -2.05e-01 ,  +3.41e+00 ,  -9.55e+02 ,  +7.29e+03 ,  +3.84e+06 , 
 0.0100 ,  +0.03248 ,  +0.00e+00 ,  -7.64e-01 ,  -1.67e-02 ,  +4.43e+00 ,  -9.44e+02 ,  +3.33e+02 ,  +3.99e+06 , 
 0.0100 ,  +0.03265 ,  +0.00e+00 ,  -7.72e-01 ,  +1.14e-02 ,  +4.88e+00 ,  -6.72e+02 ,  +2.13e+03 ,  +3.25e+06 , 
 0.1750 ,  +0.57042 ,  +0.00e+00 ,  -7.75e-01 ,  +5.20e-02 ,  +4.16e+00 ,  +1.57e+02 ,  +7.28e+03 ,  +1.78e+05 , 
 0.1750 ,  +0.56995 ,  +0.00e+00 ,  -7.74e-01 ,  +8.50e-02 ,  +4.03e+00 ,  +1.92e+02 ,  +1.05e+04 ,  +9.25e+04 , 
 0.0200 ,  +0.06320 ,  +0.00e+00 ,  -7.85e-01 ,  -1.43e-01 ,  +1.08e+01 ,  -6.64e+02 ,  +9.55e+03 ,  +2.91e+06 , 
 0.0100 ,  +0.02742 ,  +0.00e+00 ,  -6.85e-01 ,  -2.71e-01 ,  +1.86e+01 ,  -9.13e+02 ,  +1.26e+04 ,  +2.74e+06 , 
 0.0150 ,  +0.02912 ,  +0.00e+00 ,  -3.72e-01 ,  -2.29e+00 ,  +2.35e+01 ,  -8.79e+02 ,  +1.06e+04 ,  +2.40e+06 , 
 0.0200 ,  +0.02027 ,  +0.00e+00 ,  -1.11e-01 ,  -2.18e+00 ,  +1.31e+01 ,  -4.56e+02 ,  +1.15e+03 ,  +1.26e+06 , 
 0.0300 ,  +0.01208 ,  +0.00e+00 ,  -2.44e-02 ,  -9.03e-01 ,  +4.57e+00 ,  -1.13e+02 ,  -2.49e+03 ,  +4.24e+05 , 
 0.0320 ,  +0.00452 ,  +0.00e+00 ,  -4.63e-03 ,  -2.67e-01 ,  +1.07e+00 ,  +9.73e-01 ,  -1.51e+03 ,  +1.17e+04 , 
 0.0325 ,  +0.00343 ,  +1.90e-03 ,  -1.29e-03 ,  -1.38e-01 ,  +1.51e+00 ,  +1.26e+02 ,  -5.89e+03 ,  -5.37e+05 , 
