--- model polynom_b (rz > 0). units: [m] for length, [rad] for angle and [m^(n-1)] for polynom_b ---
 len[m]     angle[deg]     PolyB(n=0)     PolyB(n=1)     PolyB(n=2)     PolyB(n=3)     PolyB(n=4)     PolyB(n=5)     PolyB(n=6)    
 0.1250 ,  -0.40623207 ,  +1.1347e-01 ,  -7.7605e-01 ,  +4.0945e-02 ,  -7.0311e-01 ,  -5.9943e+02 ,  +1.6133e+04 ,  +3.0921e+06 , 
 0.0550 ,  -0.17963415 ,  +1.1404e-01 ,  -7.7482e-01 ,  +4.5689e-02 ,  +8.9588e-01 ,  -8.2392e+02 ,  +5.4951e+03 ,  +3.5315e+06 , 
 0.0100 ,  -0.03260439 ,  +1.1386e-01 ,  -7.7103e-01 ,  +3.8695e-02 ,  +4.6663e-01 ,  -1.0951e+03 ,  +1.0538e+04 ,  +4.3717e+06 , 
 0.0050 ,  -0.01623988 ,  +1.1345e-01 ,  -7.6488e-01 ,  +1.4473e-02 ,  -8.8048e-01 ,  -1.0041e+03 ,  +1.5747e+04 ,  +3.5639e+06 , 
 0.0050 ,  -0.01618634 ,  +1.1308e-01 ,  -7.5696e-01 ,  -7.5188e-02 ,  +1.1028e+00 ,  -1.4154e+03 ,  +3.9766e+03 ,  +5.5031e+06 , 
 0.0050 ,  -0.01615890 ,  +1.1287e-01 ,  -7.5076e-01 ,  -2.2775e-01 ,  +1.4490e+00 ,  -8.6256e+02 ,  +6.0155e+03 ,  +3.0990e+06 , 
 0.0050 ,  -0.01618220 ,  +1.1300e-01 ,  -7.5262e-01 ,  -1.9831e-01 ,  -7.7448e-02 ,  -8.5257e+02 ,  +9.6642e+03 ,  +3.3179e+06 , 
 0.0100 ,  -0.03253671 ,  +1.1358e-01 ,  -7.6413e-01 ,  -2.2642e-02 ,  +1.4615e+00 ,  -9.7183e+02 ,  +1.3074e+03 ,  +3.9284e+06 , 
 0.0100 ,  -0.03269244 ,  +1.1413e-01 ,  -7.7188e-01 ,  +4.9985e-02 ,  +1.4875e+00 ,  -1.2494e+03 ,  +6.7912e+03 ,  +5.1083e+06 , 
 0.1750 ,  -0.57072732 ,  +1.1386e-01 ,  -7.7470e-01 ,  +9.8531e-02 ,  +7.2929e+00 ,  -4.9091e+02 ,  -1.9127e+04 ,  +2.2433e+06 , 
 0.1750 ,  -0.57033927 ,  +1.1377e-01 ,  -7.7381e-01 ,  +7.6473e-02 ,  +5.7098e+00 ,  +3.8114e+02 ,  +5.2414e+03 ,  -1.1522e+06 , 
 0.0200 ,  -0.06315500 ,  +1.1040e-01 ,  -7.8592e-01 ,  -9.5062e-02 ,  +8.7388e+00 ,  -1.0093e+03 ,  +2.0499e+04 ,  +4.3504e+06 , 
 0.0100 ,  -0.02719024 ,  +9.5568e-02 ,  -6.8892e-01 ,  -1.7722e-01 ,  +1.4132e+01 ,  -1.0886e+03 ,  +2.9619e+04 ,  +3.1254e+06 , 
 0.0150 ,  -0.02866488 ,  +6.7557e-02 ,  -3.7577e-01 ,  -2.2254e+00 ,  +1.9867e+01 ,  -9.6623e+02 ,  +2.6868e+04 ,  +2.1240e+06 , 
 0.0200 ,  -0.01993524 ,  +3.5357e-02 ,  -1.1177e-01 ,  -2.1877e+00 ,  +1.1931e+01 ,  -5.1047e+02 ,  +8.1601e+03 ,  +1.2715e+06 , 
 0.0300 ,  -0.01188171 ,  +1.4048e-02 ,  -2.4678e-02 ,  -9.1552e-01 ,  +4.6710e+00 ,  -1.3757e+02 ,  -2.2877e+03 ,  +5.4053e+05 , 
 0.0320 ,  -0.00444341 ,  +4.9037e-03 ,  -4.6989e-03 ,  -2.6802e-01 ,  +1.3497e+00 ,  -4.3730e+01 ,  -2.5837e+03 ,  +2.4246e+05 , 
 0.0325 ,  -0.00339585 ,  +3.6788e-03 ,  -1.3787e-03 ,  -1.3656e-01 ,  +9.4888e-01 ,  +2.8587e+01 ,  -4.2642e+03 ,  +1.1281e+04 , 
