--- model polynom_b (rz < 0). units: [m] for length, [rad] for angle and [m^(n-1)] for polynom_b ---
 len[m]     angle[deg]     PolyB(n=0)     PolyB(n=1)     PolyB(n=2)     PolyB(n=3)     PolyB(n=4)     PolyB(n=5)     PolyB(n=6)    
 0.1250 ,  +0.40656346 ,  -7.3812e-06 ,  -7.7597e-01 ,  +9.2317e-03 ,  +1.7252e+00 ,  -1.2929e+01 ,  +1.1018e+04 ,  +9.7341e+05 , 
 0.0550 ,  +0.17996464 ,  -9.1772e-05 ,  -7.7372e-01 ,  -1.0022e-03 ,  -9.0581e-02 ,  -3.8267e+02 ,  +1.5685e+04 ,  +2.6517e+06 , 
 0.0100 ,  +0.03293975 ,  -5.7907e-04 ,  -7.6900e-01 ,  -3.5254e-02 ,  -1.1489e+00 ,  -2.7661e+02 ,  +1.9704e+04 ,  +1.6228e+06 , 
 0.0050 ,  +0.01656680 ,  -1.1223e-03 ,  -7.6192e-01 ,  -8.4134e-02 ,  -2.2141e+00 ,  -1.7530e+02 ,  +1.9979e+04 ,  +1.0646e+06 , 
 0.0050 ,  +0.01651365 ,  -1.0999e-03 ,  -7.5399e-01 ,  -1.9637e-01 ,  -3.1539e+00 ,  -3.7972e+02 ,  +2.8033e+04 ,  +1.9492e+06 , 
 0.0050 ,  +0.01649154 ,  -1.0813e-03 ,  -7.5010e-01 ,  -2.8922e-01 ,  -3.0524e+00 ,  -1.7451e+02 ,  +3.1104e+04 ,  +1.0441e+06 , 
 0.0050 ,  +0.01650144 ,  -1.0054e-03 ,  -7.5477e-01 ,  -1.9960e-01 ,  -2.0904e+00 ,  -2.2750e+02 ,  +2.1799e+04 ,  +1.2634e+06 , 
 0.0100 ,  +0.03287860 ,  -5.0307e-04 ,  -7.6549e-01 ,  -7.7353e-02 ,  -2.6299e+00 ,  +2.7765e+01 ,  +2.4733e+04 ,  +1.7588e+05 , 
 0.0100 ,  +0.03298718 ,  -4.6333e-04 ,  -7.7121e-01 ,  -6.5566e-02 ,  -2.7359e+00 ,  +1.6344e+02 ,  +2.8897e+04 ,  -8.2250e+04 , 
 0.1750 ,  +0.57105325 ,  -8.8905e-06 ,  -7.7372e-01 ,  +4.8613e-02 ,  -1.0937e+00 ,  +7.3859e+01 ,  +2.5134e+04 ,  -4.0985e+05 , 
 0.1750 ,  +0.57056492 ,  -6.2784e-06 ,  -7.7280e-01 ,  +8.9245e-02 ,  +4.3839e+00 ,  -4.6800e+02 ,  +5.5315e+03 ,  +2.6158e+06 , 
 0.0200 ,  +0.06295733 ,  -2.9331e-04 ,  -7.8103e-01 ,  -1.2999e-01 ,  +1.1118e+01 ,  -8.2032e+02 ,  +4.8235e+03 ,  +3.4952e+06 , 
 0.0100 ,  +0.02639409 ,  -3.5833e-04 ,  -6.3747e-01 ,  -5.9030e-01 ,  +1.9638e+01 ,  -9.0685e+02 ,  +7.5870e+03 ,  +2.1688e+06 , 
 0.0150 ,  +0.02756609 ,  -8.7139e-04 ,  -3.1807e-01 ,  -2.4894e+00 ,  +2.2289e+01 ,  -8.4234e+02 ,  +5.8266e+03 ,  +1.8836e+06 , 
 0.0200 ,  +0.01913081 ,  -6.2806e-04 ,  -9.3093e-02 ,  -2.0390e+00 ,  +1.1523e+01 ,  -2.3262e+02 ,  -1.0192e+03 ,  +3.6527e+05 , 
 0.0300 ,  +0.01151016 ,  -2.8399e-04 ,  -2.0766e-02 ,  -8.2378e-01 ,  +3.9988e+00 ,  +2.8693e+01 ,  -2.8659e+03 ,  -1.6440e+05 , 
 0.0320 ,  +0.00439865 ,  -1.1773e-04 ,  -3.9458e-03 ,  -2.4250e-01 ,  +8.9308e-01 ,  +2.1568e+01 ,  -8.1932e+02 ,  -8.6007e+04 , 
 0.0325 ,  +0.00321764 ,  +3.1745e-06 ,  -9.3848e-04 ,  -1.2169e-01 ,  +4.7276e-01 ,  +1.5923e+01 ,  -1.2357e+03 ,  -9.4102e+04 , 
