--- model polynom_b (rz < 0). units: [m] for length, [rad] for angle and [m^(n-1)] for polynom_b ---
 len[m]    angle[deg]  PolyB(n=0)   PolyB(n=1)   PolyB(n=2)   PolyB(n=3)   PolyB(n=4)   PolyB(n=5)   PolyB(n=6)   
 0.1250 ,  +0.40643 ,  +0.00e+00 ,  -7.76e-01 ,  +5.49e-02 ,  +4.90e+00 ,  -6.80e+02 ,  -1.19e+04 ,  +3.86e+06 , 
 0.0550 ,  +0.17969 ,  +0.00e+00 ,  -7.74e-01 ,  +1.10e-02 ,  +4.79e+00 ,  -2.14e+02 ,  -1.48e+04 ,  +1.46e+06 , 
 0.0100 ,  +0.03261 ,  +0.00e+00 ,  -7.70e-01 ,  -3.04e-03 ,  +5.09e+00 ,  -3.55e+02 ,  -1.29e+04 ,  +1.49e+06 , 
 0.0050 ,  +0.01624 ,  +0.00e+00 ,  -7.62e-01 ,  -4.59e-02 ,  +4.29e+00 ,  -4.51e+02 ,  -1.19e+04 ,  +1.69e+06 , 
 0.0050 ,  +0.01619 ,  +0.00e+00 ,  -7.54e-01 ,  -1.77e-01 ,  +4.42e+00 ,  -3.59e+02 ,  -9.85e+03 ,  +9.51e+05 , 
 0.0050 ,  +0.01618 ,  +0.00e+00 ,  -7.50e-01 ,  -2.54e-01 ,  +5.37e+00 ,  -6.05e+02 ,  -1.13e+04 ,  +2.04e+06 , 
 0.0050 ,  +0.01621 ,  +0.00e+00 ,  -7.54e-01 ,  -1.84e-01 ,  +3.22e+00 ,  -4.16e+02 ,  -2.38e+03 ,  +1.41e+06 , 
 0.0100 ,  +0.03260 ,  +0.00e+00 ,  -7.66e-01 ,  -3.06e-02 ,  +4.77e+00 ,  -3.62e+02 ,  -1.16e+04 ,  +1.34e+06 , 
 0.0100 ,  +0.03276 ,  +0.00e+00 ,  -7.73e-01 ,  -7.97e-03 ,  +2.28e+00 ,  -2.52e+02 ,  +4.06e+03 ,  +9.66e+05 , 
 0.1750 ,  +0.57171 ,  +0.00e+00 ,  -7.75e-01 ,  +5.80e-02 ,  +1.98e+00 ,  +3.64e+02 ,  +1.43e+04 ,  -2.09e+06 , 
 0.1750 ,  +0.57107 ,  +0.00e+00 ,  -7.74e-01 ,  +8.28e-02 ,  +6.85e+00 ,  -5.28e+01 ,  -1.75e+02 ,  +9.61e+05 , 
 0.0200 ,  +0.06304 ,  +0.00e+00 ,  -7.84e-01 ,  -1.77e-01 ,  +1.02e+01 ,  +3.46e+02 ,  +9.82e+03 ,  -1.10e+06 , 
 0.0100 ,  +0.02688 ,  +0.00e+00 ,  -6.63e-01 ,  -4.17e-01 ,  +1.58e+01 ,  -1.39e+02 ,  +2.16e+04 ,  -6.76e+05 , 
 0.0150 ,  +0.02806 ,  +0.00e+00 ,  -3.45e-01 ,  -2.38e+00 ,  +1.79e+01 ,  -5.24e+02 ,  +3.26e+04 ,  +2.04e+05 , 
 0.0200 ,  +0.01941 ,  +0.00e+00 ,  -1.03e-01 ,  -2.07e+00 ,  +7.51e+00 ,  -5.05e+02 ,  +2.68e+04 ,  +7.66e+05 , 
 0.0300 ,  +0.01152 ,  +0.00e+00 ,  -2.32e-02 ,  -8.31e-01 ,  +1.95e+00 ,  -2.68e+02 ,  +1.13e+04 ,  +7.35e+05 , 
 0.0320 ,  +0.00432 ,  +0.00e+00 ,  -4.46e-03 ,  -2.45e-01 ,  +3.90e-01 ,  -7.89e+01 ,  +2.54e+03 ,  +2.65e+05 , 
 0.0325 ,  +0.00328 ,  -5.17e-04 ,  -1.11e-03 ,  -1.14e-01 ,  -7.58e-02 ,  -1.86e+02 ,  +1.21e+03 ,  +7.69e+05 , 
