--- model polynom_b (rz > 0). units: [m] for length, [rad] for angle and [m^(n-1)] for polynom_b ---
 len[m]    angle[deg]  PolyB(n=0)   PolyB(n=1)   PolyB(n=2)   PolyB(n=3)   PolyB(n=4)   PolyB(n=5)   PolyB(n=6)   
 0.1250 ,  +0.40724 ,  +0.00e+00 ,  -7.76e-01 ,  +5.08e-02 ,  +4.18e+00 ,  -4.44e+02 ,  +4.42e+03 ,  +2.72e+06 , 
 0.0550 ,  +0.17994 ,  +0.00e+00 ,  -7.74e-01 ,  +1.58e-02 ,  +3.19e+00 ,  -3.24e+02 ,  +1.03e+04 ,  +1.90e+06 , 
 0.0100 ,  +0.03264 ,  +0.00e+00 ,  -7.69e-01 ,  -1.73e-02 ,  +6.18e+00 ,  -7.54e+02 ,  -4.55e+03 ,  +3.91e+06 , 
 0.0050 ,  +0.01625 ,  +0.00e+00 ,  -7.61e-01 ,  -8.03e-02 ,  +5.92e+00 ,  -7.08e+02 ,  -6.67e+03 ,  +3.74e+06 , 
 0.0050 ,  +0.01620 ,  +0.00e+00 ,  -7.53e-01 ,  -2.23e-01 ,  +6.98e+00 ,  -5.88e+02 ,  -1.21e+04 ,  +3.03e+06 , 
 0.0050 ,  +0.01618 ,  +0.00e+00 ,  -7.48e-01 ,  -3.11e-01 ,  +7.50e+00 ,  -6.98e+02 ,  -1.05e+04 ,  +3.52e+06 , 
 0.0050 ,  +0.01620 ,  +0.00e+00 ,  -7.53e-01 ,  -2.24e-01 ,  +7.55e+00 ,  -6.45e+02 ,  -1.30e+04 ,  +3.32e+06 , 
 0.0100 ,  +0.03257 ,  +0.00e+00 ,  -7.65e-01 ,  -6.10e-02 ,  +7.57e+00 ,  -5.18e+02 ,  -1.58e+04 ,  +2.80e+06 , 
 0.0100 ,  +0.03271 ,  +0.00e+00 ,  -7.71e-01 ,  -9.05e-03 ,  +8.66e+00 ,  -8.14e+02 ,  -1.92e+04 ,  +4.42e+06 , 
 0.1750 ,  +0.57110 ,  +0.00e+00 ,  -7.74e-01 ,  +4.27e-02 ,  +8.80e+00 ,  -8.44e+00 ,  -2.17e+04 ,  +1.08e+06 , 
 0.1750 ,  +0.57059 ,  +0.00e+00 ,  -7.73e-01 ,  +5.01e-02 ,  +3.65e+00 ,  +4.75e+02 ,  +1.07e+04 ,  -1.27e+06 , 
 0.0200 ,  +0.06289 ,  +0.00e+00 ,  -7.81e-01 ,  -1.27e-01 ,  +6.02e+00 ,  -6.81e+02 ,  +3.57e+04 ,  +2.52e+06 , 
 0.0100 ,  +0.02680 ,  +0.00e+00 ,  -6.58e-01 ,  -4.41e-01 ,  +1.34e+01 ,  -7.26e+02 ,  +4.11e+04 ,  +1.28e+06 , 
 0.0150 ,  +0.02805 ,  +0.00e+00 ,  -3.42e-01 ,  -2.42e+00 ,  +1.94e+01 ,  -6.59e+02 ,  +2.73e+04 ,  +9.07e+05 , 
 0.0200 ,  +0.01954 ,  +0.00e+00 ,  -1.02e-01 ,  -2.12e+00 ,  +1.08e+01 ,  -3.12e+02 ,  +8.10e+03 ,  +6.34e+05 , 
 0.0300 ,  +0.01166 ,  +0.00e+00 ,  -2.29e-02 ,  -8.67e-01 ,  +3.65e+00 ,  -9.13e+01 ,  +8.36e+02 ,  +3.62e+05 , 
 0.0320 ,  +0.00434 ,  +0.00e+00 ,  -4.44e-03 ,  -2.51e-01 ,  +9.30e-01 ,  -6.30e+01 ,  -8.40e+02 ,  +3.02e+05 , 
 0.0325 ,  +0.00330 ,  -2.23e-03 ,  -1.28e-03 ,  -1.14e-01 ,  -3.31e-01 ,  -1.44e+02 ,  +3.14e+03 ,  +5.48e+05 , 
