--- model polynom_b (rz < 0). units: [m] for length, [rad] for angle and [m^(n-1)] for polynom_b ---
 len[m]     angle[deg]     PolyB(n=0)     PolyB(n=1)     PolyB(n=2)     PolyB(n=3)     PolyB(n=4)     PolyB(n=5)     PolyB(n=6)    
 0.1250 ,  +0.40656346 ,  -3.8276e-05 ,  -7.7555e-01 ,  -6.8186e-03 ,  -4.3785e+00 ,  +4.9986e+02 ,  +3.2445e+04 ,  -1.8480e+06 , 
 0.0550 ,  +0.17996464 ,  -7.5250e-05 ,  -7.7464e-01 ,  +3.4958e-04 ,  -3.1075e+00 ,  +2.4337e+01 ,  +2.5942e+04 ,  +7.9234e+04 , 
 0.0100 ,  +0.03293975 ,  -5.3109e-04 ,  -7.7083e-01 ,  -4.7588e-02 ,  -5.6005e+00 ,  +2.1530e+02 ,  +4.0777e+04 ,  -9.7024e+05 , 
 0.0050 ,  +0.01656680 ,  -1.0729e-03 ,  -7.6426e-01 ,  -6.6365e-02 ,  -5.9999e+00 ,  +3.4465e+01 ,  +3.9380e+04 ,  -5.1120e+05 , 
 0.0050 ,  +0.01651365 ,  -1.0699e-03 ,  -7.5583e-01 ,  -1.8405e-01 ,  -8.3443e+00 ,  +1.3369e+02 ,  +5.0616e+04 ,  -9.6396e+05 , 
 0.0050 ,  +0.01649154 ,  -1.0921e-03 ,  -7.5024e-01 ,  -2.8991e-01 ,  -5.7459e+00 ,  +6.9073e+01 ,  +4.1588e+04 ,  -6.5948e+05 , 
 0.0050 ,  +0.01650144 ,  -1.0495e-03 ,  -7.5347e-01 ,  -2.1468e-01 ,  -5.6231e+00 ,  -2.1001e+02 ,  +4.0531e+04 ,  +4.8566e+05 , 
 0.0100 ,  +0.03287860 ,  -5.4051e-04 ,  -7.6512e-01 ,  -2.4434e-02 ,  -5.8504e+00 ,  -6.7818e+02 ,  +4.1845e+04 ,  +2.4516e+06 , 
 0.0100 ,  +0.03298718 ,  -4.6824e-04 ,  -7.7217e-01 ,  +9.2607e-03 ,  -4.6455e+00 ,  -6.7834e+02 ,  +3.8864e+04 ,  +2.8634e+06 , 
 0.1750 ,  +0.57105325 ,  +9.4303e-07 ,  -7.7503e-01 ,  +1.0082e-01 ,  +3.8319e+00 ,  -6.9413e+02 ,  +1.3367e+03 ,  +3.1051e+06 , 
 0.1750 ,  +0.57056492 ,  +4.0978e-06 ,  -7.7460e-01 ,  +8.3738e-02 ,  +1.0018e+01 ,  -4.4231e+01 ,  -2.0539e+04 ,  +5.4540e+05 , 
 0.0200 ,  +0.06295733 ,  +7.4495e-05 ,  -7.8528e-01 ,  -1.5028e-01 ,  +1.6011e+01 ,  +2.7206e+00 ,  -2.0974e+04 ,  +6.4593e+05 , 
 0.0100 ,  +0.02639409 ,  +8.9760e-04 ,  -6.6386e-01 ,  -3.9090e-01 ,  +2.0252e+01 ,  -4.5683e+02 ,  -4.3190e+03 ,  +1.3817e+06 , 
 0.0150 ,  +0.02756609 ,  +6.6352e-04 ,  -3.4435e-01 ,  -2.4376e+00 ,  +2.2813e+01 ,  -1.7556e+02 ,  +3.0003e+03 ,  -1.4203e+05 , 
 0.0200 ,  +0.01913081 ,  +4.2816e-04 ,  -1.0224e-01 ,  -2.1586e+00 ,  +1.1940e+01 ,  +3.3501e+01 ,  +6.4130e+02 ,  -4.3854e+05 , 
 0.0300 ,  +0.01151016 ,  +1.3154e-04 ,  -2.3220e-02 ,  -8.8531e-01 ,  +4.0631e+00 ,  +4.6480e+01 ,  -1.0759e+03 ,  -8.2819e+04 , 
 0.0320 ,  +0.00439865 ,  -1.7753e-05 ,  -4.4392e-03 ,  -2.5849e-01 ,  +9.4474e-01 ,  +1.5933e+01 ,  -4.8435e+02 ,  +5.0665e+03 , 
 0.0325 ,  +0.00321764 ,  +4.6444e-05 ,  -1.1320e-03 ,  -1.2795e-01 ,  +6.6677e-01 ,  +1.5504e+00 ,  -3.6864e+03 ,  +3.4927e+04 , 
