--- model polynom_b (rz < 0). units: [m] for length, [rad] for angle and [m^(n-1)] for polynom_b ---
 len[m]     angle[deg]     PolyB(n=0)     PolyB(n=1)     PolyB(n=2)     PolyB(n=3)     PolyB(n=4)     PolyB(n=5)     PolyB(n=6)    
 0.1250 ,  +0.40656346 ,  -6.3204e-05 ,  -7.7462e-01 ,  +2.5491e-02 ,  -8.7507e-02 ,  -1.2728e+02 ,  +1.0621e+04 ,  +1.4571e+06 , 
 0.0550 ,  +0.17996464 ,  -1.2519e-04 ,  -7.7325e-01 ,  -5.2027e-03 ,  +1.3219e+00 ,  -5.9669e+01 ,  +2.7439e+03 ,  +1.0967e+06 , 
 0.0100 ,  +0.03293975 ,  -5.8370e-04 ,  -7.6917e-01 ,  -3.5932e-02 ,  +2.8475e+00 ,  -1.7894e+02 ,  -4.1836e+03 ,  +1.2168e+06 , 
 0.0050 ,  +0.01656680 ,  -1.1162e-03 ,  -7.6251e-01 ,  -6.6887e-02 ,  +5.8691e-01 ,  -2.6566e+02 ,  +4.3435e+03 ,  +1.4485e+06 , 
 0.0050 ,  +0.01651365 ,  -1.1015e-03 ,  -7.5421e-01 ,  -2.0600e-01 ,  -5.8967e-02 ,  -3.6534e+01 ,  +9.4208e+03 ,  +5.0659e+05 , 
 0.0050 ,  +0.01649154 ,  -1.1092e-03 ,  -7.4871e-01 ,  -3.2025e-01 ,  +7.3792e-01 ,  +5.2017e+01 ,  +7.9653e+03 ,  +5.2032e+04 , 
 0.0050 ,  +0.01650144 ,  -1.0534e-03 ,  -7.5191e-01 ,  -2.7281e-01 ,  -1.3253e+00 ,  +2.7845e+02 ,  +1.4897e+04 ,  -8.9028e+05 , 
 0.0100 ,  +0.03287860 ,  -5.3369e-04 ,  -7.6356e-01 ,  -9.5434e-02 ,  +8.8334e-01 ,  +1.4343e+02 ,  +3.3048e+03 ,  -5.5381e+05 , 
 0.0100 ,  +0.03298718 ,  -4.5298e-04 ,  -7.7056e-01 ,  -8.0531e-02 ,  +1.4198e+00 ,  +4.7211e+02 ,  +3.4816e+03 ,  -1.6667e+06 , 
 0.1750 ,  +0.57105325 ,  +4.8375e-05 ,  -7.7340e-01 ,  +3.0362e-02 ,  +1.0210e+00 ,  +3.8294e+02 ,  +1.2487e+04 ,  -1.8193e+06 , 
 0.1750 ,  +0.57056492 ,  +7.1329e-05 ,  -7.7274e-01 ,  +1.0807e-01 ,  +8.2184e+00 ,  -6.5050e+02 ,  -1.1405e+04 ,  +3.1275e+06 , 
 0.0200 ,  +0.06295733 ,  +1.0149e-04 ,  -7.8231e-01 ,  -1.8517e-01 ,  +1.8114e+01 ,  -1.7681e+02 ,  -3.2776e+04 ,  +1.2998e+06 , 
 0.0100 ,  +0.02639409 ,  +8.2008e-04 ,  -6.5888e-01 ,  -5.1433e-01 ,  +2.1897e+01 ,  +2.3057e+02 ,  -6.5384e+03 ,  -2.1425e+06 , 
 0.0150 ,  +0.02756609 ,  +4.8206e-04 ,  -3.3996e-01 ,  -2.4882e+00 ,  +2.3549e+01 ,  +1.2562e+02 ,  +4.5342e+03 ,  -1.9760e+06 , 
 0.0200 ,  +0.01913081 ,  +1.8169e-04 ,  -1.0015e-01 ,  -2.1466e+00 ,  +1.2233e+01 ,  +1.9162e+02 ,  -2.8873e+02 ,  -1.4207e+06 , 
 0.0300 ,  +0.01151016 ,  -5.8718e-05 ,  -2.2357e-02 ,  -8.6571e-01 ,  +3.3821e+00 ,  +9.6599e+01 ,  +1.7528e+03 ,  -3.9687e+05 , 
 0.0320 ,  +0.00439865 ,  -1.0375e-04 ,  -4.1919e-03 ,  -2.4898e-01 ,  +5.5542e-01 ,  +2.2033e+01 ,  +1.0532e+03 ,  -4.9146e+04 , 
 0.0325 ,  +0.00321764 ,  -1.6436e-05 ,  -1.0096e-03 ,  -1.0947e-01 ,  -2.3947e-01 ,  -1.8785e+02 ,  +2.9207e+03 ,  +8.2427e+05 , 
