--- model polynom_b (rz > 0). units: [m] for length, [rad] for angle and [m^(n-1)] for polynom_b ---
 len[m]    angle[deg]  PolyB(n=0)   PolyB(n=1)   PolyB(n=2)   PolyB(n=3)   PolyB(n=4)   PolyB(n=5)   PolyB(n=6)   
 0.1250 ,  +0.40636 ,  +0.00e+00 ,  -7.76e-01 ,  +7.30e-02 ,  +4.29e+00 ,  -6.53e+02 ,  +3.52e+03 ,  +3.36e+06 , 
 0.0550 ,  +0.17970 ,  +0.00e+00 ,  -7.75e-01 ,  +7.31e-02 ,  +6.36e+00 ,  -8.18e+02 ,  -7.44e+03 ,  +4.01e+06 , 
 0.0100 ,  +0.03261 ,  +0.00e+00 ,  -7.70e-01 ,  +6.57e-02 ,  +7.84e+00 ,  -1.07e+03 ,  -1.53e+04 ,  +4.73e+06 , 
 0.0050 ,  +0.01624 ,  +0.00e+00 ,  -7.62e-01 ,  +2.26e-02 ,  +6.92e+00 ,  -1.23e+03 ,  -1.28e+04 ,  +5.29e+06 , 
 0.0050 ,  +0.01618 ,  +0.00e+00 ,  -7.53e-01 ,  -1.15e-01 ,  +6.74e+00 ,  -1.15e+03 ,  -1.09e+04 ,  +4.88e+06 , 
 0.0050 ,  +0.01616 ,  +0.00e+00 ,  -7.48e-01 ,  -1.89e-01 ,  +7.99e+00 ,  -1.64e+03 ,  -1.32e+04 ,  +7.08e+06 , 
 0.0050 ,  +0.01619 ,  +0.00e+00 ,  -7.53e-01 ,  -1.27e-01 ,  +1.03e+01 ,  -1.24e+03 ,  -3.09e+04 ,  +5.28e+06 , 
 0.0100 ,  +0.03257 ,  +0.00e+00 ,  -7.65e-01 ,  +3.19e-02 ,  +9.07e+00 ,  -9.93e+02 ,  -2.55e+04 ,  +4.34e+06 , 
 0.0100 ,  +0.03272 ,  +0.00e+00 ,  -7.73e-01 ,  +8.15e-02 ,  +1.26e+01 ,  -1.40e+03 ,  -3.75e+04 ,  +6.31e+06 , 
 0.1750 ,  +0.57104 ,  +0.00e+00 ,  -7.75e-01 ,  +7.56e-02 ,  +1.46e+01 ,  +3.78e+01 ,  -4.68e+04 ,  +7.94e+05 , 
 0.1750 ,  +0.57059 ,  +0.00e+00 ,  -7.74e-01 ,  +4.18e-02 ,  +5.71e+00 ,  +1.01e+03 ,  +1.04e+04 ,  -3.26e+06 , 
 0.0200 ,  +0.06316 ,  +0.00e+00 ,  -7.87e-01 ,  -4.83e-02 ,  +5.08e+00 ,  -1.24e+03 ,  +3.54e+04 ,  +6.65e+06 , 
 0.0100 ,  +0.02709 ,  +0.00e+00 ,  -6.74e-01 ,  -2.33e-01 ,  +1.35e+01 ,  -1.33e+03 ,  +2.56e+04 ,  +5.51e+06 , 
 0.0150 ,  +0.02841 ,  +0.00e+00 ,  -3.55e-01 ,  -2.30e+00 ,  +1.82e+01 ,  -9.25e+02 ,  +3.10e+04 ,  +2.81e+06 , 
 0.0200 ,  +0.01967 ,  +0.00e+00 ,  -1.05e-01 ,  -2.10e+00 ,  +1.19e+01 ,  -6.93e+02 ,  +7.76e+03 ,  +2.17e+06 , 
 0.0300 ,  +0.01171 ,  +0.00e+00 ,  -2.32e-02 ,  -8.66e-01 ,  +4.85e+00 ,  -2.12e+02 ,  -2.55e+03 ,  +8.11e+05 , 
 0.0320 ,  +0.00440 ,  +0.00e+00 ,  -4.32e-03 ,  -2.55e-01 ,  +1.22e+00 ,  -6.18e+01 ,  -2.33e+03 ,  +3.00e+05 , 
 0.0325 ,  +0.00340 ,  -2.91e-04 ,  -1.22e-03 ,  -1.33e-01 ,  +4.17e-02 ,  +1.01e+02 ,  +1.31e+03 ,  -5.06e+05 , 
