--- model polynom_b (rz < 0). units: [m] for length, [rad] for angle and [m^(n-1)] for polynom_b ---
 len[m]    angle[deg]  PolyB(n=0)   PolyB(n=1)   PolyB(n=2)   PolyB(n=3)   PolyB(n=4)   PolyB(n=5)   PolyB(n=6)   
 0.1250 ,  +0.40612 ,  +0.00e+00 ,  -7.76e-01 ,  -2.42e-02 ,  +5.51e+00 ,  +1.21e+02 ,  -7.96e+03 ,  +4.98e+05 , 
 0.0550 ,  +0.17968 ,  +0.00e+00 ,  -7.74e-01 ,  -8.32e-02 ,  +4.62e+00 ,  +7.81e+02 ,  -8.78e+03 ,  -2.34e+06 , 
 0.0100 ,  +0.03261 ,  +0.00e+00 ,  -7.70e-01 ,  -1.11e-01 ,  +3.66e+00 ,  +7.83e+02 ,  -4.83e+03 ,  -2.84e+06 , 
 0.0050 ,  +0.01624 ,  +0.00e+00 ,  -7.63e-01 ,  -1.47e-01 ,  +6.92e-01 ,  +6.46e+02 ,  +7.11e+03 ,  -2.29e+06 , 
 0.0050 ,  +0.01619 ,  +0.00e+00 ,  -7.55e-01 ,  -2.79e-01 ,  +1.07e+00 ,  +7.38e+02 ,  +6.74e+03 ,  -2.61e+06 , 
 0.0050 ,  +0.01616 ,  +0.00e+00 ,  -7.49e-01 ,  -3.87e-01 ,  +2.87e+00 ,  +7.66e+02 ,  +2.60e+03 ,  -2.86e+06 , 
 0.0050 ,  +0.01618 ,  +0.00e+00 ,  -7.53e-01 ,  -3.12e-01 ,  +2.09e+00 ,  +6.52e+02 ,  +4.69e+03 ,  -2.35e+06 , 
 0.0100 ,  +0.03253 ,  +0.00e+00 ,  -7.65e-01 ,  -1.51e-01 ,  +1.79e+00 ,  +8.15e+02 ,  +5.90e+03 ,  -2.88e+06 , 
 0.0100 ,  +0.03268 ,  +0.00e+00 ,  -7.72e-01 ,  -1.47e-01 ,  +2.93e+00 ,  +1.32e+03 ,  +1.94e+03 ,  -4.79e+06 , 
 0.1750 ,  +0.57048 ,  +0.00e+00 ,  -7.75e-01 ,  -7.29e-03 ,  +1.89e+00 ,  +5.00e+02 ,  +9.58e+03 ,  -1.35e+06 , 
 0.1750 ,  +0.57030 ,  +0.00e+00 ,  -7.74e-01 ,  +5.75e-02 ,  +3.01e+00 ,  -1.42e+02 ,  +8.75e+03 ,  +1.37e+06 , 
 0.0200 ,  +0.06318 ,  +0.00e+00 ,  -7.86e-01 ,  -1.88e-01 ,  +9.57e+00 ,  +3.10e+02 ,  -1.28e+02 ,  -8.98e+05 , 
 0.0100 ,  +0.02722 ,  +0.00e+00 ,  -6.78e-01 ,  -3.37e-01 ,  +1.56e+01 ,  +3.92e+01 ,  +1.06e+04 ,  -1.13e+06 , 
 0.0150 ,  +0.02872 ,  +0.00e+00 ,  -3.61e-01 ,  -2.38e+00 ,  +2.04e+01 ,  -2.29e+01 ,  +1.35e+04 ,  -1.21e+06 , 
 0.0200 ,  +0.02005 ,  +0.00e+00 ,  -1.08e-01 ,  -2.20e+00 ,  +1.08e+01 ,  +2.73e+01 ,  +7.19e+03 ,  -6.75e+05 , 
 0.0300 ,  +0.01199 ,  +0.00e+00 ,  -2.44e-02 ,  -9.09e-01 ,  +3.67e+00 ,  +5.31e+01 ,  +1.29e+03 ,  -1.90e+05 , 
 0.0320 ,  +0.00447 ,  +0.00e+00 ,  -4.68e-03 ,  -2.64e-01 ,  +7.13e-01 ,  +6.90e-01 ,  +5.83e+02 ,  +5.87e+04 , 
 0.0325 ,  +0.00340 ,  +1.98e-04 ,  -1.14e-03 ,  -1.33e-01 ,  -8.94e-01 ,  +9.12e+00 ,  +5.77e+03 ,  +4.04e+04 , 
