--- model polynom_b (rz < 0). units: [m] for length, [rad] for angle and [m^(n-1)] for polynom_b ---
 len[m]     angle[deg]     PolyB(n=0)     PolyB(n=1)     PolyB(n=2)     PolyB(n=3)     PolyB(n=4)     PolyB(n=5)     PolyB(n=6)    
 0.1250 ,  +0.40656346 ,  -2.5959e-05 ,  -7.7567e-01 ,  +1.3171e-01 ,  -2.9560e+00 ,  -1.1977e+03 ,  +2.5232e+04 ,  +4.4722e+06 , 
 0.0550 ,  +0.17996464 ,  -6.4250e-05 ,  -7.7487e-01 ,  +8.5994e-02 ,  +3.4150e+00 ,  -7.4842e+02 ,  -9.3417e+03 ,  +2.5944e+06 , 
 0.0100 ,  +0.03293975 ,  -5.4005e-04 ,  -7.7122e-01 ,  +4.2917e-02 ,  +7.3347e+00 ,  -5.4692e+02 ,  -3.1598e+04 ,  +1.9788e+06 , 
 0.0050 ,  +0.01656680 ,  -1.1101e-03 ,  -7.6367e-01 ,  +7.6354e-03 ,  +5.2215e+00 ,  -5.8261e+02 ,  -2.4860e+04 ,  +1.9297e+06 , 
 0.0050 ,  +0.01651365 ,  -1.1226e-03 ,  -7.5453e-01 ,  -1.4147e-01 ,  +4.4211e+00 ,  -1.7663e+02 ,  -2.0761e+04 ,  -1.3037e+05 , 
 0.0050 ,  +0.01649154 ,  -1.1398e-03 ,  -7.4907e-01 ,  -2.3384e-01 ,  +2.4451e+00 ,  -4.7752e+02 ,  -4.4083e+03 ,  +1.2141e+06 , 
 0.0050 ,  +0.01650144 ,  -1.0755e-03 ,  -7.5335e-01 ,  -1.3820e-01 ,  +1.9576e-01 ,  -8.7817e+02 ,  +6.9758e+03 ,  +3.2520e+06 , 
 0.0100 ,  +0.03287860 ,  -5.4333e-04 ,  -7.6594e-01 ,  +2.0669e-02 ,  +3.5063e+00 ,  -7.2797e+02 ,  -9.5693e+03 ,  +2.5762e+06 , 
 0.0100 ,  +0.03298718 ,  -4.6761e-04 ,  -7.7286e-01 ,  +5.8028e-02 ,  +3.9780e+00 ,  -9.0557e+02 ,  -8.2357e+03 ,  +3.5757e+06 , 
 0.1750 ,  +0.57105325 ,  -3.7138e-05 ,  -7.7492e-01 ,  +7.4872e-02 ,  +7.7815e+00 ,  +2.7145e+02 ,  -1.7419e+04 ,  -1.4610e+06 , 
 0.1750 ,  +0.57056492 ,  -3.7605e-05 ,  -7.7462e-01 ,  +6.7242e-02 ,  +6.4346e+00 ,  +4.0269e+02 ,  -4.5938e+02 ,  -9.7635e+05 , 
 0.0200 ,  +0.06295733 ,  -1.6064e-05 ,  -7.8722e-01 ,  -1.3010e-01 ,  +7.3907e+00 ,  +4.2577e+02 ,  +2.1225e+04 ,  -1.2892e+06 , 
 0.0100 ,  +0.02639409 ,  +5.0751e-04 ,  -6.5955e-01 ,  -4.0934e-01 ,  +1.3875e+01 ,  -7.4597e+01 ,  +2.2911e+04 ,  -5.6634e+05 , 
 0.0150 ,  +0.02756609 ,  +1.0462e-04 ,  -3.3811e-01 ,  -2.4129e+00 ,  +1.8815e+01 ,  -3.1066e+02 ,  +2.2477e+04 ,  -2.6872e+05 , 
 0.0200 ,  +0.01913081 ,  -2.5300e-05 ,  -1.0020e-01 ,  -2.0792e+00 ,  +1.1181e+01 ,  -2.8405e+02 ,  +5.6396e+03 ,  +4.1569e+05 , 
 0.0300 ,  +0.01151016 ,  -6.2325e-05 ,  -2.2685e-02 ,  -8.4662e-01 ,  +4.5119e+00 ,  -5.6905e+01 ,  -2.4764e+03 ,  +1.1034e+05 , 
 0.0320 ,  +0.00439865 ,  -6.0288e-05 ,  -4.3266e-03 ,  -2.5121e-01 ,  +1.1360e+00 ,  +3.1665e+01 ,  -1.3087e+03 ,  -1.2881e+05 , 
 0.0325 ,  +0.00321764 ,  +4.9344e-05 ,  -1.0583e-03 ,  -1.2605e-01 ,  -6.1434e-01 ,  +7.0488e+00 ,  +4.5532e+03 ,  +3.7262e+04 , 
