--- model polynom_b (rz < 0). units: [m] for length, [rad] for angle and [m^(n-1)] for polynom_b ---
 len[m]    angle[deg]  PolyB(n=0)   PolyB(n=1)   PolyB(n=2)   PolyB(n=3)   PolyB(n=4)   PolyB(n=5)   PolyB(n=6)   
 0.1250 ,  +0.40691 ,  +0.00e+00 ,  -7.76e-01 ,  +3.74e-03 ,  -1.87e+00 ,  -2.56e+01 ,  +2.46e+04 ,  +3.43e+05 , 
 0.0550 ,  +0.17983 ,  +0.00e+00 ,  -7.74e-01 ,  -3.60e-02 ,  -4.58e-01 ,  +9.42e+01 ,  +1.98e+04 ,  -1.13e+05 , 
 0.0100 ,  +0.03262 ,  +0.00e+00 ,  -7.69e-01 ,  -5.03e-02 ,  -1.36e-01 ,  -3.81e+02 ,  +1.82e+04 ,  +1.83e+06 , 
 0.0050 ,  +0.01625 ,  +0.00e+00 ,  -7.62e-01 ,  -8.10e-02 ,  -1.69e+00 ,  -5.70e+02 ,  +2.11e+04 ,  +2.50e+06 , 
 0.0050 ,  +0.01619 ,  +0.00e+00 ,  -7.53e-01 ,  -2.15e-01 ,  -1.54e+00 ,  -5.40e+02 ,  +2.43e+04 ,  +2.39e+06 , 
 0.0050 ,  +0.01616 ,  +0.00e+00 ,  -7.48e-01 ,  -3.08e-01 ,  -1.00e+00 ,  -8.27e+02 ,  +2.55e+04 ,  +3.47e+06 , 
 0.0050 ,  +0.01618 ,  +0.00e+00 ,  -7.51e-01 ,  -2.43e-01 ,  -1.92e+00 ,  -7.30e+02 ,  +2.75e+04 ,  +3.15e+06 , 
 0.0100 ,  +0.03253 ,  +0.00e+00 ,  -7.64e-01 ,  -5.73e-02 ,  -8.81e-01 ,  -7.61e+02 ,  +2.02e+04 ,  +3.33e+06 , 
 0.0100 ,  +0.03269 ,  +0.00e+00 ,  -7.71e-01 ,  -1.37e-02 ,  -5.16e-01 ,  -8.31e+02 ,  +2.23e+04 ,  +4.02e+06 , 
 0.1750 ,  +0.57077 ,  +0.00e+00 ,  -7.74e-01 ,  +6.87e-02 ,  +2.92e+00 ,  -3.38e+02 ,  +6.41e+03 ,  +1.96e+06 , 
 0.1750 ,  +0.57017 ,  +0.00e+00 ,  -7.73e-01 ,  +6.57e-02 ,  +3.07e+00 ,  +3.72e+02 ,  +1.37e+04 ,  -1.12e+06 , 
 0.0200 ,  +0.06303 ,  +0.00e+00 ,  -7.83e-01 ,  -1.80e-01 ,  +9.20e+00 ,  -2.58e+02 ,  +1.72e+04 ,  +1.29e+06 , 
 0.0100 ,  +0.02710 ,  +0.00e+00 ,  -6.72e-01 ,  -3.95e-01 ,  +1.52e+01 ,  -5.67e+02 ,  +2.95e+04 ,  +1.16e+06 , 
 0.0150 ,  +0.02852 ,  +0.00e+00 ,  -3.57e-01 ,  -2.39e+00 ,  +2.07e+01 ,  -6.47e+02 ,  +2.26e+04 ,  +1.26e+06 , 
 0.0200 ,  +0.01977 ,  +0.00e+00 ,  -1.06e-01 ,  -2.17e+00 ,  +1.15e+01 ,  -1.51e+02 ,  +6.32e+03 ,  +2.35e+04 , 
 0.0300 ,  +0.01175 ,  +0.00e+00 ,  -2.31e-02 ,  -8.86e-01 ,  +3.84e+00 ,  -4.56e+01 ,  +3.77e+01 ,  +2.11e+05 , 
 0.0320 ,  +0.00439 ,  +0.00e+00 ,  -4.30e-03 ,  -2.58e-01 ,  +9.34e-01 ,  -2.35e+01 ,  -8.65e+02 ,  +1.50e+05 , 
 0.0325 ,  +0.00334 ,  +1.95e-04 ,  -1.08e-03 ,  -1.31e-01 ,  +2.31e-01 ,  +3.86e+01 ,  +1.13e+02 ,  -1.75e+05 , 
