--- model polynom_b (rz > 0). units: [m] for length, [rad] for angle and [m^(n-1)] for polynom_b ---
 len[m]    angle[deg]  PolyB(n=0)   PolyB(n=1)   PolyB(n=2)   PolyB(n=3)   PolyB(n=4)   PolyB(n=5)   PolyB(n=6)   
 0.1250 ,  +0.40597 ,  +0.00e+00 ,  -7.75e-01 ,  +7.07e-02 ,  +8.17e+00 ,  -2.16e+02 ,  -2.46e+04 ,  +1.59e+06 , 
 0.0550 ,  +0.17957 ,  +0.00e+00 ,  -7.74e-01 ,  +1.62e-02 ,  +8.30e+00 ,  +3.06e+02 ,  -3.06e+04 ,  -4.50e+05 , 
 0.0100 ,  +0.03261 ,  +0.00e+00 ,  -7.71e-01 ,  -2.62e-02 ,  +7.70e+00 ,  +5.12e+02 ,  -2.50e+04 ,  -1.54e+06 , 
 0.0050 ,  +0.01624 ,  +0.00e+00 ,  -7.64e-01 ,  -6.26e-02 ,  +5.40e+00 ,  +6.84e+02 ,  -1.64e+04 ,  -2.49e+06 , 
 0.0050 ,  +0.01619 ,  +0.00e+00 ,  -7.56e-01 ,  -1.70e-01 ,  +4.55e+00 ,  +5.66e+02 ,  -1.14e+04 ,  -1.99e+06 , 
 0.0050 ,  +0.01615 ,  +0.00e+00 ,  -7.49e-01 ,  -2.85e-01 ,  +4.96e+00 ,  +4.82e+02 ,  -9.86e+03 ,  -1.67e+06 , 
 0.0050 ,  +0.01617 ,  +0.00e+00 ,  -7.52e-01 ,  -2.50e-01 ,  +4.04e+00 ,  +6.96e+02 ,  -4.60e+03 ,  -2.70e+06 , 
 0.0100 ,  +0.03249 ,  +0.00e+00 ,  -7.63e-01 ,  -7.03e-02 ,  +5.32e+00 ,  +6.76e+02 ,  -1.51e+04 ,  -2.52e+06 , 
 0.0100 ,  +0.03264 ,  +0.00e+00 ,  -7.71e-01 ,  -3.70e-02 ,  +6.60e+00 ,  +8.51e+02 ,  -1.71e+04 ,  -3.07e+06 , 
 0.1750 ,  +0.57006 ,  +0.00e+00 ,  -7.74e-01 ,  +5.02e-02 ,  +4.44e+00 ,  +8.30e+02 ,  +4.49e+03 ,  -3.06e+06 , 
 0.1750 ,  +0.56963 ,  +0.00e+00 ,  -7.74e-01 ,  +1.28e-01 ,  +4.62e+00 ,  -1.28e+02 ,  +1.31e+04 ,  +1.23e+06 , 
 0.0200 ,  +0.06326 ,  +0.00e+00 ,  -7.88e-01 ,  -9.47e-02 ,  +1.42e+01 ,  -8.74e+01 ,  -1.78e+04 ,  +9.19e+05 , 
 0.0100 ,  +0.02750 ,  +0.00e+00 ,  -6.93e-01 ,  -1.26e-01 ,  +1.80e+01 ,  -3.81e+01 ,  -1.17e+03 ,  -6.41e+05 , 
 0.0150 ,  +0.02924 ,  +0.00e+00 ,  -3.79e-01 ,  -2.18e+00 ,  +2.26e+01 ,  -4.08e+00 ,  +1.01e+04 ,  -1.37e+06 , 
 0.0200 ,  +0.02032 ,  +0.00e+00 ,  -1.13e-01 ,  -2.17e+00 ,  +1.35e+01 ,  +1.39e+01 ,  +5.75e+03 ,  -6.33e+05 , 
 0.0300 ,  +0.01210 ,  +0.00e+00 ,  -2.46e-02 ,  -9.02e-01 ,  +4.59e+00 ,  +1.18e+01 ,  +6.60e+02 ,  +1.87e+04 , 
 0.0320 ,  +0.00455 ,  +0.00e+00 ,  -4.62e-03 ,  -2.66e-01 ,  +6.67e-01 ,  -1.38e+00 ,  +1.33e+03 ,  +6.82e+04 , 
 0.0325 ,  +0.00351 ,  +5.91e-04 ,  -1.33e-03 ,  -1.27e-01 ,  +6.81e-01 ,  -8.06e+01 ,  -2.62e+03 ,  +3.68e+05 , 
