--- model polynom_b (rz < 0). units: [m] for length, [rad] for angle and [m^(n-1)] for polynom_b ---
 len[m]    angle[deg]  PolyB(n=0)   PolyB(n=1)   PolyB(n=2)   PolyB(n=3)   PolyB(n=4)   PolyB(n=5)   PolyB(n=6)   
 0.1250 ,  +0.40700 ,  +0.00e+00 ,  -7.75e-01 ,  +7.79e-02 ,  +2.94e+00 ,  +1.52e+02 ,  +1.09e+04 ,  -4.74e+05 , 
 0.0550 ,  +0.17993 ,  +0.00e+00 ,  -7.73e-01 ,  +7.19e-02 ,  +5.96e-01 ,  -1.85e+02 ,  +2.07e+04 ,  +8.78e+05 , 
 0.0100 ,  +0.03264 ,  +0.00e+00 ,  -7.69e-01 ,  +5.25e-02 ,  +1.16e+00 ,  -4.91e+02 ,  +1.84e+04 ,  +1.92e+06 , 
 0.0050 ,  +0.01625 ,  +0.00e+00 ,  -7.61e-01 ,  +9.50e-03 ,  -1.20e-01 ,  -6.31e+02 ,  +2.27e+04 ,  +2.42e+06 , 
 0.0050 ,  +0.01619 ,  +0.00e+00 ,  -7.52e-01 ,  -1.36e-01 ,  +2.84e-01 ,  -5.75e+02 ,  +2.27e+04 ,  +2.18e+06 , 
 0.0050 ,  +0.01616 ,  +0.00e+00 ,  -7.47e-01 ,  -2.45e-01 ,  +1.41e+00 ,  -5.30e+02 ,  +2.16e+04 ,  +2.04e+06 , 
 0.0050 ,  +0.01619 ,  +0.00e+00 ,  -7.51e-01 ,  -1.60e-01 ,  +1.18e+00 ,  -5.28e+02 ,  +1.88e+04 ,  +2.11e+06 , 
 0.0100 ,  +0.03254 ,  +0.00e+00 ,  -7.64e-01 ,  +2.07e-02 ,  +1.90e-01 ,  -5.05e+02 ,  +2.39e+04 ,  +1.98e+06 , 
 0.0100 ,  +0.03269 ,  +0.00e+00 ,  -7.71e-01 ,  +6.35e-02 ,  +1.63e+00 ,  -6.35e+02 ,  +1.92e+04 ,  +2.83e+06 , 
 0.1750 ,  +0.57079 ,  +0.00e+00 ,  -7.74e-01 ,  +1.34e-01 ,  +6.33e+00 ,  -4.26e+02 ,  -1.44e+03 ,  +2.01e+06 , 
 0.1750 ,  +0.57036 ,  +0.00e+00 ,  -7.73e-01 ,  +9.15e-02 ,  +7.73e+00 ,  +1.23e+02 ,  +3.87e+03 ,  -1.76e+05 , 
 0.0200 ,  +0.06300 ,  +0.00e+00 ,  -7.84e-01 ,  -1.78e-01 ,  +1.34e+01 ,  -1.36e+02 ,  +3.10e+03 ,  +1.19e+06 , 
 0.0100 ,  +0.02697 ,  +0.00e+00 ,  -6.66e-01 ,  -4.16e-01 ,  +2.08e+01 ,  -3.86e+02 ,  +8.27e+03 ,  +8.33e+05 , 
 0.0150 ,  +0.02829 ,  +0.00e+00 ,  -3.50e-01 ,  -2.40e+00 ,  +2.55e+01 ,  -3.74e+02 ,  +3.72e+03 ,  +3.73e+05 , 
 0.0200 ,  +0.01968 ,  +0.00e+00 ,  -1.04e-01 ,  -2.15e+00 ,  +1.50e+01 ,  +9.36e+01 ,  -5.20e+03 ,  -7.66e+05 , 
 0.0300 ,  +0.01176 ,  +0.00e+00 ,  -2.31e-02 ,  -8.82e-01 ,  +5.24e+00 ,  +1.32e+02 ,  -3.72e+03 ,  -4.84e+05 , 
 0.0320 ,  +0.00440 ,  +0.00e+00 ,  -4.41e-03 ,  -2.60e-01 ,  +9.40e-01 ,  +4.53e+01 ,  -2.90e+01 ,  -1.35e+05 , 
 0.0325 ,  +0.00336 ,  -1.51e-03 ,  -1.16e-03 ,  -1.32e-01 ,  +4.29e-01 ,  +4.85e+01 ,  -1.83e+03 ,  -1.51e+05 , 
