--- model polynom_b (rz > 0). units: [m] for length, [rad] for angle and [m^(n-1)] for polynom_b ---
 len[m]    angle[deg]  PolyB(n=0)   PolyB(n=1)   PolyB(n=2)   PolyB(n=3)   PolyB(n=4)   PolyB(n=5)   PolyB(n=6)   
 0.1250 ,  +0.40620 ,  +0.00e+00 ,  -7.75e-01 ,  +7.00e-02 ,  +1.82e+00 ,  +2.60e+02 ,  +1.49e+04 ,  -8.45e+05 , 
 0.0550 ,  +0.17959 ,  +0.00e+00 ,  -7.73e-01 ,  +4.31e-02 ,  +1.91e+00 ,  +2.83e+02 ,  +1.41e+04 ,  -1.08e+06 , 
 0.0100 ,  +0.03260 ,  +0.00e+00 ,  -7.70e-01 ,  +2.38e-02 ,  +2.78e+00 ,  +8.63e+01 ,  +1.10e+04 ,  -8.77e+05 , 
 0.0050 ,  +0.01624 ,  +0.00e+00 ,  -7.63e-01 ,  +3.42e-03 ,  +1.47e+00 ,  -1.00e+02 ,  +1.55e+04 ,  -1.23e+05 , 
 0.0050 ,  +0.01618 ,  +0.00e+00 ,  -7.55e-01 ,  -1.10e-01 ,  +2.35e+00 ,  -1.39e+02 ,  +1.24e+04 ,  -5.93e+04 , 
 0.0050 ,  +0.01615 ,  +0.00e+00 ,  -7.48e-01 ,  -2.22e-01 ,  +3.06e+00 ,  -3.42e+02 ,  +1.25e+04 ,  +7.78e+05 , 
 0.0050 ,  +0.01616 ,  +0.00e+00 ,  -7.50e-01 ,  -1.92e-01 ,  +2.23e+00 ,  -1.29e+02 ,  +1.47e+04 ,  -6.63e+04 , 
 0.0100 ,  +0.03248 ,  +0.00e+00 ,  -7.62e-01 ,  +2.28e-03 ,  +1.46e+00 ,  -3.59e+02 ,  +1.73e+04 ,  +9.57e+05 , 
 0.0100 ,  +0.03264 ,  +0.00e+00 ,  -7.70e-01 ,  +3.95e-02 ,  +2.61e+00 ,  -2.32e+02 ,  +1.47e+04 ,  +6.68e+05 , 
 0.1750 ,  +0.57026 ,  +0.00e+00 ,  -7.74e-01 ,  +1.41e-01 ,  +7.23e+00 ,  -4.73e+02 ,  -4.95e+03 ,  +2.21e+06 , 
 0.1750 ,  +0.56961 ,  +0.00e+00 ,  -7.73e-01 ,  +1.01e-01 ,  +9.93e+00 ,  +2.27e+02 ,  -8.41e+03 ,  -3.83e+05 , 
 0.0200 ,  +0.06313 ,  +0.00e+00 ,  -7.84e-01 ,  -2.19e-01 ,  +1.02e+01 ,  +4.21e+02 ,  +1.96e+04 ,  -1.11e+06 , 
 0.0100 ,  +0.02743 ,  +0.00e+00 ,  -6.87e-01 ,  -3.02e-01 ,  +1.66e+01 ,  +1.19e+02 ,  +3.18e+04 ,  -1.16e+06 , 
 0.0150 ,  +0.02916 ,  +0.00e+00 ,  -3.75e-01 ,  -2.30e+00 ,  +2.20e+01 ,  +7.42e+01 ,  +3.07e+04 ,  -1.35e+06 , 
 0.0200 ,  +0.02028 ,  +0.00e+00 ,  -1.11e-01 ,  -2.19e+00 ,  +1.27e+01 ,  +1.72e+01 ,  +1.42e+04 ,  -4.25e+05 , 
 0.0300 ,  +0.01208 ,  +0.00e+00 ,  -2.43e-02 ,  -9.05e-01 ,  +4.38e+00 ,  +2.11e+01 ,  +2.89e+03 ,  +8.35e+04 , 
 0.0320 ,  +0.00453 ,  +0.00e+00 ,  -4.58e-03 ,  -2.67e-01 ,  +7.96e-01 ,  -8.58e+00 ,  +9.48e+02 ,  +1.43e+05 , 
 0.0325 ,  +0.00348 ,  +5.55e-04 ,  -1.32e-03 ,  -1.33e-01 ,  -1.47e-01 ,  +1.15e+01 ,  +1.69e+03 ,  -1.96e+04 , 
