--- model polynom_b (rz > 0). units: [m] for length, [rad] for angle and [m^(n-1)] for polynom_b ---
 len[m]    angle[deg]  PolyB(n=0)   PolyB(n=1)   PolyB(n=2)   PolyB(n=3)   PolyB(n=4)   PolyB(n=5)   PolyB(n=6)   
 0.1250 ,  +0.40615 ,  +0.00e+00 ,  -7.75e-01 ,  +9.85e-02 ,  +3.37e+00 ,  -2.92e+02 ,  +5.68e+03 ,  +2.12e+06 , 
 0.0550 ,  +0.17957 ,  +0.00e+00 ,  -7.74e-01 ,  +9.71e-02 ,  +4.25e+00 ,  -6.81e+02 ,  -3.16e+03 ,  +4.05e+06 , 
 0.0100 ,  +0.03259 ,  +0.00e+00 ,  -7.70e-01 ,  +5.52e-02 ,  +5.04e+00 ,  -4.96e+02 ,  -1.07e+04 ,  +2.92e+06 , 
 0.0050 ,  +0.01624 ,  +0.00e+00 ,  -7.63e-01 ,  +2.90e-02 ,  +3.22e+00 ,  -5.72e+02 ,  -5.09e+03 ,  +2.87e+06 , 
 0.0050 ,  +0.01619 ,  +0.00e+00 ,  -7.55e-01 ,  -1.00e-01 ,  +1.74e+00 ,  -3.90e+02 ,  +3.80e+03 ,  +1.96e+06 , 
 0.0050 ,  +0.01616 ,  +0.00e+00 ,  -7.50e-01 ,  -1.95e-01 ,  +2.63e+00 ,  -5.38e+02 ,  +2.63e+03 ,  +2.48e+06 , 
 0.0050 ,  +0.01619 ,  +0.00e+00 ,  -7.53e-01 ,  -1.34e-01 ,  +3.15e+00 ,  -6.15e+02 ,  -1.71e+03 ,  +2.96e+06 , 
 0.0100 ,  +0.03254 ,  +0.00e+00 ,  -7.64e-01 ,  +2.74e-02 ,  +2.26e+00 ,  -5.79e+02 ,  +1.13e+03 ,  +2.74e+06 , 
 0.0100 ,  +0.03269 ,  +0.00e+00 ,  -7.71e-01 ,  +4.59e-02 ,  +4.94e+00 ,  -2.54e+02 ,  -7.54e+03 ,  +1.49e+06 , 
 0.1750 ,  +0.57092 ,  +0.00e+00 ,  -7.74e-01 ,  +9.67e-02 ,  +6.17e+00 ,  +6.29e+02 ,  -7.07e+03 ,  -2.57e+06 , 
 0.1750 ,  +0.57078 ,  +0.00e+00 ,  -7.74e-01 ,  +1.26e-01 ,  +6.06e+00 ,  +2.88e+02 ,  +1.13e+04 ,  -8.65e+05 , 
 0.0200 ,  +0.06319 ,  +0.00e+00 ,  -7.85e-01 ,  -6.71e-02 ,  +1.38e+01 ,  -4.57e+02 ,  +3.93e+03 ,  +1.98e+06 , 
 0.0100 ,  +0.02717 ,  +0.00e+00 ,  -6.75e-01 ,  -2.20e-01 ,  +2.09e+01 ,  -7.94e+02 ,  +5.46e+03 ,  +2.11e+06 , 
 0.0150 ,  +0.02860 ,  +0.00e+00 ,  -3.58e-01 ,  -2.27e+00 ,  +2.52e+01 ,  -6.28e+02 ,  +6.40e+03 ,  +1.03e+06 , 
 0.0200 ,  +0.01981 ,  +0.00e+00 ,  -1.06e-01 ,  -2.13e+00 ,  +1.42e+01 ,  -1.69e+02 ,  +4.12e+01 ,  +8.05e+04 , 
 0.0300 ,  +0.01171 ,  +0.00e+00 ,  -2.34e-02 ,  -8.81e-01 ,  +4.67e+00 ,  +4.11e+01 ,  -1.45e+03 ,  -1.19e+05 , 
 0.0320 ,  +0.00436 ,  +0.00e+00 ,  -4.43e-03 ,  -2.59e-01 ,  +9.52e-01 ,  +3.04e+01 ,  -2.76e+02 ,  -5.36e+04 , 
 0.0325 ,  +0.00334 ,  +1.06e-04 ,  -1.32e-03 ,  -1.26e-01 ,  +2.60e-02 ,  -6.24e+01 ,  +2.08e+03 ,  +3.00e+05 , 
