--- model polynom_b (rz > 0). units: [m] for length, [rad] for angle and [m^(n-1)] for polynom_b ---
 len[m]    angle[deg]  PolyB(n=0)   PolyB(n=1)   PolyB(n=2)   PolyB(n=3)   PolyB(n=4)   PolyB(n=5)   PolyB(n=6)   
 0.1250 ,  +0.40567 ,  +0.00e+00 ,  -7.77e-01 ,  +4.12e-02 ,  +2.69e-01 ,  -1.84e+02 ,  +2.05e+04 ,  +1.38e+06 , 
 0.0550 ,  +0.17943 ,  +0.00e+00 ,  -7.76e-01 ,  +6.06e-02 ,  -2.23e-01 ,  -6.81e+02 ,  +2.09e+04 ,  +3.26e+06 , 
 0.0100 ,  +0.03258 ,  +0.00e+00 ,  -7.72e-01 ,  +3.57e-02 ,  -1.73e+00 ,  -6.43e+02 ,  +2.75e+04 ,  +2.77e+06 , 
 0.0050 ,  +0.01624 ,  +0.00e+00 ,  -7.66e-01 ,  +8.80e-03 ,  -1.37e+00 ,  -4.66e+02 ,  +2.14e+04 ,  +1.60e+06 , 
 0.0050 ,  +0.01618 ,  +0.00e+00 ,  -7.58e-01 ,  -9.35e-02 ,  +2.47e-01 ,  -5.55e+02 ,  +1.39e+04 ,  +1.82e+06 , 
 0.0050 ,  +0.01615 ,  +0.00e+00 ,  -7.52e-01 ,  -2.21e-01 ,  +9.74e-02 ,  -5.48e+02 ,  +1.93e+04 ,  +2.05e+06 , 
 0.0050 ,  +0.01617 ,  +0.00e+00 ,  -7.54e-01 ,  -1.83e-01 ,  +4.57e-01 ,  -6.86e+02 ,  +1.41e+04 ,  +3.01e+06 , 
 0.0100 ,  +0.03250 ,  +0.00e+00 ,  -7.65e-01 ,  -1.73e-02 ,  +7.89e-01 ,  -5.95e+02 ,  +1.18e+04 ,  +2.49e+06 , 
 0.0100 ,  +0.03265 ,  +0.00e+00 ,  -7.73e-01 ,  +1.90e-02 ,  +1.89e+00 ,  -3.74e+02 ,  +9.66e+03 ,  +1.60e+06 , 
 0.1750 ,  +0.56991 ,  +0.00e+00 ,  -7.75e-01 ,  +1.13e-01 ,  +3.36e+00 ,  -4.34e+02 ,  +9.72e+03 ,  +1.90e+06 , 
 0.1750 ,  +0.56957 ,  +0.00e+00 ,  -7.74e-01 ,  +6.22e-02 ,  +4.50e+00 ,  +7.86e+02 ,  +1.51e+04 ,  -2.91e+06 , 
 0.0200 ,  +0.06332 ,  +0.00e+00 ,  -7.88e-01 ,  -1.15e-01 ,  +4.41e+00 ,  -3.46e+02 ,  +4.59e+04 ,  +2.27e+06 , 
 0.0100 ,  +0.02756 ,  +0.00e+00 ,  -6.92e-01 ,  -1.87e-01 ,  +1.33e+01 ,  -4.30e+02 ,  +3.10e+04 ,  +1.73e+06 , 
 0.0150 ,  +0.02940 ,  +0.00e+00 ,  -3.78e-01 ,  -2.31e+00 ,  +1.99e+01 ,  +1.55e+02 ,  +2.67e+04 ,  -5.84e+05 , 
 0.0200 ,  +0.02059 ,  +0.00e+00 ,  -1.12e-01 ,  -2.32e+00 ,  +1.33e+01 ,  +6.50e+02 ,  +2.75e+03 ,  -1.85e+06 , 
 0.0300 ,  +0.01227 ,  +0.00e+00 ,  -2.46e-02 ,  -9.88e-01 ,  +4.00e+00 ,  +4.85e+02 ,  -2.59e+02 ,  -1.19e+06 , 
 0.0320 ,  +0.00455 ,  +0.00e+00 ,  -4.64e-03 ,  -2.85e-01 ,  +2.86e-01 ,  +1.28e+02 ,  +1.52e+03 ,  -3.13e+05 , 
 0.0325 ,  +0.00346 ,  +1.66e-03 ,  -1.40e-03 ,  -1.42e-01 ,  -7.95e-02 ,  +1.18e+02 ,  +1.74e+03 ,  -4.50e+05 , 
