--- model polynom_b (rz < 0). units: [m] for length, [rad] for angle and [m^(n-1)] for polynom_b ---
 len[m]    angle[deg]  PolyB(n=0)   PolyB(n=1)   PolyB(n=2)   PolyB(n=3)   PolyB(n=4)   PolyB(n=5)   PolyB(n=6)   
 0.1250 ,  +0.40586 ,  +0.00e+00 ,  -7.76e-01 ,  +2.84e-02 ,  +3.58e+00 ,  +1.33e+01 ,  +4.43e+03 ,  +6.42e+05 , 
 0.0550 ,  +0.17952 ,  +0.00e+00 ,  -7.75e-01 ,  -3.03e-03 ,  +6.28e+00 ,  +2.32e+02 ,  -1.08e+04 ,  -2.14e+05 , 
 0.0100 ,  +0.03260 ,  +0.00e+00 ,  -7.71e-01 ,  -1.11e-02 ,  +3.91e+00 ,  -1.06e+02 ,  +2.76e+03 ,  +1.11e+06 , 
 0.0050 ,  +0.01624 ,  +0.00e+00 ,  -7.65e-01 ,  -4.13e-02 ,  +2.45e+00 ,  -1.01e+02 ,  +4.75e+03 ,  +9.57e+05 , 
 0.0050 ,  +0.01619 ,  +0.00e+00 ,  -7.57e-01 ,  -1.58e-01 ,  +2.54e+00 ,  +8.78e+01 ,  +3.87e+03 ,  -1.75e+05 , 
 0.0050 ,  +0.01616 ,  +0.00e+00 ,  -7.51e-01 ,  -2.86e-01 ,  +2.11e+00 ,  +3.09e+02 ,  +1.11e+04 ,  -9.38e+05 , 
 0.0050 ,  +0.01618 ,  +0.00e+00 ,  -7.54e-01 ,  -2.30e-01 ,  +3.52e+00 ,  +2.71e+02 ,  +2.39e+03 ,  -9.28e+05 , 
 0.0100 ,  +0.03253 ,  +0.00e+00 ,  -7.66e-01 ,  -6.92e-02 ,  +2.51e+00 ,  +2.98e+02 ,  +6.08e+03 ,  -8.16e+05 , 
 0.0100 ,  +0.03268 ,  +0.00e+00 ,  -7.73e-01 ,  -4.97e-02 ,  +3.26e+00 ,  +5.94e+02 ,  +5.41e+03 ,  -1.70e+06 , 
 0.1750 ,  +0.57029 ,  +0.00e+00 ,  -7.75e-01 ,  +4.00e-02 ,  +5.46e+00 ,  +6.06e+02 ,  -3.24e+03 ,  -1.74e+06 , 
 0.1750 ,  +0.57018 ,  +0.00e+00 ,  -7.74e-01 ,  +8.86e-02 ,  +3.07e+00 ,  +4.44e+02 ,  +1.93e+04 ,  -1.52e+06 , 
 0.0200 ,  +0.06331 ,  +0.00e+00 ,  -7.89e-01 ,  -5.23e-02 ,  +9.64e+00 ,  -7.92e+02 ,  +1.33e+04 ,  +3.75e+06 , 
 0.0100 ,  +0.02738 ,  +0.00e+00 ,  -6.85e-01 ,  -1.62e-01 ,  +1.72e+01 ,  -8.99e+02 ,  +9.78e+03 ,  +3.13e+06 , 
 0.0150 ,  +0.02899 ,  +0.00e+00 ,  -3.69e-01 ,  -2.25e+00 ,  +2.38e+01 ,  -6.46e+02 ,  +5.08e+03 ,  +1.60e+06 , 
 0.0200 ,  +0.02020 ,  +0.00e+00 ,  -1.10e-01 ,  -2.16e+00 ,  +1.41e+01 ,  -3.38e+02 ,  -2.66e+02 ,  +8.96e+05 , 
 0.0300 ,  +0.01202 ,  +0.00e+00 ,  -2.49e-02 ,  -8.99e-01 ,  +5.07e+00 ,  -7.12e+00 ,  -3.13e+03 ,  +5.46e+04 , 
 0.0320 ,  +0.00448 ,  +0.00e+00 ,  -4.85e-03 ,  -2.64e-01 ,  +1.17e+00 ,  -4.35e+00 ,  -1.18e+03 ,  +5.40e+04 , 
 0.0325 ,  +0.00339 ,  +1.10e-03 ,  -1.26e-03 ,  -1.41e-01 ,  +1.30e-01 ,  +7.61e+01 ,  -7.92e+02 ,  -1.87e+05 , 
