--- model polynom_b (rz > 0). units: [m] for length, [rad] for angle and [m^(n-1)] for polynom_b ---
 len[m]    angle[deg]  PolyB(n=0)   PolyB(n=1)   PolyB(n=2)   PolyB(n=3)   PolyB(n=4)   PolyB(n=5)   PolyB(n=6)   
 0.1250 ,  +0.40646 ,  +0.00e+00 ,  -7.75e-01 ,  +1.20e-02 ,  -2.03e+00 ,  +1.26e+03 ,  +3.90e+04 ,  -5.45e+06 , 
 0.0550 ,  +0.17984 ,  +0.00e+00 ,  -7.74e-01 ,  +4.25e-02 ,  -3.37e+00 ,  +2.81e+02 ,  +4.34e+04 ,  -1.34e+06 , 
 0.0100 ,  +0.03267 ,  +0.00e+00 ,  -7.71e-01 ,  +4.64e-02 ,  -2.35e+00 ,  -4.11e+02 ,  +3.68e+04 ,  +1.54e+06 , 
 0.0050 ,  +0.01628 ,  +0.00e+00 ,  -7.65e-01 ,  -1.58e-03 ,  -2.52e+00 ,  -1.34e+02 ,  +3.56e+04 ,  +3.88e+05 , 
 0.0050 ,  +0.01623 ,  +0.00e+00 ,  -7.58e-01 ,  -7.99e-02 ,  -4.35e+00 ,  -4.68e+02 ,  +4.28e+04 ,  +1.65e+06 , 
 0.0050 ,  +0.01621 ,  +0.00e+00 ,  -7.53e-01 ,  -1.70e-01 ,  -1.91e+00 ,  -4.31e+02 ,  +3.42e+04 ,  +1.41e+06 , 
 0.0050 ,  +0.01622 ,  +0.00e+00 ,  -7.55e-01 ,  -1.46e-01 ,  -3.93e+00 ,  -1.05e+02 ,  +4.14e+04 ,  +4.12e+05 , 
 0.0100 ,  +0.03258 ,  +0.00e+00 ,  -7.65e-01 ,  +4.05e-03 ,  -4.03e+00 ,  -2.67e+02 ,  +4.44e+04 ,  +9.42e+05 , 
 0.0100 ,  +0.03270 ,  +0.00e+00 ,  -7.71e-01 ,  +6.41e-02 ,  -3.96e+00 ,  -6.84e+02 ,  +4.74e+04 ,  +2.77e+06 , 
 0.1750 ,  +0.57070 ,  +0.00e+00 ,  -7.74e-01 ,  +1.52e-01 ,  +1.60e+00 ,  -1.03e+03 ,  +2.36e+04 ,  +4.54e+06 , 
 0.1750 ,  +0.57056 ,  +0.00e+00 ,  -7.74e-01 ,  +7.01e-02 ,  +1.17e+01 ,  +1.42e+02 ,  -2.90e+04 ,  +5.22e+05 , 
 0.0200 ,  +0.06316 ,  +0.00e+00 ,  -7.87e-01 ,  -2.00e-01 ,  +9.29e+00 ,  +1.15e+03 ,  +2.98e+03 ,  -3.65e+06 , 
 0.0100 ,  +0.02707 ,  +0.00e+00 ,  -6.73e-01 ,  -3.39e-01 ,  +1.38e+01 ,  +3.94e+02 ,  +1.82e+04 ,  -2.18e+06 , 
 0.0150 ,  +0.02839 ,  +0.00e+00 ,  -3.55e-01 ,  -2.36e+00 ,  +1.80e+01 ,  +7.22e+01 ,  +2.83e+04 ,  -1.77e+06 , 
 0.0200 ,  +0.01966 ,  +0.00e+00 ,  -1.06e-01 ,  -2.13e+00 ,  +1.07e+01 ,  -2.56e+02 ,  +1.54e+04 ,  +1.15e+05 , 
 0.0300 ,  +0.01171 ,  +0.00e+00 ,  -2.36e-02 ,  -8.71e-01 ,  +4.16e+00 ,  -1.94e+02 ,  +2.92e+03 ,  +6.73e+05 , 
 0.0320 ,  +0.00440 ,  +0.00e+00 ,  -4.48e-03 ,  -2.57e-01 ,  +1.08e+00 ,  -5.87e+01 ,  -2.09e+02 ,  +3.24e+05 , 
 0.0325 ,  +0.00336 ,  -2.25e-04 ,  -1.28e-03 ,  -1.21e-01 ,  +3.72e-01 ,  -1.55e+02 ,  -2.41e+03 ,  +7.58e+05 , 
