--- model polynom_b (rz < 0). units: [m] for length, [rad] for angle and [m^(n-1)] for polynom_b ---
 len[m]    angle[deg]  PolyB(n=0)   PolyB(n=1)   PolyB(n=2)   PolyB(n=3)   PolyB(n=4)   PolyB(n=5)   PolyB(n=6)   
 0.1250 ,  +0.40556 ,  +0.00e+00 ,  -7.75e-01 ,  -4.87e-03 ,  -3.19e+00 ,  -1.46e+01 ,  +2.57e+04 ,  +1.56e+06 , 
 0.0550 ,  +0.17935 ,  +0.00e+00 ,  -7.73e-01 ,  -2.93e-02 ,  -3.16e+00 ,  +2.23e+02 ,  +2.43e+04 ,  +1.39e+05 , 
 0.0100 ,  +0.03255 ,  +0.00e+00 ,  -7.69e-01 ,  -2.21e-02 ,  -2.26e+00 ,  -2.64e+02 ,  +2.10e+04 ,  +1.77e+06 , 
 0.0050 ,  +0.01621 ,  +0.00e+00 ,  -7.62e-01 ,  -5.40e-02 ,  -6.34e+00 ,  -3.22e+02 ,  +3.66e+04 ,  +1.85e+06 , 
 0.0050 ,  +0.01615 ,  +0.00e+00 ,  -7.52e-01 ,  -1.98e-01 ,  -3.19e+00 ,  -1.30e+02 ,  +2.20e+04 ,  +8.24e+05 , 
 0.0050 ,  +0.01612 ,  +0.00e+00 ,  -7.46e-01 ,  -3.35e-01 ,  -2.77e+00 ,  -1.49e+02 ,  +2.29e+04 ,  +1.17e+06 , 
 0.0050 ,  +0.01614 ,  +0.00e+00 ,  -7.49e-01 ,  -2.73e-01 ,  -5.88e+00 ,  -2.31e+02 ,  +3.50e+04 ,  +1.41e+06 , 
 0.0100 ,  +0.03248 ,  +0.00e+00 ,  -7.62e-01 ,  -6.11e-02 ,  -5.13e+00 ,  -3.66e+02 ,  +2.91e+04 ,  +2.02e+06 , 
 0.0100 ,  +0.03266 ,  +0.00e+00 ,  -7.71e-01 ,  -2.14e-02 ,  -2.72e+00 ,  -1.67e+02 ,  +2.48e+04 ,  +1.17e+06 , 
 0.1750 ,  +0.57038 ,  +0.00e+00 ,  -7.74e-01 ,  +6.96e-02 ,  -1.21e+00 ,  -5.06e+01 ,  +2.33e+04 ,  +4.97e+05 , 
 0.1750 ,  +0.56992 ,  +0.00e+00 ,  -7.73e-01 ,  +1.53e-01 ,  +5.72e+00 ,  -7.66e+02 ,  -4.38e+02 ,  +3.50e+06 , 
 0.0200 ,  +0.06328 ,  +0.00e+00 ,  -7.87e-01 ,  -1.40e-01 ,  +1.42e+01 ,  +2.67e+02 ,  -2.00e+04 ,  -6.61e+05 , 
 0.0100 ,  +0.02748 ,  +0.00e+00 ,  -6.89e-01 ,  -2.35e-01 ,  +2.10e+01 ,  +3.21e+02 ,  -1.79e+04 ,  -1.83e+06 , 
 0.0150 ,  +0.02923 ,  +0.00e+00 ,  -3.75e-01 ,  -2.29e+00 ,  +2.45e+01 ,  -5.35e+01 ,  -3.62e+03 ,  -6.29e+05 , 
 0.0200 ,  +0.02042 ,  +0.00e+00 ,  -1.12e-01 ,  -2.25e+00 ,  +1.56e+01 ,  +8.89e+01 ,  -1.11e+04 ,  -5.58e+05 , 
 0.0300 ,  +0.01222 ,  +0.00e+00 ,  -2.48e-02 ,  -9.46e-01 ,  +5.59e+00 ,  +1.52e+02 ,  -7.39e+03 ,  -4.19e+05 , 
 0.0320 ,  +0.00457 ,  +0.00e+00 ,  -4.71e-03 ,  -2.81e-01 ,  +9.73e-01 ,  +1.18e+02 ,  -8.71e+02 ,  -3.97e+05 , 
 0.0325 ,  +0.00348 ,  +9.26e-04 ,  -1.22e-03 ,  -1.24e-01 ,  +2.26e-01 ,  -1.83e+02 ,  +7.60e+02 ,  +7.91e+05 , 
