--- model polynom_b (rz < 0). units: [m] for length, [rad] for angle and [m^(n-1)] for polynom_b ---
 len[m]     angle[deg]     PolyB(n=0)     PolyB(n=1)     PolyB(n=2)     PolyB(n=3)     PolyB(n=4)     PolyB(n=5)     PolyB(n=6)    
 0.1250 ,  +0.40656346 ,  -2.9530e-05 ,  -7.7630e-01 ,  +4.8702e-02 ,  +2.6142e-01 ,  -2.2610e+02 ,  +1.7003e+04 ,  +1.2931e+06 , 
 0.0550 ,  +0.17996464 ,  -7.3250e-05 ,  -7.7509e-01 ,  +2.3777e-03 ,  +1.1553e+00 ,  +1.3035e+02 ,  +1.3039e+04 ,  -3.1680e+05 , 
 0.0100 ,  +0.03293975 ,  -5.6237e-04 ,  -7.7106e-01 ,  -1.3675e-02 ,  +1.5995e+00 ,  -1.0188e+02 ,  +9.3029e+03 ,  +4.5895e+05 , 
 0.0050 ,  +0.01656680 ,  -1.1418e-03 ,  -7.6290e-01 ,  -6.3606e-02 ,  +2.9671e-01 ,  -2.1559e+02 ,  +1.1804e+04 ,  +7.3950e+05 , 
 0.0050 ,  +0.01651365 ,  -1.1408e-03 ,  -7.5449e-01 ,  -2.1364e-01 ,  +3.0721e+00 ,  +2.7852e+01 ,  +1.5179e+03 ,  -3.9856e+05 , 
 0.0050 ,  +0.01649154 ,  -1.1259e-03 ,  -7.5112e-01 ,  -2.6838e-01 ,  +1.5646e+00 ,  -1.4155e+02 ,  +8.9052e+03 ,  +4.4731e+05 , 
 0.0050 ,  +0.01650144 ,  -1.0438e-03 ,  -7.5695e-01 ,  -1.6407e-01 ,  +2.8747e+00 ,  -5.8187e+01 ,  -5.6250e+02 ,  +1.6319e+05 , 
 0.0100 ,  +0.03287860 ,  -5.4430e-04 ,  -7.6812e-01 ,  -3.7601e-02 ,  +2.1808e+00 ,  +1.5808e+02 ,  +6.9052e+03 ,  -5.8818e+05 , 
 0.0100 ,  +0.03298718 ,  -5.1506e-04 ,  -7.7372e-01 ,  -1.5517e-02 ,  +1.3397e+00 ,  +1.3724e+02 ,  +1.5211e+04 ,  -2.9882e+05 , 
 0.1750 ,  +0.57105325 ,  -9.3909e-05 ,  -7.7527e-01 ,  +1.1424e-01 ,  +2.4959e+00 ,  -8.3459e+02 ,  +1.2761e+04 ,  +4.3299e+06 , 
 0.1750 ,  +0.57056492 ,  -5.2835e-05 ,  -7.7534e-01 ,  +7.1491e-02 ,  +8.8417e+00 ,  +1.6887e+02 ,  -9.5582e+03 ,  -3.5235e+05 , 
 0.0200 ,  +0.06295733 ,  -3.9904e-04 ,  -7.8549e-01 ,  -1.4823e-01 ,  +1.0206e+01 ,  +4.4557e+02 ,  +1.8939e+04 ,  -1.0723e+06 , 
 0.0100 ,  +0.02639409 ,  -8.1963e-04 ,  -6.3061e-01 ,  -6.8133e-01 ,  +1.7929e+01 ,  +1.4406e+02 ,  +1.6153e+04 ,  -6.6299e+05 , 
 0.0150 ,  +0.02756609 ,  -1.3594e-03 ,  -3.1011e-01 ,  -2.6254e+00 ,  +2.2544e+01 ,  +4.7690e+02 ,  +6.2219e+03 ,  -1.9182e+06 , 
 0.0200 ,  +0.01913081 ,  -8.7481e-04 ,  -9.1770e-02 ,  -2.1169e+00 ,  +1.2515e+01 ,  +6.6973e+02 ,  -3.4397e+03 ,  -2.1096e+06 , 
 0.0300 ,  +0.01151016 ,  -3.8954e-04 ,  -2.0960e-02 ,  -8.5730e-01 ,  +3.5272e+00 ,  +4.2564e+02 ,  +1.6914e+01 ,  -1.3011e+06 , 
 0.0320 ,  +0.00439865 ,  -1.5550e-04 ,  -4.0396e-03 ,  -2.5016e-01 ,  +4.7088e-01 ,  +1.3116e+02 ,  +7.5806e+02 ,  -3.9574e+05 , 
 0.0325 ,  +0.00321764 ,  -8.9684e-06 ,  -1.0042e-03 ,  -1.3885e-01 ,  -8.6980e-01 ,  +2.1078e+02 ,  +5.1173e+03 ,  -7.2790e+05 , 
