--- model polynom_b (rz < 0). units: [m] for length, [rad] for angle and [m^(n-1)] for polynom_b ---
 len[m]     angle[deg]     PolyB(n=0)     PolyB(n=1)     PolyB(n=2)     PolyB(n=3)     PolyB(n=4)     PolyB(n=5)     PolyB(n=6)    
 0.1250 ,  +0.40656346 ,  -2.4797e-05 ,  -7.7433e-01 ,  +2.4086e-02 ,  -3.7163e-01 ,  +1.0886e+03 ,  +3.1395e+04 ,  -4.7034e+06 , 
 0.0550 ,  +0.17996464 ,  -6.6750e-05 ,  -7.7323e-01 ,  +3.9095e-02 ,  -3.4824e-01 ,  +3.7651e+02 ,  +2.9910e+04 ,  -1.4203e+06 , 
 0.0100 ,  +0.03293975 ,  -5.6709e-04 ,  -7.6894e-01 ,  +2.0100e-02 ,  -1.7190e+00 ,  +1.9607e+02 ,  +3.7442e+04 ,  -8.2803e+05 , 
 0.0050 ,  +0.01656680 ,  -1.1551e-03 ,  -7.6056e-01 ,  -3.0110e-02 ,  -4.4501e+00 ,  +2.2671e+02 ,  +4.6502e+04 ,  -1.1325e+06 , 
 0.0050 ,  +0.01651365 ,  -1.1708e-03 ,  -7.5122e-01 ,  -1.6220e-01 ,  -3.1747e+00 ,  -5.7931e+01 ,  +4.2103e+04 ,  +1.0340e+05 , 
 0.0050 ,  +0.01649154 ,  -1.1741e-03 ,  -7.4655e-01 ,  -2.3974e-01 ,  -2.4051e+00 ,  -3.6283e+02 ,  +4.4336e+04 ,  +1.3425e+06 , 
 0.0050 ,  +0.01650144 ,  -1.0885e-03 ,  -7.5204e-01 ,  -1.4965e-01 ,  -2.3879e+00 ,  -8.2490e+01 ,  +3.9102e+04 ,  -4.9498e+02 , 
 0.0100 ,  +0.03287860 ,  -5.4268e-04 ,  -7.6506e-01 ,  +3.2168e-02 ,  -8.4470e-01 ,  -2.6571e+02 ,  +3.1702e+04 ,  +8.8634e+05 , 
 0.0100 ,  +0.03298718 ,  -4.6536e-04 ,  -7.7192e-01 ,  +5.0648e-02 ,  +1.7511e+00 ,  -2.4210e+02 ,  +2.0109e+04 ,  +1.2130e+06 , 
 0.1750 ,  +0.57105325 ,  -7.5724e-06 ,  -7.7400e-01 ,  +1.6619e-01 ,  +7.2229e+00 ,  -9.7620e+02 ,  -5.9029e+03 ,  +4.7128e+06 , 
 0.1750 ,  +0.57056492 ,  +1.6336e-05 ,  -7.7370e-01 ,  +8.5450e-02 ,  +9.4288e+00 ,  +4.5238e+02 ,  -1.2671e+04 ,  -1.1466e+06 , 
 0.0200 ,  +0.06295733 ,  -6.2959e-05 ,  -7.8516e-01 ,  -7.8097e-02 ,  +1.3893e+01 ,  -1.2246e+02 ,  -9.0337e+03 ,  +1.7031e+06 , 
 0.0100 ,  +0.02639409 ,  +1.8728e-04 ,  -6.4774e-01 ,  -4.5802e-01 ,  +1.6858e+01 ,  -2.3755e+02 ,  +1.4939e+04 ,  +4.7642e+05 , 
 0.0150 ,  +0.02756609 ,  -2.2841e-04 ,  -3.2582e-01 ,  -2.4486e+00 ,  +1.9712e+01 ,  -3.6207e+02 ,  +2.2979e+04 ,  +1.7327e+05 , 
 0.0200 ,  +0.01913081 ,  -1.5897e-04 ,  -9.5307e-02 ,  -2.0538e+00 ,  +1.0266e+01 ,  -4.1614e+02 ,  +1.3373e+04 ,  +8.1240e+05 , 
 0.0300 ,  +0.01151016 ,  -1.3277e-04 ,  -2.1453e-02 ,  -8.2563e-01 ,  +3.4001e+00 ,  -2.3845e+02 ,  +4.2546e+03 ,  +7.8721e+05 , 
 0.0320 ,  +0.00439865 ,  -1.0431e-04 ,  -4.1486e-03 ,  -2.3876e-01 ,  +9.2154e-01 ,  -8.4894e+01 ,  -3.8739e+02 ,  +3.4001e+05 , 
 0.0325 ,  +0.00321764 ,  +1.1791e-06 ,  -1.0501e-03 ,  -1.1479e-01 ,  -6.0576e-01 ,  -8.7447e+01 ,  +3.3738e+03 ,  +3.5285e+05 , 
