--- model polynom_b (rz < 0). units: [m] for length, [rad] for angle and [m^(n-1)] for polynom_b ---
 len[m]    angle[deg]  PolyB(n=0)   PolyB(n=1)   PolyB(n=2)   PolyB(n=3)   PolyB(n=4)   PolyB(n=5)   PolyB(n=6)   
 0.1250 ,  +0.40633 ,  +0.00e+00 ,  -7.74e-01 ,  +1.38e-01 ,  -7.47e+00 ,  -8.37e+02 ,  +5.80e+04 ,  +4.07e+06 , 
 0.0550 ,  +0.17964 ,  +0.00e+00 ,  -7.72e-01 ,  +1.31e-01 ,  -5.12e+00 ,  -1.01e+03 ,  +4.39e+04 ,  +4.24e+06 , 
 0.0100 ,  +0.03259 ,  +0.00e+00 ,  -7.68e-01 ,  +1.12e-01 ,  -2.67e+00 ,  -1.31e+03 ,  +3.59e+04 ,  +5.00e+06 , 
 0.0050 ,  +0.01622 ,  +0.00e+00 ,  -7.60e-01 ,  +7.05e-02 ,  -2.26e+00 ,  -1.35e+03 ,  +2.95e+04 ,  +4.81e+06 , 
 0.0050 ,  +0.01617 ,  +0.00e+00 ,  -7.51e-01 ,  -9.12e-02 ,  -3.23e+00 ,  -1.00e+03 ,  +3.49e+04 ,  +3.22e+06 , 
 0.0050 ,  +0.01614 ,  +0.00e+00 ,  -7.45e-01 ,  -1.96e-01 ,  -1.64e+00 ,  -1.15e+03 ,  +3.22e+04 ,  +3.87e+06 , 
 0.0050 ,  +0.01617 ,  +0.00e+00 ,  -7.49e-01 ,  -1.15e-01 ,  -4.68e+00 ,  -1.07e+03 ,  +4.32e+04 ,  +3.47e+06 , 
 0.0100 ,  +0.03252 ,  +0.00e+00 ,  -7.63e-01 ,  +9.85e-02 ,  -4.36e+00 ,  -1.50e+03 ,  +4.10e+04 ,  +5.30e+06 , 
 0.0100 ,  +0.03268 ,  +0.00e+00 ,  -7.70e-01 ,  +1.37e-01 ,  -1.06e+00 ,  -1.49e+03 ,  +2.70e+04 ,  +5.41e+06 , 
 0.1750 ,  +0.57089 ,  +0.00e+00 ,  -7.74e-01 ,  +2.02e-01 ,  +4.51e+00 ,  -1.04e+03 ,  +9.44e+03 ,  +3.37e+06 , 
 0.1750 ,  +0.57043 ,  +0.00e+00 ,  -7.73e-01 ,  +1.18e-01 ,  +1.58e+01 ,  -1.07e+02 ,  -3.69e+04 ,  +1.12e+06 , 
 0.0200 ,  +0.06309 ,  +0.00e+00 ,  -7.83e-01 ,  -2.67e-01 ,  +1.97e+01 ,  +1.14e+03 ,  -3.02e+04 ,  -3.43e+06 , 
 0.0100 ,  +0.02712 ,  +0.00e+00 ,  -6.69e-01 ,  -4.82e-01 ,  +2.37e+01 ,  +6.17e+02 ,  -8.77e+03 ,  -2.67e+06 , 
 0.0150 ,  +0.02859 ,  +0.00e+00 ,  -3.53e-01 ,  -2.46e+00 ,  +2.45e+01 ,  +2.21e+02 ,  +4.36e+03 ,  -1.63e+06 , 
 0.0200 ,  +0.01997 ,  +0.00e+00 ,  -1.04e-01 ,  -2.21e+00 ,  +1.27e+01 ,  +2.51e+02 ,  +6.65e+01 ,  -1.22e+06 , 
 0.0300 ,  +0.01190 ,  +0.00e+00 ,  -2.32e-02 ,  -9.05e-01 ,  +3.40e+00 ,  +1.60e+02 ,  +2.21e+03 ,  -5.48e+05 , 
 0.0320 ,  +0.00441 ,  +0.00e+00 ,  -4.42e-03 ,  -2.61e-01 ,  +3.52e-01 ,  +1.50e+01 ,  +1.93e+03 ,  -1.66e+04 , 
 0.0325 ,  +0.00334 ,  +6.13e-04 ,  -1.19e-03 ,  -1.21e-01 ,  +4.40e-01 ,  -1.32e+02 ,  -1.54e+03 ,  +5.85e+05 , 
