--- model polynom_b (rz > 0). units: [m] for length, [rad] for angle and [m^(n-1)] for polynom_b ---
 len[m]    angle[deg]  PolyB(n=0)   PolyB(n=1)   PolyB(n=2)   PolyB(n=3)   PolyB(n=4)   PolyB(n=5)   PolyB(n=6)   
 0.1250 ,  +0.40577 ,  +0.00e+00 ,  -7.75e-01 ,  -1.00e-02 ,  -2.03e+00 ,  -1.63e+02 ,  +2.75e+04 ,  +2.15e+06 , 
 0.0550 ,  +0.17942 ,  +0.00e+00 ,  -7.74e-01 ,  -3.62e-02 ,  -3.38e+00 ,  +1.53e+01 ,  +3.23e+04 ,  +1.22e+06 , 
 0.0100 ,  +0.03257 ,  +0.00e+00 ,  -7.70e-01 ,  -4.09e-02 ,  -2.21e+00 ,  -4.19e+02 ,  +2.67e+04 ,  +2.80e+06 , 
 0.0050 ,  +0.01623 ,  +0.00e+00 ,  -7.63e-01 ,  -4.69e-02 ,  -2.37e+00 ,  -1.00e+03 ,  +2.67e+04 ,  +5.34e+06 , 
 0.0050 ,  +0.01618 ,  +0.00e+00 ,  -7.55e-01 ,  -1.72e-01 ,  -3.66e+00 ,  -9.87e+02 ,  +3.08e+04 ,  +5.18e+06 , 
 0.0050 ,  +0.01615 ,  +0.00e+00 ,  -7.49e-01 ,  -3.10e-01 ,  -2.92e+00 ,  -4.90e+02 ,  +2.96e+04 ,  +2.89e+06 , 
 0.0050 ,  +0.01617 ,  +0.00e+00 ,  -7.52e-01 ,  -2.66e-01 ,  -2.42e+00 ,  -2.52e+02 ,  +2.39e+04 ,  +1.89e+06 , 
 0.0100 ,  +0.03252 ,  +0.00e+00 ,  -7.64e-01 ,  -1.12e-01 ,  -3.16e+00 ,  +5.18e+01 ,  +2.40e+04 ,  +6.29e+05 , 
 0.0100 ,  +0.03268 ,  +0.00e+00 ,  -7.72e-01 ,  -6.77e-02 ,  -2.16e+00 ,  -5.96e+01 ,  +2.50e+04 ,  +1.26e+06 , 
 0.1750 ,  +0.57069 ,  +0.00e+00 ,  -7.74e-01 ,  +3.88e-02 ,  +9.64e-01 ,  -1.93e+02 ,  +9.97e+03 ,  +1.66e+06 , 
 0.1750 ,  +0.57016 ,  +0.00e+00 ,  -7.74e-01 ,  +5.21e-02 ,  +4.42e+00 ,  +4.21e+02 ,  +9.27e+02 ,  -1.62e+06 , 
 0.0200 ,  +0.06319 ,  +0.00e+00 ,  -7.85e-01 ,  -1.75e-01 ,  +9.33e+00 ,  +2.12e+02 ,  +5.21e+03 ,  -1.66e+05 , 
 0.0100 ,  +0.02734 ,  +0.00e+00 ,  -6.82e-01 ,  -2.86e-01 ,  +1.54e+01 ,  -2.14e+02 ,  +1.09e+04 ,  +2.65e+05 , 
 0.0150 ,  +0.02899 ,  +0.00e+00 ,  -3.67e-01 ,  -2.34e+00 ,  +1.88e+01 ,  -1.95e+01 ,  +2.19e+04 ,  -1.05e+06 , 
 0.0200 ,  +0.02026 ,  +0.00e+00 ,  -1.10e-01 ,  -2.20e+00 ,  +9.45e+00 ,  -4.82e+01 ,  +1.46e+04 ,  -2.71e+05 , 
 0.0300 ,  +0.01204 ,  +0.00e+00 ,  -2.48e-02 ,  -9.08e-01 ,  +3.34e+00 ,  +3.77e+01 ,  +2.27e+03 ,  -1.37e+05 , 
 0.0320 ,  +0.00446 ,  +0.00e+00 ,  -4.72e-03 ,  -2.66e-01 ,  +6.46e-01 ,  +3.28e+01 ,  +7.34e+02 ,  -7.94e+04 , 
 0.0325 ,  +0.00338 ,  +4.34e-04 ,  -1.33e-03 ,  -1.20e-01 ,  +5.31e-01 ,  -2.11e+02 ,  -2.59e+03 ,  +1.01e+06 , 
