--- model polynom_b (rz < 0). units: [m] for length, [rad] for angle and [m^(n-1)] for polynom_b ---
 len[m]    angle[deg]  PolyB(n=0)   PolyB(n=1)   PolyB(n=2)   PolyB(n=3)   PolyB(n=4)   PolyB(n=5)   PolyB(n=6)   
 0.1250 ,  +0.40629 ,  +0.00e+00 ,  -7.75e-01 ,  +1.30e-02 ,  -4.40e+00 ,  +2.37e+02 ,  +3.05e+04 ,  -5.02e+05 , 
 0.0550 ,  +0.17967 ,  +0.00e+00 ,  -7.74e-01 ,  +9.96e-03 ,  -5.69e+00 ,  -1.14e+02 ,  +3.84e+04 ,  +9.77e+05 , 
 0.0100 ,  +0.03262 ,  +0.00e+00 ,  -7.70e-01 ,  -2.21e-02 ,  -6.54e+00 ,  -1.05e+02 ,  +4.28e+04 ,  +4.49e+05 , 
 0.0050 ,  +0.01625 ,  +0.00e+00 ,  -7.63e-01 ,  -7.83e-02 ,  -5.89e+00 ,  +2.14e+02 ,  +3.58e+04 ,  -9.50e+05 , 
 0.0050 ,  +0.01620 ,  +0.00e+00 ,  -7.55e-01 ,  -1.64e-01 ,  -5.61e+00 ,  -1.39e+02 ,  +3.47e+04 ,  +2.73e+05 , 
 0.0050 ,  +0.01618 ,  +0.00e+00 ,  -7.51e-01 ,  -2.63e-01 ,  -3.63e+00 ,  -1.43e+01 ,  +2.80e+04 ,  -3.16e+05 , 
 0.0050 ,  +0.01620 ,  +0.00e+00 ,  -7.54e-01 ,  -1.82e-01 ,  -3.60e+00 ,  -2.74e+02 ,  +2.57e+04 ,  +7.56e+05 , 
 0.0100 ,  +0.03256 ,  +0.00e+00 ,  -7.65e-01 ,  -4.00e-02 ,  -4.16e+00 ,  -1.63e+02 ,  +2.95e+04 ,  +3.52e+05 , 
 0.0100 ,  +0.03270 ,  +0.00e+00 ,  -7.72e-01 ,  -1.49e-02 ,  -1.24e+00 ,  -2.90e+01 ,  +1.92e+04 ,  +3.57e+04 , 
 0.1750 ,  +0.57095 ,  +0.00e+00 ,  -7.75e-01 ,  +9.17e-02 ,  +8.54e-01 ,  -2.61e+02 ,  +1.85e+04 ,  +1.17e+06 , 
 0.1750 ,  +0.57073 ,  +0.00e+00 ,  -7.74e-01 ,  +9.74e-02 ,  +8.90e+00 ,  -1.64e+02 ,  -1.65e+04 ,  +1.51e+06 , 
 0.0200 ,  +0.06311 ,  +0.00e+00 ,  -7.86e-01 ,  -1.81e-01 ,  +1.02e+01 ,  +6.22e+02 ,  +5.84e+03 ,  -2.03e+06 , 
 0.0100 ,  +0.02704 ,  +0.00e+00 ,  -6.70e-01 ,  -3.96e-01 ,  +1.44e+01 ,  +3.70e+02 ,  +2.47e+04 ,  -2.43e+06 , 
 0.0150 ,  +0.02837 ,  +0.00e+00 ,  -3.53e-01 ,  -2.40e+00 ,  +1.92e+01 ,  +9.22e+01 ,  +2.29e+04 ,  -1.73e+06 , 
 0.0200 ,  +0.01973 ,  +0.00e+00 ,  -1.05e-01 ,  -2.16e+00 ,  +1.02e+01 ,  +7.86e+01 ,  +1.10e+04 ,  -8.64e+05 , 
 0.0300 ,  +0.01179 ,  +0.00e+00 ,  -2.35e-02 ,  -8.88e-01 ,  +3.17e+00 ,  +7.38e+01 ,  +3.79e+03 ,  -2.81e+05 , 
 0.0320 ,  +0.00442 ,  +0.00e+00 ,  -4.47e-03 ,  -2.61e-01 ,  +6.15e-01 ,  +3.26e+01 ,  +1.14e+03 ,  -9.32e+04 , 
 0.0325 ,  +0.00339 ,  -2.79e-04 ,  -1.16e-03 ,  -1.21e-01 ,  +8.96e-01 ,  -9.51e+01 ,  -2.96e+03 ,  +3.47e+05 , 
