--- model polynom_b (rz > 0). units: [m] for length, [rad] for angle and [m^(n-1)] for polynom_b ---
 len[m]    angle[deg]  PolyB(n=0)   PolyB(n=1)   PolyB(n=2)   PolyB(n=3)   PolyB(n=4)   PolyB(n=5)   PolyB(n=6)   
 0.1250 ,  +0.40624 ,  +0.00e+00 ,  -7.75e-01 ,  +2.51e-02 ,  -2.97e+00 ,  -2.21e+00 ,  +2.27e+04 ,  +5.43e+05 , 
 0.0550 ,  +0.17961 ,  +0.00e+00 ,  -7.74e-01 ,  +6.34e-02 ,  +4.54e-01 ,  -8.14e+02 ,  +5.62e+03 ,  +3.67e+06 , 
 0.0100 ,  +0.03260 ,  +0.00e+00 ,  -7.70e-01 ,  +3.33e-02 ,  -1.48e-01 ,  -8.98e+02 ,  +9.83e+03 ,  +3.81e+06 , 
 0.0050 ,  +0.01624 ,  +0.00e+00 ,  -7.62e-01 ,  +1.51e-02 ,  -1.94e+00 ,  -1.24e+03 ,  +1.49e+04 ,  +5.06e+06 , 
 0.0050 ,  +0.01618 ,  +0.00e+00 ,  -7.54e-01 ,  -1.29e-01 ,  -1.20e+00 ,  -8.14e+02 ,  +1.29e+04 ,  +3.02e+06 , 
 0.0050 ,  +0.01615 ,  +0.00e+00 ,  -7.48e-01 ,  -2.22e-01 ,  +6.81e-01 ,  -1.09e+03 ,  +5.40e+03 ,  +4.22e+06 , 
 0.0050 ,  +0.01618 ,  +0.00e+00 ,  -7.52e-01 ,  -1.82e-01 ,  -1.27e+00 ,  -7.23e+02 ,  +1.56e+04 ,  +2.75e+06 , 
 0.0100 ,  +0.03252 ,  +0.00e+00 ,  -7.64e-01 ,  -7.57e-03 ,  +8.48e-01 ,  -6.95e+02 ,  +9.14e+02 ,  +2.58e+06 , 
 0.0100 ,  +0.03268 ,  +0.00e+00 ,  -7.71e-01 ,  +2.36e-02 ,  +2.99e+00 ,  -5.97e+02 ,  -5.73e+03 ,  +2.39e+06 , 
 0.1750 ,  +0.57071 ,  +0.00e+00 ,  -7.74e-01 ,  +7.94e-02 ,  +4.94e+00 ,  +1.59e+02 ,  -9.62e+03 ,  -9.90e+05 , 
 0.1750 ,  +0.57037 ,  +0.00e+00 ,  -7.74e-01 ,  +7.14e-02 ,  +6.30e+00 ,  +5.84e+02 ,  +3.84e+03 ,  -2.01e+06 , 
 0.0200 ,  +0.06314 ,  +0.00e+00 ,  -7.85e-01 ,  -1.29e-01 ,  +6.59e+00 ,  -3.78e+02 ,  +2.92e+04 ,  +2.44e+06 , 
 0.0100 ,  +0.02719 ,  +0.00e+00 ,  -6.76e-01 ,  -2.96e-01 ,  +1.43e+01 ,  -5.29e+02 ,  +2.80e+04 ,  +1.43e+06 , 
 0.0150 ,  +0.02867 ,  +0.00e+00 ,  -3.60e-01 ,  -2.34e+00 ,  +2.00e+01 ,  -3.06e+02 ,  +2.27e+04 ,  -6.14e+04 , 
 0.0200 ,  +0.01995 ,  +0.00e+00 ,  -1.07e-01 ,  -2.16e+00 ,  +1.09e+01 ,  -1.05e+02 ,  +9.92e+03 ,  -2.73e+05 , 
 0.0300 ,  +0.01190 ,  +0.00e+00 ,  -2.41e-02 ,  -8.89e-01 ,  +3.84e+00 ,  -3.23e+01 ,  +1.07e+03 ,  +9.26e+04 , 
 0.0320 ,  +0.00445 ,  +0.00e+00 ,  -4.66e-03 ,  -2.61e-01 ,  +7.72e-01 ,  +1.19e+01 ,  +5.61e+02 ,  -2.55e+04 , 
 0.0325 ,  +0.00342 ,  -2.67e-04 ,  -1.47e-03 ,  -1.22e-01 ,  +1.51e+00 ,  -1.02e+02 ,  -5.87e+03 ,  +5.15e+05 , 
