--- model polynom_b (rz < 0). units: [m] for length, [rad] for angle and [m^(n-1)] for polynom_b ---
 len[m]    angle[deg]  PolyB(n=0)   PolyB(n=1)   PolyB(n=2)   PolyB(n=3)   PolyB(n=4)   PolyB(n=5)   PolyB(n=6)   
 0.1250 ,  +0.40715 ,  +0.00e+00 ,  -7.76e-01 ,  +5.09e-02 ,  +5.07e+00 ,  -3.11e+02 ,  -3.76e+03 ,  +1.98e+06 , 
 0.0550 ,  +0.17998 ,  +0.00e+00 ,  -7.74e-01 ,  +5.75e-02 ,  +5.80e+00 ,  -8.12e+02 ,  -1.13e+04 ,  +4.00e+06 , 
 0.0100 ,  +0.03266 ,  +0.00e+00 ,  -7.70e-01 ,  +7.80e-03 ,  +5.24e+00 ,  -6.27e+02 ,  -8.40e+03 ,  +3.12e+06 , 
 0.0050 ,  +0.01627 ,  +0.00e+00 ,  -7.62e-01 ,  -4.71e-02 ,  +3.33e+00 ,  -5.73e+02 ,  -3.43e+03 ,  +2.84e+06 , 
 0.0050 ,  +0.01621 ,  +0.00e+00 ,  -7.54e-01 ,  -1.62e-01 ,  +3.87e+00 ,  -8.91e+02 ,  -3.92e+03 ,  +4.17e+06 , 
 0.0050 ,  +0.01619 ,  +0.00e+00 ,  -7.50e-01 ,  -2.54e-01 ,  +3.76e+00 ,  -8.14e+02 ,  -1.80e+03 ,  +3.91e+06 , 
 0.0050 ,  +0.01623 ,  +0.00e+00 ,  -7.55e-01 ,  -1.69e-01 ,  +5.20e+00 ,  -6.95e+02 ,  -1.25e+04 ,  +3.41e+06 , 
 0.0100 ,  +0.03262 ,  +0.00e+00 ,  -7.66e-01 ,  -1.07e-02 ,  +4.40e+00 ,  -6.46e+02 ,  -5.64e+03 ,  +3.22e+06 , 
 0.0100 ,  +0.03276 ,  +0.00e+00 ,  -7.73e-01 ,  +4.34e-03 ,  +5.56e+00 ,  -4.76e+02 ,  -9.36e+03 ,  +2.64e+06 , 
 0.1750 ,  +0.57155 ,  +0.00e+00 ,  -7.75e-01 ,  +6.62e-02 ,  +8.88e+00 ,  +7.45e+01 ,  -2.30e+04 ,  +2.93e+05 , 
 0.1750 ,  +0.57101 ,  +0.00e+00 ,  -7.74e-01 ,  +6.46e-02 ,  +3.55e+00 ,  +7.04e+02 ,  +1.51e+04 ,  -2.50e+06 , 
 0.0200 ,  +0.06296 ,  +0.00e+00 ,  -7.85e-01 ,  -4.76e-02 ,  +1.06e+01 ,  -1.03e+03 ,  +9.23e+03 ,  +4.39e+06 , 
 0.0100 ,  +0.02672 ,  +0.00e+00 ,  -6.58e-01 ,  -3.45e-01 ,  +1.85e+01 ,  -1.35e+03 ,  +9.34e+03 ,  +4.26e+06 , 
 0.0150 ,  +0.02777 ,  +0.00e+00 ,  -3.39e-01 ,  -2.36e+00 ,  +2.21e+01 ,  -1.08e+03 ,  +9.85e+03 ,  +2.87e+06 , 
 0.0200 ,  +0.01918 ,  +0.00e+00 ,  -1.00e-01 ,  -2.08e+00 ,  +1.22e+01 ,  -4.26e+02 ,  +4.45e+02 ,  +1.01e+06 , 
 0.0300 ,  +0.01140 ,  +0.00e+00 ,  -2.24e-02 ,  -8.52e-01 ,  +4.41e+00 ,  -4.03e+01 ,  -3.21e+03 ,  +1.20e+05 , 
 0.0320 ,  +0.00427 ,  +0.00e+00 ,  -4.33e-03 ,  -2.52e-01 ,  +9.87e-01 ,  +2.50e+01 ,  -1.13e+03 ,  -6.41e+04 , 
 0.0325 ,  +0.00327 ,  -1.71e-03 ,  -1.11e-03 ,  -1.19e-01 ,  +4.08e-01 ,  -4.12e+01 ,  -2.06e+03 ,  +1.20e+05 , 
