--- model polynom_b (rz > 0). units: [m] for length, [rad] for angle and [m^(n-1)] for polynom_b ---
 len[m]    angle[deg]  PolyB(n=0)   PolyB(n=1)   PolyB(n=2)   PolyB(n=3)   PolyB(n=4)   PolyB(n=5)   PolyB(n=6)   
 0.1250 ,  +0.40587 ,  +0.00e+00 ,  -7.75e-01 ,  +7.48e-02 ,  -5.11e-01 ,  -7.92e+02 ,  +1.44e+04 ,  +4.19e+06 , 
 0.0550 ,  +0.17950 ,  +0.00e+00 ,  -7.74e-01 ,  +6.35e-02 ,  +1.78e+00 ,  -7.25e+02 ,  +2.26e+03 ,  +3.35e+06 , 
 0.0100 ,  +0.03260 ,  +0.00e+00 ,  -7.70e-01 ,  +2.38e-02 ,  +3.45e+00 ,  -5.60e+02 ,  -6.65e+03 ,  +2.37e+06 , 
 0.0050 ,  +0.01624 ,  +0.00e+00 ,  -7.64e-01 ,  -2.34e-02 ,  +2.74e+00 ,  -2.38e+02 ,  -6.41e+03 ,  +6.58e+05 , 
 0.0050 ,  +0.01619 ,  +0.00e+00 ,  -7.55e-01 ,  -1.30e-01 ,  +2.59e+00 ,  -3.49e+02 ,  -5.71e+03 ,  +1.17e+06 , 
 0.0050 ,  +0.01616 ,  +0.00e+00 ,  -7.50e-01 ,  -2.56e-01 ,  +1.51e+00 ,  -1.41e+02 ,  +3.29e+03 ,  +3.23e+05 , 
 0.0050 ,  +0.01618 ,  +0.00e+00 ,  -7.52e-01 ,  -2.17e-01 ,  +1.89e+00 ,  +4.85e+01 ,  -6.67e+02 ,  -3.41e+05 , 
 0.0100 ,  +0.03254 ,  +0.00e+00 ,  -7.64e-01 ,  -3.33e-02 ,  +3.51e+00 ,  -1.83e+02 ,  -8.59e+03 ,  +5.55e+05 , 
 0.0100 ,  +0.03270 ,  +0.00e+00 ,  -7.72e-01 ,  -1.70e-02 ,  +5.41e+00 ,  +5.44e+01 ,  -1.49e+04 ,  -1.34e+05 , 
 0.1750 ,  +0.57046 ,  +0.00e+00 ,  -7.74e-01 ,  +4.15e-02 ,  +6.94e+00 ,  +5.62e+02 ,  -1.60e+04 ,  -2.21e+06 , 
 0.1750 ,  +0.56975 ,  +0.00e+00 ,  -7.73e-01 ,  +6.04e-02 ,  +2.62e+00 ,  +5.10e+02 ,  +1.87e+04 ,  -1.60e+06 , 
 0.0200 ,  +0.06321 ,  +0.00e+00 ,  -7.86e-01 ,  -1.05e-01 ,  +8.98e+00 ,  -8.55e+02 ,  +1.50e+04 ,  +3.69e+06 , 
 0.0100 ,  +0.02739 ,  +0.00e+00 ,  -6.86e-01 ,  -2.24e-01 ,  +1.48e+01 ,  -6.47e+02 ,  +2.37e+04 ,  +1.21e+06 , 
 0.0150 ,  +0.02905 ,  +0.00e+00 ,  -3.72e-01 ,  -2.27e+00 ,  +1.89e+01 ,  -3.97e+02 ,  +2.77e+04 ,  -3.03e+05 , 
 0.0200 ,  +0.02026 ,  +0.00e+00 ,  -1.11e-01 ,  -2.18e+00 ,  +1.07e+01 ,  -1.64e+02 ,  +1.06e+04 ,  -2.14e+05 , 
 0.0300 ,  +0.01212 ,  +0.00e+00 ,  -2.48e-02 ,  -9.05e-01 ,  +3.99e+00 ,  -5.30e+01 ,  +1.74e+02 ,  +1.06e+05 , 
 0.0320 ,  +0.00453 ,  +0.00e+00 ,  -4.77e-03 ,  -2.65e-01 ,  +9.19e-01 ,  -3.88e+01 ,  -2.09e+02 ,  +1.95e+05 , 
 0.0325 ,  +0.00345 ,  +1.84e-04 ,  -1.42e-03 ,  -1.47e-01 ,  +1.49e+00 ,  +2.57e+02 ,  -5.11e+03 ,  -1.11e+06 , 
