--- model polynom_b (rz > 0). units: [m] for length, [rad] for angle and [m^(n-1)] for polynom_b ---
 len[m]    angle[deg]  PolyB(n=0)   PolyB(n=1)   PolyB(n=2)   PolyB(n=3)   PolyB(n=4)   PolyB(n=5)   PolyB(n=6)   
 0.1250 ,  +0.40648 ,  +0.00e+00 ,  -7.76e-01 ,  -2.39e-02 ,  +3.21e+00 ,  +8.11e+02 ,  -6.11e+02 ,  -2.81e+06 , 
 0.0550 ,  +0.17967 ,  +0.00e+00 ,  -7.74e-01 ,  -5.81e-02 ,  +2.01e+00 ,  +1.03e+03 ,  +6.94e+03 ,  -3.98e+06 , 
 0.0100 ,  +0.03260 ,  +0.00e+00 ,  -7.69e-01 ,  -7.81e-02 ,  +8.86e-01 ,  +6.37e+02 ,  +1.44e+04 ,  -2.36e+06 , 
 0.0050 ,  +0.01624 ,  +0.00e+00 ,  -7.61e-01 ,  -1.39e-01 ,  -1.91e+00 ,  +8.36e+02 ,  +2.43e+04 ,  -3.51e+06 , 
 0.0050 ,  +0.01618 ,  +0.00e+00 ,  -7.52e-01 ,  -2.60e-01 ,  -8.66e-01 ,  +4.86e+02 ,  +2.20e+04 ,  -2.08e+06 , 
 0.0050 ,  +0.01615 ,  +0.00e+00 ,  -7.47e-01 ,  -3.81e-01 ,  +1.81e+00 ,  +4.54e+02 ,  +1.26e+04 ,  -1.63e+06 , 
 0.0050 ,  +0.01618 ,  +0.00e+00 ,  -7.51e-01 ,  -3.17e-01 ,  -9.19e-01 ,  +6.54e+02 ,  +2.34e+04 ,  -2.55e+06 , 
 0.0100 ,  +0.03254 ,  +0.00e+00 ,  -7.63e-01 ,  -1.24e-01 ,  -1.09e+00 ,  +4.85e+02 ,  +2.25e+04 ,  -1.59e+06 , 
 0.0100 ,  +0.03270 ,  +0.00e+00 ,  -7.71e-01 ,  -6.69e-02 ,  -1.64e-01 ,  +3.20e+02 ,  +2.00e+04 ,  -7.51e+05 , 
 0.1750 ,  +0.57087 ,  +0.00e+00 ,  -7.74e-01 ,  +5.77e-02 ,  +4.71e-01 ,  +2.89e+01 ,  +1.95e+04 ,  +2.49e+05 , 
 0.1750 ,  +0.57020 ,  +0.00e+00 ,  -7.73e-01 ,  +1.07e-01 ,  +6.12e+00 ,  -3.13e+02 ,  +1.16e+03 ,  +1.56e+06 , 
 0.0200 ,  +0.06306 ,  +0.00e+00 ,  -7.83e-01 ,  -2.31e-01 ,  +1.32e+01 ,  +4.65e+02 ,  -3.37e+03 ,  -1.66e+06 , 
 0.0100 ,  +0.02714 ,  +0.00e+00 ,  -6.73e-01 ,  -4.44e-01 ,  +1.88e+01 ,  +5.02e+02 ,  +1.22e+04 ,  -3.30e+06 , 
 0.0150 ,  +0.02860 ,  +0.00e+00 ,  -3.59e-01 ,  -2.43e+00 ,  +2.12e+01 ,  +4.48e+02 ,  +2.02e+04 ,  -3.49e+06 , 
 0.0200 ,  +0.01988 ,  +0.00e+00 ,  -1.07e-01 ,  -2.19e+00 ,  +1.08e+01 ,  +3.06e+02 ,  +1.03e+04 ,  -1.95e+06 , 
 0.0300 ,  +0.01186 ,  +0.00e+00 ,  -2.41e-02 ,  -8.95e-01 ,  +3.22e+00 ,  +1.15e+02 ,  +4.35e+03 ,  -4.97e+05 , 
 0.0320 ,  +0.00445 ,  +0.00e+00 ,  -4.63e-03 ,  -2.61e-01 ,  +6.92e-01 ,  -7.83e+00 ,  +7.55e+02 ,  +7.03e+04 , 
 0.0325 ,  +0.00340 ,  -6.97e-04 ,  -1.33e-03 ,  -1.31e-01 ,  -4.18e-01 ,  +4.48e+01 ,  +2.66e+03 ,  -1.65e+05 , 
