--- model polynom_b (rz > 0). units: [m] for length, [rad] for angle and [m^(n-1)] for polynom_b ---
 len[m]    angle[deg]  PolyB(n=0)   PolyB(n=1)   PolyB(n=2)   PolyB(n=3)   PolyB(n=4)   PolyB(n=5)   PolyB(n=6)   
 0.1250 ,  +0.40705 ,  +0.00e+00 ,  -7.75e-01 ,  +6.58e-02 ,  -3.18e+00 ,  -5.74e+02 ,  +3.28e+04 ,  +3.40e+06 , 
 0.0550 ,  +0.17993 ,  +0.00e+00 ,  -7.74e-01 ,  +4.41e-02 ,  -3.56e+00 ,  -7.18e+02 ,  +3.33e+04 ,  +4.11e+06 , 
 0.0100 ,  +0.03264 ,  +0.00e+00 ,  -7.69e-01 ,  +2.48e-02 ,  -4.33e+00 ,  -8.12e+02 ,  +3.44e+04 ,  +3.93e+06 , 
 0.0050 ,  +0.01626 ,  +0.00e+00 ,  -7.62e-01 ,  -3.92e-02 ,  -5.29e+00 ,  -6.24e+02 ,  +3.42e+04 ,  +3.10e+06 , 
 0.0050 ,  +0.01620 ,  +0.00e+00 ,  -7.53e-01 ,  -1.88e-01 ,  -5.41e+00 ,  -3.79e+02 ,  +3.37e+04 ,  +1.97e+06 , 
 0.0050 ,  +0.01618 ,  +0.00e+00 ,  -7.49e-01 ,  -2.76e-01 ,  -4.41e+00 ,  -4.82e+02 ,  +3.34e+04 ,  +2.53e+06 , 
 0.0050 ,  +0.01621 ,  +0.00e+00 ,  -7.53e-01 ,  -1.87e-01 ,  -3.91e+00 ,  -4.81e+02 ,  +2.72e+04 ,  +2.41e+06 , 
 0.0100 ,  +0.03258 ,  +0.00e+00 ,  -7.65e-01 ,  -1.19e-02 ,  -3.64e+00 ,  -5.94e+02 ,  +2.66e+04 ,  +2.90e+06 , 
 0.0100 ,  +0.03272 ,  +0.00e+00 ,  -7.72e-01 ,  -1.93e-03 ,  -1.23e+00 ,  -2.62e+02 ,  +1.53e+04 ,  +1.78e+06 , 
 0.1750 ,  +0.57087 ,  +0.00e+00 ,  -7.74e-01 ,  +9.43e-02 ,  +1.52e+00 ,  -1.63e+02 ,  +1.00e+04 ,  +7.57e+05 , 
 0.1750 ,  +0.57058 ,  +0.00e+00 ,  -7.73e-01 ,  +1.01e-01 ,  +6.45e+00 ,  +1.58e+02 ,  -1.87e+03 ,  -2.36e+05 , 
 0.0200 ,  +0.06302 ,  +0.00e+00 ,  -7.85e-01 ,  -1.21e-01 ,  +8.73e+00 ,  +3.08e+02 ,  +1.29e+04 ,  -4.15e+05 , 
 0.0100 ,  +0.02688 ,  +0.00e+00 ,  -6.63e-01 ,  -3.83e-01 ,  +1.18e+01 ,  +3.95e+02 ,  +2.92e+04 ,  -2.08e+06 , 
 0.0150 ,  +0.02813 ,  +0.00e+00 ,  -3.45e-01 ,  -2.42e+00 ,  +1.52e+01 ,  +3.37e+02 ,  +3.46e+04 ,  -2.18e+06 , 
 0.0200 ,  +0.01959 ,  +0.00e+00 ,  -1.02e-01 ,  -2.18e+00 ,  +7.28e+00 ,  +3.62e+02 ,  +1.94e+04 ,  -1.50e+06 , 
 0.0300 ,  +0.01169 ,  +0.00e+00 ,  -2.28e-02 ,  -8.96e-01 ,  +1.93e+00 ,  +1.66e+02 ,  +6.56e+03 ,  -3.78e+05 , 
 0.0320 ,  +0.00435 ,  +0.00e+00 ,  -4.43e-03 ,  -2.59e-01 ,  +6.36e-01 ,  +2.36e+01 ,  +1.38e+02 ,  +1.48e+04 , 
 0.0325 ,  +0.00332 ,  -2.50e-03 ,  -1.36e-03 ,  -1.41e-01 ,  -4.22e-01 ,  +2.02e+02 ,  +5.18e+03 ,  -7.21e+05 , 
