--- model polynom_b (rz < 0). units: [m] for length, [rad] for angle and [m^(n-1)] for polynom_b ---
 len[m]    angle[deg]  PolyB(n=0)   PolyB(n=1)   PolyB(n=2)   PolyB(n=3)   PolyB(n=4)   PolyB(n=5)   PolyB(n=6)   
 0.1250 ,  +0.40665 ,  +0.00e+00 ,  -7.76e-01 ,  -9.97e-02 ,  +2.99e+00 ,  +1.44e+03 ,  +7.66e+02 ,  -4.86e+06 , 
 0.0550 ,  +0.17981 ,  +0.00e+00 ,  -7.75e-01 ,  -1.19e-01 ,  +1.40e+00 ,  +1.26e+03 ,  +4.00e+03 ,  -3.80e+06 , 
 0.0100 ,  +0.03263 ,  +0.00e+00 ,  -7.70e-01 ,  -1.30e-01 ,  -1.82e+00 ,  +8.28e+02 ,  +2.26e+04 ,  -2.34e+06 , 
 0.0050 ,  +0.01625 ,  +0.00e+00 ,  -7.63e-01 ,  -1.56e-01 ,  -3.45e+00 ,  +7.69e+02 ,  +2.72e+04 ,  -2.59e+06 , 
 0.0050 ,  +0.01620 ,  +0.00e+00 ,  -7.55e-01 ,  -2.77e-01 ,  -6.46e+00 ,  +7.54e+02 ,  +4.23e+04 ,  -2.52e+06 , 
 0.0050 ,  +0.01617 ,  +0.00e+00 ,  -7.49e-01 ,  -3.79e-01 ,  -2.77e+00 ,  +7.46e+02 ,  +2.90e+04 ,  -2.55e+06 , 
 0.0050 ,  +0.01620 ,  +0.00e+00 ,  -7.53e-01 ,  -3.04e-01 ,  -4.13e+00 ,  +5.71e+02 ,  +3.34e+04 ,  -1.77e+06 , 
 0.0100 ,  +0.03256 ,  +0.00e+00 ,  -7.64e-01 ,  -1.54e-01 ,  -2.80e+00 ,  +7.66e+02 ,  +2.77e+04 ,  -2.50e+06 , 
 0.0100 ,  +0.03270 ,  +0.00e+00 ,  -7.71e-01 ,  -1.14e-01 ,  -2.54e+00 ,  +8.04e+02 ,  +2.88e+04 ,  -2.54e+06 , 
 0.1750 ,  +0.57088 ,  +0.00e+00 ,  -7.74e-01 ,  +2.94e-02 ,  -1.98e+00 ,  +3.15e+02 ,  +2.96e+04 ,  -8.11e+05 , 
 0.1750 ,  +0.57009 ,  +0.00e+00 ,  -7.74e-01 ,  +6.74e-02 ,  +4.12e+00 ,  +4.34e+01 ,  +1.39e+03 ,  +7.03e+05 , 
 0.0200 ,  +0.06303 ,  +0.00e+00 ,  -7.83e-01 ,  -2.20e-01 ,  +7.49e+00 ,  +3.73e+02 ,  +2.11e+04 ,  -1.45e+06 , 
 0.0100 ,  +0.02709 ,  +0.00e+00 ,  -6.71e-01 ,  -4.37e-01 ,  +1.68e+01 ,  +1.45e+01 ,  +1.82e+04 ,  -1.30e+06 , 
 0.0150 ,  +0.02855 ,  +0.00e+00 ,  -3.56e-01 ,  -2.43e+00 ,  +2.11e+01 ,  -3.85e+01 ,  +1.59e+04 ,  -1.32e+06 , 
 0.0200 ,  +0.01987 ,  +0.00e+00 ,  -1.06e-01 ,  -2.18e+00 ,  +1.11e+01 ,  +4.26e+01 ,  +5.55e+03 ,  -8.48e+05 , 
 0.0300 ,  +0.01180 ,  +0.00e+00 ,  -2.40e-02 ,  -8.92e-01 ,  +3.40e+00 ,  +1.05e+02 ,  +2.29e+03 ,  -4.86e+05 , 
 0.0320 ,  +0.00439 ,  +0.00e+00 ,  -4.58e-03 ,  -2.61e-01 ,  +7.04e-01 ,  +5.63e+01 ,  +6.41e+02 ,  -2.22e+05 , 
 0.0325 ,  +0.00333 ,  +1.13e-04 ,  -1.16e-03 ,  -1.15e-01 ,  -4.39e-01 ,  -1.73e+02 ,  +4.10e+03 ,  +6.14e+05 , 
