--- model polynom_b (rz < 0). units: [m] for length, [rad] for angle and [m^(n-1)] for polynom_b ---
 len[m]    angle[deg]  PolyB(n=0)   PolyB(n=1)   PolyB(n=2)   PolyB(n=3)   PolyB(n=4)   PolyB(n=5)   PolyB(n=6)   
 0.1250 ,  +0.40655 ,  +0.00e+00 ,  -7.75e-01 ,  -3.81e-02 ,  +8.54e+00 ,  +9.73e+02 ,  -2.86e+04 ,  -3.30e+06 , 
 0.0550 ,  +0.17975 ,  +0.00e+00 ,  -7.74e-01 ,  -6.82e-02 ,  +2.20e+00 ,  +1.18e+03 ,  +6.08e+03 ,  -4.17e+06 , 
 0.0100 ,  +0.03261 ,  +0.00e+00 ,  -7.69e-01 ,  -8.08e-02 ,  +8.73e-01 ,  +7.84e+02 ,  +1.51e+04 ,  -2.72e+06 , 
 0.0050 ,  +0.01624 ,  +0.00e+00 ,  -7.60e-01 ,  -1.42e-01 ,  -3.43e-01 ,  +8.49e+02 ,  +1.66e+04 ,  -3.09e+06 , 
 0.0050 ,  +0.01618 ,  +0.00e+00 ,  -7.51e-01 ,  -2.87e-01 ,  -4.76e-01 ,  +8.63e+02 ,  +2.14e+04 ,  -3.41e+06 , 
 0.0050 ,  +0.01615 ,  +0.00e+00 ,  -7.45e-01 ,  -3.97e-01 ,  -5.06e-03 ,  +7.54e+02 ,  +2.24e+04 ,  -3.01e+06 , 
 0.0050 ,  +0.01618 ,  +0.00e+00 ,  -7.50e-01 ,  -3.32e-01 ,  -1.42e+00 ,  +1.09e+03 ,  +2.50e+04 ,  -4.27e+06 , 
 0.0100 ,  +0.03254 ,  +0.00e+00 ,  -7.63e-01 ,  -1.29e-01 ,  -4.36e-01 ,  +9.65e+02 ,  +1.92e+04 ,  -3.84e+06 , 
 0.0100 ,  +0.03271 ,  +0.00e+00 ,  -7.71e-01 ,  -9.03e-02 ,  +4.57e-01 ,  +1.02e+03 ,  +1.90e+04 ,  -3.81e+06 , 
 0.1750 ,  +0.57113 ,  +0.00e+00 ,  -7.73e-01 ,  +7.12e-02 ,  -1.34e+00 ,  -6.31e+01 ,  +3.07e+04 ,  +1.10e+06 , 
 0.1750 ,  +0.57056 ,  +0.00e+00 ,  -7.73e-01 ,  +1.25e-01 ,  +7.16e+00 ,  -3.61e+02 ,  -7.33e+03 ,  +1.81e+06 , 
 0.0200 ,  +0.06307 ,  +0.00e+00 ,  -7.84e-01 ,  -2.02e-01 ,  +1.58e+01 ,  +2.47e+02 ,  -1.64e+04 ,  -9.25e+05 , 
 0.0100 ,  +0.02705 ,  +0.00e+00 ,  -6.71e-01 ,  -4.51e-01 ,  +2.08e+01 ,  +3.87e+02 ,  +2.70e+03 ,  -3.03e+06 , 
 0.0150 ,  +0.02836 ,  +0.00e+00 ,  -3.55e-01 ,  -2.44e+00 ,  +2.26e+01 ,  +3.60e+02 ,  +1.46e+04 ,  -3.07e+06 , 
 0.0200 ,  +0.01960 ,  +0.00e+00 ,  -1.05e-01 ,  -2.17e+00 ,  +1.08e+01 ,  +9.52e+01 ,  +1.13e+04 ,  -1.00e+06 , 
 0.0300 ,  +0.01170 ,  +0.00e+00 ,  -2.33e-02 ,  -8.83e-01 ,  +3.14e+00 ,  +5.59e+01 ,  +4.32e+03 ,  -2.44e+05 , 
 0.0320 ,  +0.00442 ,  +0.00e+00 ,  -4.48e-03 ,  -2.57e-01 ,  +6.06e-01 ,  -4.01e+01 ,  +1.09e+03 ,  +2.10e+05 , 
 0.0325 ,  +0.00340 ,  -6.39e-04 ,  -1.14e-03 ,  -1.38e-01 ,  -4.54e-01 ,  +1.31e+02 ,  +3.36e+03 ,  -4.65e+05 , 
