--- model polynom_b (rz < 0). units: [m] for length, [rad] for angle and [m^(n-1)] for polynom_b ---
 len[m]    angle[deg]  PolyB(n=0)   PolyB(n=1)   PolyB(n=2)   PolyB(n=3)   PolyB(n=4)   PolyB(n=5)   PolyB(n=6)   
 0.1250 ,  +0.40647 ,  +0.00e+00 ,  -7.76e-01 ,  +8.29e-02 ,  +4.30e+00 ,  -8.93e+02 ,  -6.73e+02 ,  +4.35e+06 , 
 0.0550 ,  +0.17974 ,  +0.00e+00 ,  -7.74e-01 ,  +7.58e-02 ,  +3.25e+00 ,  -1.01e+03 ,  +3.16e+03 ,  +4.41e+06 , 
 0.0100 ,  +0.03262 ,  +0.00e+00 ,  -7.71e-01 ,  +2.57e-02 ,  +3.99e+00 ,  -6.86e+02 ,  +7.76e+01 ,  +2.83e+06 , 
 0.0050 ,  +0.01625 ,  +0.00e+00 ,  -7.63e-01 ,  -2.01e-02 ,  +3.43e+00 ,  -5.69e+02 ,  -5.60e+02 ,  +2.17e+06 , 
 0.0050 ,  +0.01619 ,  +0.00e+00 ,  -7.54e-01 ,  -1.37e-01 ,  +1.32e+00 ,  -7.42e+02 ,  +1.18e+04 ,  +2.74e+06 , 
 0.0050 ,  +0.01616 ,  +0.00e+00 ,  -7.49e-01 ,  -2.59e-01 ,  +3.16e+00 ,  -6.29e+02 ,  +7.44e+03 ,  +2.23e+06 , 
 0.0050 ,  +0.01618 ,  +0.00e+00 ,  -7.52e-01 ,  -1.97e-01 ,  +1.72e+00 ,  -5.39e+02 ,  +1.24e+04 ,  +1.96e+06 , 
 0.0100 ,  +0.03254 ,  +0.00e+00 ,  -7.65e-01 ,  -2.87e-02 ,  +3.11e+00 ,  -3.68e+02 ,  +3.36e+03 ,  +1.32e+06 , 
 0.0100 ,  +0.03270 ,  +0.00e+00 ,  -7.72e-01 ,  -2.92e-03 ,  +3.35e+00 ,  -1.68e+02 ,  +6.09e+03 ,  +6.00e+05 , 
 0.1750 ,  +0.57054 ,  +0.00e+00 ,  -7.75e-01 ,  +7.66e-02 ,  +6.95e+00 ,  -1.59e+02 ,  -6.26e+03 ,  +6.92e+05 , 
 0.1750 ,  +0.57007 ,  +0.00e+00 ,  -7.74e-01 ,  +1.62e-02 ,  +7.02e+00 ,  +6.64e+02 ,  -7.24e+03 ,  -1.31e+06 , 
 0.0200 ,  +0.06314 ,  +0.00e+00 ,  -7.86e-01 ,  -1.76e-01 ,  +5.42e+00 ,  -1.13e+02 ,  +2.14e+04 ,  +1.78e+06 , 
 0.0100 ,  +0.02719 ,  +0.00e+00 ,  -6.78e-01 ,  -3.19e-01 ,  +1.15e+01 ,  -3.99e+02 ,  +2.66e+04 ,  +1.36e+06 , 
 0.0150 ,  +0.02868 ,  +0.00e+00 ,  -3.62e-01 ,  -2.33e+00 ,  +1.79e+01 ,  -5.39e+02 ,  +2.21e+04 ,  +1.35e+06 , 
 0.0200 ,  +0.01996 ,  +0.00e+00 ,  -1.09e-01 ,  -2.16e+00 ,  +1.04e+01 ,  -1.83e+02 ,  +6.58e+03 ,  +3.69e+05 , 
 0.0300 ,  +0.01190 ,  +0.00e+00 ,  -2.46e-02 ,  -8.90e-01 ,  +3.14e+00 ,  -1.00e+01 ,  +2.00e+03 ,  +7.98e+04 , 
 0.0320 ,  +0.00445 ,  +0.00e+00 ,  -4.72e-03 ,  -2.60e-01 ,  +5.88e-01 ,  +9.00e-01 ,  +3.56e+02 ,  +1.06e+04 , 
 0.0325 ,  +0.00342 ,  -3.25e-04 ,  -1.25e-03 ,  -1.32e-01 ,  +8.51e-01 ,  +7.88e+01 ,  -3.16e+03 ,  -3.72e+05 , 
