--- model polynom_b (rz < 0). units: [m] for length, [rad] for angle and [m^(n-1)] for polynom_b ---
 len[m]    angle[deg]  PolyB(n=0)   PolyB(n=1)   PolyB(n=2)   PolyB(n=3)   PolyB(n=4)   PolyB(n=5)   PolyB(n=6)   
 0.1250 ,  +0.40641 ,  +0.00e+00 ,  -7.76e-01 ,  +4.11e-02 ,  +1.23e+00 ,  -2.97e+02 ,  +6.90e+03 ,  +2.23e+06 , 
 0.0550 ,  +0.17979 ,  +0.00e+00 ,  -7.75e-01 ,  -1.23e-02 ,  +1.24e+00 ,  +2.93e+02 ,  +3.88e+03 ,  -3.56e+05 , 
 0.0100 ,  +0.03264 ,  +0.00e+00 ,  -7.71e-01 ,  -4.99e-02 ,  +2.16e+00 ,  +5.03e+02 ,  +6.04e+02 ,  -1.51e+06 , 
 0.0050 ,  +0.01626 ,  +0.00e+00 ,  -7.64e-01 ,  -9.22e-02 ,  +1.84e+00 ,  +6.40e+02 ,  -4.02e+03 ,  -2.22e+06 , 
 0.0050 ,  +0.01621 ,  +0.00e+00 ,  -7.56e-01 ,  -2.21e-01 ,  -1.57e+00 ,  +8.52e+02 ,  +1.10e+04 ,  -3.19e+06 , 
 0.0050 ,  +0.01618 ,  +0.00e+00 ,  -7.51e-01 ,  -3.19e-01 ,  -1.14e+00 ,  +8.45e+02 ,  +1.41e+04 ,  -3.19e+06 , 
 0.0050 ,  +0.01620 ,  +0.00e+00 ,  -7.54e-01 ,  -2.37e-01 ,  -2.18e+00 ,  +5.45e+02 ,  +1.92e+04 ,  -2.01e+06 , 
 0.0100 ,  +0.03257 ,  +0.00e+00 ,  -7.66e-01 ,  -8.65e-02 ,  +2.14e-01 ,  +6.10e+02 ,  +6.42e+03 ,  -2.11e+06 , 
 0.0100 ,  +0.03271 ,  +0.00e+00 ,  -7.72e-01 ,  -4.58e-02 ,  -5.42e-02 ,  +5.86e+02 ,  +1.21e+04 ,  -2.05e+06 , 
 0.1750 ,  +0.57063 ,  +0.00e+00 ,  -7.75e-01 ,  +4.30e-02 ,  +7.95e-01 ,  +6.10e+02 ,  +1.51e+04 ,  -2.20e+06 , 
 0.1750 ,  +0.57008 ,  +0.00e+00 ,  -7.74e-01 ,  +1.05e-01 ,  +2.62e+00 ,  +1.29e+02 ,  +9.27e+03 ,  -2.55e+04 , 
 0.0200 ,  +0.06316 ,  +0.00e+00 ,  -7.88e-01 ,  -1.07e-01 ,  +9.25e+00 ,  +3.72e+02 ,  +5.76e+03 ,  -1.69e+06 , 
 0.0100 ,  +0.02718 ,  +0.00e+00 ,  -6.78e-01 ,  -3.02e-01 ,  +1.50e+01 ,  +3.91e+02 ,  +1.17e+04 ,  -2.41e+06 , 
 0.0150 ,  +0.02864 ,  +0.00e+00 ,  -3.60e-01 ,  -2.39e+00 ,  +2.16e+01 ,  +5.13e+02 ,  +8.17e+03 ,  -3.18e+06 , 
 0.0200 ,  +0.01994 ,  +0.00e+00 ,  -1.08e-01 ,  -2.24e+00 ,  +1.41e+01 ,  +7.98e+02 ,  -6.61e+03 ,  -3.38e+06 , 
 0.0300 ,  +0.01184 ,  +0.00e+00 ,  -2.42e-02 ,  -9.34e-01 ,  +4.47e+00 ,  +5.23e+02 ,  -2.46e+03 ,  -1.92e+06 , 
 0.0320 ,  +0.00440 ,  +0.00e+00 ,  -4.59e-03 ,  -2.65e-01 ,  +4.15e-01 ,  +8.53e+01 ,  +1.89e+03 ,  -2.92e+05 , 
 0.0325 ,  +0.00336 ,  -9.15e-06 ,  -1.22e-03 ,  -1.24e-01 ,  +1.33e-01 ,  -3.50e+01 ,  +7.98e+02 ,  +1.27e+05 , 
