--- model polynom_b (rz < 0). units: [m] for length, [rad] for angle and [m^(n-1)] for polynom_b ---
 len[m]    angle[deg]  PolyB(n=0)   PolyB(n=1)   PolyB(n=2)   PolyB(n=3)   PolyB(n=4)   PolyB(n=5)   PolyB(n=6)   
 0.1250 ,  +0.40641 ,  +0.00e+00 ,  -7.76e-01 ,  -2.33e-02 ,  +3.22e+00 ,  +9.40e+02 ,  -8.92e+02 ,  -3.14e+06 , 
 0.0550 ,  +0.17968 ,  +0.00e+00 ,  -7.74e-01 ,  -7.83e-02 ,  +1.48e-01 ,  +1.22e+03 ,  +1.57e+04 ,  -4.06e+06 , 
 0.0100 ,  +0.03261 ,  +0.00e+00 ,  -7.69e-01 ,  -1.14e-01 ,  -2.12e+00 ,  +1.08e+03 ,  +2.72e+04 ,  -3.69e+06 , 
 0.0050 ,  +0.01625 ,  +0.00e+00 ,  -7.63e-01 ,  -1.46e-01 ,  -2.82e+00 ,  +1.05e+03 ,  +2.80e+04 ,  -4.01e+06 , 
 0.0050 ,  +0.01620 ,  +0.00e+00 ,  -7.55e-01 ,  -2.44e-01 ,  -4.44e+00 ,  +8.40e+02 ,  +3.75e+04 ,  -3.21e+06 , 
 0.0050 ,  +0.01618 ,  +0.00e+00 ,  -7.50e-01 ,  -3.28e-01 ,  -2.89e+00 ,  +7.10e+02 ,  +3.48e+04 ,  -2.76e+06 , 
 0.0050 ,  +0.01620 ,  +0.00e+00 ,  -7.54e-01 ,  -2.73e-01 ,  -4.27e+00 ,  +7.95e+02 ,  +3.79e+04 ,  -2.94e+06 , 
 0.0100 ,  +0.03255 ,  +0.00e+00 ,  -7.65e-01 ,  -1.23e-01 ,  -2.79e+00 ,  +8.06e+02 ,  +3.00e+04 ,  -2.91e+06 , 
 0.0100 ,  +0.03270 ,  +0.00e+00 ,  -7.71e-01 ,  -9.66e-02 ,  -2.09e+00 ,  +9.60e+02 ,  +3.00e+04 ,  -3.35e+06 , 
 0.1750 ,  +0.57107 ,  +0.00e+00 ,  -7.74e-01 ,  +3.91e-02 ,  -2.70e+00 ,  +6.10e+02 ,  +3.85e+04 ,  -2.47e+06 , 
 0.1750 ,  +0.57072 ,  +0.00e+00 ,  -7.74e-01 ,  +1.40e-01 ,  +4.06e+00 ,  -7.13e+02 ,  +7.79e+03 ,  +3.36e+06 , 
 0.0200 ,  +0.06304 ,  +0.00e+00 ,  -7.84e-01 ,  -1.56e-01 ,  +1.20e+01 ,  -2.71e+02 ,  +5.37e+03 ,  +5.19e+05 , 
 0.0100 ,  +0.02700 ,  +0.00e+00 ,  -6.67e-01 ,  -4.16e-01 ,  +2.00e+01 ,  -4.18e+02 ,  +1.12e+04 ,  -3.38e+05 , 
 0.0150 ,  +0.02833 ,  +0.00e+00 ,  -3.51e-01 ,  -2.41e+00 ,  +2.37e+01 ,  -4.06e+02 ,  +9.92e+03 ,  -4.10e+05 , 
 0.0200 ,  +0.01970 ,  +0.00e+00 ,  -1.04e-01 ,  -2.15e+00 ,  +1.26e+01 ,  -1.05e+02 ,  +2.18e+03 ,  -4.85e+05 , 
 0.0300 ,  +0.01177 ,  +0.00e+00 ,  -2.34e-02 ,  -8.85e-01 ,  +4.55e+00 ,  +2.82e+01 ,  -2.52e+03 ,  -2.10e+05 , 
 0.0320 ,  +0.00441 ,  +0.00e+00 ,  -4.48e-03 ,  -2.62e-01 ,  +1.21e+00 ,  +4.38e+01 ,  -1.72e+03 ,  -1.69e+05 , 
 0.0325 ,  +0.00338 ,  -1.93e-04 ,  -1.11e-03 ,  -1.34e-01 ,  +2.18e-01 ,  +7.63e+01 ,  +9.43e+02 ,  -2.64e+05 , 
