--- model polynom_b (rz < 0). units: [m] for length, [rad] for angle and [m^(n-1)] for polynom_b ---
 len[m]    angle[deg]  PolyB(n=0)   PolyB(n=1)   PolyB(n=2)   PolyB(n=3)   PolyB(n=4)   PolyB(n=5)   PolyB(n=6)   
 0.1250 ,  +0.40725 ,  +0.00e+00 ,  -7.76e-01 ,  +5.40e-02 ,  +5.19e+00 ,  -1.29e+02 ,  -2.55e+03 ,  +6.65e+05 , 
 0.0550 ,  +0.17998 ,  +0.00e+00 ,  -7.74e-01 ,  +1.28e-02 ,  +5.44e+00 ,  +8.28e+01 ,  -6.38e+03 ,  -1.06e+05 , 
 0.0100 ,  +0.03265 ,  +0.00e+00 ,  -7.69e-01 ,  -1.62e-02 ,  +5.45e+00 ,  -1.80e+01 ,  -6.13e+03 ,  -4.13e+04 , 
 0.0050 ,  +0.01626 ,  +0.00e+00 ,  -7.62e-01 ,  -5.73e-02 ,  +3.57e+00 ,  -2.61e+02 ,  +1.06e+03 ,  +1.00e+06 , 
 0.0050 ,  +0.01621 ,  +0.00e+00 ,  -7.53e-01 ,  -1.95e-01 ,  +4.16e+00 ,  -2.27e+02 ,  -9.38e+02 ,  +8.70e+05 , 
 0.0050 ,  +0.01619 ,  +0.00e+00 ,  -7.49e-01 ,  -2.80e-01 ,  +3.00e+00 ,  -1.88e+02 ,  +8.83e+03 ,  +5.55e+05 , 
 0.0050 ,  +0.01622 ,  +0.00e+00 ,  -7.54e-01 ,  -1.88e-01 ,  +3.96e+00 ,  -1.35e+02 ,  +8.53e+02 ,  +2.76e+05 , 
 0.0100 ,  +0.03261 ,  +0.00e+00 ,  -7.66e-01 ,  -3.35e-02 ,  +3.94e+00 ,  -1.10e+02 ,  +1.03e+03 ,  +4.50e+05 , 
 0.0100 ,  +0.03275 ,  +0.00e+00 ,  -7.72e-01 ,  -1.55e-02 ,  +4.23e+00 ,  +3.42e+01 ,  +3.17e+03 ,  +8.09e+04 , 
 0.1750 ,  +0.57169 ,  +0.00e+00 ,  -7.75e-01 ,  +9.04e-02 ,  +5.42e+00 ,  -1.41e+02 ,  -3.77e+02 ,  +1.23e+06 , 
 0.1750 ,  +0.57102 ,  +0.00e+00 ,  -7.74e-01 ,  +6.39e-02 ,  +6.63e+00 ,  +6.43e+02 ,  +3.89e+03 ,  -2.45e+06 , 
 0.0200 ,  +0.06290 ,  +0.00e+00 ,  -7.83e-01 ,  -1.62e-01 ,  +1.16e+01 ,  -1.67e+02 ,  +1.73e+04 ,  +8.03e+05 , 
 0.0100 ,  +0.02668 ,  +0.00e+00 ,  -6.55e-01 ,  -4.88e-01 ,  +1.91e+01 ,  -6.25e+02 ,  +2.21e+04 ,  +1.26e+06 , 
 0.0150 ,  +0.02773 ,  +0.00e+00 ,  -3.37e-01 ,  -2.45e+00 ,  +2.14e+01 ,  -6.08e+02 ,  +2.33e+04 ,  +9.95e+05 , 
 0.0200 ,  +0.01916 ,  +0.00e+00 ,  -9.93e-02 ,  -2.11e+00 ,  +1.14e+01 ,  -2.83e+02 ,  +7.13e+03 ,  +6.24e+05 , 
 0.0300 ,  +0.01138 ,  +0.00e+00 ,  -2.22e-02 ,  -8.55e-01 ,  +3.66e+00 ,  -6.28e+01 ,  +1.22e+03 ,  +3.13e+05 , 
 0.0320 ,  +0.00426 ,  +0.00e+00 ,  -4.30e-03 ,  -2.50e-01 ,  +6.99e-01 ,  -2.53e+01 ,  +6.94e+02 ,  +1.84e+05 , 
 0.0325 ,  +0.00326 ,  -1.82e-03 ,  -1.15e-03 ,  -1.25e-01 ,  +6.40e-01 ,  +2.93e+01 ,  -1.74e+03 ,  -1.38e+05 , 
