--- model polynom_b (rz < 0). units: [m] for length, [rad] for angle and [m^(n-1)] for polynom_b ---
 len[m]    angle[deg]  PolyB(n=0)   PolyB(n=1)   PolyB(n=2)   PolyB(n=3)   PolyB(n=4)   PolyB(n=5)   PolyB(n=6)   
 0.1250 ,  +0.40650 ,  +0.00e+00 ,  -7.75e-01 ,  -1.97e-02 ,  +2.07e+00 ,  +3.93e+02 ,  +1.64e+04 ,  +3.48e+05 , 
 0.0550 ,  +0.17969 ,  +0.00e+00 ,  -7.74e-01 ,  -4.85e-02 ,  +1.06e+00 ,  +4.43e+02 ,  +2.11e+04 ,  -6.69e+04 , 
 0.0100 ,  +0.03258 ,  +0.00e+00 ,  -7.69e-01 ,  -7.73e-02 ,  -2.16e+00 ,  +3.71e+02 ,  +3.73e+04 ,  -1.23e+05 , 
 0.0050 ,  +0.01621 ,  +0.00e+00 ,  -7.59e-01 ,  -1.39e-01 ,  -4.30e+00 ,  +4.20e+02 ,  +4.25e+04 ,  -5.40e+05 , 
 0.0050 ,  +0.01615 ,  +0.00e+00 ,  -7.49e-01 ,  -3.20e-01 ,  -2.93e+00 ,  +6.60e+02 ,  +3.79e+04 ,  -1.63e+06 , 
 0.0050 ,  +0.01612 ,  +0.00e+00 ,  -7.43e-01 ,  -4.24e-01 ,  -3.63e+00 ,  +4.87e+02 ,  +4.55e+04 ,  -9.80e+05 , 
 0.0050 ,  +0.01615 ,  +0.00e+00 ,  -7.48e-01 ,  -2.95e-01 ,  -3.91e+00 ,  +8.72e+01 ,  +4.21e+04 ,  +8.73e+05 , 
 0.0100 ,  +0.03252 ,  +0.00e+00 ,  -7.63e-01 ,  -1.03e-01 ,  -5.04e+00 ,  +2.34e+02 ,  +4.70e+04 ,  +2.51e+05 , 
 0.0100 ,  +0.03269 ,  +0.00e+00 ,  -7.71e-01 ,  -7.11e-02 ,  -4.15e+00 ,  +2.44e+02 ,  +4.59e+04 ,  +4.16e+05 , 
 0.1750 ,  +0.57096 ,  +0.00e+00 ,  -7.74e-01 ,  +4.54e-02 ,  -1.22e+00 ,  +7.25e+01 ,  +2.97e+04 ,  +2.55e+05 , 
 0.1750 ,  +0.57047 ,  +0.00e+00 ,  -7.73e-01 ,  +6.17e-02 ,  +5.13e+00 ,  +1.95e+02 ,  +2.96e+03 ,  -1.96e+05 , 
 0.0200 ,  +0.06312 ,  +0.00e+00 ,  -7.83e-01 ,  -1.99e-01 ,  +8.40e+00 ,  -9.62e+01 ,  +2.04e+04 ,  +8.78e+05 , 
 0.0100 ,  +0.02712 ,  +0.00e+00 ,  -6.72e-01 ,  -3.73e-01 ,  +1.69e+01 ,  -4.42e+02 ,  +2.00e+04 ,  +8.61e+05 , 
 0.0150 ,  +0.02856 ,  +0.00e+00 ,  -3.57e-01 ,  -2.37e+00 ,  +2.13e+01 ,  -4.15e+02 ,  +1.80e+04 ,  +3.13e+05 , 
 0.0200 ,  +0.01986 ,  +0.00e+00 ,  -1.06e-01 ,  -2.17e+00 ,  +1.19e+01 ,  -7.98e+01 ,  +4.64e+03 ,  -3.59e+05 , 
 0.0300 ,  +0.01178 ,  +0.00e+00 ,  -2.39e-02 ,  -8.92e-01 ,  +3.85e+00 ,  +9.29e+01 ,  +5.28e+02 ,  -4.65e+05 , 
 0.0320 ,  +0.00438 ,  +0.00e+00 ,  -4.62e-03 ,  -2.60e-01 ,  +6.77e-01 ,  +3.43e+01 ,  +6.17e+02 ,  -1.31e+05 , 
 0.0325 ,  +0.00334 ,  -3.97e-04 ,  -1.17e-03 ,  -1.32e-01 ,  -3.28e-01 ,  +4.06e+01 ,  +3.07e+03 ,  -8.70e+04 , 
