--- model polynom_b (rz < 0). units: [m] for length, [rad] for angle and [m^(n-1)] for polynom_b ---
 len[m]    angle[deg]  PolyB(n=0)   PolyB(n=1)   PolyB(n=2)   PolyB(n=3)   PolyB(n=4)   PolyB(n=5)   PolyB(n=6)   
 0.1250 ,  +0.40617 ,  +0.00e+00 ,  -7.74e-01 ,  +1.21e-02 ,  -3.16e+00 ,  +3.92e+02 ,  +2.97e+04 ,  -4.90e+05 , 
 0.0550 ,  +0.17959 ,  +0.00e+00 ,  -7.73e-01 ,  -1.08e-02 ,  -4.28e+00 ,  +5.21e+02 ,  +3.36e+04 ,  -1.47e+06 , 
 0.0100 ,  +0.03259 ,  +0.00e+00 ,  -7.68e-01 ,  -2.57e-02 ,  -5.97e+00 ,  +1.68e+02 ,  +4.27e+04 ,  -3.64e+05 , 
 0.0050 ,  +0.01623 ,  +0.00e+00 ,  -7.61e-01 ,  -7.96e-02 ,  -4.82e+00 ,  +2.67e+02 ,  +3.13e+04 ,  -8.98e+05 , 
 0.0050 ,  +0.01618 ,  +0.00e+00 ,  -7.52e-01 ,  -1.93e-01 ,  -6.35e+00 ,  -1.40e+01 ,  +4.23e+04 ,  +1.68e+05 , 
 0.0050 ,  +0.01615 ,  +0.00e+00 ,  -7.47e-01 ,  -2.99e-01 ,  -7.21e+00 ,  -2.02e+01 ,  +5.33e+04 ,  -4.97e+04 , 
 0.0050 ,  +0.01618 ,  +0.00e+00 ,  -7.51e-01 ,  -2.25e-01 ,  -8.26e+00 ,  -1.13e+02 ,  +5.40e+04 ,  +4.62e+05 , 
 0.0100 ,  +0.03254 ,  +0.00e+00 ,  -7.63e-01 ,  -5.11e-02 ,  -5.59e+00 ,  -6.81e+01 ,  +3.72e+04 ,  +3.86e+05 , 
 0.0100 ,  +0.03270 ,  +0.00e+00 ,  -7.71e-01 ,  -1.96e-02 ,  -3.50e+00 ,  +2.81e+01 ,  +3.20e+04 ,  -8.26e+03 , 
 0.1750 ,  +0.57097 ,  +0.00e+00 ,  -7.74e-01 ,  +1.19e-01 ,  +1.29e+00 ,  -6.58e+02 ,  +1.13e+04 ,  +2.68e+06 , 
 0.1750 ,  +0.57040 ,  +0.00e+00 ,  -7.73e-01 ,  +7.20e-02 ,  +9.35e+00 ,  +2.94e+02 ,  -1.38e+04 ,  -1.18e+06 , 
 0.0200 ,  +0.06305 ,  +0.00e+00 ,  -7.83e-01 ,  -2.05e-01 ,  +1.38e+01 ,  +1.46e+02 ,  +4.23e+02 ,  -1.84e+05 , 
 0.0100 ,  +0.02708 ,  +0.00e+00 ,  -6.69e-01 ,  -4.07e-01 ,  +2.11e+01 ,  -4.47e+02 ,  +7.68e+03 ,  +8.30e+05 , 
 0.0150 ,  +0.02854 ,  +0.00e+00 ,  -3.54e-01 ,  -2.41e+00 ,  +2.46e+01 ,  -4.06e+02 ,  +6.92e+03 ,  +5.33e+05 , 
 0.0200 ,  +0.01998 ,  +0.00e+00 ,  -1.06e-01 ,  -2.17e+00 ,  +1.33e+01 ,  -1.74e+02 ,  -1.83e+03 ,  +3.56e+05 , 
 0.0300 ,  +0.01199 ,  +0.00e+00 ,  -2.41e-02 ,  -8.95e-01 ,  +4.32e+00 ,  -4.15e+01 ,  -1.48e+03 ,  +2.69e+05 , 
 0.0320 ,  +0.00447 ,  +0.00e+00 ,  -4.67e-03 ,  -2.64e-01 ,  +1.15e+00 ,  +1.77e+01 ,  -1.75e+03 ,  -2.99e+04 , 
 0.0325 ,  +0.00339 ,  -2.44e-04 ,  -1.23e-03 ,  -1.37e-01 ,  +7.66e-01 ,  +1.01e+02 ,  -2.63e+03 ,  -3.76e+05 , 
