--- model polynom_b (rz < 0). units: [m] for length, [rad] for angle and [m^(n-1)] for polynom_b ---
 len[m]    angle[deg]  PolyB(n=0)   PolyB(n=1)   PolyB(n=2)   PolyB(n=3)   PolyB(n=4)   PolyB(n=5)   PolyB(n=6)   
 0.1250 ,  +0.40653 ,  +0.00e+00 ,  -7.76e-01 ,  +4.59e-02 ,  +1.57e+00 ,  -5.65e+02 ,  +1.37e+04 ,  +3.06e+06 , 
 0.0550 ,  +0.17973 ,  +0.00e+00 ,  -7.74e-01 ,  +1.38e-02 ,  +1.67e+00 ,  -3.55e+02 ,  +8.93e+03 ,  +1.55e+06 , 
 0.0100 ,  +0.03263 ,  +0.00e+00 ,  -7.70e-01 ,  -1.39e-02 ,  +1.21e+00 ,  -4.59e+02 ,  +1.04e+04 ,  +1.95e+06 , 
 0.0050 ,  +0.01626 ,  +0.00e+00 ,  -7.63e-01 ,  -5.42e-02 ,  -4.88e-01 ,  -4.26e+02 ,  +1.56e+04 ,  +1.71e+06 , 
 0.0050 ,  +0.01621 ,  +0.00e+00 ,  -7.56e-01 ,  -1.49e-01 ,  +2.10e-01 ,  -7.00e+02 ,  +1.36e+04 ,  +2.74e+06 , 
 0.0050 ,  +0.01619 ,  +0.00e+00 ,  -7.51e-01 ,  -2.35e-01 ,  -1.18e+00 ,  -7.46e+02 ,  +2.27e+04 ,  +2.79e+06 , 
 0.0050 ,  +0.01622 ,  +0.00e+00 ,  -7.55e-01 ,  -1.71e-01 ,  -2.04e+00 ,  -7.23e+02 ,  +2.43e+04 ,  +2.67e+06 , 
 0.0100 ,  +0.03259 ,  +0.00e+00 ,  -7.66e-01 ,  -4.10e-02 ,  -5.65e-01 ,  -4.69e+02 ,  +1.60e+04 ,  +1.68e+06 , 
 0.0100 ,  +0.03273 ,  +0.00e+00 ,  -7.72e-01 ,  -4.90e-03 ,  +7.33e-01 ,  -5.45e+02 ,  +1.23e+04 ,  +2.11e+06 , 
 0.1750 ,  +0.57108 ,  +0.00e+00 ,  -7.74e-01 ,  +7.93e-02 ,  +4.56e+00 ,  -5.25e+02 ,  -1.49e+03 ,  +2.31e+06 , 
 0.1750 ,  +0.57077 ,  +0.00e+00 ,  -7.73e-01 ,  +4.15e-02 ,  +6.83e+00 ,  +3.49e+02 ,  -8.04e+03 ,  -7.87e+05 , 
 0.0200 ,  +0.06310 ,  +0.00e+00 ,  -7.85e-01 ,  -1.51e-01 ,  +6.97e+00 ,  -1.85e+02 ,  +2.19e+04 ,  +1.23e+06 , 
 0.0100 ,  +0.02697 ,  +0.00e+00 ,  -6.69e-01 ,  -3.34e-01 ,  +1.35e+01 ,  -9.14e+02 ,  +2.72e+04 ,  +3.11e+06 , 
 0.0150 ,  +0.02820 ,  +0.00e+00 ,  -3.51e-01 ,  -2.35e+00 ,  +1.83e+01 ,  -8.24e+02 ,  +2.54e+04 ,  +2.34e+06 , 
 0.0200 ,  +0.01952 ,  +0.00e+00 ,  -1.04e-01 ,  -2.12e+00 ,  +1.04e+01 ,  -4.12e+02 ,  +7.95e+03 ,  +1.37e+06 , 
 0.0300 ,  +0.01168 ,  +0.00e+00 ,  -2.28e-02 ,  -8.71e-01 ,  +3.29e+00 ,  -1.02e+02 ,  +1.38e+03 ,  +5.06e+05 , 
 0.0320 ,  +0.00441 ,  +0.00e+00 ,  -4.28e-03 ,  -2.56e-01 ,  +5.97e-01 ,  -5.96e+00 ,  +3.23e+02 ,  +3.63e+04 , 
 0.0325 ,  +0.00338 ,  -3.38e-04 ,  -1.07e-03 ,  -1.31e-01 ,  +1.14e+00 ,  +6.76e+01 ,  -5.71e+03 ,  -3.26e+05 , 
