--- model polynom_b (rz > 0). units: [m] for length, [rad] for angle and [m^(n-1)] for polynom_b ---
 len[m]    angle[deg]  PolyB(n=0)   PolyB(n=1)   PolyB(n=2)   PolyB(n=3)   PolyB(n=4)   PolyB(n=5)   PolyB(n=6)   
 0.1250 ,  +0.40658 ,  +0.00e+00 ,  -7.75e-01 ,  +7.96e-02 ,  -7.76e-01 ,  -5.52e+02 ,  +3.32e+04 ,  +3.66e+06 , 
 0.0550 ,  +0.17984 ,  +0.00e+00 ,  -7.73e-01 ,  +4.77e-02 ,  -2.62e+00 ,  -4.17e+02 ,  +3.79e+04 ,  +3.09e+06 , 
 0.0100 ,  +0.03265 ,  +0.00e+00 ,  -7.70e-01 ,  +3.50e-02 ,  -2.37e+00 ,  -5.68e+02 ,  +3.67e+04 ,  +3.21e+06 , 
 0.0050 ,  +0.01626 ,  +0.00e+00 ,  -7.62e-01 ,  -7.83e-03 ,  -1.42e+00 ,  -5.92e+02 ,  +2.60e+04 ,  +3.30e+06 , 
 0.0050 ,  +0.01620 ,  +0.00e+00 ,  -7.54e-01 ,  -1.39e-01 ,  -3.13e+00 ,  -4.11e+02 ,  +3.74e+04 ,  +2.21e+06 , 
 0.0050 ,  +0.01618 ,  +0.00e+00 ,  -7.49e-01 ,  -2.44e-01 ,  -4.19e+00 ,  -1.65e+02 ,  +4.45e+04 ,  +1.02e+06 , 
 0.0050 ,  +0.01620 ,  +0.00e+00 ,  -7.53e-01 ,  -1.59e-01 ,  -3.73e+00 ,  -2.25e+02 ,  +3.88e+04 ,  +1.20e+06 , 
 0.0100 ,  +0.03257 ,  +0.00e+00 ,  -7.64e-01 ,  +1.67e-02 ,  -2.18e+00 ,  -5.48e+02 ,  +3.15e+04 ,  +2.64e+06 , 
 0.0100 ,  +0.03271 ,  +0.00e+00 ,  -7.71e-01 ,  +4.15e-02 ,  +2.04e-01 ,  -4.91e+02 ,  +2.33e+04 ,  +2.60e+06 , 
 0.1750 ,  +0.57102 ,  +0.00e+00 ,  -7.73e-01 ,  +9.49e-02 ,  +5.41e+00 ,  -9.34e+01 ,  -1.50e+03 ,  +1.07e+06 , 
 0.1750 ,  +0.57087 ,  +0.00e+00 ,  -7.73e-01 ,  +1.04e-01 ,  +6.89e+00 ,  +7.47e+01 ,  -3.59e+02 ,  +1.31e+05 , 
 0.0200 ,  +0.06309 ,  +0.00e+00 ,  -7.85e-01 ,  -1.15e-01 ,  +1.20e+01 ,  +4.50e+02 ,  -4.88e+03 ,  -1.20e+06 , 
 0.0100 ,  +0.02694 ,  +0.00e+00 ,  -6.66e-01 ,  -3.24e-01 ,  +1.79e+01 ,  +1.55e+02 ,  +4.31e+02 ,  -1.17e+06 , 
 0.0150 ,  +0.02817 ,  +0.00e+00 ,  -3.47e-01 ,  -2.36e+00 ,  +2.04e+01 ,  +4.02e+01 ,  +1.67e+04 ,  -1.24e+06 , 
 0.0200 ,  +0.01955 ,  +0.00e+00 ,  -1.03e-01 ,  -2.12e+00 ,  +1.16e+01 ,  +4.03e+01 ,  +6.14e+03 ,  -5.24e+05 , 
 0.0300 ,  +0.01165 ,  +0.00e+00 ,  -2.33e-02 ,  -8.74e-01 ,  +3.62e+00 ,  +7.27e+01 ,  +2.17e+03 ,  -2.40e+05 , 
 0.0320 ,  +0.00436 ,  +0.00e+00 ,  -4.58e-03 ,  -2.57e-01 ,  +9.77e-01 ,  +1.76e+01 ,  -8.69e+02 ,  -1.80e+04 , 
 0.0325 ,  +0.00336 ,  -1.56e-03 ,  -1.37e-03 ,  -1.30e-01 ,  +4.05e-01 ,  +6.67e+01 ,  -1.63e+03 ,  -1.69e+05 , 
