--- model polynom_b (rz < 0). units: [m] for length, [rad] for angle and [m^(n-1)] for polynom_b ---
 len[m]    angle[deg]  PolyB(n=0)   PolyB(n=1)   PolyB(n=2)   PolyB(n=3)   PolyB(n=4)   PolyB(n=5)   PolyB(n=6)   
 0.1250 ,  +0.40612 ,  +0.00e+00 ,  -7.77e-01 ,  +3.99e-02 ,  +4.26e+00 ,  -5.65e+02 ,  -4.65e+03 ,  +3.11e+06 , 
 0.0550 ,  +0.17957 ,  +0.00e+00 ,  -7.75e-01 ,  -4.40e-02 ,  +2.80e+00 ,  +1.58e+02 ,  -4.95e+03 ,  +3.08e+05 , 
 0.0100 ,  +0.03260 ,  +0.00e+00 ,  -7.71e-01 ,  -1.00e-01 ,  +3.28e+00 ,  +4.38e+02 ,  -7.60e+03 ,  -9.10e+05 , 
 0.0050 ,  +0.01624 ,  +0.00e+00 ,  -7.65e-01 ,  -1.30e-01 ,  +1.91e+00 ,  +3.92e+02 ,  -3.93e+03 ,  -9.51e+05 , 
 0.0050 ,  +0.01619 ,  +0.00e+00 ,  -7.56e-01 ,  -2.50e-01 ,  +2.71e+00 ,  +4.31e+02 ,  -8.61e+03 ,  -1.09e+06 , 
 0.0050 ,  +0.01615 ,  +0.00e+00 ,  -7.50e-01 ,  -3.71e-01 ,  +3.19e+00 ,  +4.34e+02 ,  -8.07e+03 ,  -1.23e+06 , 
 0.0050 ,  +0.01617 ,  +0.00e+00 ,  -7.53e-01 ,  -3.31e-01 ,  +2.50e+00 ,  +5.85e+02 ,  -5.26e+03 ,  -1.84e+06 , 
 0.0100 ,  +0.03251 ,  +0.00e+00 ,  -7.65e-01 ,  -1.50e-01 ,  +3.26e+00 ,  +4.07e+02 ,  -1.01e+04 ,  -8.69e+05 , 
 0.0100 ,  +0.03267 ,  +0.00e+00 ,  -7.73e-01 ,  -1.16e-01 ,  +3.45e+00 ,  +6.43e+02 ,  -7.02e+03 ,  -1.85e+06 , 
 0.1750 ,  +0.57024 ,  +0.00e+00 ,  -7.75e-01 ,  -2.72e-02 ,  +3.87e+00 ,  +8.07e+02 ,  -5.51e+03 ,  -3.04e+06 , 
 0.1750 ,  +0.56964 ,  +0.00e+00 ,  -7.75e-01 ,  +4.50e-02 ,  +3.55e+00 ,  +5.84e+01 ,  +1.18e+04 ,  +3.45e+05 , 
 0.0200 ,  +0.06319 ,  +0.00e+00 ,  -7.87e-01 ,  -1.46e-01 ,  +1.05e+01 ,  -1.14e+03 ,  -1.96e+03 ,  +6.04e+06 , 
 0.0100 ,  +0.02742 ,  +0.00e+00 ,  -6.89e-01 ,  -2.38e-01 ,  +1.60e+01 ,  -1.12e+03 ,  +6.74e+03 ,  +4.50e+06 , 
 0.0150 ,  +0.02913 ,  +0.00e+00 ,  -3.75e-01 ,  -2.29e+00 ,  +1.98e+01 ,  -6.24e+02 ,  +1.47e+04 ,  +1.72e+06 , 
 0.0200 ,  +0.02031 ,  +0.00e+00 ,  -1.13e-01 ,  -2.19e+00 ,  +1.06e+01 ,  -2.32e+02 ,  +6.25e+03 ,  +4.47e+05 , 
 0.0300 ,  +0.01211 ,  +0.00e+00 ,  -2.56e-02 ,  -9.14e-01 ,  +3.49e+00 ,  +3.19e+01 ,  +7.65e+02 ,  -1.04e+05 , 
 0.0320 ,  +0.00452 ,  +0.00e+00 ,  -4.92e-03 ,  -2.68e-01 ,  +7.32e-01 ,  +8.24e+00 ,  +3.34e+02 ,  -3.76e+03 , 
 0.0325 ,  +0.00342 ,  +8.49e-04 ,  -1.22e-03 ,  -1.30e-01 ,  -2.41e-01 ,  -2.31e+01 ,  +1.89e+03 ,  +3.07e+04 , 
