--- model polynom_b (rz > 0). units: [m] for length, [rad] for angle and [m^(n-1)] for polynom_b ---
 len[m]    angle[deg]  PolyB(n=0)   PolyB(n=1)   PolyB(n=2)   PolyB(n=3)   PolyB(n=4)   PolyB(n=5)   PolyB(n=6)   
 0.1250 ,  +0.40636 ,  +0.00e+00 ,  -7.75e-01 ,  +5.21e-02 ,  +9.58e+00 ,  -2.34e+02 ,  -3.10e+04 ,  +2.00e+06 , 
 0.0550 ,  +0.17966 ,  +0.00e+00 ,  -7.74e-01 ,  +1.43e-02 ,  +8.42e+00 ,  -1.62e+02 ,  -2.34e+04 ,  +1.83e+06 , 
 0.0100 ,  +0.03261 ,  +0.00e+00 ,  -7.70e-01 ,  +1.70e-02 ,  +8.23e+00 ,  -6.99e+02 ,  -2.20e+04 ,  +3.69e+06 , 
 0.0050 ,  +0.01624 ,  +0.00e+00 ,  -7.62e-01 ,  -3.90e-02 ,  +6.63e+00 ,  -4.40e+02 ,  -1.93e+04 ,  +2.33e+06 , 
 0.0050 ,  +0.01619 ,  +0.00e+00 ,  -7.54e-01 ,  -1.67e-01 ,  +8.23e+00 ,  -4.87e+02 ,  -2.61e+04 ,  +2.66e+06 , 
 0.0050 ,  +0.01617 ,  +0.00e+00 ,  -7.49e-01 ,  -2.87e-01 ,  +7.92e+00 ,  -1.17e+02 ,  -2.17e+04 ,  +9.85e+05 , 
 0.0050 ,  +0.01619 ,  +0.00e+00 ,  -7.53e-01 ,  -1.90e-01 ,  +6.84e+00 ,  -5.65e+02 ,  -1.83e+04 ,  +3.08e+06 , 
 0.0100 ,  +0.03256 ,  +0.00e+00 ,  -7.65e-01 ,  -1.18e-02 ,  +7.27e+00 ,  -7.92e+02 ,  -2.26e+04 ,  +4.03e+06 , 
 0.0100 ,  +0.03271 ,  +0.00e+00 ,  -7.72e-01 ,  -3.24e-03 ,  +8.15e+00 ,  -3.27e+02 ,  -2.28e+04 ,  +2.21e+06 , 
 0.1750 ,  +0.57091 ,  +0.00e+00 ,  -7.74e-01 ,  +3.56e-02 ,  +5.43e+00 ,  +6.54e+02 ,  -4.91e+03 ,  -2.33e+06 , 
 0.1750 ,  +0.57064 ,  +0.00e+00 ,  -7.74e-01 ,  +9.21e-02 ,  +5.60e+00 ,  -9.83e+01 ,  +9.54e+03 ,  +1.00e+06 , 
 0.0200 ,  +0.06312 ,  +0.00e+00 ,  -7.85e-01 ,  -1.68e-01 ,  +1.20e+01 ,  -1.25e+02 ,  -3.07e+03 ,  +1.41e+06 , 
 0.0100 ,  +0.02706 ,  +0.00e+00 ,  -6.71e-01 ,  -3.85e-01 ,  +1.83e+01 ,  -1.88e+02 ,  +3.32e+03 ,  +3.50e+04 , 
 0.0150 ,  +0.02839 ,  +0.00e+00 ,  -3.54e-01 ,  -2.42e+00 ,  +2.10e+01 ,  -7.91e+01 ,  +1.60e+04 ,  -8.92e+05 , 
 0.0200 ,  +0.01970 ,  +0.00e+00 ,  -1.05e-01 ,  -2.18e+00 ,  +1.19e+01 ,  +1.25e+02 ,  +4.75e+03 ,  -1.13e+06 , 
 0.0300 ,  +0.01179 ,  +0.00e+00 ,  -2.33e-02 ,  -8.86e-01 ,  +3.74e+00 ,  +4.42e+01 ,  +9.55e+02 ,  -2.31e+05 , 
 0.0320 ,  +0.00445 ,  +0.00e+00 ,  -4.45e-03 ,  -2.62e-01 ,  +7.96e-01 ,  +2.22e+01 ,  +4.25e+01 ,  -4.57e+04 , 
 0.0325 ,  +0.00345 ,  -1.11e-04 ,  -1.29e-03 ,  -1.34e-01 ,  +3.84e-01 ,  +5.39e+01 ,  -1.68e+03 ,  -2.68e+05 , 
