--- model polynom_b (rz > 0). units: [m] for length, [rad] for angle and [m^(n-1)] for polynom_b ---
 len[m]    angle[deg]  PolyB(n=0)   PolyB(n=1)   PolyB(n=2)   PolyB(n=3)   PolyB(n=4)   PolyB(n=5)   PolyB(n=6)   
 0.1250 ,  +0.40586 ,  +0.00e+00 ,  -7.75e-01 ,  +5.57e-02 ,  -3.52e+00 ,  +1.56e+02 ,  +3.14e+04 ,  -7.86e+05 , 
 0.0550 ,  +0.17947 ,  +0.00e+00 ,  -7.73e-01 ,  +4.32e-02 ,  -2.00e+00 ,  +9.89e+01 ,  +2.22e+04 ,  -5.60e+05 , 
 0.0100 ,  +0.03259 ,  +0.00e+00 ,  -7.70e-01 ,  +1.73e-02 ,  +1.68e+00 ,  -5.26e+00 ,  +3.83e+03 ,  -3.11e+05 , 
 0.0050 ,  +0.01623 ,  +0.00e+00 ,  -7.64e-01 ,  +2.91e-02 ,  +2.78e+00 ,  -4.09e+02 ,  -5.35e+03 ,  +8.57e+05 , 
 0.0050 ,  +0.01618 ,  +0.00e+00 ,  -7.56e-01 ,  -9.39e-02 ,  +2.00e-01 ,  -2.72e+02 ,  +1.18e+04 ,  +3.68e+05 , 
 0.0050 ,  +0.01614 ,  +0.00e+00 ,  -7.49e-01 ,  -2.17e-01 ,  -1.49e+00 ,  -3.68e+02 ,  +2.46e+04 ,  +7.10e+05 , 
 0.0050 ,  +0.01615 ,  +0.00e+00 ,  -7.50e-01 ,  -1.66e-01 ,  -1.16e+00 ,  -6.25e+02 ,  +2.11e+04 ,  +1.72e+06 , 
 0.0100 ,  +0.03246 ,  +0.00e+00 ,  -7.63e-01 ,  +6.41e-03 ,  +1.94e+00 ,  -6.23e+02 ,  +4.56e+03 ,  +2.05e+06 , 
 0.0100 ,  +0.03263 ,  +0.00e+00 ,  -7.71e-01 ,  +3.36e-02 ,  +2.05e+00 ,  -2.42e+02 ,  +7.85e+03 ,  +5.70e+05 , 
 0.1750 ,  +0.56968 ,  +0.00e+00 ,  -7.74e-01 ,  +1.40e-01 ,  +5.47e+00 ,  -4.79e+02 ,  +6.39e+02 ,  +1.61e+06 , 
 0.1750 ,  +0.56936 ,  +0.00e+00 ,  -7.73e-01 ,  +1.40e-01 ,  +9.88e+00 ,  -2.19e+02 ,  -7.91e+03 ,  +1.10e+06 , 
 0.0200 ,  +0.06333 ,  +0.00e+00 ,  -7.86e-01 ,  -1.41e-01 ,  +1.25e+01 ,  -1.40e+02 ,  +2.10e+03 ,  +1.06e+06 , 
 0.0100 ,  +0.02765 ,  +0.00e+00 ,  -6.95e-01 ,  -1.93e-01 ,  +1.87e+01 ,  -1.86e+02 ,  +6.13e+03 ,  -4.66e+04 , 
 0.0150 ,  +0.02954 ,  +0.00e+00 ,  -3.83e-01 ,  -2.25e+00 ,  +2.19e+01 ,  -6.67e+01 ,  +1.69e+04 ,  -1.13e+06 , 
 0.0200 ,  +0.02059 ,  +0.00e+00 ,  -1.14e-01 ,  -2.23e+00 ,  +1.22e+01 ,  +8.39e+01 ,  +9.19e+03 ,  -1.03e+06 , 
 0.0300 ,  +0.01226 ,  +0.00e+00 ,  -2.48e-02 ,  -9.27e-01 ,  +3.45e+00 ,  +3.98e+01 ,  +4.55e+03 ,  -1.50e+05 , 
 0.0320 ,  +0.00458 ,  +0.00e+00 ,  -4.68e-03 ,  -2.69e-01 ,  +4.42e-01 ,  -3.43e+01 ,  +2.20e+03 ,  +1.96e+05 , 
 0.0325 ,  +0.00350 ,  +1.00e-03 ,  -1.39e-03 ,  -1.22e-01 ,  +7.54e-01 ,  -1.76e+02 ,  -1.99e+03 ,  +6.94e+05 , 
