--- model polynom_b (rz < 0). units: [m] for length, [rad] for angle and [m^(n-1)] for polynom_b ---
 len[m]     angle[deg]     PolyB(n=0)     PolyB(n=1)     PolyB(n=2)     PolyB(n=3)     PolyB(n=4)     PolyB(n=5)     PolyB(n=6)    
 0.1250 ,  +0.40656346 ,  -6.5024e-05 ,  -7.7550e-01 ,  +6.0195e-02 ,  +1.8177e+00 ,  -7.3788e+02 ,  +1.1878e+04 ,  +3.8468e+06 , 
 0.0550 ,  +0.17996464 ,  -8.1966e-05 ,  -7.7469e-01 ,  +3.4802e-02 ,  -8.0730e-01 ,  -7.1807e+02 ,  +2.4046e+04 ,  +3.7152e+06 , 
 0.0100 ,  +0.03293975 ,  -5.5642e-04 ,  -7.7089e-01 ,  +7.4061e-03 ,  +2.3152e-01 ,  -6.4089e+02 ,  +1.6731e+04 ,  +2.9986e+06 , 
 0.0050 ,  +0.01656680 ,  -1.1266e-03 ,  -7.6324e-01 ,  -2.9656e-02 ,  -2.3658e+00 ,  -7.6796e+02 ,  +2.6719e+04 ,  +3.3846e+06 , 
 0.0050 ,  +0.01651365 ,  -1.1325e-03 ,  -7.5451e-01 ,  -1.5169e-01 ,  -1.9538e+00 ,  -1.0081e+03 ,  +2.5128e+04 ,  +4.4496e+06 , 
 0.0050 ,  +0.01649154 ,  -1.1397e-03 ,  -7.4983e-01 ,  -2.5737e-01 ,  -1.4715e+00 ,  -9.3931e+02 ,  +2.4258e+04 ,  +4.4476e+06 , 
 0.0050 ,  +0.01650144 ,  -1.0723e-03 ,  -7.5463e-01 ,  -1.8328e-01 ,  -1.5928e+00 ,  -5.3228e+02 ,  +2.2248e+04 ,  +2.4297e+06 , 
 0.0100 ,  +0.03287860 ,  -5.5467e-04 ,  -7.6679e-01 ,  -1.4818e-02 ,  +1.0034e-01 ,  -6.8872e+02 ,  +1.4486e+04 ,  +3.1257e+06 , 
 0.0100 ,  +0.03298718 ,  -5.0004e-04 ,  -7.7320e-01 ,  -4.1815e-03 ,  +2.0975e+00 ,  -5.0801e+02 ,  +8.2664e+03 ,  +2.6059e+06 , 
 0.1750 ,  +0.57105325 ,  -5.8409e-05 ,  -7.7505e-01 ,  +3.1274e-02 ,  +5.9992e+00 ,  +3.3559e+02 ,  -1.0049e+04 ,  -1.2641e+06 , 
 0.1750 ,  +0.57056492 ,  -1.3248e-05 ,  -7.7463e-01 ,  +2.0482e-02 ,  +6.1156e+00 ,  +6.2853e+02 ,  -7.6396e+02 ,  -1.6614e+06 , 
 0.0200 ,  +0.06295733 ,  -5.0118e-05 ,  -7.8676e-01 ,  -1.2102e-01 ,  +9.9685e+00 ,  -2.5404e+02 ,  +5.9292e+02 ,  +2.5126e+06 , 
 0.0100 ,  +0.02639409 ,  +2.8223e-04 ,  -6.5329e-01 ,  -4.5818e-01 ,  +1.4419e+01 ,  -4.1067e+02 ,  +9.2535e+03 ,  +1.9878e+06 , 
 0.0150 ,  +0.02756609 ,  -1.4444e-04 ,  -3.3125e-01 ,  -2.4825e+00 ,  +1.7429e+01 ,  -2.6851e+02 ,  +1.5176e+04 ,  +7.5676e+05 , 
 0.0200 ,  +0.01913081 ,  -1.2591e-04 ,  -9.7757e-02 ,  -2.1348e+00 ,  +8.2533e+00 ,  +1.0315e+02 ,  +8.0738e+03 ,  -5.0694e+05 , 
 0.0300 ,  +0.01151016 ,  -9.3013e-05 ,  -2.2212e-02 ,  -8.6980e-01 ,  +2.2453e+00 ,  +1.4484e+02 ,  +2.6775e+03 ,  -4.9816e+05 , 
 0.0320 ,  +0.00439865 ,  -7.7492e-05 ,  -4.2827e-03 ,  -2.4888e-01 ,  +3.8817e-01 ,  +8.1467e+00 ,  +9.7953e+02 ,  -5.6600e+03 , 
 0.0325 ,  +0.00321764 ,  +2.9560e-05 ,  -1.0756e-03 ,  -1.2063e-01 ,  -2.7020e-01 ,  -1.6628e+01 ,  +1.6294e+03 ,  +8.9406e+04 , 
