--- model polynom_b (rz < 0). units: [m] for length, [rad] for angle and [m^(n-1)] for polynom_b ---
 len[m]    angle[deg]  PolyB(n=0)   PolyB(n=1)   PolyB(n=2)   PolyB(n=3)   PolyB(n=4)   PolyB(n=5)   PolyB(n=6)   
 0.1250 ,  +0.40626 ,  +0.00e+00 ,  -7.75e-01 ,  +1.10e-01 ,  +4.57e+00 ,  -1.09e+03 ,  -6.45e+03 ,  +5.51e+06 , 
 0.0550 ,  +0.17966 ,  +0.00e+00 ,  -7.74e-01 ,  +9.16e-02 ,  +9.16e-01 ,  -1.05e+03 ,  +8.10e+03 ,  +5.21e+06 , 
 0.0100 ,  +0.03261 ,  +0.00e+00 ,  -7.70e-01 ,  +2.45e-02 ,  +1.44e+00 ,  -5.46e+02 ,  +4.87e+03 ,  +3.01e+06 , 
 0.0050 ,  +0.01625 ,  +0.00e+00 ,  -7.63e-01 ,  +3.07e-02 ,  +1.30e+00 ,  -1.08e+03 ,  +2.63e+03 ,  +4.67e+06 , 
 0.0050 ,  +0.01619 ,  +0.00e+00 ,  -7.54e-01 ,  -1.12e-01 ,  +5.24e-01 ,  -7.59e+02 ,  +6.71e+03 ,  +3.23e+06 , 
 0.0050 ,  +0.01616 ,  +0.00e+00 ,  -7.49e-01 ,  -2.39e-01 ,  +2.80e+00 ,  -5.37e+02 ,  -1.18e+03 ,  +2.39e+06 , 
 0.0050 ,  +0.01619 ,  +0.00e+00 ,  -7.52e-01 ,  -1.67e-01 ,  +1.90e+00 ,  -6.97e+02 ,  +1.17e+03 ,  +3.08e+06 , 
 0.0100 ,  +0.03254 ,  +0.00e+00 ,  -7.64e-01 ,  +6.96e-03 ,  +1.36e+00 ,  -6.87e+02 ,  +2.25e+03 ,  +2.99e+06 , 
 0.0100 ,  +0.03269 ,  +0.00e+00 ,  -7.71e-01 ,  +2.41e-02 ,  +2.39e+00 ,  -3.22e+02 ,  +1.27e+03 ,  +1.73e+06 , 
 0.1750 ,  +0.57053 ,  +0.00e+00 ,  -7.74e-01 ,  +1.02e-01 ,  +8.22e+00 ,  -3.19e+01 ,  -2.01e+04 ,  +5.65e+05 , 
 0.1750 ,  +0.57004 ,  +0.00e+00 ,  -7.73e-01 ,  +6.65e-02 ,  +2.88e+00 ,  +8.46e+02 ,  +1.84e+04 ,  -3.41e+06 , 
 0.0200 ,  +0.06317 ,  +0.00e+00 ,  -7.86e-01 ,  -1.11e-01 ,  +7.96e+00 ,  -4.06e+02 ,  +2.89e+04 ,  +1.50e+06 , 
 0.0100 ,  +0.02724 ,  +0.00e+00 ,  -6.78e-01 ,  -2.57e-01 ,  +1.49e+01 ,  -8.83e+02 ,  +3.14e+04 ,  +2.42e+06 , 
 0.0150 ,  +0.02878 ,  +0.00e+00 ,  -3.61e-01 ,  -2.30e+00 ,  +2.11e+01 ,  -8.84e+02 ,  +2.20e+04 ,  +2.29e+06 , 
 0.0200 ,  +0.02006 ,  +0.00e+00 ,  -1.06e-01 ,  -2.16e+00 ,  +1.22e+01 ,  -4.27e+02 ,  +6.62e+03 ,  +1.26e+06 , 
 0.0300 ,  +0.01196 ,  +0.00e+00 ,  -2.31e-02 ,  -8.98e-01 ,  +4.29e+00 ,  -3.47e+01 ,  -5.04e+02 ,  +2.36e+05 , 
 0.0320 ,  +0.00446 ,  +0.00e+00 ,  -4.34e-03 ,  -2.63e-01 ,  +1.05e+00 ,  -4.90e+00 ,  -6.91e+02 ,  +1.01e+05 , 
 0.0325 ,  +0.00341 ,  +7.08e-04 ,  -1.07e-03 ,  -1.38e-01 ,  +1.70e-01 ,  +6.19e+01 ,  -3.16e+02 ,  -1.54e+05 , 
