--- model polynom_b (rz > 0). units: [m] for length, [rad] for angle and [m^(n-1)] for polynom_b ---
 len[m]    angle[deg]  PolyB(n=0)   PolyB(n=1)   PolyB(n=2)   PolyB(n=3)   PolyB(n=4)   PolyB(n=5)   PolyB(n=6)   
 0.1250 ,  +0.40664 ,  +0.00e+00 ,  -7.75e-01 ,  +3.51e-02 ,  +2.53e+00 ,  -1.28e+02 ,  +1.16e+04 ,  +1.29e+06 , 
 0.0550 ,  +0.17985 ,  +0.00e+00 ,  -7.74e-01 ,  +4.42e-02 ,  +9.80e-04 ,  -6.09e+02 ,  +2.18e+04 ,  +3.33e+06 , 
 0.0100 ,  +0.03265 ,  +0.00e+00 ,  -7.71e-01 ,  +2.71e-02 ,  +2.83e+00 ,  -8.78e+02 ,  +5.65e+03 ,  +4.54e+06 , 
 0.0050 ,  +0.01626 ,  +0.00e+00 ,  -7.63e-01 ,  -2.75e-02 ,  +2.39e+00 ,  -6.93e+02 ,  +3.58e+03 ,  +3.63e+06 , 
 0.0050 ,  +0.01621 ,  +0.00e+00 ,  -7.55e-01 ,  -1.44e-01 ,  +2.01e+00 ,  -7.67e+02 ,  +5.59e+03 ,  +3.88e+06 , 
 0.0050 ,  +0.01618 ,  +0.00e+00 ,  -7.51e-01 ,  -2.22e-01 ,  +1.25e+00 ,  -9.11e+02 ,  +1.33e+04 ,  +4.42e+06 , 
 0.0050 ,  +0.01621 ,  +0.00e+00 ,  -7.55e-01 ,  -1.40e-01 ,  -7.94e-01 ,  -1.03e+03 ,  +2.33e+04 ,  +4.93e+06 , 
 0.0100 ,  +0.03258 ,  +0.00e+00 ,  -7.66e-01 ,  +2.59e-03 ,  +8.01e-01 ,  -8.98e+02 ,  +1.42e+04 ,  +4.56e+06 , 
 0.0100 ,  +0.03272 ,  +0.00e+00 ,  -7.73e-01 ,  +3.82e-02 ,  +3.01e+00 ,  -1.02e+03 ,  +6.99e+03 ,  +5.36e+06 , 
 0.1750 ,  +0.57120 ,  +0.00e+00 ,  -7.75e-01 ,  +9.94e-02 ,  +2.66e+00 ,  -4.57e+02 ,  +9.48e+03 ,  +2.62e+06 , 
 0.1750 ,  +0.57103 ,  +0.00e+00 ,  -7.75e-01 ,  +9.35e-02 ,  +4.78e+00 ,  +4.22e+01 ,  +5.38e+03 ,  +3.33e+05 , 
 0.0200 ,  +0.06311 ,  +0.00e+00 ,  -7.87e-01 ,  -8.98e-02 ,  +1.11e+01 ,  -1.01e+02 ,  +2.31e+03 ,  +7.18e+05 , 
 0.0100 ,  +0.02692 ,  +0.00e+00 ,  -6.67e-01 ,  -3.26e-01 ,  +1.72e+01 ,  -1.34e+02 ,  +6.91e+03 ,  -7.29e+05 , 
 0.0150 ,  +0.02812 ,  +0.00e+00 ,  -3.48e-01 ,  -2.37e+00 ,  +1.97e+01 ,  -1.24e+02 ,  +1.99e+04 ,  -9.31e+05 , 
 0.0200 ,  +0.01944 ,  +0.00e+00 ,  -1.04e-01 ,  -2.11e+00 ,  +1.17e+01 ,  +3.85e+01 ,  +6.59e+03 ,  -8.62e+05 , 
 0.0300 ,  +0.01150 ,  +0.00e+00 ,  -2.38e-02 ,  -8.57e-01 ,  +4.14e+00 ,  +5.86e+01 ,  +3.33e+02 ,  -2.73e+05 , 
 0.0320 ,  +0.00429 ,  +0.00e+00 ,  -4.61e-03 ,  -2.50e-01 ,  +7.96e-01 ,  +5.08e+00 ,  +4.66e+02 ,  +3.13e+04 , 
 0.0325 ,  +0.00329 ,  -1.24e-03 ,  -1.33e-03 ,  -1.30e-01 ,  -5.11e-02 ,  +2.31e+01 ,  +2.91e+02 ,  +6.24e+04 , 
