--- model polynom_b (rz < 0). units: [m] for length, [rad] for angle and [m^(n-1)] for polynom_b ---
 len[m]    angle[deg]  PolyB(n=0)   PolyB(n=1)   PolyB(n=2)   PolyB(n=3)   PolyB(n=4)   PolyB(n=5)   PolyB(n=6)   
 0.1250 ,  +0.40635 ,  +0.00e+00 ,  -7.75e-01 ,  +1.28e-02 ,  +7.91e-01 ,  -3.63e+02 ,  +8.43e+03 ,  +3.08e+06 , 
 0.0550 ,  +0.17975 ,  +0.00e+00 ,  -7.74e-01 ,  +4.32e-02 ,  -2.73e+00 ,  -9.85e+02 ,  +2.78e+04 ,  +5.25e+06 , 
 0.0100 ,  +0.03263 ,  +0.00e+00 ,  -7.70e-01 ,  +1.68e-02 ,  -1.93e+00 ,  -9.89e+02 ,  +2.22e+04 ,  +4.94e+06 , 
 0.0050 ,  +0.01626 ,  +0.00e+00 ,  -7.64e-01 ,  -1.36e-02 ,  -2.85e+00 ,  -1.21e+03 ,  +2.24e+04 ,  +5.78e+06 , 
 0.0050 ,  +0.01621 ,  +0.00e+00 ,  -7.56e-01 ,  -1.48e-01 ,  -7.89e-01 ,  -8.90e+02 ,  +1.08e+04 ,  +4.36e+06 , 
 0.0050 ,  +0.01619 ,  +0.00e+00 ,  -7.51e-01 ,  -2.39e-01 ,  -2.24e+00 ,  -7.69e+02 ,  +1.88e+04 ,  +3.77e+06 , 
 0.0050 ,  +0.01622 ,  +0.00e+00 ,  -7.55e-01 ,  -1.67e-01 ,  -2.23e+00 ,  -8.05e+02 ,  +1.93e+04 ,  +3.83e+06 , 
 0.0100 ,  +0.03260 ,  +0.00e+00 ,  -7.66e-01 ,  -3.08e-02 ,  -3.38e+00 ,  -7.55e+02 ,  +2.43e+04 ,  +3.82e+06 , 
 0.0100 ,  +0.03274 ,  +0.00e+00 ,  -7.72e-01 ,  +8.22e-03 ,  -2.14e+00 ,  -9.35e+02 ,  +2.17e+04 ,  +4.56e+06 , 
 0.1750 ,  +0.57123 ,  +0.00e+00 ,  -7.75e-01 ,  +6.17e-02 ,  +3.68e+00 ,  -8.25e+01 ,  +6.55e+02 ,  +1.47e+05 , 
 0.1750 ,  +0.57075 ,  +0.00e+00 ,  -7.74e-01 ,  +6.21e-02 ,  +9.14e+00 ,  -4.74e+01 ,  -1.59e+04 ,  +1.13e+06 , 
 0.0200 ,  +0.06306 ,  +0.00e+00 ,  -7.87e-01 ,  -1.30e-01 ,  +9.44e+00 ,  +5.71e+00 ,  +7.01e+03 ,  +9.83e+05 , 
 0.0100 ,  +0.02693 ,  +0.00e+00 ,  -6.67e-01 ,  -3.29e-01 ,  +1.26e+01 ,  -3.64e+02 ,  +2.27e+04 ,  +9.47e+05 , 
 0.0150 ,  +0.02819 ,  +0.00e+00 ,  -3.48e-01 ,  -2.37e+00 ,  +1.72e+01 ,  -2.84e+02 ,  +2.31e+04 ,  -6.71e+04 , 
 0.0200 ,  +0.01964 ,  +0.00e+00 ,  -1.03e-01 ,  -2.13e+00 ,  +9.24e+00 ,  -1.26e+02 ,  +9.45e+03 ,  -4.02e+04 , 
 0.0300 ,  +0.01174 ,  +0.00e+00 ,  -2.32e-02 ,  -8.77e-01 ,  +3.43e+00 ,  +5.00e+01 ,  -6.38e+02 ,  -2.40e+05 , 
 0.0320 ,  +0.00439 ,  +0.00e+00 ,  -4.36e-03 ,  -2.58e-01 ,  +7.50e-01 ,  +2.71e+01 ,  -4.50e+02 ,  -1.04e+05 , 
 0.0325 ,  +0.00332 ,  -4.61e-04 ,  -9.81e-04 ,  -1.28e-01 ,  -5.35e-01 ,  -5.26e+01 ,  +3.02e+03 ,  +3.21e+05 , 
