--- model polynom_b (rz > 0). units: [m] for length, [rad] for angle and [m^(n-1)] for polynom_b ---
 len[m]     angle[deg]     PolyB(n=0)     PolyB(n=1)     PolyB(n=2)     PolyB(n=3)     PolyB(n=4)     PolyB(n=5)     PolyB(n=6)    
 0.1250 ,  -0.40656346 ,  +1.1351e-01 ,  -7.7513e-01 ,  +3.6777e-02 ,  +4.0331e+00 ,  -3.3542e+02 ,  -8.4560e+03 ,  +2.6754e+06 , 
 0.0550 ,  -0.17996464 ,  +1.1412e-01 ,  -7.7380e-01 ,  +9.3179e-03 ,  +5.4518e+00 ,  -1.6212e+02 ,  -1.9479e+04 ,  +1.6985e+06 , 
 0.0100 ,  -0.03293975 ,  +1.1437e-01 ,  -7.6872e-01 ,  -1.3308e-02 ,  +4.8985e+00 ,  -4.3027e+02 ,  -1.6755e+04 ,  +2.3693e+06 , 
 0.0050 ,  -0.01656680 ,  +1.1448e-01 ,  -7.6082e-01 ,  -5.7165e-02 ,  +3.9269e+00 ,  -6.4935e+02 ,  -1.1992e+04 ,  +3.1700e+06 , 
 0.0050 ,  -0.01651365 ,  +1.1411e-01 ,  -7.5215e-01 ,  -2.0470e-01 ,  +3.2024e+00 ,  -4.2601e+02 ,  -6.6812e+03 ,  +2.0916e+06 , 
 0.0050 ,  -0.01649154 ,  +1.1397e-01 ,  -7.4797e-01 ,  -3.0062e-01 ,  +3.4769e+00 ,  -2.1897e+02 ,  -6.1318e+03 ,  +1.0418e+06 , 
 0.0050 ,  -0.01650144 ,  +1.1412e-01 ,  -7.5319e-01 ,  -2.1753e-01 ,  +2.0832e+00 ,  +2.8021e+01 ,  -1.4783e+03 ,  -2.9038e+04 , 
 0.0100 ,  -0.03287860 ,  +1.1421e-01 ,  -7.6517e-01 ,  -6.8065e-02 ,  +2.1203e+00 ,  +1.4995e+02 ,  -1.6923e+03 ,  -3.0129e+05 , 
 0.0100 ,  -0.03298718 ,  +1.1465e-01 ,  -7.7149e-01 ,  -4.9405e-02 ,  +3.1272e+00 ,  +3.3638e+02 ,  -4.3618e+03 ,  -9.0919e+05 , 
 0.1750 ,  -0.57105325 ,  +1.1387e-01 ,  -7.7376e-01 ,  +3.1868e-02 ,  +2.1970e+00 ,  +7.7352e+02 ,  +1.0663e+04 ,  -3.0782e+06 , 
 0.1750 ,  -0.57056492 ,  +1.1376e-01 ,  -7.7272e-01 ,  +9.4293e-02 ,  +2.6250e+00 ,  -8.6637e+01 ,  +2.2052e+04 ,  +8.8750e+05 , 
 0.0200 ,  -0.06295733 ,  +1.0955e-01 ,  -7.8088e-01 ,  -1.3883e-01 ,  +1.4398e+01 ,  -6.2173e+02 ,  +3.5548e+02 ,  +2.5908e+06 , 
 0.0100 ,  -0.02639409 ,  +9.1805e-02 ,  -6.3806e-01 ,  -6.3394e-01 ,  +2.1099e+01 ,  -3.5880e+02 ,  +1.2434e+04 ,  -2.6393e+05 , 
 0.0150 ,  -0.02756609 ,  +6.3344e-02 ,  -3.1893e-01 ,  -2.5515e+00 ,  +2.2030e+01 ,  -1.8139e+02 ,  +1.6395e+04 ,  -9.1738e+05 , 
 0.0200 ,  -0.01913081 ,  +3.2812e-02 ,  -9.3736e-02 ,  -2.0732e+00 ,  +1.1783e+01 ,  +3.6395e+01 ,  +2.6471e+03 ,  -7.2039e+05 , 
 0.0300 ,  -0.01151016 ,  +1.3126e-02 ,  -2.1130e-02 ,  -8.3137e-01 ,  +3.7549e+00 ,  +3.8734e+01 ,  +2.4754e+01 ,  -1.4674e+05 , 
 0.0320 ,  -0.00439865 ,  +4.6849e-03 ,  -4.0770e-03 ,  -2.4638e-01 ,  +7.1327e-01 ,  +4.1445e+01 ,  +4.1321e+02 ,  -1.1236e+05 , 
 0.0325 ,  -0.00321764 ,  +3.4837e-03 ,  -1.1612e-03 ,  -1.1472e-01 ,  -4.9739e-01 ,  -8.8157e+01 ,  +3.4090e+03 ,  +3.7409e+05 , 
