--- model polynom_b (rz < 0). units: [m] for length, [rad] for angle and [m^(n-1)] for polynom_b ---
 len[m]    angle[deg]  PolyB(n=0)   PolyB(n=1)   PolyB(n=2)   PolyB(n=3)   PolyB(n=4)   PolyB(n=5)   PolyB(n=6)   
 0.1250 ,  +0.40653 ,  +0.00e+00 ,  -7.76e-01 ,  -6.93e-03 ,  +3.88e+00 ,  +3.62e+02 ,  +1.85e+02 ,  -1.24e+06 , 
 0.0550 ,  +0.17980 ,  +0.00e+00 ,  -7.75e-01 ,  -3.45e-02 ,  +4.86e+00 ,  +5.54e+02 ,  -6.10e+03 ,  -2.24e+06 , 
 0.0100 ,  +0.03263 ,  +0.00e+00 ,  -7.71e-01 ,  -3.64e-02 ,  +4.88e+00 ,  +2.57e+01 ,  -3.49e+03 ,  -1.49e+05 , 
 0.0050 ,  +0.01626 ,  +0.00e+00 ,  -7.64e-01 ,  -7.95e-02 ,  +2.44e+00 ,  +1.99e+02 ,  +2.75e+03 ,  -1.14e+06 , 
 0.0050 ,  +0.01620 ,  +0.00e+00 ,  -7.56e-01 ,  -2.03e-01 ,  +2.47e+00 ,  +1.90e+02 ,  +4.72e+03 ,  -1.02e+06 , 
 0.0050 ,  +0.01618 ,  +0.00e+00 ,  -7.50e-01 ,  -3.08e-01 ,  +3.83e+00 ,  +2.89e+02 ,  +2.01e+03 ,  -1.65e+06 , 
 0.0050 ,  +0.01620 ,  +0.00e+00 ,  -7.54e-01 ,  -2.44e-01 ,  +2.77e+00 ,  +2.23e+02 ,  +5.45e+03 ,  -1.02e+06 , 
 0.0100 ,  +0.03256 ,  +0.00e+00 ,  -7.65e-01 ,  -7.45e-02 ,  +3.53e+00 ,  -1.74e+01 ,  +4.15e+02 ,  +1.72e+05 , 
 0.0100 ,  +0.03271 ,  +0.00e+00 ,  -7.72e-01 ,  -5.39e-02 ,  +4.98e+00 ,  +2.53e+02 ,  -5.67e+03 ,  -7.75e+05 , 
 0.1750 ,  +0.57075 ,  +0.00e+00 ,  -7.75e-01 ,  +1.87e-02 ,  +4.13e+00 ,  +3.85e+02 ,  -3.26e+03 ,  -5.79e+05 , 
 0.1750 ,  +0.57009 ,  +0.00e+00 ,  -7.74e-01 ,  +3.84e-02 ,  +2.00e+00 ,  +8.87e+02 ,  +9.25e+03 ,  -3.42e+06 , 
 0.0200 ,  +0.06310 ,  +0.00e+00 ,  -7.86e-01 ,  -1.47e-01 ,  +3.70e+00 ,  +2.36e+02 ,  +3.87e+04 ,  -1.44e+06 , 
 0.0100 ,  +0.02714 ,  +0.00e+00 ,  -6.75e-01 ,  -3.22e-01 ,  +1.11e+01 ,  -1.83e+02 ,  +3.85e+04 ,  -9.82e+05 , 
 0.0150 ,  +0.02859 ,  +0.00e+00 ,  -3.58e-01 ,  -2.34e+00 ,  +1.74e+01 ,  -5.65e+02 ,  +3.13e+04 ,  +6.60e+05 , 
 0.0200 ,  +0.01990 ,  +0.00e+00 ,  -1.07e-01 ,  -2.14e+00 ,  +1.04e+01 ,  -3.39e+02 ,  +9.52e+03 ,  +5.32e+05 , 
 0.0300 ,  +0.01182 ,  +0.00e+00 ,  -2.41e-02 ,  -8.80e-01 ,  +3.71e+00 ,  -6.83e+01 ,  +7.24e+02 ,  +1.66e+05 , 
 0.0320 ,  +0.00439 ,  +0.00e+00 ,  -4.61e-03 ,  -2.55e-01 ,  +1.00e+00 ,  -2.51e+01 ,  -8.68e+02 ,  +9.39e+04 , 
 0.0325 ,  +0.00335 ,  +3.06e-05 ,  -1.22e-03 ,  -1.28e-01 ,  +9.84e-01 ,  +1.12e+01 ,  -3.16e+03 ,  -3.65e+04 , 
