--- model polynom_b (rz < 0). units: [m] for length, [rad] for angle and [m^(n-1)] for polynom_b ---
 len[m]    angle[deg]  PolyB(n=0)   PolyB(n=1)   PolyB(n=2)   PolyB(n=3)   PolyB(n=4)   PolyB(n=5)   PolyB(n=6)   
 0.1250 ,  +0.40641 ,  +0.00e+00 ,  -7.77e-01 ,  +2.38e-02 ,  +2.55e+00 ,  +3.27e+02 ,  +1.28e+04 ,  -1.61e+06 , 
 0.0550 ,  +0.17972 ,  +0.00e+00 ,  -7.75e-01 ,  +1.59e-02 ,  +7.86e-01 ,  -2.27e+02 ,  +2.08e+04 ,  +1.37e+06 , 
 0.0100 ,  +0.03263 ,  +0.00e+00 ,  -7.71e-01 ,  -7.19e-03 ,  +1.53e+00 ,  -2.84e+02 ,  +1.29e+04 ,  +1.54e+06 , 
 0.0050 ,  +0.01626 ,  +0.00e+00 ,  -7.64e-01 ,  -3.57e-02 ,  -4.04e-01 ,  -3.89e+02 ,  +1.82e+04 ,  +1.83e+06 , 
 0.0050 ,  +0.01621 ,  +0.00e+00 ,  -7.57e-01 ,  -1.40e-01 ,  +5.13e-01 ,  -4.86e+02 ,  +1.53e+04 ,  +2.07e+06 , 
 0.0050 ,  +0.01619 ,  +0.00e+00 ,  -7.52e-01 ,  -2.36e-01 ,  +1.52e+00 ,  -4.14e+02 ,  +1.45e+04 ,  +1.59e+06 , 
 0.0050 ,  +0.01622 ,  +0.00e+00 ,  -7.56e-01 ,  -1.64e-01 ,  +9.05e-01 ,  -6.22e+02 ,  +1.46e+04 ,  +2.81e+06 , 
 0.0100 ,  +0.03260 ,  +0.00e+00 ,  -7.67e-01 ,  -3.19e-02 ,  +2.78e+00 ,  -3.91e+02 ,  +4.88e+03 ,  +1.93e+06 , 
 0.0100 ,  +0.03274 ,  +0.00e+00 ,  -7.73e-01 ,  -1.75e-02 ,  +3.07e+00 ,  -2.09e+02 ,  +6.88e+03 ,  +1.41e+06 , 
 0.1750 ,  +0.57099 ,  +0.00e+00 ,  -7.75e-01 ,  +5.97e-02 ,  +6.13e+00 ,  -1.69e+02 ,  -2.33e+03 ,  +1.27e+06 , 
 0.1750 ,  +0.57079 ,  +0.00e+00 ,  -7.74e-01 ,  +2.07e-02 ,  +7.63e+00 ,  +6.99e+02 ,  -7.54e+03 ,  -2.00e+06 , 
 0.0200 ,  +0.06316 ,  +0.00e+00 ,  -7.88e-01 ,  -1.51e-01 ,  +6.57e+00 ,  +2.72e+02 ,  +1.99e+04 ,  -2.55e+05 , 
 0.0100 ,  +0.02700 ,  +0.00e+00 ,  -6.72e-01 ,  -3.20e-01 ,  +1.24e+01 ,  -1.38e+02 ,  +2.32e+04 ,  +1.51e+05 , 
 0.0150 ,  +0.02824 ,  +0.00e+00 ,  -3.53e-01 ,  -2.33e+00 ,  +1.79e+01 ,  -3.88e+02 ,  +2.31e+04 ,  +6.00e+05 , 
 0.0200 ,  +0.01954 ,  +0.00e+00 ,  -1.04e-01 ,  -2.13e+00 ,  +9.84e+00 ,  -1.13e+02 ,  +1.01e+04 ,  -1.29e+03 , 
 0.0300 ,  +0.01169 ,  +0.00e+00 ,  -2.29e-02 ,  -8.73e-01 ,  +3.16e+00 ,  -3.68e+01 ,  +1.97e+03 ,  +1.75e+05 , 
 0.0320 ,  +0.00442 ,  +0.00e+00 ,  -4.30e-03 ,  -2.56e-01 ,  +4.31e-01 ,  -1.99e+01 ,  +1.28e+03 ,  +1.05e+05 , 
 0.0325 ,  +0.00339 ,  -3.09e-04 ,  -1.06e-03 ,  -1.32e-01 ,  +4.87e-01 ,  +3.55e+01 ,  -5.19e+01 ,  -1.09e+05 , 
