--- model polynom_b (rz > 0). units: [m] for length, [rad] for angle and [m^(n-1)] for polynom_b ---
 len[m]    angle[deg]  PolyB(n=0)   PolyB(n=1)   PolyB(n=2)   PolyB(n=3)   PolyB(n=4)   PolyB(n=5)   PolyB(n=6)   
 0.1250 ,  +0.40551 ,  +0.00e+00 ,  -7.75e-01 ,  +5.99e-03 ,  -1.47e-01 ,  +1.92e+02 ,  +2.03e+04 ,  -4.08e+04 , 
 0.0550 ,  +0.17935 ,  +0.00e+00 ,  -7.74e-01 ,  -2.57e-04 ,  -3.33e-01 ,  +2.82e+01 ,  +1.87e+04 ,  +6.41e+05 , 
 0.0100 ,  +0.03257 ,  +0.00e+00 ,  -7.71e-01 ,  -3.84e-02 ,  +1.28e+00 ,  +1.26e+02 ,  +1.15e+04 ,  +1.61e+04 , 
 0.0050 ,  +0.01623 ,  +0.00e+00 ,  -7.64e-01 ,  -6.08e-02 ,  -3.39e+00 ,  +1.03e+02 ,  +3.16e+04 ,  -1.08e+05 , 
 0.0050 ,  +0.01617 ,  +0.00e+00 ,  -7.56e-01 ,  -1.68e-01 ,  -3.08e+00 ,  +1.07e+02 ,  +2.82e+04 ,  -2.50e+05 , 
 0.0050 ,  +0.01613 ,  +0.00e+00 ,  -7.49e-01 ,  -2.84e-01 ,  -2.93e+00 ,  -2.47e+02 ,  +3.16e+04 ,  +1.48e+06 , 
 0.0050 ,  +0.01614 ,  +0.00e+00 ,  -7.50e-01 ,  -2.58e-01 ,  -8.73e-01 ,  -2.14e+02 ,  +1.96e+04 ,  +1.35e+06 , 
 0.0100 ,  +0.03244 ,  +0.00e+00 ,  -7.62e-01 ,  -8.16e-02 ,  -2.69e+00 ,  -1.35e+02 ,  +2.66e+04 ,  +1.24e+06 , 
 0.0100 ,  +0.03260 ,  +0.00e+00 ,  -7.71e-01 ,  -1.60e-02 ,  -3.52e-01 ,  -3.52e+02 ,  +1.86e+04 ,  +2.36e+06 , 
 0.1750 ,  +0.56951 ,  +0.00e+00 ,  -7.74e-01 ,  +6.12e-02 ,  +1.90e+00 ,  -1.93e+01 ,  +1.03e+04 ,  +7.24e+05 , 
 0.1750 ,  +0.56955 ,  +0.00e+00 ,  -7.73e-01 ,  +9.99e-02 ,  +5.50e+00 ,  -2.03e+01 ,  +2.49e+03 ,  +5.55e+05 , 
 0.0200 ,  +0.06338 ,  +0.00e+00 ,  -7.85e-01 ,  -1.27e-01 ,  +1.13e+01 ,  -3.75e+02 ,  -9.38e+02 ,  +2.01e+06 , 
 0.0100 ,  +0.02772 ,  +0.00e+00 ,  -6.96e-01 ,  -1.72e-01 ,  +1.56e+01 ,  -1.28e+02 ,  +1.56e+04 ,  -2.57e+05 , 
 0.0150 ,  +0.02970 ,  +0.00e+00 ,  -3.85e-01 ,  -2.21e+00 ,  +2.10e+01 ,  -2.30e+02 ,  +1.95e+04 ,  -4.50e+05 , 
 0.0200 ,  +0.02078 ,  +0.00e+00 ,  -1.15e-01 ,  -2.22e+00 ,  +1.17e+01 ,  -1.59e+02 ,  +1.08e+04 ,  +8.89e+04 , 
 0.0300 ,  +0.01236 ,  +0.00e+00 ,  -2.51e-02 ,  -9.30e-01 ,  +4.02e+00 ,  -6.11e+01 ,  +1.54e+03 ,  +3.55e+05 , 
 0.0320 ,  +0.00458 ,  +0.00e+00 ,  -4.71e-03 ,  -2.71e-01 ,  +7.26e-01 ,  -2.85e+01 ,  +4.55e+02 ,  +1.95e+05 , 
 0.0325 ,  +0.00348 ,  +1.56e-03 ,  -1.36e-03 ,  -1.25e-01 ,  +2.29e-01 ,  -1.11e+02 ,  +2.33e+02 ,  +4.22e+05 , 
