--- model polynom_b (rz > 0). units: [m] for length, [rad] for angle and [m^(n-1)] for polynom_b ---
 len[m]    angle[deg]  PolyB(n=0)   PolyB(n=1)   PolyB(n=2)   PolyB(n=3)   PolyB(n=4)   PolyB(n=5)   PolyB(n=6)   
 0.1250 ,  +0.40592 ,  +0.00e+00 ,  -7.76e-01 ,  +9.96e-02 ,  +4.59e+00 ,  -1.29e+03 ,  -1.97e+03 ,  +6.19e+06 , 
 0.0550 ,  +0.17945 ,  +0.00e+00 ,  -7.74e-01 ,  +4.79e-02 ,  +2.98e+00 ,  -8.46e+02 ,  +3.18e+03 ,  +4.04e+06 , 
 0.0100 ,  +0.03256 ,  +0.00e+00 ,  -7.70e-01 ,  +4.08e-02 ,  +2.77e+00 ,  -1.05e+03 ,  +8.18e+03 ,  +4.14e+06 , 
 0.0050 ,  +0.01622 ,  +0.00e+00 ,  -7.62e-01 ,  -3.49e-02 ,  +5.12e-01 ,  -5.50e+02 ,  +1.45e+04 ,  +2.02e+06 , 
 0.0050 ,  +0.01616 ,  +0.00e+00 ,  -7.53e-01 ,  -1.60e-01 ,  -6.06e-01 ,  -7.70e+02 ,  +2.17e+04 ,  +3.02e+06 , 
 0.0050 ,  +0.01613 ,  +0.00e+00 ,  -7.47e-01 ,  -2.76e-01 ,  +1.87e+00 ,  -7.80e+02 ,  +1.27e+04 ,  +3.07e+06 , 
 0.0050 ,  +0.01616 ,  +0.00e+00 ,  -7.51e-01 ,  -1.91e-01 ,  -1.02e+00 ,  -1.11e+03 ,  +2.56e+04 ,  +4.55e+06 , 
 0.0100 ,  +0.03251 ,  +0.00e+00 ,  -7.64e-01 ,  -2.13e-03 ,  +9.75e-01 ,  -1.19e+03 ,  +1.41e+04 ,  +4.97e+06 , 
 0.0100 ,  +0.03268 ,  +0.00e+00 ,  -7.72e-01 ,  +5.50e-02 ,  +2.46e+00 ,  -1.44e+03 ,  +1.01e+04 ,  +6.09e+06 , 
 0.1750 ,  +0.57076 ,  +0.00e+00 ,  -7.75e-01 ,  +9.35e-02 ,  +8.37e+00 ,  -8.11e+02 ,  -1.78e+04 ,  +3.92e+06 , 
 0.1750 ,  +0.57034 ,  +0.00e+00 ,  -7.74e-01 ,  +2.58e-02 ,  +7.05e+00 ,  +4.67e+02 ,  -9.04e+03 ,  -5.77e+05 , 
 0.0200 ,  +0.06322 ,  +0.00e+00 ,  -7.86e-01 ,  -1.94e-01 ,  +5.16e+00 ,  +1.94e+01 ,  +2.23e+04 ,  +1.25e+06 , 
 0.0100 ,  +0.02729 ,  +0.00e+00 ,  -6.81e-01 ,  -3.45e-01 ,  +1.10e+01 ,  +3.41e+01 ,  +3.25e+04 ,  -5.89e+05 , 
 0.0150 ,  +0.02882 ,  +0.00e+00 ,  -3.65e-01 ,  -2.37e+00 ,  +1.65e+01 ,  -7.35e+00 ,  +3.30e+04 ,  -1.13e+06 , 
 0.0200 ,  +0.02005 ,  +0.00e+00 ,  -1.09e-01 ,  -2.19e+00 ,  +8.64e+00 ,  -5.67e+01 ,  +1.81e+04 ,  -3.30e+05 , 
 0.0300 ,  +0.01197 ,  +0.00e+00 ,  -2.42e-02 ,  -9.01e-01 ,  +2.77e+00 ,  -1.05e+01 ,  +5.01e+03 ,  +9.24e+04 , 
 0.0320 ,  +0.00449 ,  +0.00e+00 ,  -4.60e-03 ,  -2.63e-01 ,  +2.84e-01 ,  -6.61e+00 ,  +2.45e+03 ,  +7.67e+04 , 
 0.0325 ,  +0.00347 ,  +9.61e-04 ,  -1.33e-03 ,  -1.26e-01 ,  +2.22e-01 ,  -7.69e+01 ,  +5.44e+02 ,  +3.75e+05 , 
