--- model polynom_b (rz < 0). units: [m] for length, [rad] for angle and [m^(n-1)] for polynom_b ---
 len[m]    angle[deg]  PolyB(n=0)   PolyB(n=1)   PolyB(n=2)   PolyB(n=3)   PolyB(n=4)   PolyB(n=5)   PolyB(n=6)   
 0.1250 ,  +0.40720 ,  +0.00e+00 ,  -7.76e-01 ,  +3.76e-02 ,  -2.06e+00 ,  -4.31e+02 ,  +2.34e+04 ,  +2.26e+06 , 
 0.0550 ,  +0.18007 ,  +0.00e+00 ,  -7.75e-01 ,  +4.26e-02 ,  -1.38e+00 ,  -9.08e+02 ,  +1.55e+04 ,  +4.26e+06 , 
 0.0100 ,  +0.03268 ,  +0.00e+00 ,  -7.70e-01 ,  +1.87e-02 ,  -1.91e+00 ,  -1.08e+03 ,  +1.89e+04 ,  +4.87e+06 , 
 0.0050 ,  +0.01627 ,  +0.00e+00 ,  -7.63e-01 ,  -3.35e-02 ,  -3.29e+00 ,  -1.05e+03 ,  +2.29e+04 ,  +4.41e+06 , 
 0.0050 ,  +0.01622 ,  +0.00e+00 ,  -7.54e-01 ,  -1.72e-01 ,  -1.55e+00 ,  -9.25e+02 ,  +1.57e+04 ,  +3.85e+06 , 
 0.0050 ,  +0.01620 ,  +0.00e+00 ,  -7.50e-01 ,  -2.42e-01 ,  -4.62e+00 ,  -1.05e+03 ,  +3.46e+04 ,  +4.37e+06 , 
 0.0050 ,  +0.01622 ,  +0.00e+00 ,  -7.55e-01 ,  -1.45e-01 ,  -4.46e+00 ,  -9.97e+02 ,  +3.10e+04 ,  +4.16e+06 , 
 0.0100 ,  +0.03261 ,  +0.00e+00 ,  -7.66e-01 ,  +1.02e-02 ,  -2.20e+00 ,  -9.66e+02 ,  +1.80e+04 ,  +3.86e+06 , 
 0.0100 ,  +0.03274 ,  +0.00e+00 ,  -7.73e-01 ,  +3.74e-02 ,  -1.79e+00 ,  -8.95e+02 ,  +1.92e+04 ,  +3.66e+06 , 
 0.1750 ,  +0.57128 ,  +0.00e+00 ,  -7.75e-01 ,  +9.10e-02 ,  +1.74e+00 ,  -3.19e+02 ,  +8.60e+03 ,  +1.24e+06 , 
 0.1750 ,  +0.57107 ,  +0.00e+00 ,  -7.75e-01 ,  +8.68e-02 ,  +7.37e+00 ,  -2.82e+02 ,  -5.60e+03 ,  +2.02e+06 , 
 0.0200 ,  +0.06295 ,  +0.00e+00 ,  -7.86e-01 ,  -1.48e-01 ,  +1.43e+01 ,  -3.71e+02 ,  -1.27e+04 ,  +2.34e+06 , 
 0.0100 ,  +0.02667 ,  +0.00e+00 ,  -6.57e-01 ,  -4.64e-01 ,  +2.25e+01 ,  -5.93e+02 ,  -1.55e+04 ,  +1.62e+06 , 
 0.0150 ,  +0.02771 ,  +0.00e+00 ,  -3.38e-01 ,  -2.47e+00 ,  +2.32e+01 ,  -2.17e+02 ,  +6.07e+02 ,  -3.85e+05 , 
 0.0200 ,  +0.01918 ,  +0.00e+00 ,  -1.01e-01 ,  -2.13e+00 ,  +1.28e+01 ,  +8.83e+01 ,  -4.87e+03 ,  -9.42e+05 , 
 0.0300 ,  +0.01147 ,  +0.00e+00 ,  -2.29e-02 ,  -8.72e-01 ,  +4.48e+00 ,  +1.48e+02 ,  -4.30e+03 ,  -6.23e+05 , 
 0.0320 ,  +0.00433 ,  +0.00e+00 ,  -4.40e-03 ,  -2.57e-01 ,  +1.00e+00 ,  +6.79e+01 ,  -1.07e+03 ,  -2.55e+05 , 
 0.0325 ,  +0.00333 ,  -1.91e-03 ,  -1.14e-03 ,  -1.28e-01 ,  +3.57e-01 ,  +5.66e+01 ,  -1.94e+02 ,  -3.41e+05 , 
