--- model polynom_b (rz > 0). units: [m] for length, [rad] for angle and [m^(n-1)] for polynom_b ---
 len[m]     angle[deg]     PolyB(n=0)     PolyB(n=1)     PolyB(n=2)     PolyB(n=3)     PolyB(n=4)     PolyB(n=5)     PolyB(n=6)    
 0.1250 ,  -0.40656346 ,  +1.1346e-01 ,  -7.7446e-01 ,  +3.5034e-02 ,  -1.3206e+00 ,  -2.3129e+02 ,  +2.9616e+04 ,  +1.9500e+06 , 
 0.0550 ,  -0.17996464 ,  +1.1410e-01 ,  -7.7330e-01 ,  +3.5299e-02 ,  -2.7561e+00 ,  -4.6260e+02 ,  +3.5403e+04 ,  +2.7728e+06 , 
 0.0100 ,  -0.03293975 ,  +1.1440e-01 ,  -7.6918e-01 ,  +1.0813e-02 ,  -2.0519e+00 ,  -6.1867e+02 ,  +3.4540e+04 ,  +3.1788e+06 , 
 0.0050 ,  -0.01656680 ,  +1.1452e-01 ,  -7.6176e-01 ,  -1.5555e-02 ,  -3.2510e+00 ,  -8.5133e+02 ,  +3.5357e+04 ,  +4.1017e+06 , 
 0.0050 ,  -0.01651365 ,  +1.1415e-01 ,  -7.5307e-01 ,  -1.5397e-01 ,  -3.8764e+00 ,  -6.9138e+02 ,  +3.9842e+04 ,  +3.2433e+06 , 
 0.0050 ,  -0.01649154 ,  +1.1399e-01 ,  -7.4811e-01 ,  -2.6197e-01 ,  -3.0872e+00 ,  -4.6122e+02 ,  +3.9618e+04 ,  +1.9496e+06 , 
 0.0050 ,  -0.01650144 ,  +1.1413e-01 ,  -7.5241e-01 ,  -1.6558e-01 ,  -4.1604e+00 ,  -6.2183e+02 ,  +4.1638e+04 ,  +2.4826e+06 , 
 0.0100 ,  -0.03287860 ,  +1.1422e-01 ,  -7.6434e-01 ,  -6.3621e-03 ,  -2.9574e+00 ,  -7.1575e+02 ,  +3.5774e+04 ,  +3.2134e+06 , 
 0.0100 ,  -0.03298718 ,  +1.1467e-01 ,  -7.7098e-01 ,  +1.8108e-02 ,  -1.6636e+00 ,  -5.6670e+02 ,  +3.2077e+04 ,  +2.7714e+06 , 
 0.1750 ,  -0.57105325 ,  +1.1387e-01 ,  -7.7309e-01 ,  +1.0495e-01 ,  +1.4661e+00 ,  -4.6572e+02 ,  +2.0338e+04 ,  +2.3360e+06 , 
 0.1750 ,  -0.57056492 ,  +1.1376e-01 ,  -7.7228e-01 ,  +9.3391e-02 ,  +5.6843e+00 ,  -6.5414e+01 ,  +6.7466e+03 ,  +1.1692e+06 , 
 0.0200 ,  -0.06295733 ,  +1.0973e-01 ,  -7.8314e-01 ,  -1.6486e-01 ,  +1.0280e+01 ,  +2.1063e+02 ,  +1.0293e+04 ,  -1.6429e+05 , 
 0.0100 ,  -0.02639409 ,  +9.2281e-02 ,  -6.5060e-01 ,  -5.3075e-01 ,  +1.9075e+01 ,  +7.5681e+01 ,  +5.9508e+03 ,  -1.1978e+06 , 
 0.0150 ,  -0.02756609 ,  +6.3799e-02 ,  -3.2994e-01 ,  -2.5016e+00 ,  +2.1096e+01 ,  +1.6073e+02 ,  +1.5127e+04 ,  -1.8894e+06 , 
 0.0200 ,  -0.01913081 ,  +3.2997e-02 ,  -9.6587e-02 ,  -2.0891e+00 ,  +1.0914e+01 ,  +1.2600e+02 ,  +6.6723e+03 ,  -9.2075e+05 , 
 0.0300 ,  -0.01151016 ,  +1.3174e-02 ,  -2.1545e-02 ,  -8.4028e-01 ,  +3.0200e+00 ,  +8.8519e+01 ,  +3.7739e+03 ,  -3.0172e+05 , 
 0.0320 ,  -0.00439865 ,  +4.7064e-03 ,  -4.1289e-03 ,  -2.4762e-01 ,  +1.4194e-01 ,  +3.5813e+01 ,  +2.9050e+03 ,  -9.2849e+04 , 
 0.0325 ,  -0.00321764 ,  +3.5119e-03 ,  -1.2366e-03 ,  -1.2395e-01 ,  +4.5820e-01 ,  +2.9852e+01 ,  -4.6430e+02 ,  -1.3382e+05 , 
