--- model polynom_b (rz > 0). units: [m] for length, [rad] for angle and [m^(n-1)] for polynom_b ---
 len[m]    angle[deg]  PolyB(n=0)   PolyB(n=1)   PolyB(n=2)   PolyB(n=3)   PolyB(n=4)   PolyB(n=5)   PolyB(n=6)   
 0.1250 ,  +0.40668 ,  +0.00e+00 ,  -7.75e-01 ,  +3.70e-02 ,  +4.04e+00 ,  -3.38e+02 ,  -8.47e+03 ,  +2.69e+06 , 
 0.0550 ,  +0.17980 ,  +0.00e+00 ,  -7.74e-01 ,  +9.90e-03 ,  +5.47e+00 ,  -1.68e+02 ,  -1.95e+04 ,  +1.73e+06 , 
 0.0100 ,  +0.03262 ,  +0.00e+00 ,  -7.69e-01 ,  -1.32e-02 ,  +4.93e+00 ,  -4.26e+02 ,  -1.69e+04 ,  +2.37e+06 , 
 0.0050 ,  +0.01625 ,  +0.00e+00 ,  -7.62e-01 ,  -4.96e-02 ,  +3.95e+00 ,  -6.62e+02 ,  -1.22e+04 ,  +3.23e+06 , 
 0.0050 ,  +0.01619 ,  +0.00e+00 ,  -7.53e-01 ,  -1.91e-01 ,  +3.25e+00 ,  -4.36e+02 ,  -7.23e+03 ,  +2.16e+06 , 
 0.0050 ,  +0.01617 ,  +0.00e+00 ,  -7.48e-01 ,  -2.98e-01 ,  +3.47e+00 ,  -2.71e+02 ,  -6.22e+03 ,  +1.28e+06 , 
 0.0050 ,  +0.01620 ,  +0.00e+00 ,  -7.52e-01 ,  -2.37e-01 ,  +2.35e+00 ,  +2.00e+01 ,  -2.07e+03 ,  -3.42e+03 , 
 0.0100 ,  +0.03257 ,  +0.00e+00 ,  -7.64e-01 ,  -7.53e-02 ,  +2.11e+00 ,  +1.29e+02 ,  -2.10e+03 ,  -2.26e+05 , 
 0.0100 ,  +0.03272 ,  +0.00e+00 ,  -7.71e-01 ,  -4.93e-02 ,  +3.10e+00 ,  +3.19e+02 ,  -4.32e+03 ,  -8.27e+05 , 
 0.1750 ,  +0.57117 ,  +0.00e+00 ,  -7.74e-01 ,  +3.14e-02 ,  +2.22e+00 ,  +7.70e+02 ,  +1.05e+04 ,  -3.06e+06 , 
 0.1750 ,  +0.57057 ,  +0.00e+00 ,  -7.73e-01 ,  +9.60e-02 ,  +2.59e+00 ,  -7.11e+01 ,  +2.22e+04 ,  +8.19e+05 , 
 0.0200 ,  +0.06301 ,  +0.00e+00 ,  -7.83e-01 ,  -1.54e-01 ,  +1.37e+01 ,  -6.35e+02 ,  +2.53e+01 ,  +2.75e+06 , 
 0.0100 ,  +0.02695 ,  +0.00e+00 ,  -6.66e-01 ,  -4.35e-01 ,  +2.04e+01 ,  -4.35e+02 ,  +1.11e+04 ,  +1.79e+05 , 
 0.0150 ,  +0.02822 ,  +0.00e+00 ,  -3.50e-01 ,  -2.44e+00 ,  +2.26e+01 ,  -1.92e+02 ,  +1.70e+04 ,  -9.41e+05 , 
 0.0200 ,  +0.01956 ,  +0.00e+00 ,  -1.04e-01 ,  -2.17e+00 ,  +1.25e+01 ,  +2.86e+01 ,  +3.34e+03 ,  -7.58e+05 , 
 0.0300 ,  +0.01170 ,  +0.00e+00 ,  -2.31e-02 ,  -8.84e-01 ,  +4.08e+00 ,  +4.07e+01 ,  -6.52e+01 ,  -1.68e+05 , 
 0.0320 ,  +0.00441 ,  +0.00e+00 ,  -4.43e-03 ,  -2.62e-01 ,  +7.87e-01 ,  +4.04e+01 ,  +3.75e+02 ,  -1.07e+05 , 
 0.0325 ,  +0.00341 ,  -8.85e-04 ,  -1.26e-03 ,  -1.22e-01 ,  -4.94e-01 ,  -8.49e+01 ,  +3.49e+03 ,  +3.62e+05 , 
