--- model polynom_b (rz > 0). units: [m] for length, [rad] for angle and [m^(n-1)] for polynom_b ---
 len[m]    angle[deg]  PolyB(n=0)   PolyB(n=1)   PolyB(n=2)   PolyB(n=3)   PolyB(n=4)   PolyB(n=5)   PolyB(n=6)   
 0.1250 ,  +0.40599 ,  +0.00e+00 ,  -7.75e-01 ,  -2.11e-02 ,  +5.87e-01 ,  +4.44e+02 ,  +2.51e+04 ,  +3.55e+04 , 
 0.0550 ,  +0.17948 ,  +0.00e+00 ,  -7.74e-01 ,  -8.73e-03 ,  -8.83e-01 ,  -1.07e+02 ,  +3.03e+04 ,  +2.13e+06 , 
 0.0100 ,  +0.03258 ,  +0.00e+00 ,  -7.70e-01 ,  -2.73e-02 ,  +5.97e-01 ,  -4.06e+02 ,  +2.24e+04 ,  +2.86e+06 , 
 0.0050 ,  +0.01623 ,  +0.00e+00 ,  -7.64e-01 ,  -5.48e-02 ,  -1.40e+00 ,  -3.68e+02 ,  +2.93e+04 ,  +2.70e+06 , 
 0.0050 ,  +0.01618 ,  +0.00e+00 ,  -7.55e-01 ,  -1.44e-01 ,  -1.96e+00 ,  -5.94e+02 ,  +3.06e+04 ,  +3.12e+06 , 
 0.0050 ,  +0.01614 ,  +0.00e+00 ,  -7.48e-01 ,  -2.73e-01 ,  -1.54e+00 ,  -6.57e+02 ,  +3.37e+04 ,  +3.54e+06 , 
 0.0050 ,  +0.01615 ,  +0.00e+00 ,  -7.50e-01 ,  -2.48e-01 ,  -4.21e-01 ,  -6.00e+02 ,  +2.72e+04 ,  +3.39e+06 , 
 0.0100 ,  +0.03246 ,  +0.00e+00 ,  -7.62e-01 ,  -6.88e-02 ,  +7.23e-01 ,  -4.96e+02 ,  +1.72e+04 ,  +3.10e+06 , 
 0.0100 ,  +0.03262 ,  +0.00e+00 ,  -7.70e-01 ,  -3.71e-02 ,  +1.97e+00 ,  -1.71e+02 ,  +1.37e+04 ,  +1.79e+06 , 
 0.1750 ,  +0.56977 ,  +0.00e+00 ,  -7.73e-01 ,  +4.93e-02 ,  +2.56e+00 ,  +1.35e+02 ,  +1.21e+04 ,  +8.72e+04 , 
 0.1750 ,  +0.56935 ,  +0.00e+00 ,  -7.72e-01 ,  +8.00e-02 ,  +4.61e+00 ,  +3.28e+01 ,  +7.46e+03 ,  +8.05e+05 , 
 0.0200 ,  +0.06326 ,  +0.00e+00 ,  -7.83e-01 ,  -2.00e-01 ,  +6.49e+00 ,  -1.42e+02 ,  +2.73e+04 ,  +1.15e+06 , 
 0.0100 ,  +0.02761 ,  +0.00e+00 ,  -6.91e-01 ,  -2.80e-01 ,  +1.45e+01 ,  -2.70e+02 ,  +2.96e+04 ,  +6.47e+04 , 
 0.0150 ,  +0.02950 ,  +0.00e+00 ,  -3.81e-01 ,  -2.30e+00 ,  +2.04e+01 ,  -2.68e+02 ,  +2.65e+04 ,  -4.08e+05 , 
 0.0200 ,  +0.02057 ,  +0.00e+00 ,  -1.13e-01 ,  -2.24e+00 ,  +1.13e+01 ,  -1.29e+02 ,  +1.23e+04 ,  -1.14e+05 , 
 0.0300 ,  +0.01225 ,  +0.00e+00 ,  -2.47e-02 ,  -9.22e-01 ,  +3.83e+00 ,  -6.72e+01 ,  +1.50e+03 ,  +2.99e+05 , 
 0.0320 ,  +0.00458 ,  +0.00e+00 ,  -4.66e-03 ,  -2.69e-01 ,  +9.48e-01 ,  -1.89e+01 ,  -7.32e+02 ,  +1.06e+05 , 
 0.0325 ,  +0.00348 ,  +1.02e-03 ,  -1.37e-03 ,  -1.35e-01 ,  +2.82e-01 ,  +5.41e+01 ,  +2.27e+02 ,  -2.17e+05 , 
