--- model polynom_b (rz < 0). units: [m] for length, [rad] for angle and [m^(n-1)] for polynom_b ---
 len[m]     angle[deg]     PolyB(n=0)     PolyB(n=1)     PolyB(n=2)     PolyB(n=3)     PolyB(n=4)     PolyB(n=5)     PolyB(n=6)    
 0.1250 ,  +0.40656346 ,  -8.7960e-05 ,  -7.7446e-01 ,  +1.2176e-01 ,  -7.2700e-01 ,  -8.7770e+02 ,  +2.7112e+04 ,  +4.0436e+06 , 
 0.0550 ,  +0.17996464 ,  -1.4577e-04 ,  -7.7363e-01 ,  +1.1879e-01 ,  +7.1521e-01 ,  -1.2674e+03 ,  +1.8859e+04 ,  +5.6811e+06 , 
 0.0100 ,  +0.03293975 ,  -6.0596e-04 ,  -7.6997e-01 ,  +7.8760e-02 ,  +3.0195e+00 ,  -1.0463e+03 ,  +5.2692e+03 ,  +4.4704e+06 , 
 0.0050 ,  +0.01656680 ,  -1.1450e-03 ,  -7.6270e-01 ,  +3.0139e-02 ,  +1.0209e-01 ,  -9.6090e+02 ,  +1.2971e+04 ,  +3.9016e+06 , 
 0.0050 ,  +0.01651365 ,  -1.1194e-03 ,  -7.5467e-01 ,  -7.8146e-02 ,  -9.9995e-02 ,  -1.1838e+03 ,  +1.8248e+04 ,  +4.5911e+06 , 
 0.0050 ,  +0.01649154 ,  -1.0967e-03 ,  -7.5084e-01 ,  -1.4779e-01 ,  +4.0139e+00 ,  -1.5283e+03 ,  +1.7826e+03 ,  +6.1290e+06 , 
 0.0050 ,  +0.01650144 ,  -1.0153e-03 ,  -7.5545e-01 ,  -5.6546e-02 ,  +3.4246e+00 ,  -1.5712e+03 ,  -2.0157e+02 ,  +6.2013e+06 , 
 0.0100 ,  +0.03287860 ,  -5.0314e-04 ,  -7.6646e-01 ,  +9.7190e-02 ,  +3.3449e+00 ,  -1.7120e+03 ,  +2.7576e+03 ,  +6.8291e+06 , 
 0.0100 ,  +0.03298718 ,  -4.5513e-04 ,  -7.7218e-01 ,  +1.1607e-01 ,  +3.2083e+00 ,  -1.6502e+03 ,  +6.4987e+03 ,  +6.7807e+06 , 
 0.1750 ,  +0.57105325 ,  +2.0570e-06 ,  -7.7438e-01 ,  +1.2492e-01 ,  +1.0865e+01 ,  -5.3757e+02 ,  -2.7106e+04 ,  +2.3851e+06 , 
 0.1750 ,  +0.57056492 ,  +2.5821e-05 ,  -7.7362e-01 ,  +5.4680e-02 ,  +6.0898e+00 ,  +6.1250e+02 ,  -1.2738e+03 ,  -1.4242e+06 , 
 0.0200 ,  +0.06295733 ,  -1.4316e-04 ,  -7.8471e-01 ,  -7.2877e-02 ,  +7.0821e+00 ,  -1.4036e+02 ,  +1.8584e+04 ,  +1.5558e+06 , 
 0.0100 ,  +0.02639409 ,  -1.1332e-04 ,  -6.4303e-01 ,  -4.6584e-01 ,  +1.5811e+01 ,  -4.7817e+02 ,  +1.2899e+04 ,  +1.4698e+06 , 
 0.0150 ,  +0.02756609 ,  -6.1411e-04 ,  -3.2158e-01 ,  -2.4144e+00 ,  +1.8160e+01 ,  -7.5135e+02 ,  +2.6978e+04 ,  +1.7019e+06 , 
 0.0200 ,  +0.01913081 ,  -4.5536e-04 ,  -9.4673e-02 ,  -2.0100e+00 ,  +1.0734e+01 ,  -4.4851e+02 ,  +9.9791e+03 ,  +8.8904e+05 , 
 0.0300 ,  +0.01151016 ,  -2.4766e-04 ,  -2.1478e-02 ,  -8.1534e-01 ,  +4.0349e+00 ,  -1.0606e+02 ,  +1.1152e+03 ,  +2.2282e+05 , 
 0.0320 ,  +0.00439865 ,  -1.2251e-04 ,  -4.0877e-03 ,  -2.3980e-01 ,  +7.4023e-01 ,  -2.2367e+01 ,  +6.0081e+02 ,  +8.1383e+04 , 
 0.0325 ,  +0.00321764 ,  +7.3260e-08 ,  -1.0628e-03 ,  -1.1407e-01 ,  +7.5762e-01 ,  -7.0446e+01 ,  -9.9242e+02 ,  +2.6266e+05 , 
