--- model polynom_b (rz < 0). units: [m] for length, [rad] for angle and [m^(n-1)] for polynom_b ---
 len[m]     angle[deg]     PolyB(n=0)     PolyB(n=1)     PolyB(n=2)     PolyB(n=3)     PolyB(n=4)     PolyB(n=5)     PolyB(n=6)    
 0.1250 ,  +0.40656346 ,  -6.7298e-05 ,  -7.7493e-01 ,  +7.4500e-02 ,  +3.4779e-01 ,  +6.6238e+01 ,  +1.7961e+04 ,  +3.9168e+05 , 
 0.0550 ,  +0.17996464 ,  -1.3771e-04 ,  -7.7372e-01 ,  +9.1313e-02 ,  -1.1054e+00 ,  -5.2755e+02 ,  +2.3639e+04 ,  +2.4525e+06 , 
 0.0100 ,  +0.03293975 ,  -6.0830e-04 ,  -7.6954e-01 ,  +6.9658e-02 ,  -2.1558e+00 ,  -7.0525e+02 ,  +2.7800e+04 ,  +2.7583e+06 , 
 0.0050 ,  +0.01656680 ,  -1.1480e-03 ,  -7.6239e-01 ,  +1.7202e-02 ,  -2.2070e+00 ,  -6.5209e+02 ,  +2.5678e+04 ,  +2.4131e+06 , 
 0.0050 ,  +0.01651365 ,  -1.1222e-03 ,  -7.5431e-01 ,  -1.1309e-01 ,  -2.2253e+00 ,  -5.7469e+02 ,  +2.5129e+04 ,  +2.0321e+06 , 
 0.0050 ,  +0.01649154 ,  -1.0995e-03 ,  -7.5038e-01 ,  -2.0703e-01 ,  -2.0306e-01 ,  -4.5874e+02 ,  +1.8473e+04 ,  +1.5182e+06 , 
 0.0050 ,  +0.01650144 ,  -1.0181e-03 ,  -7.5502e-01 ,  -1.1075e-01 ,  -6.1719e-01 ,  -6.1632e+02 ,  +1.5670e+04 ,  +2.1698e+06 , 
 0.0100 ,  +0.03287860 ,  -5.0615e-04 ,  -7.6600e-01 ,  +4.0281e-02 ,  -1.0157e+00 ,  -7.4607e+02 ,  +1.8781e+04 ,  +2.8501e+06 , 
 0.0100 ,  +0.03298718 ,  -4.5655e-04 ,  -7.7180e-01 ,  +4.4884e-02 ,  -7.7834e-01 ,  -4.2580e+02 ,  +1.8962e+04 ,  +1.7585e+06 , 
 0.1750 ,  +0.57105325 ,  +1.7577e-05 ,  -7.7441e-01 ,  +9.9698e-02 ,  +2.9531e+00 ,  +2.1073e+02 ,  +8.2703e+03 ,  -1.0974e+06 , 
 0.1750 ,  +0.57056492 ,  +3.2784e-05 ,  -7.7399e-01 ,  +1.0110e-01 ,  +5.8946e+00 ,  +3.3832e+01 ,  +5.9215e+03 ,  +5.8311e+05 , 
 0.0200 ,  +0.06295733 ,  -1.8815e-04 ,  -7.8336e-01 ,  -1.2179e-01 ,  +9.8665e+00 ,  -1.3849e+01 ,  +1.5536e+04 ,  +5.8875e+05 , 
 0.0100 ,  +0.02639409 ,  -1.7340e-04 ,  -6.4053e-01 ,  -5.5051e-01 ,  +1.6095e+01 ,  -2.7358e+02 ,  +2.0840e+04 ,  +1.4624e+05 , 
 0.0150 ,  +0.02756609 ,  -6.6079e-04 ,  -3.1990e-01 ,  -2.4972e+00 ,  +1.8608e+01 ,  -1.5403e+02 ,  +2.2773e+04 ,  -7.5157e+05 , 
 0.0200 ,  +0.01913081 ,  -4.8149e-04 ,  -9.4032e-02 ,  -2.0483e+00 ,  +9.7112e+00 ,  -5.4337e+01 ,  +8.7656e+03 ,  -4.5313e+05 , 
 0.0300 ,  +0.01151016 ,  -2.5859e-04 ,  -2.1283e-02 ,  -8.2728e-01 ,  +3.0483e+00 ,  +4.4964e+01 ,  +2.4213e+03 ,  -2.5147e+05 , 
 0.0320 ,  +0.00439865 ,  -1.2630e-04 ,  -4.0603e-03 ,  -2.4278e-01 ,  +4.6053e-01 ,  +1.7330e+01 ,  +1.3886e+03 ,  -5.2890e+04 , 
 0.0325 ,  +0.00321764 ,  -5.9136e-06 ,  -9.6443e-04 ,  -1.1005e-01 ,  -2.4436e-01 ,  -2.0598e+02 ,  +1.5388e+03 ,  +9.0019e+05 , 
