--- model polynom_b (rz > 0). units: [m] for length, [rad] for angle and [m^(n-1)] for polynom_b ---
 len[m]    angle[deg]  PolyB(n=0)   PolyB(n=1)   PolyB(n=2)   PolyB(n=3)   PolyB(n=4)   PolyB(n=5)   PolyB(n=6)   
 0.1250 ,  +0.40642 ,  +0.00e+00 ,  -7.76e-01 ,  +1.27e-02 ,  +1.39e+00 ,  -1.81e+02 ,  +8.08e+03 ,  +1.93e+06 , 
 0.0550 ,  +0.17972 ,  +0.00e+00 ,  -7.75e-01 ,  -1.05e-02 ,  +2.02e+00 ,  -1.67e+02 ,  -2.82e+03 ,  +1.70e+06 , 
 0.0100 ,  +0.03261 ,  +0.00e+00 ,  -7.70e-01 ,  -5.86e-02 ,  -1.97e-02 ,  +1.52e+02 ,  +1.30e+04 ,  -1.38e+05 , 
 0.0050 ,  +0.01624 ,  +0.00e+00 ,  -7.63e-01 ,  -9.26e-02 ,  -1.74e+00 ,  +2.23e+01 ,  +1.77e+04 ,  +8.59e+04 , 
 0.0050 ,  +0.01618 ,  +0.00e+00 ,  -7.53e-01 ,  -2.28e-01 ,  -3.31e+00 ,  -8.42e+01 ,  +2.81e+04 ,  +4.90e+05 , 
 0.0050 ,  +0.01615 ,  +0.00e+00 ,  -7.47e-01 ,  -3.62e-01 ,  -3.19e+00 ,  +2.89e+02 ,  +3.11e+04 ,  -1.26e+06 , 
 0.0050 ,  +0.01617 ,  +0.00e+00 ,  -7.51e-01 ,  -2.68e-01 ,  -1.87e+00 ,  +4.37e+00 ,  +2.23e+04 ,  -9.54e+04 , 
 0.0100 ,  +0.03252 ,  +0.00e+00 ,  -7.64e-01 ,  -6.54e-02 ,  -2.52e+00 ,  -3.34e+02 ,  +2.49e+04 ,  +1.54e+06 , 
 0.0100 ,  +0.03269 ,  +0.00e+00 ,  -7.72e-01 ,  -3.03e-02 ,  -1.94e+00 ,  -1.83e+02 ,  +2.49e+04 ,  +9.55e+05 , 
 0.1750 ,  +0.57082 ,  +0.00e+00 ,  -7.75e-01 ,  +3.48e-02 ,  +2.46e+00 ,  +4.52e+02 ,  +1.03e+04 ,  -1.90e+06 , 
 0.1750 ,  +0.57027 ,  +0.00e+00 ,  -7.74e-01 ,  +9.54e-02 ,  +5.64e+00 ,  +2.14e+01 ,  +1.02e+03 ,  +7.68e+05 , 
 0.0200 ,  +0.06312 ,  +0.00e+00 ,  -7.85e-01 ,  -1.49e-01 ,  +9.20e+00 ,  -2.65e+01 ,  +7.35e+03 ,  +9.71e+05 , 
 0.0100 ,  +0.02716 ,  +0.00e+00 ,  -6.76e-01 ,  -3.35e-01 ,  +1.38e+01 ,  -1.60e+01 ,  +2.14e+04 ,  -5.17e+05 , 
 0.0150 ,  +0.02861 ,  +0.00e+00 ,  -3.60e-01 ,  -2.37e+00 ,  +1.80e+01 ,  +1.06e+01 ,  +2.78e+04 ,  -1.40e+06 , 
 0.0200 ,  +0.01987 ,  +0.00e+00 ,  -1.06e-01 ,  -2.17e+00 ,  +9.99e+00 ,  +3.48e+01 ,  +1.11e+04 ,  -8.00e+05 , 
 0.0300 ,  +0.01182 ,  +0.00e+00 ,  -2.31e-02 ,  -8.93e-01 ,  +3.22e+00 ,  +9.65e+01 ,  +2.27e+03 ,  -4.41e+05 , 
 0.0320 ,  +0.00443 ,  +0.00e+00 ,  -4.28e-03 ,  -2.61e-01 ,  +3.82e-01 ,  +3.22e+01 ,  +1.72e+03 ,  -1.27e+05 , 
 0.0325 ,  +0.00340 ,  +3.32e-05 ,  -1.17e-03 ,  -1.25e-01 ,  -1.24e-02 ,  -6.55e+01 ,  +9.09e+02 ,  +2.93e+05 , 
