--- model polynom_b (rz > 0). units: [m] for length, [rad] for angle and [m^(n-1)] for polynom_b ---
 len[m]    angle[deg]  PolyB(n=0)   PolyB(n=1)   PolyB(n=2)   PolyB(n=3)   PolyB(n=4)   PolyB(n=5)   PolyB(n=6)   
 0.1250 ,  +0.40682 ,  +0.00e+00 ,  -7.75e-01 ,  +3.84e-02 ,  +3.53e-01 ,  +3.27e+02 ,  +2.09e+04 ,  -1.07e+06 , 
 0.0550 ,  +0.17988 ,  +0.00e+00 ,  -7.74e-01 ,  +2.22e-02 ,  -7.71e-01 ,  +3.09e+02 ,  +2.76e+04 ,  -1.17e+06 , 
 0.0100 ,  +0.03265 ,  +0.00e+00 ,  -7.69e-01 ,  -1.84e-03 ,  -2.01e+00 ,  +1.01e+02 ,  +3.84e+04 ,  -6.20e+05 , 
 0.0050 ,  +0.01627 ,  +0.00e+00 ,  -7.62e-01 ,  -4.96e-02 ,  -1.67e+00 ,  +7.18e+01 ,  +3.14e+04 ,  -7.82e+05 , 
 0.0050 ,  +0.01622 ,  +0.00e+00 ,  -7.54e-01 ,  -1.60e-01 ,  -2.71e+00 ,  -9.26e+01 ,  +3.90e+04 ,  -2.29e+05 , 
 0.0050 ,  +0.01621 ,  +0.00e+00 ,  -7.51e-01 ,  -2.51e-01 ,  -1.91e+00 ,  +2.92e+02 ,  +3.72e+04 ,  -1.92e+06 , 
 0.0050 ,  +0.01624 ,  +0.00e+00 ,  -7.56e-01 ,  -1.61e-01 ,  -1.19e+00 ,  +2.35e+02 ,  +3.19e+04 ,  -1.49e+06 , 
 0.0100 ,  +0.03265 ,  +0.00e+00 ,  -7.67e-01 ,  -2.57e-02 ,  +1.46e+00 ,  +3.29e+02 ,  +1.80e+04 ,  -1.82e+06 , 
 0.0100 ,  +0.03277 ,  +0.00e+00 ,  -7.73e-01 ,  -9.83e-03 ,  +4.48e+00 ,  +4.55e+02 ,  +7.47e+03 ,  -2.05e+06 , 
 0.1750 ,  +0.57170 ,  +0.00e+00 ,  -7.74e-01 ,  +1.14e-01 ,  +5.20e+00 ,  -3.13e+02 ,  +7.27e+03 ,  +1.89e+06 , 
 0.1750 ,  +0.57142 ,  +0.00e+00 ,  -7.74e-01 ,  +9.12e-02 ,  +8.45e+00 ,  +2.86e+02 ,  -6.94e+03 ,  -1.63e+05 , 
 0.0200 ,  +0.06297 ,  +0.00e+00 ,  -7.84e-01 ,  -1.27e-01 ,  +7.58e+00 ,  +2.96e+02 ,  +2.96e+04 ,  -1.03e+06 , 
 0.0100 ,  +0.02663 ,  +0.00e+00 ,  -6.53e-01 ,  -4.57e-01 ,  +1.51e+01 ,  -1.65e+02 ,  +2.83e+04 ,  -3.45e+05 , 
 0.0150 ,  +0.02763 ,  +0.00e+00 ,  -3.34e-01 ,  -2.44e+00 ,  +1.88e+01 ,  -2.03e+02 ,  +2.78e+04 ,  -4.79e+05 , 
 0.0200 ,  +0.01911 ,  +0.00e+00 ,  -9.90e-02 ,  -2.08e+00 ,  +9.94e+00 ,  -1.21e+02 ,  +1.20e+04 ,  -1.59e+04 , 
 0.0300 ,  +0.01140 ,  +0.00e+00 ,  -2.22e-02 ,  -8.44e-01 ,  +3.52e+00 ,  -8.49e+01 ,  +7.87e+02 ,  +3.78e+05 , 
 0.0320 ,  +0.00430 ,  +0.00e+00 ,  -4.20e-03 ,  -2.49e-01 ,  +7.82e-01 ,  -1.33e+01 ,  -4.48e+02 ,  +1.04e+05 , 
 0.0325 ,  +0.00333 ,  -2.40e-03 ,  -1.29e-03 ,  -1.29e-01 ,  +8.10e-01 ,  +8.89e+01 ,  -2.67e+03 ,  -3.61e+05 , 
