--- model polynom_b (rz > 0). units: [m] for length, [rad] for angle and [m^(n-1)] for polynom_b ---
 len[m]     angle[deg]     PolyB(n=0)     PolyB(n=1)     PolyB(n=2)     PolyB(n=3)     PolyB(n=4)     PolyB(n=5)     PolyB(n=6)    
 0.1250 ,  -0.40656346 ,  +1.1348e-01 ,  -7.7556e-01 ,  +1.5666e-01 ,  +3.9297e+00 ,  -1.5655e+03 ,  +6.4014e+03 ,  +7.4210e+06 , 
 0.0550 ,  -0.17996464 ,  +1.1411e-01 ,  -7.7424e-01 ,  +1.4573e-01 ,  +1.8936e+00 ,  -1.8177e+03 ,  +1.3384e+04 ,  +7.9962e+06 , 
 0.0100 ,  -0.03293975 ,  +1.1439e-01 ,  -7.7017e-01 ,  +1.4554e-01 ,  +1.1327e+00 ,  -2.2317e+03 ,  +1.8549e+04 ,  +9.3421e+06 , 
 0.0050 ,  -0.01656680 ,  +1.1451e-01 ,  -7.6265e-01 ,  +1.0704e-01 ,  +1.4896e+00 ,  -2.3073e+03 ,  +8.8171e+03 ,  +9.4064e+06 , 
 0.0050 ,  -0.01651365 ,  +1.1414e-01 ,  -7.5418e-01 ,  -4.0580e-02 ,  +1.7465e+00 ,  -2.1472e+03 ,  +8.9407e+03 ,  +9.0225e+06 , 
 0.0050 ,  -0.01649154 ,  +1.1400e-01 ,  -7.5004e-01 ,  -1.3305e-01 ,  +1.4721e+00 ,  -2.0592e+03 ,  +1.2304e+04 ,  +8.5844e+06 , 
 0.0050 ,  -0.01650144 ,  +1.1415e-01 ,  -7.5512e-01 ,  -4.8471e-02 ,  +8.7724e-01 ,  -1.9634e+03 ,  +1.1388e+04 ,  +8.3024e+06 , 
 0.0100 ,  -0.03287860 ,  +1.1424e-01 ,  -7.6699e-01 ,  +9.1933e-02 ,  +3.8986e+00 ,  -1.7192e+03 ,  -8.5204e+02 ,  +7.1516e+06 , 
 0.0100 ,  -0.03298718 ,  +1.1468e-01 ,  -7.7308e-01 ,  +1.1847e-01 ,  +3.5812e+00 ,  -1.8308e+03 ,  +3.5543e+03 ,  +7.8725e+06 , 
 0.1750 ,  -0.57105325 ,  +1.1387e-01 ,  -7.7494e-01 ,  +1.2357e-01 ,  +8.8118e+00 ,  -4.6892e+02 ,  -1.5339e+04 ,  +1.9485e+06 , 
 0.1750 ,  -0.57056492 ,  +1.1381e-01 ,  -7.7445e-01 ,  +6.4671e-02 ,  +8.8930e+00 ,  +2.4098e+02 ,  -5.4093e+03 ,  +1.0042e+05 , 
 0.0200 ,  -0.06295733 ,  +1.0975e-01 ,  -7.8554e-01 ,  -1.4269e-01 ,  +1.0154e+01 ,  +1.9673e+02 ,  +8.9514e+03 ,  +4.1341e+05 , 
 0.0100 ,  -0.02639409 ,  +9.2099e-02 ,  -6.4640e-01 ,  -5.0827e-01 ,  +1.7477e+01 ,  -1.8458e+02 ,  +8.8527e+03 ,  +1.7898e+05 , 
 0.0150 ,  -0.02756609 ,  +6.3602e-02 ,  -3.2460e-01 ,  -2.4898e+00 ,  +2.1159e+01 ,  -9.8114e+00 ,  +1.2685e+04 ,  -1.1419e+06 , 
 0.0200 ,  -0.01913081 ,  +3.2958e-02 ,  -9.5343e-02 ,  -2.0656e+00 ,  +1.1526e+01 ,  +1.0524e+02 ,  +5.8943e+03 ,  -9.3600e+05 , 
 0.0300 ,  -0.01151016 ,  +1.3186e-02 ,  -2.1420e-02 ,  -8.3143e-01 ,  +3.8895e+00 ,  +7.7141e+01 ,  +1.8100e+02 ,  -3.1137e+05 , 
 0.0320 ,  -0.00439865 ,  +4.7073e-03 ,  -4.1157e-03 ,  -2.4500e-01 ,  +5.0207e-01 ,  +1.9824e+01 ,  +1.2084e+03 ,  -5.6691e+04 , 
 0.0325 ,  -0.00321764 ,  +3.5062e-03 ,  -1.2618e-03 ,  -1.2504e-01 ,  +1.1664e+00 ,  +5.4796e+01 ,  -4.6012e+03 ,  -2.1902e+05 , 
