--- model polynom_b (rz < 0). units: [m] for length, [rad] for angle and [m^(n-1)] for polynom_b ---
 len[m]    angle[deg]  PolyB(n=0)   PolyB(n=1)   PolyB(n=2)   PolyB(n=3)   PolyB(n=4)   PolyB(n=5)   PolyB(n=6)   
 0.1250 ,  +0.40572 ,  +0.00e+00 ,  -7.75e-01 ,  +6.63e-02 ,  -2.39e+00 ,  -3.62e+02 ,  +2.34e+04 ,  +2.06e+06 , 
 0.0550 ,  +0.17947 ,  +0.00e+00 ,  -7.74e-01 ,  +1.67e-02 ,  -1.29e+00 ,  +1.92e+02 ,  +1.58e+04 ,  -6.45e+05 , 
 0.0100 ,  +0.03259 ,  +0.00e+00 ,  -7.70e-01 ,  -6.67e-03 ,  -1.34e+00 ,  +1.16e+02 ,  +1.76e+04 ,  -6.41e+05 , 
 0.0050 ,  +0.01623 ,  +0.00e+00 ,  -7.63e-01 ,  -5.34e-02 ,  -9.73e-01 ,  +3.69e+02 ,  +9.56e+03 ,  -1.70e+06 , 
 0.0050 ,  +0.01617 ,  +0.00e+00 ,  -7.55e-01 ,  -1.63e-01 ,  -3.39e+00 ,  +2.34e+02 ,  +2.36e+04 ,  -1.39e+06 , 
 0.0050 ,  +0.01614 ,  +0.00e+00 ,  -7.48e-01 ,  -2.85e-01 ,  -1.19e+00 ,  +2.04e+02 ,  +1.47e+04 ,  -1.20e+06 , 
 0.0050 ,  +0.01616 ,  +0.00e+00 ,  -7.51e-01 ,  -2.50e-01 ,  -1.11e+00 ,  +5.04e+02 ,  +1.39e+04 ,  -2.46e+06 , 
 0.0100 ,  +0.03249 ,  +0.00e+00 ,  -7.64e-01 ,  -5.39e-02 ,  -2.21e+00 ,  +4.23e+02 ,  +1.95e+04 ,  -2.21e+06 , 
 0.0100 ,  +0.03266 ,  +0.00e+00 ,  -7.73e-01 ,  -1.38e-02 ,  -2.86e+00 ,  +5.26e+02 ,  +2.81e+04 ,  -2.52e+06 , 
 0.1750 ,  +0.57017 ,  +0.00e+00 ,  -7.75e-01 ,  +1.04e-01 ,  +1.81e+00 ,  +1.69e+01 ,  +1.57e+04 ,  -1.47e+05 , 
 0.1750 ,  +0.56992 ,  +0.00e+00 ,  -7.75e-01 ,  +1.58e-01 ,  +1.06e+01 ,  -5.82e+02 ,  -1.91e+04 ,  +3.47e+06 , 
 0.0200 ,  +0.06332 ,  +0.00e+00 ,  -7.89e-01 ,  -1.64e-01 ,  +1.39e+01 ,  +8.53e+02 ,  -1.50e+04 ,  -2.42e+06 , 
 0.0100 ,  +0.02750 ,  +0.00e+00 ,  -6.91e-01 ,  -2.49e-01 ,  +1.64e+01 ,  +9.26e+02 ,  +3.35e+03 ,  -3.82e+06 , 
 0.0150 ,  +0.02922 ,  +0.00e+00 ,  -3.76e-01 ,  -2.32e+00 ,  +1.98e+01 ,  +7.91e+02 ,  +1.46e+04 ,  -3.69e+06 , 
 0.0200 ,  +0.02034 ,  +0.00e+00 ,  -1.11e-01 ,  -2.28e+00 ,  +9.31e+00 ,  +8.81e+02 ,  +1.36e+04 ,  -3.48e+06 , 
 0.0300 ,  +0.01212 ,  +0.00e+00 ,  -2.42e-02 ,  -9.52e-01 ,  +1.48e+00 ,  +4.24e+02 ,  +9.70e+03 ,  -1.42e+06 , 
 0.0320 ,  +0.00453 ,  +0.00e+00 ,  -4.58e-03 ,  -2.73e-01 ,  -9.57e-02 ,  +5.85e+01 ,  +3.80e+03 ,  -1.67e+05 , 
 0.0325 ,  +0.00345 ,  +1.63e-03 ,  -1.25e-03 ,  -1.30e-01 ,  -1.92e-01 ,  +1.69e+00 ,  +2.08e+03 ,  -4.96e+03 , 
