--- model polynom_b (rz > 0). units: [m] for length, [rad] for angle and [m^(n-1)] for polynom_b ---
 len[m]    angle[deg]  PolyB(n=0)   PolyB(n=1)   PolyB(n=2)   PolyB(n=3)   PolyB(n=4)   PolyB(n=5)   PolyB(n=6)   
 0.1250 ,  +0.40606 ,  +0.00e+00 ,  -7.75e-01 ,  -1.68e-03 ,  -3.88e+00 ,  -5.09e+01 ,  +2.73e+04 ,  +1.86e+06 , 
 0.0550 ,  +0.17956 ,  +0.00e+00 ,  -7.73e-01 ,  -1.83e-02 ,  -4.90e+00 ,  +6.68e+01 ,  +2.81e+04 ,  +9.19e+05 , 
 0.0100 ,  +0.03257 ,  +0.00e+00 ,  -7.69e-01 ,  -6.17e-02 ,  -4.30e+00 ,  +5.67e+02 ,  +2.57e+04 ,  -1.74e+06 , 
 0.0050 ,  +0.01621 ,  +0.00e+00 ,  -7.61e-01 ,  -1.12e-01 ,  -3.58e+00 ,  +7.36e+02 ,  +1.72e+04 ,  -3.03e+06 , 
 0.0050 ,  +0.01614 ,  +0.00e+00 ,  -7.50e-01 ,  -2.42e-01 ,  -6.08e+00 ,  +4.53e+02 ,  +3.08e+04 ,  -1.98e+06 , 
 0.0050 ,  +0.01611 ,  +0.00e+00 ,  -7.43e-01 ,  -3.63e-01 ,  -8.04e+00 ,  +2.52e+02 ,  +4.75e+04 ,  -1.05e+06 , 
 0.0050 ,  +0.01614 ,  +0.00e+00 ,  -7.48e-01 ,  -2.64e-01 ,  -5.92e+00 ,  -5.48e+01 ,  +3.52e+04 ,  +1.68e+05 , 
 0.0100 ,  +0.03248 ,  +0.00e+00 ,  -7.62e-01 ,  -5.19e-02 ,  -7.46e+00 ,  -1.92e+02 ,  +4.15e+04 ,  +8.77e+05 , 
 0.0100 ,  +0.03267 ,  +0.00e+00 ,  -7.71e-01 ,  -1.23e-02 ,  -6.28e+00 ,  -1.98e+02 ,  +4.00e+04 ,  +1.13e+06 , 
 0.1750 ,  +0.57054 ,  +0.00e+00 ,  -7.74e-01 ,  +1.01e-01 ,  -4.60e-01 ,  -3.22e+02 ,  +1.78e+04 ,  +1.13e+06 , 
 0.1750 ,  +0.57032 ,  +0.00e+00 ,  -7.73e-01 ,  +8.67e-02 ,  +6.58e+00 ,  +3.71e+02 ,  -2.54e+03 ,  -1.20e+06 , 
 0.0200 ,  +0.06327 ,  +0.00e+00 ,  -7.87e-01 ,  -1.56e-01 ,  +9.28e+00 ,  +3.90e+02 ,  +7.42e+03 ,  -7.77e+05 , 
 0.0100 ,  +0.02737 ,  +0.00e+00 ,  -6.85e-01 ,  -2.50e-01 ,  +1.44e+01 ,  +1.53e+02 ,  +1.31e+04 ,  -1.19e+06 , 
 0.0150 ,  +0.02893 ,  +0.00e+00 ,  -3.70e-01 ,  -2.32e+00 ,  +2.12e+01 ,  +1.31e+02 ,  +1.19e+04 ,  -1.63e+06 , 
 0.0200 ,  +0.02005 ,  +0.00e+00 ,  -1.10e-01 ,  -2.22e+00 ,  +1.37e+01 ,  +5.12e+01 ,  -2.55e+03 ,  -5.23e+05 , 
 0.0300 ,  +0.01190 ,  +0.00e+00 ,  -2.41e-02 ,  -9.21e-01 ,  +5.23e+00 ,  +8.62e+01 ,  -5.72e+03 ,  -1.47e+05 , 
 0.0320 ,  +0.00446 ,  +0.00e+00 ,  -4.57e-03 ,  -2.65e-01 ,  +9.42e-01 ,  -7.20e+00 ,  -6.10e+02 ,  +1.08e+05 , 
 0.0325 ,  +0.00342 ,  -5.32e-04 ,  -1.38e-03 ,  -1.41e-01 ,  +1.03e+00 ,  +7.15e+01 ,  -3.95e+03 ,  -8.85e+04 , 
