--- model polynom_b (rz > 0). units: [m] for length, [rad] for angle and [m^(n-1)] for polynom_b ---
 len[m]    angle[deg]  PolyB(n=0)   PolyB(n=1)   PolyB(n=2)   PolyB(n=3)   PolyB(n=4)   PolyB(n=5)   PolyB(n=6)   
 0.1250 ,  +0.40597 ,  +0.00e+00 ,  -7.76e-01 ,  +5.99e-02 ,  -2.34e+00 ,  -6.98e+02 ,  +3.72e+04 ,  +3.00e+06 , 
 0.0550 ,  +0.17953 ,  +0.00e+00 ,  -7.75e-01 ,  +6.13e-02 ,  -1.39e+00 ,  -9.20e+02 ,  +3.14e+04 ,  +3.55e+06 , 
 0.0100 ,  +0.03260 ,  +0.00e+00 ,  -7.71e-01 ,  +5.61e-02 ,  -2.17e+00 ,  -1.20e+03 ,  +3.45e+04 ,  +4.32e+06 , 
 0.0050 ,  +0.01624 ,  +0.00e+00 ,  -7.65e-01 ,  +1.88e-02 ,  -5.21e+00 ,  -1.07e+03 ,  +4.68e+04 ,  +3.66e+06 , 
 0.0050 ,  +0.01619 ,  +0.00e+00 ,  -7.57e-01 ,  -7.39e-02 ,  -4.14e+00 ,  -1.35e+03 ,  +4.00e+04 ,  +4.80e+06 , 
 0.0050 ,  +0.01616 ,  +0.00e+00 ,  -7.51e-01 ,  -1.95e-01 ,  -3.74e+00 ,  -1.25e+03 ,  +4.16e+04 ,  +4.52e+06 , 
 0.0050 ,  +0.01618 ,  +0.00e+00 ,  -7.54e-01 ,  -1.57e-01 ,  -3.23e+00 ,  -1.10e+03 ,  +3.79e+04 ,  +3.95e+06 , 
 0.0100 ,  +0.03253 ,  +0.00e+00 ,  -7.65e-01 ,  +1.77e-02 ,  -3.18e+00 ,  -1.34e+03 ,  +3.79e+04 ,  +5.09e+06 , 
 0.0100 ,  +0.03268 ,  +0.00e+00 ,  -7.72e-01 ,  +5.73e-02 ,  -1.99e+00 ,  -1.49e+03 ,  +3.66e+04 ,  +6.19e+06 , 
 0.1750 ,  +0.57049 ,  +0.00e+00 ,  -7.75e-01 ,  +1.44e-01 ,  +7.73e+00 ,  -1.59e+03 ,  -1.11e+04 ,  +6.86e+06 , 
 0.1750 ,  +0.57012 ,  +0.00e+00 ,  -7.74e-01 ,  +9.10e-03 ,  +1.16e+01 ,  +9.25e+02 ,  -3.47e+04 ,  -2.63e+06 , 
 0.0200 ,  +0.06325 ,  +0.00e+00 ,  -7.87e-01 ,  -2.14e-01 ,  +5.96e+00 ,  +1.14e+03 ,  +1.48e+04 ,  -3.46e+06 , 
 0.0100 ,  +0.02737 ,  +0.00e+00 ,  -6.85e-01 ,  -2.92e-01 ,  +1.24e+01 ,  +5.14e+02 ,  +1.93e+04 ,  -2.09e+06 , 
 0.0150 ,  +0.02898 ,  +0.00e+00 ,  -3.69e-01 ,  -2.35e+00 ,  +1.97e+01 ,  +1.70e+02 ,  +1.52e+04 ,  -1.08e+06 , 
 0.0200 ,  +0.02012 ,  +0.00e+00 ,  -1.09e-01 ,  -2.24e+00 ,  +1.41e+01 ,  -1.03e+01 ,  -6.35e+03 ,  +4.17e+05 , 
 0.0300 ,  +0.01193 ,  +0.00e+00 ,  -2.41e-02 ,  -9.35e-01 ,  +5.26e+00 ,  +1.48e+02 ,  -7.39e+03 ,  -1.09e+05 , 
 0.0320 ,  +0.00445 ,  +0.00e+00 ,  -4.55e-03 ,  -2.72e-01 ,  +6.00e-01 ,  +7.51e+01 ,  +7.16e+01 ,  -1.75e+05 , 
 0.0325 ,  +0.00341 ,  +4.87e-04 ,  -1.32e-03 ,  -1.23e-01 ,  +6.18e-01 ,  -6.06e+01 ,  -1.55e+03 ,  +2.34e+05 , 
