--- model polynom_b (rz > 0). units: [m] for length, [rad] for angle and [m^(n-1)] for polynom_b ---
 len[m]    angle[deg]  PolyB(n=0)   PolyB(n=1)   PolyB(n=2)   PolyB(n=3)   PolyB(n=4)   PolyB(n=5)   PolyB(n=6)   
 0.1250 ,  +0.40632 ,  +0.00e+00 ,  -7.76e-01 ,  +2.90e-02 ,  +1.71e+00 ,  -2.19e+02 ,  +1.15e+04 ,  +1.57e+06 , 
 0.0550 ,  +0.17958 ,  +0.00e+00 ,  -7.74e-01 ,  +3.60e-02 ,  +2.31e-01 ,  -6.03e+02 ,  +1.83e+04 ,  +3.11e+06 , 
 0.0100 ,  +0.03260 ,  +0.00e+00 ,  -7.70e-01 ,  +1.74e-02 ,  -5.96e-01 ,  -6.82e+02 ,  +2.45e+04 ,  +3.04e+06 , 
 0.0050 ,  +0.01624 ,  +0.00e+00 ,  -7.63e-01 ,  -2.38e-02 ,  -1.51e+00 ,  -5.67e+02 ,  +2.52e+04 ,  +2.35e+06 , 
 0.0050 ,  +0.01620 ,  +0.00e+00 ,  -7.55e-01 ,  -1.26e-01 ,  -7.47e-01 ,  -7.26e+02 ,  +2.22e+04 ,  +2.86e+06 , 
 0.0050 ,  +0.01617 ,  +0.00e+00 ,  -7.50e-01 ,  -2.42e-01 ,  +3.32e-01 ,  -5.79e+02 ,  +1.98e+04 ,  +2.25e+06 , 
 0.0050 ,  +0.01619 ,  +0.00e+00 ,  -7.53e-01 ,  -1.69e-01 ,  +3.86e-01 ,  -7.86e+02 ,  +1.72e+04 ,  +3.07e+06 , 
 0.0100 ,  +0.03254 ,  +0.00e+00 ,  -7.65e-01 ,  -2.05e-02 ,  -6.00e-02 ,  -7.01e+02 ,  +2.02e+04 ,  +2.94e+06 , 
 0.0100 ,  +0.03269 ,  +0.00e+00 ,  -7.72e-01 ,  +2.26e-02 ,  +6.35e-01 ,  -7.84e+02 ,  +1.98e+04 ,  +3.49e+06 , 
 0.1750 ,  +0.57046 ,  +0.00e+00 ,  -7.74e-01 ,  +8.33e-02 ,  +6.55e+00 ,  -3.54e+02 ,  -6.19e+03 ,  +1.90e+06 , 
 0.1750 ,  +0.57034 ,  +0.00e+00 ,  -7.73e-01 ,  +5.47e-02 ,  +9.88e+00 ,  +4.17e+02 ,  -1.59e+04 ,  -5.78e+05 , 
 0.0200 ,  +0.06320 ,  +0.00e+00 ,  -7.85e-01 ,  -1.73e-01 ,  +9.40e+00 ,  +4.51e+02 ,  +6.84e+03 ,  -5.02e+05 , 
 0.0100 ,  +0.02721 ,  +0.00e+00 ,  -6.75e-01 ,  -3.27e-01 ,  +1.43e+01 ,  +4.42e+02 ,  +2.10e+04 ,  -2.10e+06 , 
 0.0150 ,  +0.02871 ,  +0.00e+00 ,  -3.59e-01 ,  -2.36e+00 ,  +1.82e+01 ,  +4.31e+02 ,  +2.90e+04 ,  -2.95e+06 , 
 0.0200 ,  +0.02004 ,  +0.00e+00 ,  -1.06e-01 ,  -2.18e+00 ,  +1.04e+01 ,  +2.58e+02 ,  +1.19e+04 ,  -1.63e+06 , 
 0.0300 ,  +0.01193 ,  +0.00e+00 ,  -2.34e-02 ,  -9.02e-01 ,  +3.23e+00 ,  +1.15e+02 ,  +3.37e+03 ,  -4.69e+05 , 
 0.0320 ,  +0.00442 ,  +0.00e+00 ,  -4.41e-03 ,  -2.62e-01 ,  +6.08e-01 ,  +8.25e+00 ,  +7.93e+02 ,  +2.47e+04 , 
 0.0325 ,  +0.00336 ,  -7.16e-05 ,  -1.25e-03 ,  -1.49e-01 ,  +4.29e-02 ,  +3.38e+02 ,  +2.16e+02 ,  -1.32e+06 , 
