--- model polynom_b (rz > 0). units: [m] for length, [rad] for angle and [m^(n-1)] for polynom_b ---
 len[m]    angle[deg]  PolyB(n=0)   PolyB(n=1)   PolyB(n=2)   PolyB(n=3)   PolyB(n=4)   PolyB(n=5)   PolyB(n=6)   
 0.1250 ,  +0.40607 ,  +0.00e+00 ,  -7.76e-01 ,  +3.42e-02 ,  +2.59e+00 ,  -2.31e+02 ,  +2.04e+03 ,  +1.56e+06 , 
 0.0550 ,  +0.17954 ,  +0.00e+00 ,  -7.75e-01 ,  +7.32e-03 ,  +2.47e+00 ,  +6.92e+01 ,  +9.97e+01 ,  -1.72e+05 , 
 0.0100 ,  +0.03259 ,  +0.00e+00 ,  -7.71e-01 ,  -3.22e-02 ,  +9.15e-01 ,  +2.30e+02 ,  +7.84e+03 ,  -1.34e+06 , 
 0.0050 ,  +0.01624 ,  +0.00e+00 ,  -7.64e-01 ,  -4.93e-02 ,  -1.51e+00 ,  -2.73e+01 ,  +1.62e+04 ,  -3.81e+05 , 
 0.0050 ,  +0.01619 ,  +0.00e+00 ,  -7.56e-01 ,  -1.66e-01 ,  -1.56e-01 ,  +7.22e+01 ,  +1.04e+04 ,  -8.66e+05 , 
 0.0050 ,  +0.01616 ,  +0.00e+00 ,  -7.50e-01 ,  -2.97e-01 ,  -1.51e+00 ,  +4.49e+02 ,  +1.95e+04 ,  -2.55e+06 , 
 0.0050 ,  +0.01618 ,  +0.00e+00 ,  -7.53e-01 ,  -2.48e-01 ,  -1.07e+00 ,  +4.22e+02 ,  +1.65e+04 ,  -2.35e+06 , 
 0.0100 ,  +0.03252 ,  +0.00e+00 ,  -7.64e-01 ,  -8.36e-02 ,  -1.15e+00 ,  +4.18e+02 ,  +1.77e+04 ,  -2.27e+06 , 
 0.0100 ,  +0.03268 ,  +0.00e+00 ,  -7.72e-01 ,  -3.39e-02 ,  +6.20e-01 ,  +3.92e+02 ,  +9.77e+03 ,  -2.10e+06 , 
 0.1750 ,  +0.57060 ,  +0.00e+00 ,  -7.75e-01 ,  +4.03e-02 ,  +2.75e+00 ,  +6.71e+02 ,  +9.81e+03 ,  -3.19e+06 , 
 0.1750 ,  +0.57013 ,  +0.00e+00 ,  -7.74e-01 ,  +9.41e-02 ,  +8.65e+00 ,  -1.79e+02 ,  -9.80e+03 ,  +1.47e+06 , 
 0.0200 ,  +0.06320 ,  +0.00e+00 ,  -7.86e-01 ,  -1.93e-01 ,  +1.32e+01 ,  +5.54e+02 ,  -6.08e+03 ,  -1.95e+06 , 
 0.0100 ,  +0.02734 ,  +0.00e+00 ,  -6.83e-01 ,  -2.87e-01 ,  +1.52e+01 ,  +5.10e+01 ,  +2.33e+04 ,  -1.48e+06 , 
 0.0150 ,  +0.02893 ,  +0.00e+00 ,  -3.68e-01 ,  -2.27e+00 ,  +1.74e+01 ,  -6.12e+02 ,  +3.98e+04 ,  +4.11e+05 , 
 0.0200 ,  +0.02008 ,  +0.00e+00 ,  -1.09e-01 ,  -2.11e+00 ,  +8.87e+00 ,  -6.80e+02 ,  +2.46e+04 ,  +1.45e+06 , 
 0.0300 ,  +0.01191 ,  +0.00e+00 ,  -2.43e-02 ,  -8.62e-01 ,  +3.72e+00 ,  -2.84e+02 ,  +4.18e+03 ,  +7.96e+05 , 
 0.0320 ,  +0.00444 ,  +0.00e+00 ,  -4.65e-03 ,  -2.56e-01 ,  +1.15e+00 ,  -6.23e+01 ,  -8.00e+02 ,  +2.51e+05 , 
 0.0325 ,  +0.00340 ,  +5.84e-04 ,  -1.31e-03 ,  -1.35e-01 ,  +1.11e-01 ,  +8.08e+00 ,  +1.32e+03 ,  +7.51e+04 , 
