--- model polynom_b (rz < 0). units: [m] for length, [rad] for angle and [m^(n-1)] for polynom_b ---
 len[m]    angle[deg]  PolyB(n=0)   PolyB(n=1)   PolyB(n=2)   PolyB(n=3)   PolyB(n=4)   PolyB(n=5)   PolyB(n=6)   
 0.1250 ,  +0.40576 ,  +0.00e+00 ,  -7.76e-01 ,  +4.31e-02 ,  -1.05e+00 ,  -4.75e+02 ,  +2.40e+04 ,  +2.95e+06 , 
 0.0550 ,  +0.17937 ,  +0.00e+00 ,  -7.74e-01 ,  +2.83e-02 ,  +2.61e+00 ,  -5.05e+02 ,  +3.24e+03 ,  +2.82e+06 , 
 0.0100 ,  +0.03254 ,  +0.00e+00 ,  -7.69e-01 ,  -2.24e-03 ,  +4.53e+00 ,  -6.70e+02 ,  -4.21e+03 ,  +3.49e+06 , 
 0.0050 ,  +0.01620 ,  +0.00e+00 ,  -7.61e-01 ,  -3.47e-02 ,  +3.16e+00 ,  -6.72e+02 ,  -1.47e+03 ,  +3.21e+06 , 
 0.0050 ,  +0.01614 ,  +0.00e+00 ,  -7.51e-01 ,  -1.82e-01 ,  +2.01e+00 ,  -5.00e+02 ,  +5.28e+03 ,  +2.42e+06 , 
 0.0050 ,  +0.01610 ,  +0.00e+00 ,  -7.44e-01 ,  -3.08e-01 ,  +2.03e+00 ,  -8.04e+02 ,  +1.02e+04 ,  +3.69e+06 , 
 0.0050 ,  +0.01612 ,  +0.00e+00 ,  -7.47e-01 ,  -2.63e-01 ,  +2.08e+00 ,  -6.18e+02 ,  +7.47e+03 ,  +2.80e+06 , 
 0.0100 ,  +0.03245 ,  +0.00e+00 ,  -7.62e-01 ,  -4.97e-02 ,  +1.41e+00 ,  -6.28e+02 ,  +9.75e+03 ,  +2.85e+06 , 
 0.0100 ,  +0.03265 ,  +0.00e+00 ,  -7.71e-01 ,  -1.49e-02 ,  +3.99e+00 ,  -3.66e+02 ,  +3.98e+02 ,  +1.93e+06 , 
 0.1750 ,  +0.57014 ,  +0.00e+00 ,  -7.74e-01 ,  +4.07e-02 ,  +5.30e+00 ,  +6.88e+02 ,  -1.31e+03 ,  -2.90e+06 , 
 0.1750 ,  +0.56913 ,  +0.00e+00 ,  -7.72e-01 ,  +9.59e-02 ,  +1.99e+00 ,  +2.30e+02 ,  +2.58e+04 ,  -5.20e+05 , 
 0.0200 ,  +0.06322 ,  +0.00e+00 ,  -7.83e-01 ,  -1.66e-01 ,  +8.05e+00 ,  -5.53e+02 ,  +1.88e+04 ,  +2.94e+06 , 
 0.0100 ,  +0.02762 ,  +0.00e+00 ,  -6.91e-01 ,  -2.55e-01 ,  +1.69e+01 ,  -7.50e+02 ,  +1.84e+04 ,  +2.28e+06 , 
 0.0150 ,  +0.02958 ,  +0.00e+00 ,  -3.81e-01 ,  -2.28e+00 ,  +2.20e+01 ,  -6.78e+02 ,  +1.78e+04 ,  +1.52e+06 , 
 0.0200 ,  +0.02072 ,  +0.00e+00 ,  -1.13e-01 ,  -2.25e+00 ,  +1.31e+01 ,  -3.05e+02 ,  +2.30e+03 ,  +6.90e+05 , 
 0.0300 ,  +0.01238 ,  +0.00e+00 ,  -2.48e-02 ,  -9.41e-01 ,  +4.71e+00 ,  +3.35e+01 ,  -2.55e+03 ,  -1.60e+05 , 
 0.0320 ,  +0.00461 ,  +0.00e+00 ,  -4.73e-03 ,  -2.76e-01 ,  +1.15e+00 ,  +1.99e+01 ,  -1.45e+03 ,  -5.16e+04 , 
 0.0325 ,  +0.00347 ,  +1.79e-03 ,  -1.26e-03 ,  -1.38e-01 ,  +4.45e-01 ,  -1.09e+00 ,  -1.17e+03 ,  +1.64e+05 , 
