--- model polynom_b (rz > 0). units: [m] for length, [rad] for angle and [m^(n-1)] for polynom_b ---
 len[m]    angle[deg]  PolyB(n=0)   PolyB(n=1)   PolyB(n=2)   PolyB(n=3)   PolyB(n=4)   PolyB(n=5)   PolyB(n=6)   
 0.1250 ,  +0.40649 ,  +0.00e+00 ,  -7.76e-01 ,  -1.16e-02 ,  +1.09e+00 ,  +1.59e+02 ,  +5.48e+03 ,  +6.61e+04 , 
 0.0550 ,  +0.17970 ,  +0.00e+00 ,  -7.74e-01 ,  -4.34e-02 ,  +4.96e-01 ,  +5.31e+02 ,  +4.26e+03 ,  -1.79e+06 , 
 0.0100 ,  +0.03261 ,  +0.00e+00 ,  -7.70e-01 ,  -6.27e-02 ,  -9.34e-01 ,  +2.76e+02 ,  +1.55e+04 ,  -1.06e+06 , 
 0.0050 ,  +0.01624 ,  +0.00e+00 ,  -7.63e-01 ,  -9.76e-02 ,  -2.91e+00 ,  +1.97e+02 ,  +2.06e+04 ,  -7.69e+05 , 
 0.0050 ,  +0.01618 ,  +0.00e+00 ,  -7.54e-01 ,  -2.32e-01 ,  -1.58e+00 ,  +1.93e+02 ,  +1.47e+04 ,  -6.09e+05 , 
 0.0050 ,  +0.01615 ,  +0.00e+00 ,  -7.48e-01 ,  -3.50e-01 ,  -1.60e+00 ,  +2.79e+02 ,  +1.91e+04 ,  -1.03e+06 , 
 0.0050 ,  +0.01617 ,  +0.00e+00 ,  -7.51e-01 ,  -2.75e-01 ,  -1.65e+00 ,  +2.51e+02 ,  +1.74e+04 ,  -1.07e+06 , 
 0.0100 ,  +0.03251 ,  +0.00e+00 ,  -7.63e-01 ,  -8.63e-02 ,  -1.31e+00 ,  +2.80e+01 ,  +1.32e+04 ,  +1.30e+05 , 
 0.0100 ,  +0.03266 ,  +0.00e+00 ,  -7.71e-01 ,  -5.86e-02 ,  -2.34e+00 ,  +1.50e+02 ,  +2.17e+04 ,  -4.79e+04 , 
 0.1750 ,  +0.57037 ,  +0.00e+00 ,  -7.73e-01 ,  +6.20e-02 ,  -1.57e+00 ,  -2.59e+02 ,  +2.12e+04 ,  +1.75e+06 , 
 0.1750 ,  +0.57021 ,  +0.00e+00 ,  -7.73e-01 ,  +1.41e-01 ,  +2.74e+00 ,  -6.94e+02 ,  +1.27e+04 ,  +2.85e+06 , 
 0.0200 ,  +0.06320 ,  +0.00e+00 ,  -7.85e-01 ,  -9.41e-02 ,  +1.34e+01 ,  -1.20e+03 ,  -1.19e+04 ,  +5.76e+06 , 
 0.0100 ,  +0.02726 ,  +0.00e+00 ,  -6.80e-01 ,  -2.64e-01 ,  +2.13e+01 ,  -8.81e+02 ,  -1.50e+04 ,  +3.05e+06 , 
 0.0150 ,  +0.02875 ,  +0.00e+00 ,  -3.65e-01 ,  -2.30e+00 ,  +2.26e+01 ,  -5.38e+02 ,  +4.85e+03 ,  +9.39e+05 , 
 0.0200 ,  +0.01993 ,  +0.00e+00 ,  -1.09e-01 ,  -2.17e+00 ,  +1.30e+01 ,  -4.30e+01 ,  -2.68e+03 ,  -3.08e+05 , 
 0.0300 ,  +0.01187 ,  +0.00e+00 ,  -2.42e-02 ,  -8.96e-01 ,  +4.33e+00 ,  +1.05e+02 ,  -2.59e+03 ,  -4.00e+05 , 
 0.0320 ,  +0.00446 ,  +0.00e+00 ,  -4.65e-03 ,  -2.67e-01 ,  +7.79e-01 ,  +8.28e+01 ,  +1.79e+02 ,  -3.01e+05 , 
 0.0325 ,  +0.00344 ,  -5.27e-04 ,  -1.33e-03 ,  -1.24e-01 ,  -5.76e-01 ,  -1.16e+01 ,  +4.34e+03 ,  -2.74e+04 , 
