--- model polynom_b (rz > 0). units: [m] for length, [rad] for angle and [m^(n-1)] for polynom_b ---
 len[m]    angle[deg]  PolyB(n=0)   PolyB(n=1)   PolyB(n=2)   PolyB(n=3)   PolyB(n=4)   PolyB(n=5)   PolyB(n=6)   
 0.1250 ,  +0.40611 ,  +0.00e+00 ,  -7.75e-01 ,  +5.27e-02 ,  -4.18e-01 ,  -1.26e+02 ,  +1.45e+04 ,  +1.08e+06 , 
 0.0550 ,  +0.17959 ,  +0.00e+00 ,  -7.74e-01 ,  +1.88e-02 ,  -3.18e+00 ,  +1.48e+02 ,  +2.84e+04 ,  -4.55e+05 , 
 0.0100 ,  +0.03260 ,  +0.00e+00 ,  -7.70e-01 ,  -4.86e-03 ,  -4.48e+00 ,  -8.29e+00 ,  +3.59e+04 ,  +1.26e+05 , 
 0.0050 ,  +0.01624 ,  +0.00e+00 ,  -7.63e-01 ,  -2.96e-02 ,  -6.89e+00 ,  -1.97e+02 ,  +4.60e+04 ,  +7.18e+05 , 
 0.0050 ,  +0.01618 ,  +0.00e+00 ,  -7.55e-01 ,  -1.62e-01 ,  -7.35e+00 ,  -9.13e+01 ,  +4.95e+04 ,  +2.11e+05 , 
 0.0050 ,  +0.01616 ,  +0.00e+00 ,  -7.49e-01 ,  -2.51e-01 ,  -8.08e+00 ,  -2.73e+02 ,  +5.57e+04 ,  +7.33e+05 , 
 0.0050 ,  +0.01618 ,  +0.00e+00 ,  -7.52e-01 ,  -1.83e-01 ,  -7.75e+00 ,  -2.89e+02 ,  +5.06e+04 ,  +8.76e+05 , 
 0.0100 ,  +0.03253 ,  +0.00e+00 ,  -7.65e-01 ,  -9.92e-03 ,  -5.83e+00 ,  -4.14e+02 ,  +4.10e+04 ,  +1.68e+06 , 
 0.0100 ,  +0.03268 ,  +0.00e+00 ,  -7.72e-01 ,  +3.29e-02 ,  -2.60e+00 ,  -6.48e+02 ,  +3.12e+04 ,  +2.92e+06 , 
 0.1750 ,  +0.57062 ,  +0.00e+00 ,  -7.74e-01 ,  +9.76e-02 ,  -1.29e-01 ,  -2.83e+02 ,  +2.28e+04 ,  +1.47e+06 , 
 0.1750 ,  +0.57039 ,  +0.00e+00 ,  -7.74e-01 ,  +8.44e-02 ,  +4.57e+00 ,  +2.56e+02 ,  +9.36e+03 ,  -5.29e+05 , 
 0.0200 ,  +0.06320 ,  +0.00e+00 ,  -7.87e-01 ,  -9.92e-02 ,  +7.41e+00 ,  -2.51e+02 ,  +1.82e+04 ,  +1.62e+06 , 
 0.0100 ,  +0.02723 ,  +0.00e+00 ,  -6.79e-01 ,  -2.43e-01 ,  +1.09e+01 ,  -2.94e+02 ,  +3.44e+04 ,  +2.95e+05 , 
 0.0150 ,  +0.02871 ,  +0.00e+00 ,  -3.62e-01 ,  -2.28e+00 ,  +1.75e+01 ,  -5.72e+02 ,  +3.14e+04 ,  +5.90e+05 , 
 0.0200 ,  +0.01998 ,  +0.00e+00 ,  -1.08e-01 ,  -2.13e+00 ,  +1.14e+01 ,  -4.78e+02 ,  +8.49e+03 ,  +9.72e+05 , 
 0.0300 ,  +0.01192 ,  +0.00e+00 ,  -2.42e-02 ,  -8.84e-01 ,  +4.24e+00 ,  -8.44e+01 ,  -1.63e+02 ,  +1.09e+05 , 
 0.0320 ,  +0.00445 ,  +0.00e+00 ,  -4.68e-03 ,  -2.65e-01 ,  +9.38e-01 ,  +5.29e+01 ,  -1.99e+02 ,  -2.13e+05 , 
 0.0325 ,  +0.00343 ,  -2.11e-04 ,  -1.35e-03 ,  -1.22e-01 ,  -4.13e-01 ,  -1.40e+02 ,  +3.65e+03 ,  +7.54e+05 , 
