--- model polynom_b (rz < 0). units: [m] for length, [rad] for angle and [m^(n-1)] for polynom_b ---
 len[m]    angle[deg]  PolyB(n=0)   PolyB(n=1)   PolyB(n=2)   PolyB(n=3)   PolyB(n=4)   PolyB(n=5)   PolyB(n=6)   
 0.1250 ,  +0.40617 ,  +0.00e+00 ,  -7.76e-01 ,  +4.94e-03 ,  -2.79e+00 ,  +1.21e+02 ,  +2.66e+04 ,  +9.52e+04 , 
 0.0550 ,  +0.17964 ,  +0.00e+00 ,  -7.75e-01 ,  -2.18e-02 ,  -3.04e+00 ,  +2.93e+02 ,  +2.38e+04 ,  -8.22e+05 , 
 0.0100 ,  +0.03261 ,  +0.00e+00 ,  -7.70e-01 ,  -1.24e-02 ,  -4.89e+00 ,  -3.56e+01 ,  +3.67e+04 ,  -3.05e+05 , 
 0.0050 ,  +0.01624 ,  +0.00e+00 ,  -7.63e-01 ,  -6.36e-02 ,  -3.90e+00 ,  +8.71e+01 ,  +2.81e+04 ,  -8.10e+05 , 
 0.0050 ,  +0.01620 ,  +0.00e+00 ,  -7.55e-01 ,  -1.84e-01 ,  -1.89e+00 ,  -5.60e-01 ,  +1.78e+04 ,  -5.36e+05 , 
 0.0050 ,  +0.01617 ,  +0.00e+00 ,  -7.50e-01 ,  -2.93e-01 ,  -2.40e+00 ,  +1.65e+01 ,  +2.41e+04 ,  -2.99e+05 , 
 0.0050 ,  +0.01620 ,  +0.00e+00 ,  -7.54e-01 ,  -2.31e-01 ,  -1.74e+00 ,  +3.56e+02 ,  +1.72e+04 ,  -1.91e+06 , 
 0.0100 ,  +0.03259 ,  +0.00e+00 ,  -7.66e-01 ,  -5.95e-02 ,  -1.50e+00 ,  +2.08e+02 ,  +1.56e+04 ,  -1.22e+06 , 
 0.0100 ,  +0.03274 ,  +0.00e+00 ,  -7.73e-01 ,  -2.00e-02 ,  -2.62e+00 ,  -5.84e+01 ,  +2.57e+04 ,  +2.02e+05 , 
 0.1750 ,  +0.57112 ,  +0.00e+00 ,  -7.75e-01 ,  +9.84e-02 ,  +2.42e+00 ,  -5.60e+02 ,  +5.11e+03 ,  +2.44e+06 , 
 0.1750 ,  +0.57058 ,  +0.00e+00 ,  -7.74e-01 ,  +9.65e-02 ,  +8.25e+00 ,  -1.27e+01 ,  -1.42e+04 ,  +4.12e+05 , 
 0.0200 ,  +0.06317 ,  +0.00e+00 ,  -7.88e-01 ,  -1.61e-01 ,  +1.09e+01 ,  +6.83e+02 ,  -4.49e+02 ,  -2.29e+06 , 
 0.0100 ,  +0.02710 ,  +0.00e+00 ,  -6.75e-01 ,  -3.91e-01 ,  +1.37e+01 ,  +8.98e+02 ,  +1.94e+04 ,  -4.02e+06 , 
 0.0150 ,  +0.02844 ,  +0.00e+00 ,  -3.57e-01 ,  -2.47e+00 ,  +1.87e+01 ,  +1.04e+03 ,  +2.18e+04 ,  -4.72e+06 , 
 0.0200 ,  +0.01971 ,  +0.00e+00 ,  -1.06e-01 ,  -2.26e+00 ,  +8.81e+00 ,  +1.08e+03 ,  +1.51e+04 ,  -4.14e+06 , 
 0.0300 ,  +0.01174 ,  +0.00e+00 ,  -2.38e-02 ,  -9.31e-01 ,  +2.03e+00 ,  +4.92e+02 ,  +6.89e+03 ,  -1.60e+06 , 
 0.0320 ,  +0.00440 ,  +0.00e+00 ,  -4.53e-03 ,  -2.70e-01 ,  +2.46e-01 ,  +1.28e+02 ,  +2.35e+03 ,  -4.15e+05 , 
 0.0325 ,  +0.00338 ,  -2.81e-04 ,  -1.15e-03 ,  -1.32e-01 ,  -1.75e-01 ,  +7.09e+01 ,  +1.51e+03 ,  -2.87e+05 , 
