--- model polynom_b (rz > 0). units: [m] for length, [rad] for angle and [m^(n-1)] for polynom_b ---
 len[m]    angle[deg]  PolyB(n=0)   PolyB(n=1)   PolyB(n=2)   PolyB(n=3)   PolyB(n=4)   PolyB(n=5)   PolyB(n=6)   
 0.1250 ,  +0.40615 ,  +0.00e+00 ,  -7.75e-01 ,  +6.59e-02 ,  +2.60e+00 ,  +8.76e+01 ,  +7.55e+03 ,  -9.68e+05 , 
 0.0550 ,  +0.17956 ,  +0.00e+00 ,  -7.73e-01 ,  +6.37e-02 ,  +6.49e-01 ,  -3.08e+02 ,  +1.55e+04 ,  +9.39e+05 , 
 0.0100 ,  +0.03257 ,  +0.00e+00 ,  -7.69e-01 ,  +5.70e-02 ,  +3.33e+00 ,  -7.14e+02 ,  +2.74e+03 ,  +2.38e+06 , 
 0.0050 ,  +0.01621 ,  +0.00e+00 ,  -7.60e-01 ,  +1.96e-02 ,  -2.14e-01 ,  -9.54e+02 ,  +1.80e+04 ,  +3.32e+06 , 
 0.0050 ,  +0.01614 ,  +0.00e+00 ,  -7.50e-01 ,  -1.20e-01 ,  +3.28e-01 ,  -1.12e+03 ,  +1.65e+04 ,  +3.78e+06 , 
 0.0050 ,  +0.01611 ,  +0.00e+00 ,  -7.43e-01 ,  -2.52e-01 ,  +9.69e-01 ,  -1.16e+03 ,  +1.91e+04 ,  +3.92e+06 , 
 0.0050 ,  +0.01613 ,  +0.00e+00 ,  -7.48e-01 ,  -1.74e-01 ,  +1.23e+00 ,  -1.08e+03 ,  +1.53e+04 ,  +3.60e+06 , 
 0.0100 ,  +0.03247 ,  +0.00e+00 ,  -7.62e-01 ,  -2.72e-03 ,  +2.83e+00 ,  -5.03e+02 ,  +4.92e+03 ,  +1.29e+06 , 
 0.0100 ,  +0.03266 ,  +0.00e+00 ,  -7.71e-01 ,  +5.06e-02 ,  +3.53e+00 ,  -6.45e+02 ,  +6.32e+03 ,  +2.04e+06 , 
 0.1750 ,  +0.57066 ,  +0.00e+00 ,  -7.74e-01 ,  +1.10e-01 ,  +6.47e+00 ,  -3.43e+02 ,  -2.90e+03 ,  +1.53e+06 , 
 0.1750 ,  +0.57035 ,  +0.00e+00 ,  -7.73e-01 ,  +6.03e-02 ,  +1.38e+01 ,  +3.54e+02 ,  -2.84e+04 ,  -5.92e+05 , 
 0.0200 ,  +0.06322 ,  +0.00e+00 ,  -7.85e-01 ,  -2.69e-01 ,  +1.25e+01 ,  +1.08e+03 ,  +1.39e+03 ,  -3.23e+06 , 
 0.0100 ,  +0.02733 ,  +0.00e+00 ,  -6.83e-01 ,  -3.94e-01 ,  +1.81e+01 ,  +8.56e+02 ,  +1.16e+04 ,  -3.46e+06 , 
 0.0150 ,  +0.02889 ,  +0.00e+00 ,  -3.68e-01 ,  -2.39e+00 ,  +2.08e+01 ,  +4.97e+02 ,  +2.14e+04 ,  -2.77e+06 , 
 0.0200 ,  +0.02001 ,  +0.00e+00 ,  -1.09e-01 ,  -2.21e+00 ,  +1.05e+01 ,  +1.54e+02 ,  +1.34e+04 ,  -8.20e+05 , 
 0.0300 ,  +0.01188 ,  +0.00e+00 ,  -2.40e-02 ,  -9.07e-01 ,  +3.47e+00 ,  +3.48e+01 ,  +2.45e+03 ,  +5.65e+04 , 
 0.0320 ,  +0.00445 ,  +0.00e+00 ,  -4.56e-03 ,  -2.65e-01 ,  +6.95e-01 ,  -6.26e+00 ,  +1.96e+02 ,  +1.28e+05 , 
 0.0325 ,  +0.00341 ,  -5.41e-04 ,  -1.26e-03 ,  -1.40e-01 ,  -7.22e-01 ,  +1.38e+02 ,  +4.08e+03 ,  -5.47e+05 , 
