--- model polynom_b (rz < 0). units: [m] for length, [rad] for angle and [m^(n-1)] for polynom_b ---
 len[m]    angle[deg]  PolyB(n=0)   PolyB(n=1)   PolyB(n=2)   PolyB(n=3)   PolyB(n=4)   PolyB(n=5)   PolyB(n=6)   
 0.1250 ,  +0.40578 ,  +0.00e+00 ,  -7.75e-01 ,  +1.24e-01 ,  +2.93e+00 ,  -3.07e+02 ,  +1.10e+04 ,  +5.19e+05 , 
 0.0550 ,  +0.17939 ,  +0.00e+00 ,  -7.74e-01 ,  +1.07e-01 ,  +4.85e+00 ,  -6.00e+02 ,  +1.76e+03 ,  +1.62e+06 , 
 0.0100 ,  +0.03256 ,  +0.00e+00 ,  -7.70e-01 ,  +4.26e-02 ,  +8.07e+00 ,  -2.75e+02 ,  -1.01e+04 ,  +1.12e+05 , 
 0.0050 ,  +0.01622 ,  +0.00e+00 ,  -7.63e-01 ,  +2.92e-02 ,  +3.68e+00 ,  -5.43e+02 ,  +9.27e+03 ,  +8.84e+05 , 
 0.0050 ,  +0.01617 ,  +0.00e+00 ,  -7.54e-01 ,  -8.41e-02 ,  +4.76e+00 ,  -6.93e+02 ,  +4.92e+03 ,  +1.41e+06 , 
 0.0050 ,  +0.01613 ,  +0.00e+00 ,  -7.48e-01 ,  -2.19e-01 ,  +6.61e+00 ,  -6.57e+02 ,  +6.02e+02 ,  +1.33e+06 , 
 0.0050 ,  +0.01616 ,  +0.00e+00 ,  -7.51e-01 ,  -1.80e-01 ,  +4.63e+00 ,  -4.64e+02 ,  +8.88e+03 ,  +6.68e+05 , 
 0.0100 ,  +0.03249 ,  +0.00e+00 ,  -7.63e-01 ,  +2.91e-02 ,  +4.16e+00 ,  -8.98e+02 ,  +6.78e+03 ,  +2.41e+06 , 
 0.0100 ,  +0.03266 ,  +0.00e+00 ,  -7.71e-01 ,  +5.32e-02 ,  +6.80e+00 ,  -5.64e+02 ,  -7.85e+02 ,  +1.29e+06 , 
 0.1750 ,  +0.57063 ,  +0.00e+00 ,  -7.75e-01 ,  +1.04e-01 ,  +1.07e+01 ,  -2.84e+02 ,  -1.51e+04 ,  +1.09e+06 , 
 0.1750 ,  +0.57018 ,  +0.00e+00 ,  -7.74e-01 ,  +2.12e-02 ,  +1.15e+01 ,  +6.42e+02 ,  -1.68e+04 ,  -1.54e+06 , 
 0.0200 ,  +0.06322 ,  +0.00e+00 ,  -7.84e-01 ,  -3.03e-01 ,  +1.01e+01 ,  +1.17e+03 ,  +1.19e+04 ,  -4.33e+06 , 
 0.0100 ,  +0.02743 ,  +0.00e+00 ,  -6.85e-01 ,  -3.86e-01 ,  +1.49e+01 ,  +6.60e+02 ,  +3.26e+04 ,  -3.82e+06 , 
 0.0150 ,  +0.02910 ,  +0.00e+00 ,  -3.72e-01 ,  -2.34e+00 ,  +1.84e+01 ,  -2.99e+01 ,  +3.97e+04 ,  -1.36e+06 , 
 0.0200 ,  +0.02020 ,  +0.00e+00 ,  -1.11e-01 ,  -2.20e+00 ,  +9.51e+00 ,  -1.73e+02 ,  +1.91e+04 ,  +2.23e+05 , 
 0.0300 ,  +0.01198 ,  +0.00e+00 ,  -2.42e-02 ,  -9.02e-01 ,  +2.83e+00 ,  -8.33e+01 ,  +6.14e+03 ,  +3.59e+05 , 
 0.0320 ,  +0.00448 ,  +0.00e+00 ,  -4.51e-03 ,  -2.65e-01 ,  +4.62e-01 ,  -2.37e+01 ,  +1.73e+03 ,  +1.55e+05 , 
 0.0325 ,  +0.00342 ,  +1.30e-03 ,  -1.16e-03 ,  -1.18e-01 ,  +8.21e-01 ,  -2.07e+02 ,  -2.58e+03 ,  +9.30e+05 , 
