--- model polynom_b (rz < 0). units: [m] for length, [rad] for angle and [m^(n-1)] for polynom_b ---
 len[m]    angle[deg]  PolyB(n=0)   PolyB(n=1)   PolyB(n=2)   PolyB(n=3)   PolyB(n=4)   PolyB(n=5)   PolyB(n=6)   
 0.1250 ,  +0.40526 ,  +0.00e+00 ,  -7.75e-01 ,  +5.23e-02 ,  -2.67e+00 ,  -8.65e+01 ,  +3.22e+04 ,  +6.11e+05 , 
 0.0550 ,  +0.17924 ,  +0.00e+00 ,  -7.74e-01 ,  +5.97e-02 ,  -2.19e+00 ,  -5.78e+02 ,  +2.96e+04 ,  +2.46e+06 , 
 0.0100 ,  +0.03255 ,  +0.00e+00 ,  -7.70e-01 ,  +4.78e-02 ,  -2.34e+00 ,  -9.58e+02 ,  +3.20e+04 ,  +3.79e+06 , 
 0.0050 ,  +0.01622 ,  +0.00e+00 ,  -7.64e-01 ,  +8.90e-03 ,  +4.17e-01 ,  -9.30e+02 ,  +1.64e+04 ,  +3.75e+06 , 
 0.0050 ,  +0.01617 ,  +0.00e+00 ,  -7.56e-01 ,  -8.72e-02 ,  -9.29e-01 ,  -1.00e+03 ,  +2.14e+04 ,  +3.58e+06 , 
 0.0050 ,  +0.01615 ,  +0.00e+00 ,  -7.50e-01 ,  -1.79e-01 ,  -3.78e+00 ,  -1.48e+03 ,  +4.07e+04 ,  +5.68e+06 , 
 0.0050 ,  +0.01617 ,  +0.00e+00 ,  -7.52e-01 ,  -1.54e-01 ,  -5.15e+00 ,  -1.35e+03 ,  +4.84e+04 ,  +5.35e+06 , 
 0.0100 ,  +0.03250 ,  +0.00e+00 ,  -7.64e-01 ,  -6.94e-03 ,  -3.71e-01 ,  -9.82e+02 ,  +2.04e+04 ,  +3.79e+06 , 
 0.0100 ,  +0.03266 ,  +0.00e+00 ,  -7.71e-01 ,  +7.00e-02 ,  +1.48e+00 ,  -1.60e+03 ,  +1.74e+04 ,  +6.72e+06 , 
 0.1750 ,  +0.57043 ,  +0.00e+00 ,  -7.74e-01 ,  +1.22e-01 ,  +9.14e+00 ,  -1.25e+03 ,  -2.17e+04 ,  +5.80e+06 , 
 0.1750 ,  +0.57031 ,  +0.00e+00 ,  -7.74e-01 ,  +1.66e-02 ,  +1.12e+01 ,  +1.03e+03 ,  -2.76e+04 ,  -3.86e+06 , 
 0.0200 ,  +0.06337 ,  +0.00e+00 ,  -7.86e-01 ,  -2.34e-01 ,  +7.25e+00 ,  +1.22e+03 ,  +2.61e+04 ,  -4.71e+06 , 
 0.0100 ,  +0.02754 ,  +0.00e+00 ,  -6.88e-01 ,  -2.71e-01 ,  +1.10e+01 ,  +4.30e+02 ,  +4.55e+04 ,  -2.76e+06 , 
 0.0150 ,  +0.02932 ,  +0.00e+00 ,  -3.74e-01 ,  -2.28e+00 ,  +1.77e+01 ,  -1.86e+02 ,  +3.78e+04 ,  -4.52e+05 , 
 0.0200 ,  +0.02046 ,  +0.00e+00 ,  -1.12e-01 ,  -2.21e+00 ,  +9.50e+00 ,  -1.52e+02 ,  +2.02e+04 ,  +1.39e+05 , 
 0.0300 ,  +0.01208 ,  +0.00e+00 ,  -2.46e-02 ,  -9.14e-01 ,  +3.10e+00 ,  -8.04e+01 ,  +5.19e+03 ,  +4.44e+05 , 
 0.0320 ,  +0.00443 ,  +0.00e+00 ,  -4.59e-03 ,  -2.62e-01 ,  +5.99e-01 ,  -6.49e+01 ,  +8.34e+02 ,  +3.63e+05 , 
 0.0325 ,  +0.00334 ,  +1.90e-03 ,  -1.15e-03 ,  -1.34e-01 ,  +5.88e-01 ,  +1.00e+02 ,  -1.44e+03 ,  -4.19e+05 , 
