--- model polynom_b (rz < 0). units: [m] for length, [rad] for angle and [m^(n-1)] for polynom_b ---
 len[m]    angle[deg]  PolyB(n=0)   PolyB(n=1)   PolyB(n=2)   PolyB(n=3)   PolyB(n=4)   PolyB(n=5)   PolyB(n=6)   
 0.1250 ,  +0.40597 ,  +0.00e+00 ,  -7.75e-01 ,  +6.22e-02 ,  +3.93e+00 ,  -7.98e+02 ,  -1.03e+03 ,  +4.34e+06 , 
 0.0550 ,  +0.17953 ,  +0.00e+00 ,  -7.74e-01 ,  +4.43e-02 ,  +5.45e+00 ,  -9.56e+02 ,  -1.36e+04 ,  +5.19e+06 , 
 0.0100 ,  +0.03260 ,  +0.00e+00 ,  -7.70e-01 ,  +3.17e-02 ,  +6.36e+00 ,  -1.24e+03 ,  -1.84e+04 ,  +6.08e+06 , 
 0.0050 ,  +0.01624 ,  +0.00e+00 ,  -7.64e-01 ,  -2.45e-03 ,  +6.84e+00 ,  -1.20e+03 ,  -2.48e+04 ,  +5.80e+06 , 
 0.0050 ,  +0.01619 ,  +0.00e+00 ,  -7.56e-01 ,  -1.29e-01 ,  +7.43e+00 ,  -8.83e+02 ,  -2.82e+04 ,  +4.37e+06 , 
 0.0050 ,  +0.01616 ,  +0.00e+00 ,  -7.51e-01 ,  -2.37e-01 ,  +6.29e+00 ,  -8.96e+02 ,  -1.84e+04 ,  +4.36e+06 , 
 0.0050 ,  +0.01618 ,  +0.00e+00 ,  -7.53e-01 ,  -2.03e-01 ,  +5.72e+00 ,  -6.52e+02 ,  -1.66e+04 ,  +3.32e+06 , 
 0.0100 ,  +0.03253 ,  +0.00e+00 ,  -7.65e-01 ,  -1.92e-02 ,  +4.20e+00 ,  -8.94e+02 ,  -8.82e+03 ,  +4.34e+06 , 
 0.0100 ,  +0.03268 ,  +0.00e+00 ,  -7.72e-01 ,  +1.59e-02 ,  +5.72e+00 ,  -6.97e+02 ,  -1.30e+04 ,  +3.55e+06 , 
 0.1750 ,  +0.57035 ,  +0.00e+00 ,  -7.75e-01 ,  +4.72e-02 ,  +6.93e+00 ,  +4.41e+02 ,  -1.46e+04 ,  -1.56e+06 , 
 0.1750 ,  +0.57017 ,  +0.00e+00 ,  -7.74e-01 ,  +1.02e-01 ,  +5.19e+00 ,  +5.60e+01 ,  +8.26e+03 ,  +2.20e+05 , 
 0.0200 ,  +0.06325 ,  +0.00e+00 ,  -7.86e-01 ,  -1.11e-01 ,  +1.16e+01 ,  -4.24e+02 ,  +4.15e+03 ,  +1.99e+06 , 
 0.0100 ,  +0.02735 ,  +0.00e+00 ,  -6.82e-01 ,  -2.45e-01 ,  +1.84e+01 ,  -7.00e+02 ,  +7.01e+03 ,  +1.99e+06 , 
 0.0150 ,  +0.02896 ,  +0.00e+00 ,  -3.67e-01 ,  -2.31e+00 ,  +2.29e+01 ,  -5.15e+02 ,  +9.44e+03 ,  +7.47e+05 , 
 0.0200 ,  +0.02018 ,  +0.00e+00 ,  -1.09e-01 ,  -2.18e+00 ,  +1.32e+01 ,  -2.76e+02 ,  +4.64e+02 ,  +5.50e+05 , 
 0.0300 ,  +0.01201 ,  +0.00e+00 ,  -2.46e-02 ,  -9.07e-01 ,  +4.47e+00 ,  +3.54e+01 ,  -2.16e+03 ,  -1.03e+05 , 
 0.0320 ,  +0.00447 ,  +0.00e+00 ,  -4.78e-03 ,  -2.68e-01 ,  +1.00e+00 ,  +5.57e+01 ,  -1.04e+03 ,  -1.76e+05 , 
 0.0325 ,  +0.00338 ,  +9.39e-04 ,  -1.26e-03 ,  -1.42e-01 ,  -2.59e-01 ,  +1.38e+02 ,  +1.05e+03 ,  -4.26e+05 , 
