--- model polynom_b (rz > 0). units: [m] for length, [rad] for angle and [m^(n-1)] for polynom_b ---
 len[m]    angle[deg]  PolyB(n=0)   PolyB(n=1)   PolyB(n=2)   PolyB(n=3)   PolyB(n=4)   PolyB(n=5)   PolyB(n=6)   
 0.1250 ,  +0.40643 ,  +0.00e+00 ,  -7.76e-01 ,  +2.93e-02 ,  +6.60e-01 ,  -1.21e+01 ,  +5.55e+03 ,  +3.35e+05 , 
 0.0550 ,  +0.17969 ,  +0.00e+00 ,  -7.75e-01 ,  +1.44e-02 ,  +6.94e-01 ,  -1.62e+02 ,  +5.76e+03 ,  +1.09e+06 , 
 0.0100 ,  +0.03261 ,  +0.00e+00 ,  -7.71e-01 ,  -2.73e-02 ,  +3.07e+00 ,  -5.76e+01 ,  -3.31e+03 ,  +3.22e+05 , 
 0.0050 ,  +0.01624 ,  +0.00e+00 ,  -7.64e-01 ,  -4.68e-02 ,  +1.97e-02 ,  -3.21e+02 ,  +1.12e+04 ,  +1.25e+06 , 
 0.0050 ,  +0.01619 ,  +0.00e+00 ,  -7.56e-01 ,  -1.58e-01 ,  +2.17e+00 ,  -4.47e+02 ,  +1.58e+03 ,  +1.72e+06 , 
 0.0050 ,  +0.01616 ,  +0.00e+00 ,  -7.50e-01 ,  -2.80e-01 ,  +3.61e+00 ,  -3.13e+02 ,  -2.13e+03 ,  +1.30e+06 , 
 0.0050 ,  +0.01618 ,  +0.00e+00 ,  -7.54e-01 ,  -2.13e-01 ,  +2.43e+00 ,  -4.25e+02 ,  +2.66e+03 ,  +1.89e+06 , 
 0.0100 ,  +0.03253 ,  +0.00e+00 ,  -7.66e-01 ,  -2.63e-02 ,  +1.93e+00 ,  -6.58e+02 ,  +7.64e+02 ,  +2.83e+06 , 
 0.0100 ,  +0.03269 ,  +0.00e+00 ,  -7.73e-01 ,  -1.60e-03 ,  +2.33e+00 ,  -3.48e+02 ,  -3.44e+01 ,  +1.54e+06 , 
 0.1750 ,  +0.57054 ,  +0.00e+00 ,  -7.76e-01 ,  +7.52e-02 ,  +4.81e+00 ,  -2.36e+01 ,  -4.16e+03 ,  +2.66e+05 , 
 0.1750 ,  +0.56988 ,  +0.00e+00 ,  -7.75e-01 ,  +6.34e-02 ,  +7.96e+00 ,  +2.48e+02 ,  -5.51e+03 ,  -2.46e+05 , 
 0.0200 ,  +0.06309 ,  +0.00e+00 ,  -7.87e-01 ,  -1.70e-01 ,  +1.07e+01 ,  +2.33e+02 ,  +1.16e+03 ,  +2.31e+05 , 
 0.0100 ,  +0.02721 ,  +0.00e+00 ,  -6.80e-01 ,  -2.78e-01 ,  +1.62e+01 ,  +1.28e+02 ,  +8.77e+03 ,  -1.05e+06 , 
 0.0150 ,  +0.02875 ,  +0.00e+00 ,  -3.64e-01 ,  -2.31e+00 ,  +2.15e+01 ,  -4.17e+01 ,  +1.43e+04 ,  -9.89e+05 , 
 0.0200 ,  +0.02006 ,  +0.00e+00 ,  -1.09e-01 ,  -2.17e+00 ,  +1.25e+01 ,  -2.24e+01 ,  +5.41e+03 ,  -3.77e+05 , 
 0.0300 ,  +0.01200 ,  +0.00e+00 ,  -2.45e-02 ,  -9.03e-01 ,  +4.54e+00 ,  +9.17e+01 ,  -1.29e+03 ,  -3.01e+05 , 
 0.0320 ,  +0.00449 ,  +0.00e+00 ,  -4.74e-03 ,  -2.69e-01 ,  +9.93e-01 ,  +6.69e+01 ,  -4.48e+02 ,  -2.13e+05 , 
 0.0325 ,  +0.00346 ,  +5.14e-04 ,  -1.37e-03 ,  -1.36e-01 ,  -1.18e-01 ,  +4.20e+01 ,  +1.55e+03 ,  -1.45e+05 , 
