--- model polynom_b (rz > 0). units: [m] for length, [rad] for angle and [m^(n-1)] for polynom_b ---
 len[m]    angle[deg]  PolyB(n=0)   PolyB(n=1)   PolyB(n=2)   PolyB(n=3)   PolyB(n=4)   PolyB(n=5)   PolyB(n=6)   
 0.1250 ,  +0.40680 ,  +0.00e+00 ,  -7.75e-01 ,  +1.64e-01 ,  +2.30e+00 ,  -9.02e+02 ,  +1.37e+04 ,  +2.93e+06 , 
 0.0550 ,  +0.17984 ,  +0.00e+00 ,  -7.73e-01 ,  +1.79e-01 ,  +4.07e+00 ,  -1.55e+03 ,  +8.63e+03 ,  +5.55e+06 , 
 0.0100 ,  +0.03264 ,  +0.00e+00 ,  -7.69e-01 ,  +1.26e-01 ,  +6.52e+00 ,  -1.41e+03 ,  -2.64e+03 ,  +4.87e+06 , 
 0.0050 ,  +0.01625 ,  +0.00e+00 ,  -7.62e-01 ,  +6.58e-02 ,  +4.24e+00 ,  -1.09e+03 ,  +9.23e+03 ,  +3.33e+06 , 
 0.0050 ,  +0.01620 ,  +0.00e+00 ,  -7.53e-01 ,  -3.77e-02 ,  +6.43e+00 ,  -1.58e+03 ,  -1.41e+03 ,  +5.50e+06 , 
 0.0050 ,  +0.01617 ,  +0.00e+00 ,  -7.48e-01 ,  -1.16e-01 ,  +6.42e+00 ,  -1.88e+03 ,  +1.68e+03 ,  +6.84e+06 , 
 0.0050 ,  +0.01620 ,  +0.00e+00 ,  -7.52e-01 ,  -3.95e-02 ,  +6.74e+00 ,  -1.67e+03 ,  -7.87e+02 ,  +5.63e+06 , 
 0.0100 ,  +0.03256 ,  +0.00e+00 ,  -7.64e-01 ,  +9.77e-02 ,  +6.21e+00 ,  -1.41e+03 ,  +1.38e+03 ,  +4.85e+06 , 
 0.0100 ,  +0.03270 ,  +0.00e+00 ,  -7.70e-01 ,  +8.98e-02 ,  +8.22e+00 ,  -8.03e+02 ,  -6.51e+03 ,  +2.61e+06 , 
 0.1750 ,  +0.57123 ,  +0.00e+00 ,  -7.74e-01 ,  +1.43e-01 ,  +1.25e+01 ,  -4.83e+02 ,  -1.96e+04 ,  +1.83e+06 , 
 0.1750 ,  +0.57088 ,  +0.00e+00 ,  -7.73e-01 ,  +1.20e-02 ,  +1.48e+01 ,  +9.19e+02 ,  -2.93e+04 ,  -2.27e+06 , 
 0.0200 ,  +0.06297 ,  +0.00e+00 ,  -7.81e-01 ,  -2.70e-01 ,  +9.04e+00 ,  +9.54e+02 ,  +2.30e+04 ,  -2.49e+06 , 
 0.0100 ,  +0.02686 ,  +0.00e+00 ,  -6.60e-01 ,  -5.28e-01 ,  +1.56e+01 ,  +4.66e+02 ,  +3.07e+04 ,  -2.07e+06 , 
 0.0150 ,  +0.02809 ,  +0.00e+00 ,  -3.43e-01 ,  -2.46e+00 ,  +1.99e+01 ,  -6.79e+01 ,  +2.72e+04 ,  -5.17e+05 , 
 0.0200 ,  +0.01950 ,  +0.00e+00 ,  -1.01e-01 ,  -2.15e+00 ,  +9.92e+00 ,  +7.63e+01 ,  +1.35e+04 ,  -5.54e+05 , 
 0.0300 ,  +0.01162 ,  +0.00e+00 ,  -2.29e-02 ,  -8.77e-01 ,  +2.91e+00 ,  +5.41e+01 ,  +4.24e+03 ,  -1.42e+05 , 
 0.0320 ,  +0.00435 ,  +0.00e+00 ,  -4.50e-03 ,  -2.54e-01 ,  +3.94e-01 ,  -3.14e+01 ,  +1.85e+03 ,  +1.82e+05 , 
 0.0325 ,  +0.00334 ,  -1.53e-03 ,  -1.42e-03 ,  -1.21e-01 ,  +2.08e+00 ,  -8.71e+01 ,  -9.55e+03 ,  +4.07e+05 , 
