--- model polynom_b (rz > 0). units: [m] for length, [rad] for angle and [m^(n-1)] for polynom_b ---
 len[m]     angle[deg]     PolyB(n=0)     PolyB(n=1)     PolyB(n=2)     PolyB(n=3)     PolyB(n=4)     PolyB(n=5)     PolyB(n=6)    
 0.1250 ,  -0.40656346 ,  +1.1356e-01 ,  -7.7639e-01 ,  -2.2125e-02 ,  +2.0705e+00 ,  +4.6111e+00 ,  +1.0124e+04 ,  +1.0687e+06 , 
 0.0550 ,  -0.17996464 ,  +1.1417e-01 ,  -7.7472e-01 ,  -2.6213e-02 ,  +5.0762e-01 ,  -1.8978e+02 ,  +1.6953e+04 ,  +1.5100e+06 , 
 0.0100 ,  -0.03293975 ,  +1.1443e-01 ,  -7.7053e-01 ,  -3.2011e-02 ,  +3.5970e+00 ,  -6.4003e+02 ,  +2.8495e+03 ,  +2.9775e+06 , 
 0.0050 ,  -0.01656680 ,  +1.1454e-01 ,  -7.6323e-01 ,  -8.1593e-02 ,  +3.5327e+00 ,  -4.9053e+02 ,  -1.7763e+03 ,  +2.1530e+06 , 
 0.0050 ,  -0.01651365 ,  +1.1417e-01 ,  -7.5452e-01 ,  -2.0305e-01 ,  +1.9158e+00 ,  -6.7810e+02 ,  +7.6906e+03 ,  +3.0675e+06 , 
 0.0050 ,  -0.01649154 ,  +1.1400e-01 ,  -7.4954e-01 ,  -3.0542e-01 ,  +9.5937e-01 ,  -5.9614e+02 ,  +1.5336e+04 ,  +2.6840e+06 , 
 0.0050 ,  -0.01650144 ,  +1.1414e-01 ,  -7.5402e-01 ,  -2.2997e-01 ,  +3.1295e+00 ,  -4.6162e+02 ,  +5.0103e+02 ,  +2.1050e+06 , 
 0.0100 ,  -0.03287860 ,  +1.1422e-01 ,  -7.6594e-01 ,  -3.7734e-02 ,  +2.1175e+00 ,  -9.3704e+02 ,  +6.0575e+03 ,  +4.1359e+06 , 
 0.0100 ,  -0.03298718 ,  +1.1466e-01 ,  -7.7273e-01 ,  -3.4012e-02 ,  +2.5419e+00 ,  -5.0202e+02 ,  +6.2420e+03 ,  +2.5588e+06 , 
 0.1750 ,  -0.57105325 ,  +1.1389e-01 ,  -7.7550e-01 ,  +6.6367e-02 ,  +3.5306e+00 ,  -5.8604e+02 ,  +6.2461e+03 ,  +3.0425e+06 , 
 0.1750 ,  -0.57056492 ,  +1.1376e-01 ,  -7.7431e-01 ,  +4.3554e-02 ,  +8.4569e+00 ,  +1.3135e+02 ,  -1.5280e+04 ,  +3.1137e+05 , 
 0.0200 ,  -0.06295733 ,  +1.0967e-01 ,  -7.8302e-01 ,  -2.2153e-01 ,  +1.0642e+01 ,  +8.0381e+02 ,  +1.1448e+03 ,  -2.6472e+06 , 
 0.0100 ,  -0.02639409 ,  +9.2318e-02 ,  -6.5000e-01 ,  -5.9009e-01 ,  +1.6022e+01 ,  +6.1851e+02 ,  +1.5661e+04 ,  -3.2229e+06 , 
 0.0150 ,  -0.02756609 ,  +6.3979e-02 ,  -3.3004e-01 ,  -2.5364e+00 ,  +1.8290e+01 ,  +2.1562e+02 ,  +2.3962e+04 ,  -1.7482e+06 , 
 0.0200 ,  -0.01913081 ,  +3.3245e-02 ,  -9.7135e-02 ,  -2.1116e+00 ,  +8.6172e+00 ,  +1.9509e+01 ,  +1.4221e+04 ,  -2.4128e+05 , 
 0.0300 ,  -0.01151016 ,  +1.3293e-02 ,  -2.1916e-02 ,  -8.5158e-01 ,  +2.6106e+00 ,  -9.3720e+00 ,  +3.8881e+03 ,  +2.3564e+05 , 
 0.0320 ,  -0.00439865 ,  +4.7276e-03 ,  -4.2494e-03 ,  -2.4981e-01 ,  +4.7129e-01 ,  +1.2183e+01 ,  +9.9324e+02 ,  +2.5890e+04 , 
 0.0325 ,  -0.00321764 ,  +3.5065e-03 ,  -1.2738e-03 ,  -1.1539e-01 ,  -1.7921e-01 ,  -1.5411e+02 ,  +2.1201e+03 ,  +7.0664e+05 , 
