--- model polynom_b (rz < 0). units: [m] for length, [rad] for angle and [m^(n-1)] for polynom_b ---
 len[m]     angle[deg]     PolyB(n=0)     PolyB(n=1)     PolyB(n=2)     PolyB(n=3)     PolyB(n=4)     PolyB(n=5)     PolyB(n=6)    
 0.1250 ,  +0.40656346 ,  -3.6989e-06 ,  -7.7612e-01 ,  +3.4607e-02 ,  +4.1708e+00 ,  -6.0668e+02 ,  -7.1333e+03 ,  +3.9380e+06 , 
 0.0550 ,  +0.17996464 ,  -4.7972e-05 ,  -7.7498e-01 ,  -6.1765e-03 ,  +9.7506e-01 ,  -3.0028e+02 ,  +3.8591e+03 ,  +2.6099e+06 , 
 0.0100 ,  +0.03293975 ,  -5.4074e-04 ,  -7.7070e-01 ,  -5.4189e-02 ,  -1.4903e+00 ,  +6.6108e+01 ,  +1.6039e+04 ,  +5.9475e+05 , 
 0.0050 ,  +0.01656680 ,  -1.1212e-03 ,  -7.6260e-01 ,  -1.0019e-01 ,  -2.4744e+00 ,  -5.8969e+01 ,  +1.5859e+04 ,  +1.1375e+06 , 
 0.0050 ,  +0.01651365 ,  -1.1329e-03 ,  -7.5349e-01 ,  -2.3432e-01 ,  -1.5507e+00 ,  -1.3885e+02 ,  +1.4212e+04 ,  +1.3325e+06 , 
 0.0050 ,  +0.01649154 ,  -1.1379e-03 ,  -7.4879e-01 ,  -3.4296e-01 ,  -1.6158e+00 ,  +7.5955e+01 ,  +1.8043e+04 ,  +4.1010e+05 , 
 0.0050 ,  +0.01650144 ,  -1.0633e-03 ,  -7.5387e-01 ,  -2.3263e-01 ,  -2.8782e+00 ,  -8.3534e+01 ,  +2.1888e+04 ,  +1.0671e+06 , 
 0.0100 ,  +0.03287860 ,  -5.3894e-04 ,  -7.6616e-01 ,  -7.2903e-02 ,  -1.9329e+00 ,  -2.8103e+01 ,  +1.7117e+04 ,  +9.2613e+05 , 
 0.0100 ,  +0.03298718 ,  -4.8157e-04 ,  -7.7261e-01 ,  -4.2690e-02 ,  -1.1550e+00 ,  -9.2528e+01 ,  +1.5151e+04 ,  +1.4557e+06 , 
 0.1750 ,  +0.57105325 ,  -4.3899e-05 ,  -7.7473e-01 ,  +4.7352e-02 ,  +3.7503e+00 ,  +1.8451e+02 ,  -5.0907e+03 ,  +7.1748e+04 , 
 0.1750 ,  +0.57056492 ,  -2.8040e-05 ,  -7.7426e-01 ,  +8.8613e-02 ,  +4.7427e+00 ,  +4.4259e+02 ,  +2.8556e+03 ,  -1.5638e+06 , 
 0.0200 ,  +0.06295733 ,  -1.7216e-04 ,  -7.8439e-01 ,  -6.0642e-02 ,  +8.3575e+00 ,  -6.3689e+02 ,  +2.4885e+04 ,  +2.6178e+06 , 
 0.0100 ,  +0.02639409 ,  +3.0111e-05 ,  -6.4633e-01 ,  -4.6944e-01 ,  +1.6668e+01 ,  -8.2969e+02 ,  +2.0990e+04 ,  +2.1752e+06 , 
 0.0150 ,  +0.02756609 ,  -3.8713e-04 ,  -3.2576e-01 ,  -2.4439e+00 ,  +2.0662e+01 ,  -7.4158e+02 ,  +1.8154e+04 ,  +1.6190e+06 , 
 0.0200 ,  +0.01913081 ,  -2.8659e-04 ,  -9.5912e-02 ,  -2.0513e+00 ,  +1.1251e+01 ,  -3.0844e+02 ,  +4.5229e+03 ,  +6.5919e+05 , 
 0.0300 ,  +0.01151016 ,  -1.8109e-04 ,  -2.1475e-02 ,  -8.3233e-01 ,  +3.8792e+00 ,  -5.2861e+01 ,  -1.0952e+03 ,  +2.3772e+05 , 
 0.0320 ,  +0.00439865 ,  -1.1002e-04 ,  -4.0472e-03 ,  -2.4422e-01 ,  +7.3515e-01 ,  +6.1423e+00 ,  -3.7408e+01 ,  +1.7699e+04 , 
 0.0325 ,  +0.00321764 ,  +5.4364e-06 ,  -9.9491e-04 ,  -1.2107e-01 ,  -2.9450e-01 ,  -7.9156e+01 ,  +3.0846e+03 ,  +4.9554e+05 , 
