--- model polynom_b (rz < 0). units: [m] for length, [rad] for angle and [m^(n-1)] for polynom_b ---
 len[m]     angle[deg]     PolyB(n=0)     PolyB(n=1)     PolyB(n=2)     PolyB(n=3)     PolyB(n=4)     PolyB(n=5)     PolyB(n=6)    
 0.1250 ,  +0.40656346 ,  -6.8834e-05 ,  -7.7574e-01 ,  +5.0915e-03 ,  -2.8049e+00 ,  +1.1735e+02 ,  +2.6671e+04 ,  +1.0566e+05 , 
 0.0550 ,  +0.17996464 ,  -1.1669e-04 ,  -7.7441e-01 ,  -2.1609e-02 ,  -3.0687e+00 ,  +2.8879e+02 ,  +2.3884e+04 ,  -8.1345e+05 , 
 0.0100 ,  +0.03293975 ,  -5.9746e-04 ,  -7.7007e-01 ,  -1.2400e-02 ,  -4.8979e+00 ,  -4.0705e+01 ,  +3.6738e+04 ,  -2.9258e+05 , 
 0.0050 ,  +0.01656680 ,  -1.1534e-03 ,  -7.6252e-01 ,  -7.0023e-02 ,  -3.6434e+00 ,  +8.8654e+01 ,  +2.6476e+04 ,  -8.2753e+05 , 
 0.0050 ,  +0.01651365 ,  -1.1384e-03 ,  -7.5411e-01 ,  -1.9662e-01 ,  -1.9585e+00 ,  -2.6583e+01 ,  +1.8670e+04 ,  -4.0060e+05 , 
 0.0050 ,  +0.01649154 ,  -1.1175e-03 ,  -7.5002e-01 ,  -2.9532e-01 ,  -2.2955e+00 ,  +5.7488e+01 ,  +2.3402e+04 ,  -4.7565e+05 , 
 0.0050 ,  +0.01650144 ,  -1.0265e-03 ,  -7.5521e-01 ,  -2.1163e-01 ,  -1.8334e+00 ,  +3.5184e+02 ,  +1.7288e+04 ,  -1.8876e+06 , 
 0.0100 ,  +0.03287860 ,  -4.9475e-04 ,  -7.6700e-01 ,  -5.1319e-02 ,  -1.4881e+00 ,  +1.9319e+02 ,  +1.5970e+04 ,  -1.1305e+06 , 
 0.0100 ,  +0.03298718 ,  -4.3539e-04 ,  -7.7291e-01 ,  -1.6544e-02 ,  -2.9504e+00 ,  -1.0561e+02 ,  +2.7525e+04 ,  +3.9058e+05 , 
 0.1750 ,  +0.57105325 ,  -1.0006e-05 ,  -7.7442e-01 ,  +9.8732e-02 ,  +2.5210e+00 ,  -5.5707e+02 ,  +4.5998e+03 ,  +2.4223e+06 , 
 0.1750 ,  +0.57056492 ,  -1.3943e-05 ,  -7.7410e-01 ,  +9.3798e-02 ,  +8.2352e+00 ,  -4.8293e+00 ,  -1.4056e+04 ,  +3.8142e+05 , 
 0.0200 ,  +0.06295733 ,  -1.4844e-04 ,  -7.8588e-01 ,  -1.4104e-01 ,  +1.1381e+01 ,  +6.7498e+02 ,  -2.9052e+02 ,  -2.2962e+06 , 
 0.0100 ,  +0.02639409 ,  -2.5915e-05 ,  -6.4687e-01 ,  -5.8783e-01 ,  +1.4199e+01 ,  +9.3084e+02 ,  +2.1891e+04 ,  -4.2335e+06 , 
 0.0150 ,  +0.02756609 ,  -5.3988e-04 ,  -3.2523e-01 ,  -2.5970e+00 ,  +1.8200e+01 ,  +1.0601e+03 ,  +2.2301e+04 ,  -4.7622e+06 , 
 0.0200 ,  +0.01913081 ,  -4.5193e-04 ,  -9.5987e-02 ,  -2.1684e+00 ,  +8.1355e+00 ,  +1.0515e+03 ,  +1.4313e+04 ,  -3.9789e+06 , 
 0.0300 ,  +0.01151016 ,  -2.4604e-04 ,  -2.1731e-02 ,  -8.7482e-01 ,  +1.7993e+00 ,  +4.5953e+02 ,  +6.7400e+03 ,  -1.4913e+06 , 
 0.0320 ,  +0.00439865 ,  -1.1696e-04 ,  -4.1662e-03 ,  -2.5333e-01 ,  +2.0792e-01 ,  +1.1962e+02 ,  +2.2569e+03 ,  -3.9018e+05 , 
 0.0325 ,  +0.00321764 ,  +1.0185e-05 ,  -1.0475e-03 ,  -1.2459e-01 ,  -1.7462e-01 ,  +6.6317e+01 ,  +1.4291e+03 ,  -2.7065e+05 , 
