--- model polynom_b (rz < 0). units: [m] for length, [rad] for angle and [m^(n-1)] for polynom_b ---
 len[m]    angle[deg]  PolyB(n=0)   PolyB(n=1)   PolyB(n=2)   PolyB(n=3)   PolyB(n=4)   PolyB(n=5)   PolyB(n=6)   
 0.1250 ,  +0.40615 ,  +0.00e+00 ,  -7.76e-01 ,  +2.54e-03 ,  +3.47e+00 ,  -2.65e+02 ,  -6.53e+03 ,  +2.13e+06 , 
 0.0550 ,  +0.17960 ,  +0.00e+00 ,  -7.75e-01 ,  -4.37e-02 ,  +8.74e-01 ,  +1.13e+02 ,  +2.57e+03 ,  +6.60e+05 , 
 0.0100 ,  +0.03259 ,  +0.00e+00 ,  -7.70e-01 ,  -7.54e-02 ,  +5.05e-01 ,  +1.01e+02 ,  +5.83e+03 ,  +2.16e+05 , 
 0.0050 ,  +0.01623 ,  +0.00e+00 ,  -7.63e-01 ,  -9.13e-02 ,  +3.89e-01 ,  -2.96e+02 ,  +2.55e+03 ,  +1.78e+06 , 
 0.0050 ,  +0.01618 ,  +0.00e+00 ,  -7.54e-01 ,  -2.29e-01 ,  -1.22e+00 ,  -9.05e+01 ,  +1.14e+04 ,  +7.17e+05 , 
 0.0050 ,  +0.01615 ,  +0.00e+00 ,  -7.48e-01 ,  -3.52e-01 ,  -2.01e+00 ,  +5.88e+01 ,  +1.99e+04 ,  +1.22e+05 , 
 0.0050 ,  +0.01617 ,  +0.00e+00 ,  -7.52e-01 ,  -2.91e-01 ,  -1.37e+00 ,  +1.66e+02 ,  +1.22e+04 ,  -1.79e+05 , 
 0.0100 ,  +0.03251 ,  +0.00e+00 ,  -7.64e-01 ,  -9.46e-02 ,  -4.75e-01 ,  -1.44e+02 ,  +7.79e+03 ,  +1.24e+06 , 
 0.0100 ,  +0.03267 ,  +0.00e+00 ,  -7.72e-01 ,  -5.96e-02 ,  -7.33e-01 ,  -8.28e+01 ,  +1.11e+04 ,  +1.33e+06 , 
 0.1750 ,  +0.57050 ,  +0.00e+00 ,  -7.75e-01 ,  +3.70e-02 ,  +3.58e+00 ,  +1.07e+01 ,  -8.72e+03 ,  +4.03e+05 , 
 0.1750 ,  +0.57037 ,  +0.00e+00 ,  -7.74e-01 ,  +6.22e-02 ,  +2.18e+00 ,  +1.98e+02 ,  +1.18e+04 ,  -3.28e+05 , 
 0.0200 ,  +0.06320 ,  +0.00e+00 ,  -7.86e-01 ,  -1.02e-01 ,  +8.07e+00 ,  -1.12e+03 ,  +9.83e+03 ,  +5.51e+06 , 
 0.0100 ,  +0.02724 ,  +0.00e+00 ,  -6.78e-01 ,  -2.71e-01 ,  +1.82e+01 ,  -1.47e+03 ,  -2.80e+03 ,  +5.78e+06 , 
 0.0150 ,  +0.02874 ,  +0.00e+00 ,  -3.62e-01 ,  -2.33e+00 ,  +2.28e+01 ,  -1.14e+03 ,  -4.04e+02 ,  +3.85e+06 , 
 0.0200 ,  +0.02003 ,  +0.00e+00 ,  -1.08e-01 ,  -2.18e+00 ,  +1.29e+01 ,  -4.01e+02 ,  -6.85e+03 ,  +1.23e+06 , 
 0.0300 ,  +0.01198 ,  +0.00e+00 ,  -2.48e-02 ,  -9.07e-01 ,  +4.94e+00 ,  +7.01e+01 ,  -6.65e+03 ,  -2.75e+05 , 
 0.0320 ,  +0.00448 ,  +0.00e+00 ,  -4.81e-03 ,  -2.68e-01 ,  +1.01e+00 ,  +7.76e+01 ,  -1.22e+03 ,  -3.09e+05 , 
 0.0325 ,  +0.00341 ,  +4.78e-04 ,  -1.21e-03 ,  -1.29e-01 ,  -6.37e-01 ,  -7.52e+00 ,  +4.19e+03 ,  +8.33e+03 , 
