--- model polynom_b (rz < 0). units: [m] for length, [rad] for angle and [m^(n-1)] for polynom_b ---
 len[m]    angle[deg]  PolyB(n=0)   PolyB(n=1)   PolyB(n=2)   PolyB(n=3)   PolyB(n=4)   PolyB(n=5)   PolyB(n=6)   
 0.1250 ,  +0.40683 ,  +0.00e+00 ,  -7.75e-01 ,  -2.94e-02 ,  +2.41e+00 ,  +5.74e+02 ,  +3.93e+03 ,  -1.30e+06 , 
 0.0550 ,  +0.17991 ,  +0.00e+00 ,  -7.74e-01 ,  -5.19e-02 ,  +4.84e-01 ,  +6.85e+02 ,  +1.05e+04 ,  -1.86e+06 , 
 0.0100 ,  +0.03263 ,  +0.00e+00 ,  -7.69e-01 ,  -8.07e-02 ,  -2.33e+00 ,  +4.86e+02 ,  +2.66e+04 ,  -1.06e+06 , 
 0.0050 ,  +0.01624 ,  +0.00e+00 ,  -7.60e-01 ,  -1.44e-01 ,  -1.77e+00 ,  +3.69e+02 ,  +1.89e+04 ,  -7.38e+05 , 
 0.0050 ,  +0.01618 ,  +0.00e+00 ,  -7.50e-01 ,  -2.96e-01 ,  -1.06e+00 ,  +2.65e+02 ,  +1.75e+04 ,  -3.50e+05 , 
 0.0050 ,  +0.01616 ,  +0.00e+00 ,  -7.46e-01 ,  -3.89e-01 ,  -5.93e-01 ,  +2.21e+02 ,  +2.08e+04 ,  -2.08e+05 , 
 0.0050 ,  +0.01620 ,  +0.00e+00 ,  -7.51e-01 ,  -2.84e-01 ,  -1.21e+00 ,  +3.18e+02 ,  +1.96e+04 ,  -6.04e+05 , 
 0.0100 ,  +0.03258 ,  +0.00e+00 ,  -7.64e-01 ,  -1.10e-01 ,  -2.74e+00 ,  +4.78e+02 ,  +2.70e+04 ,  -1.24e+06 , 
 0.0100 ,  +0.03274 ,  +0.00e+00 ,  -7.71e-01 ,  -6.82e-02 ,  -2.07e+00 ,  +3.85e+02 ,  +2.48e+04 ,  -7.20e+05 , 
 0.1750 ,  +0.57152 ,  +0.00e+00 ,  -7.74e-01 ,  +3.36e-02 ,  +6.35e-01 ,  +2.44e+02 ,  +1.20e+04 ,  -4.74e+04 , 
 0.1750 ,  +0.57102 ,  +0.00e+00 ,  -7.73e-01 ,  +9.19e-02 ,  +2.89e+00 ,  +1.48e+02 ,  +1.11e+04 ,  -5.65e+05 , 
 0.0200 ,  +0.06299 ,  +0.00e+00 ,  -7.84e-01 ,  -1.00e-01 ,  +8.51e+00 ,  -4.69e+02 ,  +1.70e+04 ,  +1.98e+06 , 
 0.0100 ,  +0.02681 ,  +0.00e+00 ,  -6.61e-01 ,  -3.73e-01 ,  +1.69e+01 ,  -8.73e+02 ,  +1.44e+04 ,  +2.38e+06 , 
 0.0150 ,  +0.02794 ,  +0.00e+00 ,  -3.43e-01 ,  -2.38e+00 ,  +2.13e+01 ,  -8.90e+02 ,  +1.17e+04 ,  +2.30e+06 , 
 0.0200 ,  +0.01932 ,  +0.00e+00 ,  -1.01e-01 ,  -2.11e+00 ,  +1.14e+01 ,  -3.98e+02 ,  +3.32e+03 ,  +1.05e+06 , 
 0.0300 ,  +0.01151 ,  +0.00e+00 ,  -2.27e-02 ,  -8.61e-01 ,  +3.93e+00 ,  -7.26e+01 ,  -7.91e+02 ,  +3.35e+05 , 
 0.0320 ,  +0.00432 ,  +0.00e+00 ,  -4.43e-03 ,  -2.53e-01 ,  +1.14e+00 ,  +1.28e+01 ,  -1.70e+03 ,  -2.38e+04 , 
 0.0325 ,  +0.00330 ,  -1.99e-03 ,  -1.19e-03 ,  -1.33e-01 ,  +1.32e+00 ,  +8.36e+00 ,  -5.15e+03 ,  +1.07e+05 , 
