--- model polynom_b (rz > 0). units: [m] for length, [rad] for angle and [m^(n-1)] for polynom_b ---
 len[m]    angle[deg]  PolyB(n=0)   PolyB(n=1)   PolyB(n=2)   PolyB(n=3)   PolyB(n=4)   PolyB(n=5)   PolyB(n=6)   
 0.1250 ,  +0.40647 ,  +0.00e+00 ,  -7.76e-01 ,  -6.98e-02 ,  +3.91e+00 ,  +8.95e+02 ,  -5.93e+03 ,  -2.40e+06 , 
 0.0550 ,  +0.17967 ,  +0.00e+00 ,  -7.75e-01 ,  -7.30e-02 ,  +1.49e+00 ,  +5.33e+02 ,  +2.90e+03 ,  -9.10e+05 , 
 0.0100 ,  +0.03259 ,  +0.00e+00 ,  -7.70e-01 ,  -1.21e-01 ,  +6.81e-02 ,  +6.92e+02 ,  +1.24e+04 ,  -1.90e+06 , 
 0.0050 ,  +0.01623 ,  +0.00e+00 ,  -7.63e-01 ,  -1.45e-01 ,  -1.17e+00 ,  +6.80e+02 ,  +1.54e+04 ,  -2.57e+06 , 
 0.0050 ,  +0.01617 ,  +0.00e+00 ,  -7.54e-01 ,  -2.74e-01 ,  -1.72e+00 ,  +5.83e+02 ,  +1.93e+04 ,  -2.05e+06 , 
 0.0050 ,  +0.01614 ,  +0.00e+00 ,  -7.47e-01 ,  -4.07e-01 ,  -1.02e+00 ,  +7.62e+02 ,  +2.04e+04 ,  -2.89e+06 , 
 0.0050 ,  +0.01616 ,  +0.00e+00 ,  -7.51e-01 ,  -3.20e-01 ,  -1.41e+00 ,  +3.23e+02 ,  +1.77e+04 ,  -8.99e+05 , 
 0.0100 ,  +0.03249 ,  +0.00e+00 ,  -7.63e-01 ,  -1.37e-01 ,  -1.89e+00 ,  +4.14e+02 ,  +2.03e+04 ,  -1.33e+06 , 
 0.0100 ,  +0.03265 ,  +0.00e+00 ,  -7.71e-01 ,  -8.46e-02 ,  -2.23e+00 ,  +2.66e+02 ,  +2.59e+04 ,  -3.54e+05 , 
 0.1750 ,  +0.57042 ,  +0.00e+00 ,  -7.75e-01 ,  +5.53e-02 ,  -1.50e+00 ,  -1.86e+02 ,  +2.67e+04 ,  +1.04e+06 , 
 0.1750 ,  +0.56993 ,  +0.00e+00 ,  -7.74e-01 ,  +1.20e-01 ,  +3.91e+00 ,  -5.37e+02 ,  +4.60e+03 ,  +2.43e+06 , 
 0.0200 ,  +0.06312 ,  +0.00e+00 ,  -7.84e-01 ,  -1.84e-01 ,  +1.08e+01 ,  -2.27e+02 ,  +4.04e+03 ,  +7.59e+05 , 
 0.0100 ,  +0.02727 ,  +0.00e+00 ,  -6.80e-01 ,  -3.66e-01 ,  +1.69e+01 ,  -1.83e+02 ,  +1.77e+04 ,  -9.41e+05 , 
 0.0150 ,  +0.02884 ,  +0.00e+00 ,  -3.66e-01 ,  -2.38e+00 ,  +2.10e+01 ,  -1.13e+02 ,  +1.98e+04 ,  -1.36e+06 , 
 0.0200 ,  +0.02006 ,  +0.00e+00 ,  -1.09e-01 ,  -2.19e+00 ,  +1.08e+01 ,  -6.37e+01 ,  +1.06e+04 ,  -4.46e+05 , 
 0.0300 ,  +0.01200 ,  +0.00e+00 ,  -2.43e-02 ,  -9.00e-01 ,  +3.64e+00 ,  -2.41e+01 ,  +1.79e+03 ,  +9.22e+04 , 
 0.0320 ,  +0.00452 ,  +0.00e+00 ,  -4.61e-03 ,  -2.64e-01 ,  +9.94e-01 ,  -1.98e+01 ,  -7.92e+02 ,  +1.23e+05 , 
 0.0325 ,  +0.00347 ,  +4.88e-04 ,  -1.35e-03 ,  -1.36e-01 ,  +1.61e+00 ,  +5.68e+01 ,  -7.67e+03 ,  -4.32e+04 , 
