--- model polynom_b (rz < 0). units: [m] for length, [rad] for angle and [m^(n-1)] for polynom_b ---
 len[m]    angle[deg]  PolyB(n=0)   PolyB(n=1)   PolyB(n=2)   PolyB(n=3)   PolyB(n=4)   PolyB(n=5)   PolyB(n=6)   
 0.1250 ,  +0.40628 ,  +0.00e+00 ,  -7.76e-01 ,  +8.36e-02 ,  +1.14e+00 ,  -5.72e+02 ,  +1.72e+04 ,  +2.40e+06 , 
 0.0550 ,  +0.17963 ,  +0.00e+00 ,  -7.75e-01 ,  +6.79e-02 ,  -2.89e-01 ,  -5.48e+02 ,  +2.37e+04 ,  +2.14e+06 , 
 0.0100 ,  +0.03259 ,  +0.00e+00 ,  -7.70e-01 ,  +1.58e-02 ,  +5.97e-01 ,  -1.96e+02 ,  +2.34e+04 ,  +1.02e+05 , 
 0.0050 ,  +0.01622 ,  +0.00e+00 ,  -7.62e-01 ,  -3.13e-02 ,  +1.15e+00 ,  -1.97e+02 ,  +1.66e+04 ,  -8.37e+04 , 
 0.0050 ,  +0.01616 ,  +0.00e+00 ,  -7.52e-01 ,  -1.81e-01 ,  -1.76e-01 ,  -1.79e+02 ,  +2.30e+04 ,  -2.16e+05 , 
 0.0050 ,  +0.01612 ,  +0.00e+00 ,  -7.45e-01 ,  -3.06e-01 ,  -4.89e-01 ,  -2.97e+02 ,  +3.10e+04 ,  +8.05e+04 , 
 0.0050 ,  +0.01614 ,  +0.00e+00 ,  -7.48e-01 ,  -2.51e-01 ,  -9.93e-01 ,  -1.08e+02 ,  +3.35e+04 ,  -5.99e+05 , 
 0.0100 ,  +0.03248 ,  +0.00e+00 ,  -7.62e-01 ,  -4.50e-02 ,  -4.09e-01 ,  -4.75e+01 ,  +2.74e+04 ,  -8.06e+05 , 
 0.0100 ,  +0.03266 ,  +0.00e+00 ,  -7.71e-01 ,  -1.65e-02 ,  +3.63e+00 ,  +2.10e+02 ,  +1.08e+04 ,  -1.43e+06 , 
 0.1750 ,  +0.57065 ,  +0.00e+00 ,  -7.75e-01 ,  +1.11e-01 ,  +7.00e+00 ,  -5.61e+02 ,  +2.27e+02 ,  +2.21e+06 , 
 0.1750 ,  +0.57016 ,  +0.00e+00 ,  -7.74e-01 ,  +5.78e-02 ,  +1.32e+01 ,  +1.12e+02 ,  -2.97e+04 ,  +5.53e+05 , 
 0.0200 ,  +0.06319 ,  +0.00e+00 ,  -7.84e-01 ,  -3.12e-01 ,  +1.02e+01 ,  +1.19e+03 ,  +1.28e+04 ,  -4.43e+06 , 
 0.0100 ,  +0.02733 ,  +0.00e+00 ,  -6.82e-01 ,  -4.67e-01 ,  +1.70e+01 ,  +8.55e+02 ,  +2.30e+04 ,  -4.40e+06 , 
 0.0150 ,  +0.02890 ,  +0.00e+00 ,  -3.68e-01 ,  -2.44e+00 ,  +2.03e+01 ,  +3.77e+02 ,  +2.83e+04 ,  -2.72e+06 , 
 0.0200 ,  +0.01999 ,  +0.00e+00 ,  -1.09e-01 ,  -2.23e+00 ,  +1.01e+01 ,  +1.41e+02 ,  +1.57e+04 ,  -9.69e+05 , 
 0.0300 ,  +0.01184 ,  +0.00e+00 ,  -2.43e-02 ,  -9.06e-01 ,  +2.92e+00 ,  +6.10e+01 ,  +5.61e+03 ,  -9.92e+04 , 
 0.0320 ,  +0.00444 ,  +0.00e+00 ,  -4.69e-03 ,  -2.64e-01 ,  +2.59e-01 ,  -1.54e+00 ,  +2.74e+03 ,  +1.06e+05 , 
 0.0325 ,  +0.00342 ,  +6.08e-04 ,  -1.25e-03 ,  -1.31e-01 ,  -7.65e-01 ,  -2.34e+01 ,  +5.52e+03 ,  +1.40e+05 , 
