--- model polynom_b (rz < 0). units: [m] for length, [rad] for angle and [m^(n-1)] for polynom_b ---
 len[m]    angle[deg]  PolyB(n=0)   PolyB(n=1)   PolyB(n=2)   PolyB(n=3)   PolyB(n=4)   PolyB(n=5)   PolyB(n=6)   
 0.1250 ,  +0.40590 ,  +0.00e+00 ,  -7.75e-01 ,  +5.27e-02 ,  -3.69e+00 ,  -8.57e+02 ,  +4.04e+04 ,  +4.93e+06 , 
 0.0550 ,  +0.17955 ,  +0.00e+00 ,  -7.73e-01 ,  +1.95e-02 ,  -5.93e+00 ,  -7.50e+02 ,  +5.10e+04 ,  +4.68e+06 , 
 0.0100 ,  +0.03260 ,  +0.00e+00 ,  -7.69e-01 ,  -2.43e-02 ,  -5.68e+00 ,  -5.06e+02 ,  +4.87e+04 ,  +3.41e+06 , 
 0.0050 ,  +0.01625 ,  +0.00e+00 ,  -7.63e-01 ,  -4.44e-02 ,  -5.98e+00 ,  -7.95e+02 ,  +4.46e+04 ,  +4.51e+06 , 
 0.0050 ,  +0.01620 ,  +0.00e+00 ,  -7.55e-01 ,  -1.50e-01 ,  -6.26e+00 ,  -8.40e+02 ,  +4.47e+04 ,  +4.50e+06 , 
 0.0050 ,  +0.01618 ,  +0.00e+00 ,  -7.50e-01 ,  -2.70e-01 ,  -6.44e+00 ,  -5.06e+02 ,  +4.64e+04 ,  +2.96e+06 , 
 0.0050 ,  +0.01620 ,  +0.00e+00 ,  -7.53e-01 ,  -2.06e-01 ,  -4.13e+00 ,  -6.56e+02 ,  +3.40e+04 ,  +3.67e+06 , 
 0.0100 ,  +0.03258 ,  +0.00e+00 ,  -7.65e-01 ,  -3.14e-02 ,  -2.60e+00 ,  -9.71e+02 ,  +2.79e+04 ,  +4.96e+06 , 
 0.0100 ,  +0.03273 ,  +0.00e+00 ,  -7.71e-01 ,  +3.83e-04 ,  -1.84e+00 ,  -8.69e+02 ,  +2.66e+04 ,  +4.64e+06 , 
 0.1750 ,  +0.57109 ,  +0.00e+00 ,  -7.74e-01 ,  +6.99e-02 ,  +6.18e+00 ,  -4.07e+02 ,  -1.47e+04 ,  +2.46e+06 , 
 0.1750 ,  +0.57040 ,  +0.00e+00 ,  -7.73e-01 ,  +1.86e-02 ,  +5.05e+00 ,  +1.11e+03 ,  +3.28e+03 ,  -3.97e+06 , 
 0.0200 ,  +0.06318 ,  +0.00e+00 ,  -7.86e-01 ,  -1.56e-01 ,  +2.11e+00 ,  -3.14e+02 ,  +4.39e+04 ,  +2.42e+06 , 
 0.0100 ,  +0.02721 ,  +0.00e+00 ,  -6.80e-01 ,  -3.02e-01 ,  +1.20e+01 ,  -7.26e+02 ,  +3.15e+04 ,  +2.67e+06 , 
 0.0150 ,  +0.02862 ,  +0.00e+00 ,  -3.63e-01 ,  -2.33e+00 ,  +1.73e+01 ,  -5.34e+02 ,  +3.32e+04 ,  +1.09e+06 , 
 0.0200 ,  +0.01978 ,  +0.00e+00 ,  -1.08e-01 ,  -2.16e+00 ,  +9.97e+00 ,  -2.39e+02 ,  +1.33e+04 ,  +3.94e+05 , 
 0.0300 ,  +0.01183 ,  +0.00e+00 ,  -2.38e-02 ,  -8.88e-01 ,  +3.25e+00 ,  +9.12e+00 ,  +3.13e+03 ,  -5.61e+04 , 
 0.0320 ,  +0.00448 ,  +0.00e+00 ,  -4.53e-03 ,  -2.61e-01 ,  +4.73e-01 ,  -1.33e+01 ,  +1.87e+03 ,  +8.43e+04 , 
 0.0325 ,  +0.00342 ,  +3.20e-04 ,  -1.16e-03 ,  -1.29e-01 ,  +3.70e-01 ,  +2.55e+00 ,  -9.95e+02 ,  -7.27e+04 , 
