--- model polynom_b (rz < 0). units: [m] for length, [rad] for angle and [m^(n-1)] for polynom_b ---
 len[m]    angle[deg]  PolyB(n=0)   PolyB(n=1)   PolyB(n=2)   PolyB(n=3)   PolyB(n=4)   PolyB(n=5)   PolyB(n=6)   
 0.1250 ,  +0.40573 ,  +0.00e+00 ,  -7.75e-01 ,  +5.49e-02 ,  -2.70e-01 ,  -8.26e+02 ,  +1.52e+04 ,  +4.11e+06 , 
 0.0550 ,  +0.17944 ,  +0.00e+00 ,  -7.74e-01 ,  +5.19e-02 ,  -1.24e+00 ,  -9.12e+02 ,  +2.43e+04 ,  +4.02e+06 , 
 0.0100 ,  +0.03260 ,  +0.00e+00 ,  -7.71e-01 ,  +2.83e-02 ,  +1.88e+00 ,  -1.03e+03 ,  +1.08e+04 ,  +4.30e+06 , 
 0.0050 ,  +0.01625 ,  +0.00e+00 ,  -7.65e-01 ,  -9.01e-03 ,  +1.51e+00 ,  -8.12e+02 ,  +8.50e+03 ,  +3.14e+06 , 
 0.0050 ,  +0.01621 ,  +0.00e+00 ,  -7.58e-01 ,  -9.46e-02 ,  -9.08e-01 ,  -1.01e+03 ,  +2.04e+04 ,  +4.00e+06 , 
 0.0050 ,  +0.01619 ,  +0.00e+00 ,  -7.53e-01 ,  -1.81e-01 ,  +8.34e-01 ,  -9.36e+02 ,  +1.43e+04 ,  +3.38e+06 , 
 0.0050 ,  +0.01621 ,  +0.00e+00 ,  -7.56e-01 ,  -1.21e-01 ,  -1.01e+00 ,  -1.14e+03 ,  +2.34e+04 ,  +4.31e+06 , 
 0.0100 ,  +0.03256 ,  +0.00e+00 ,  -7.66e-01 ,  +1.02e-02 ,  -4.72e-01 ,  -1.17e+03 ,  +2.09e+04 ,  +4.76e+06 , 
 0.0100 ,  +0.03269 ,  +0.00e+00 ,  -7.72e-01 ,  +5.05e-02 ,  -2.08e+00 ,  -1.42e+03 ,  +3.09e+04 ,  +6.23e+06 , 
 0.1750 ,  +0.57086 ,  +0.00e+00 ,  -7.75e-01 ,  +1.07e-01 ,  +7.43e+00 ,  -8.04e+02 ,  -1.51e+04 ,  +4.03e+06 , 
 0.1750 ,  +0.57074 ,  +0.00e+00 ,  -7.74e-01 ,  +5.50e-02 ,  +2.58e+00 ,  +6.98e+02 ,  +2.09e+04 ,  -2.41e+06 , 
 0.0200 ,  +0.06319 ,  +0.00e+00 ,  -7.85e-01 ,  -1.14e-01 ,  +8.74e+00 ,  -5.07e+02 ,  +2.19e+04 ,  +2.39e+06 , 
 0.0100 ,  +0.02718 ,  +0.00e+00 ,  -6.75e-01 ,  -2.72e-01 ,  +1.45e+01 ,  -8.96e+02 ,  +2.91e+04 ,  +2.71e+06 , 
 0.0150 ,  +0.02864 ,  +0.00e+00 ,  -3.58e-01 ,  -2.32e+00 ,  +1.93e+01 ,  -7.48e+02 ,  +2.77e+04 ,  +1.58e+06 , 
 0.0200 ,  +0.01997 ,  +0.00e+00 ,  -1.06e-01 ,  -2.15e+00 ,  +1.11e+01 ,  -4.70e+02 ,  +9.81e+03 ,  +1.33e+06 , 
 0.0300 ,  +0.01193 ,  +0.00e+00 ,  -2.37e-02 ,  -8.86e-01 ,  +3.76e+00 ,  -1.82e+02 ,  +1.64e+03 ,  +7.26e+05 , 
 0.0320 ,  +0.00444 ,  +0.00e+00 ,  -4.46e-03 ,  -2.58e-01 ,  +1.00e+00 ,  -6.44e+01 ,  -8.72e+02 ,  +2.79e+05 , 
 0.0325 ,  +0.00337 ,  +6.97e-04 ,  -1.08e-03 ,  -1.29e-01 ,  +3.01e-01 ,  -2.84e+01 ,  -8.49e+02 ,  +2.22e+05 , 
