--- model polynom_b (rz < 0). units: [m] for length, [rad] for angle and [m^(n-1)] for polynom_b ---
 len[m]    angle[deg]  PolyB(n=0)   PolyB(n=1)   PolyB(n=2)   PolyB(n=3)   PolyB(n=4)   PolyB(n=5)   PolyB(n=6)   
 0.1250 ,  +0.40601 ,  +0.00e+00 ,  -7.75e-01 ,  +1.22e-01 ,  -7.52e-01 ,  -8.73e+02 ,  +2.73e+04 ,  +4.02e+06 , 
 0.0550 ,  +0.17954 ,  +0.00e+00 ,  -7.74e-01 ,  +1.19e-01 ,  +6.73e-01 ,  -1.26e+03 ,  +1.91e+04 ,  +5.66e+06 , 
 0.0100 ,  +0.03260 ,  +0.00e+00 ,  -7.70e-01 ,  +7.98e-02 ,  +2.99e+00 ,  -1.06e+03 ,  +5.69e+03 ,  +4.52e+06 , 
 0.0050 ,  +0.01625 ,  +0.00e+00 ,  -7.63e-01 ,  +3.56e-02 ,  +2.78e-01 ,  -9.59e+02 ,  +1.20e+04 ,  +3.93e+06 , 
 0.0050 ,  +0.01620 ,  +0.00e+00 ,  -7.55e-01 ,  -6.62e-02 ,  -4.45e-01 ,  -1.16e+03 ,  +1.95e+04 ,  +4.51e+06 , 
 0.0050 ,  +0.01618 ,  +0.00e+00 ,  -7.51e-01 ,  -1.48e-01 ,  +3.59e+00 ,  -1.52e+03 ,  +3.85e+03 ,  +6.09e+06 , 
 0.0050 ,  +0.01621 ,  +0.00e+00 ,  -7.55e-01 ,  -7.75e-02 ,  +4.00e+00 ,  -1.52e+03 ,  -2.26e+03 ,  +5.98e+06 , 
 0.0100 ,  +0.03258 ,  +0.00e+00 ,  -7.66e-01 ,  +8.97e-02 ,  +2.95e+00 ,  -1.72e+03 ,  +3.96e+03 ,  +6.84e+06 , 
 0.0100 ,  +0.03273 ,  +0.00e+00 ,  -7.72e-01 ,  +1.18e-01 ,  +3.33e+00 ,  -1.67e+03 ,  +6.32e+03 ,  +6.84e+06 , 
 0.1750 ,  +0.57118 ,  +0.00e+00 ,  -7.74e-01 ,  +1.26e-01 ,  +1.08e+01 ,  -5.54e+02 ,  -2.67e+04 ,  +2.45e+06 , 
 0.1750 ,  +0.57093 ,  +0.00e+00 ,  -7.74e-01 ,  +5.68e-02 ,  +6.18e+00 ,  +6.15e+02 ,  -1.60e+03 ,  -1.44e+06 , 
 0.0200 ,  +0.06318 ,  +0.00e+00 ,  -7.87e-01 ,  -9.63e-02 ,  +6.60e+00 ,  -1.08e+02 ,  +1.82e+04 ,  +1.48e+06 , 
 0.0100 ,  +0.02706 ,  +0.00e+00 ,  -6.71e-01 ,  -2.74e-01 ,  +1.47e+01 ,  -4.57e+02 ,  +1.32e+04 ,  +1.54e+06 , 
 0.0150 ,  +0.02837 ,  +0.00e+00 ,  -3.53e-01 ,  -2.29e+00 ,  +1.85e+01 ,  -7.69e+02 ,  +2.69e+04 ,  +1.82e+06 , 
 0.0200 ,  +0.01970 ,  +0.00e+00 ,  -1.05e-01 ,  -2.10e+00 ,  +1.13e+01 ,  -4.58e+02 ,  +1.13e+04 ,  +8.64e+05 , 
 0.0300 ,  +0.01173 ,  +0.00e+00 ,  -2.35e-02 ,  -8.67e-01 ,  +4.35e+00 ,  -1.22e+02 ,  +1.21e+03 ,  +2.65e+05 , 
 0.0320 ,  +0.00439 ,  +0.00e+00 ,  -4.45e-03 ,  -2.56e-01 ,  +8.08e-01 ,  -1.77e+01 ,  +6.48e+02 ,  +5.91e+04 , 
 0.0325 ,  +0.00336 ,  -2.14e-04 ,  -1.16e-03 ,  -1.21e-01 ,  +7.72e-01 ,  -7.39e+01 ,  -9.50e+02 ,  +2.75e+05 , 
