--- model polynom_b (rz > 0). units: [m] for length, [rad] for angle and [m^(n-1)] for polynom_b ---
 len[m]    angle[deg]  PolyB(n=0)   PolyB(n=1)   PolyB(n=2)   PolyB(n=3)   PolyB(n=4)   PolyB(n=5)   PolyB(n=6)   
 0.1250 ,  +0.40614 ,  +0.00e+00 ,  -7.76e-01 ,  +2.74e-03 ,  -9.72e-01 ,  +1.98e+02 ,  +2.03e+04 ,  -2.27e+05 , 
 0.0550 ,  +0.17970 ,  +0.00e+00 ,  -7.75e-01 ,  -1.79e-02 ,  -6.21e-01 ,  +8.19e+01 ,  +1.69e+04 ,  +4.71e+05 , 
 0.0100 ,  +0.03262 ,  +0.00e+00 ,  -7.71e-01 ,  -3.95e-02 ,  -1.51e+00 ,  -5.56e+01 ,  +2.01e+04 ,  +1.02e+06 , 
 0.0050 ,  +0.01624 ,  +0.00e+00 ,  -7.64e-01 ,  -7.14e-02 ,  -2.59e+00 ,  -9.08e+01 ,  +2.01e+04 ,  +7.84e+05 , 
 0.0050 ,  +0.01619 ,  +0.00e+00 ,  -7.55e-01 ,  -2.09e-01 ,  -4.77e+00 ,  +5.03e+01 ,  +3.32e+04 ,  +2.47e+05 , 
 0.0050 ,  +0.01615 ,  +0.00e+00 ,  -7.49e-01 ,  -3.24e-01 ,  -3.43e+00 ,  -5.27e+01 ,  +2.98e+04 ,  +7.33e+05 , 
 0.0050 ,  +0.01617 ,  +0.00e+00 ,  -7.52e-01 ,  -2.37e-01 ,  -3.90e+00 ,  -3.13e+02 ,  +2.89e+04 ,  +1.57e+06 , 
 0.0100 ,  +0.03251 ,  +0.00e+00 ,  -7.65e-01 ,  -5.13e-02 ,  -3.13e+00 ,  -4.00e+02 ,  +2.43e+04 ,  +2.15e+06 , 
 0.0100 ,  +0.03267 ,  +0.00e+00 ,  -7.73e-01 ,  -2.43e-02 ,  +8.22e-01 ,  -2.16e+02 ,  +6.33e+03 ,  +1.66e+06 , 
 0.1750 ,  +0.57002 ,  +0.00e+00 ,  -7.75e-01 ,  +6.64e-02 ,  +1.92e+00 ,  -1.21e+02 ,  +8.08e+03 ,  +1.07e+06 , 
 0.1750 ,  +0.56988 ,  +0.00e+00 ,  -7.74e-01 ,  +7.77e-02 ,  +1.57e+00 ,  +3.05e+02 ,  +2.18e+04 ,  -8.09e+05 , 
 0.0200 ,  +0.06326 ,  +0.00e+00 ,  -7.88e-01 ,  -6.11e-02 ,  +4.90e+00 ,  -8.43e+02 ,  +3.28e+04 ,  +4.05e+06 , 
 0.0100 ,  +0.02734 ,  +0.00e+00 ,  -6.83e-01 ,  -1.78e-01 ,  +1.27e+01 ,  -9.18e+02 ,  +2.65e+04 ,  +2.78e+06 , 
 0.0150 ,  +0.02896 ,  +0.00e+00 ,  -3.66e-01 ,  -2.25e+00 ,  +1.90e+01 ,  -8.41e+02 ,  +2.30e+04 ,  +1.73e+06 , 
 0.0200 ,  +0.02025 ,  +0.00e+00 ,  -1.09e-01 ,  -2.16e+00 ,  +1.12e+01 ,  -3.33e+02 ,  +8.66e+03 ,  +3.35e+05 , 
 0.0300 ,  +0.01212 ,  +0.00e+00 ,  -2.43e-02 ,  -9.03e-01 ,  +3.76e+00 ,  -2.31e+01 ,  +2.26e+03 ,  -1.27e+05 , 
 0.0320 ,  +0.00452 ,  +0.00e+00 ,  -4.65e-03 ,  -2.67e-01 ,  +6.50e-01 ,  +1.88e+01 ,  +8.67e+02 ,  -5.57e+04 , 
 0.0325 ,  +0.00346 ,  +4.33e-04 ,  -1.28e-03 ,  -1.36e-01 ,  -4.21e-01 ,  +7.17e+01 ,  +1.90e+03 ,  -2.83e+05 , 
