--- model polynom_b (rz < 0). units: [m] for length, [rad] for angle and [m^(n-1)] for polynom_b ---
 len[m]    angle[deg]  PolyB(n=0)   PolyB(n=1)   PolyB(n=2)   PolyB(n=3)   PolyB(n=4)   PolyB(n=5)   PolyB(n=6)   
 0.1250 ,  +0.40608 ,  +0.00e+00 ,  -7.75e-01 ,  +5.35e-02 ,  +5.42e-01 ,  -5.67e+02 ,  +1.42e+04 ,  +3.15e+06 , 
 0.0550 ,  +0.17951 ,  +0.00e+00 ,  -7.74e-01 ,  +2.60e-02 ,  +2.41e+00 ,  -4.42e+02 ,  +1.12e+03 ,  +2.58e+06 , 
 0.0100 ,  +0.03257 ,  +0.00e+00 ,  -7.69e-01 ,  -4.17e-02 ,  +2.66e+00 ,  +3.16e+01 ,  -1.31e+03 ,  +2.54e+05 , 
 0.0050 ,  +0.01622 ,  +0.00e+00 ,  -7.62e-01 ,  -8.56e-02 ,  +4.60e-01 ,  -3.16e+01 ,  +7.77e+03 ,  +5.32e+05 , 
 0.0050 ,  +0.01617 ,  +0.00e+00 ,  -7.53e-01 ,  -2.06e-01 ,  +9.51e-01 ,  -9.30e+01 ,  +5.22e+03 ,  +5.92e+05 , 
 0.0050 ,  +0.01614 ,  +0.00e+00 ,  -7.47e-01 ,  -3.32e-01 ,  +2.37e+00 ,  +1.19e+01 ,  +2.99e+03 ,  +1.25e+05 , 
 0.0050 ,  +0.01616 ,  +0.00e+00 ,  -7.50e-01 ,  -2.74e-01 ,  +5.99e-01 ,  +1.50e+01 ,  +1.06e+04 ,  +1.14e+05 , 
 0.0100 ,  +0.03250 ,  +0.00e+00 ,  -7.63e-01 ,  -9.60e-02 ,  +1.67e+00 ,  +1.39e+02 ,  +1.20e+03 ,  -3.75e+05 , 
 0.0100 ,  +0.03266 ,  +0.00e+00 ,  -7.71e-01 ,  -4.82e-02 ,  +3.38e+00 ,  +6.45e+01 ,  -3.66e+03 ,  +2.62e+05 , 
 0.1750 ,  +0.57046 ,  +0.00e+00 ,  -7.74e-01 ,  +5.60e-02 ,  +3.21e+00 ,  +2.43e+02 ,  +4.60e+03 ,  -7.70e+05 , 
 0.1750 ,  +0.56990 ,  +0.00e+00 ,  -7.73e-01 ,  +8.60e-02 ,  +3.40e+00 ,  +9.83e+01 ,  +1.87e+04 ,  -1.58e+05 , 
 0.0200 ,  +0.06314 ,  +0.00e+00 ,  -7.83e-01 ,  -1.57e-01 ,  +9.15e+00 ,  -8.65e+02 ,  +2.31e+04 ,  +4.09e+06 , 
 0.0100 ,  +0.02733 ,  +0.00e+00 ,  -6.80e-01 ,  -2.88e-01 ,  +1.81e+01 ,  -1.34e+03 ,  +1.79e+04 ,  +4.88e+06 , 
 0.0150 ,  +0.02902 ,  +0.00e+00 ,  -3.67e-01 ,  -2.31e+00 ,  +2.25e+01 ,  -1.22e+03 ,  +1.42e+04 ,  +4.07e+06 , 
 0.0200 ,  +0.02031 ,  +0.00e+00 ,  -1.09e-01 ,  -2.19e+00 ,  +1.34e+01 ,  -5.73e+02 ,  -2.55e+03 ,  +2.12e+06 , 
 0.0300 ,  +0.01212 ,  +0.00e+00 ,  -2.44e-02 ,  -9.08e-01 ,  +4.91e+00 ,  -9.38e+01 ,  -5.19e+03 ,  +5.22e+05 , 
 0.0320 ,  +0.00450 ,  +0.00e+00 ,  -4.60e-03 ,  -2.68e-01 ,  +1.32e+00 ,  +1.99e+01 ,  -2.59e+03 ,  -4.98e+03 , 
 0.0325 ,  +0.00341 ,  +8.49e-04 ,  -1.16e-03 ,  -1.46e-01 ,  +4.57e-01 ,  +2.57e+02 ,  -1.26e+03 ,  -1.05e+06 , 
