--- model polynom_b (rz > 0). units: [m] for length, [rad] for angle and [m^(n-1)] for polynom_b ---
 len[m]    angle[deg]  PolyB(n=0)   PolyB(n=1)   PolyB(n=2)   PolyB(n=3)   PolyB(n=4)   PolyB(n=5)   PolyB(n=6)   
 0.1250 ,  +0.40624 ,  +0.00e+00 ,  -7.76e-01 ,  +5.86e-02 ,  +8.04e+00 ,  -1.47e+02 ,  -1.96e+04 ,  +8.72e+05 , 
 0.0550 ,  +0.17957 ,  +0.00e+00 ,  -7.74e-01 ,  +1.53e-02 ,  +8.18e+00 ,  +2.46e+02 ,  -2.02e+04 ,  -8.00e+05 , 
 0.0100 ,  +0.03259 ,  +0.00e+00 ,  -7.70e-01 ,  -4.73e-02 ,  +5.94e+00 ,  +5.54e+02 ,  -5.87e+03 ,  -2.13e+06 , 
 0.0050 ,  +0.01624 ,  +0.00e+00 ,  -7.64e-01 ,  -8.13e-02 ,  +6.30e+00 ,  +6.57e+02 ,  -1.27e+04 ,  -2.64e+06 , 
 0.0050 ,  +0.01618 ,  +0.00e+00 ,  -7.56e-01 ,  -1.82e-01 ,  +5.06e+00 ,  +5.76e+02 ,  -7.12e+03 ,  -2.43e+06 , 
 0.0050 ,  +0.01615 ,  +0.00e+00 ,  -7.49e-01 ,  -2.85e-01 ,  +6.29e+00 ,  +3.42e+02 ,  -8.81e+03 ,  -1.46e+06 , 
 0.0050 ,  +0.01617 ,  +0.00e+00 ,  -7.52e-01 ,  -2.54e-01 ,  +5.09e+00 ,  +5.69e+02 ,  -4.27e+03 ,  -2.50e+06 , 
 0.0100 ,  +0.03249 ,  +0.00e+00 ,  -7.63e-01 ,  -7.36e-02 ,  +5.00e+00 ,  +3.48e+02 ,  -4.18e+03 ,  -1.43e+06 , 
 0.0100 ,  +0.03264 ,  +0.00e+00 ,  -7.71e-01 ,  -4.53e-02 ,  +6.39e+00 ,  +6.14e+02 ,  -8.18e+03 ,  -2.38e+06 , 
 0.1750 ,  +0.57011 ,  +0.00e+00 ,  -7.74e-01 ,  +5.61e-02 ,  +5.87e+00 ,  +4.74e+02 ,  +2.82e+02 ,  -1.21e+06 , 
 0.1750 ,  +0.56959 ,  +0.00e+00 ,  -7.73e-01 ,  +9.98e-02 ,  +5.03e+00 ,  -9.86e+00 ,  +1.30e+04 ,  +7.11e+05 , 
 0.0200 ,  +0.06316 ,  +0.00e+00 ,  -7.83e-01 ,  -1.68e-01 ,  +1.34e+01 ,  -4.73e+02 ,  -1.24e+03 ,  +2.70e+06 , 
 0.0100 ,  +0.02741 ,  +0.00e+00 ,  -6.83e-01 ,  -3.09e-01 ,  +1.99e+01 ,  -5.78e+02 ,  +7.15e+03 ,  +1.70e+06 , 
 0.0150 ,  +0.02916 ,  +0.00e+00 ,  -3.70e-01 ,  -2.33e+00 ,  +2.35e+01 ,  -4.42e+02 ,  +1.10e+04 ,  +6.70e+05 , 
 0.0200 ,  +0.02040 ,  +0.00e+00 ,  -1.10e-01 ,  -2.21e+00 ,  +1.23e+01 ,  -1.98e+02 ,  +5.21e+03 ,  +3.80e+05 , 
 0.0300 ,  +0.01216 ,  +0.00e+00 ,  -2.44e-02 ,  -9.21e-01 ,  +4.23e+00 ,  +2.97e+01 ,  -8.10e+02 ,  -6.46e+04 , 
 0.0320 ,  +0.00452 ,  +0.00e+00 ,  -4.64e-03 ,  -2.71e-01 ,  +6.77e-01 ,  +2.36e+01 ,  +8.26e+02 ,  -6.23e+03 , 
 0.0325 ,  +0.00342 ,  +1.00e-03 ,  -1.38e-03 ,  -1.31e-01 ,  +4.83e-01 ,  -2.79e+01 ,  -6.73e+02 ,  +5.13e+04 , 
