--- model polynom_b (rz > 0). units: [m] for length, [rad] for angle and [m^(n-1)] for polynom_b ---
 len[m]    angle[deg]  PolyB(n=0)   PolyB(n=1)   PolyB(n=2)   PolyB(n=3)   PolyB(n=4)   PolyB(n=5)   PolyB(n=6)   
 0.1250 ,  +0.40668 ,  +0.00e+00 ,  -7.74e-01 ,  +1.39e-01 ,  -4.86e+00 ,  -1.04e+03 ,  +3.85e+04 ,  +5.14e+06 , 
 0.0550 ,  +0.17985 ,  +0.00e+00 ,  -7.73e-01 ,  +1.13e-01 ,  -3.91e+00 ,  -9.85e+02 ,  +3.14e+04 ,  +4.57e+06 , 
 0.0100 ,  +0.03266 ,  +0.00e+00 ,  -7.69e-01 ,  +9.04e-02 ,  -5.28e+00 ,  -1.36e+03 ,  +4.22e+04 ,  +5.78e+06 , 
 0.0050 ,  +0.01628 ,  +0.00e+00 ,  -7.63e-01 ,  +3.39e-02 ,  -5.20e+00 ,  -8.89e+02 ,  +3.90e+04 ,  +3.61e+06 , 
 0.0050 ,  +0.01623 ,  +0.00e+00 ,  -7.56e-01 ,  -4.28e-02 ,  -4.87e+00 ,  -1.17e+03 ,  +3.78e+04 ,  +4.50e+06 , 
 0.0050 ,  +0.01620 ,  +0.00e+00 ,  -7.51e-01 ,  -1.54e-01 ,  -6.03e+00 ,  -8.85e+02 ,  +4.59e+04 ,  +3.29e+06 , 
 0.0050 ,  +0.01622 ,  +0.00e+00 ,  -7.54e-01 ,  -7.81e-02 ,  -4.27e+00 ,  -1.26e+03 ,  +3.45e+04 ,  +4.99e+06 , 
 0.0100 ,  +0.03257 ,  +0.00e+00 ,  -7.64e-01 ,  +5.23e-02 ,  -3.93e+00 ,  -1.18e+03 ,  +3.30e+04 ,  +4.75e+06 , 
 0.0100 ,  +0.03269 ,  +0.00e+00 ,  -7.70e-01 ,  +7.46e-02 ,  -5.42e+00 ,  -8.31e+02 ,  +4.33e+04 ,  +3.22e+06 , 
 0.1750 ,  +0.57092 ,  +0.00e+00 ,  -7.74e-01 ,  +1.55e-01 ,  +3.12e+00 ,  -6.47e+02 ,  +7.57e+03 ,  +2.20e+06 , 
 0.1750 ,  +0.57056 ,  +0.00e+00 ,  -7.74e-01 ,  +1.12e-01 ,  +1.17e+01 ,  -9.40e+01 ,  -2.25e+04 ,  +6.40e+05 , 
 0.0200 ,  +0.06303 ,  +0.00e+00 ,  -7.83e-01 ,  -2.35e-01 ,  +1.55e+01 ,  +3.76e+02 ,  -1.09e+04 ,  -8.04e+05 , 
 0.0100 ,  +0.02700 ,  +0.00e+00 ,  -6.68e-01 ,  -4.81e-01 ,  +1.98e+01 ,  +1.61e+02 ,  +1.15e+04 ,  -1.60e+06 , 
 0.0150 ,  +0.02830 ,  +0.00e+00 ,  -3.52e-01 ,  -2.46e+00 ,  +2.28e+01 ,  +2.37e+00 ,  +1.50e+04 ,  -1.13e+06 , 
 0.0200 ,  +0.01961 ,  +0.00e+00 ,  -1.05e-01 ,  -2.18e+00 ,  +1.18e+01 ,  +2.69e+01 ,  +6.98e+03 ,  -5.39e+05 , 
 0.0300 ,  +0.01168 ,  +0.00e+00 ,  -2.33e-02 ,  -8.86e-01 ,  +3.69e+00 ,  +5.31e+01 ,  +1.12e+03 ,  -1.38e+05 , 
 0.0320 ,  +0.00438 ,  +0.00e+00 ,  -4.43e-03 ,  -2.58e-01 ,  +6.27e-01 ,  -1.66e+01 ,  +7.99e+02 ,  +1.52e+05 , 
 0.0325 ,  +0.00334 ,  -3.18e-04 ,  -1.25e-03 ,  -1.37e-01 ,  +1.97e-01 ,  +1.43e+02 ,  -1.84e+03 ,  -5.51e+05 , 
