--- model polynom_b (rz < 0). units: [m] for length, [rad] for angle and [m^(n-1)] for polynom_b ---
 len[m]    angle[deg]  PolyB(n=0)   PolyB(n=1)   PolyB(n=2)   PolyB(n=3)   PolyB(n=4)   PolyB(n=5)   PolyB(n=6)   
 0.1250 ,  +0.40604 ,  +0.00e+00 ,  -7.76e-01 ,  +3.34e-02 ,  +9.21e-01 ,  -3.59e+02 ,  +7.61e+03 ,  +1.81e+06 , 
 0.0550 ,  +0.17959 ,  +0.00e+00 ,  -7.75e-01 ,  +1.94e-02 ,  -2.28e-01 ,  -4.79e+02 ,  +1.26e+04 ,  +2.22e+06 , 
 0.0100 ,  +0.03260 ,  +0.00e+00 ,  -7.71e-01 ,  +3.01e-03 ,  -6.40e-01 ,  -6.34e+02 ,  +1.54e+04 ,  +2.45e+06 , 
 0.0050 ,  +0.01623 ,  +0.00e+00 ,  -7.64e-01 ,  -8.79e-03 ,  -9.44e-01 ,  -1.06e+03 ,  +1.54e+04 ,  +4.09e+06 , 
 0.0050 ,  +0.01618 ,  +0.00e+00 ,  -7.55e-01 ,  -1.70e-01 ,  -1.03e+00 ,  -5.37e+02 ,  +1.27e+04 ,  +1.95e+06 , 
 0.0050 ,  +0.01615 ,  +0.00e+00 ,  -7.49e-01 ,  -2.82e-01 ,  +4.34e-01 ,  -4.72e+02 ,  +8.90e+03 ,  +1.53e+06 , 
 0.0050 ,  +0.01617 ,  +0.00e+00 ,  -7.53e-01 ,  -2.24e-01 ,  -2.78e+00 ,  -2.38e+02 ,  +2.41e+04 ,  +3.18e+05 , 
 0.0100 ,  +0.03252 ,  +0.00e+00 ,  -7.65e-01 ,  -3.47e-02 ,  -1.03e+00 ,  -4.55e+02 ,  +1.54e+04 ,  +1.34e+06 , 
 0.0100 ,  +0.03267 ,  +0.00e+00 ,  -7.73e-01 ,  -1.15e-02 ,  -3.08e-01 ,  -2.22e+02 ,  +1.50e+04 ,  +5.29e+05 , 
 0.1750 ,  +0.57039 ,  +0.00e+00 ,  -7.75e-01 ,  +4.06e-02 ,  +4.50e+00 ,  +2.26e+02 ,  +9.78e+02 ,  -1.14e+06 , 
 0.1750 ,  +0.57037 ,  +0.00e+00 ,  -7.74e-01 ,  +7.73e-02 ,  +4.06e+00 ,  -3.30e+02 ,  +1.02e+04 ,  +2.07e+06 , 
 0.0200 ,  +0.06326 ,  +0.00e+00 ,  -7.88e-01 ,  -1.31e-01 ,  +1.20e+01 ,  -3.04e+02 ,  -8.56e+03 ,  +1.68e+06 , 
 0.0100 ,  +0.02727 ,  +0.00e+00 ,  -6.80e-01 ,  -2.67e-01 ,  +1.77e+01 ,  -7.04e+02 ,  +2.24e+03 ,  +2.33e+06 , 
 0.0150 ,  +0.02879 ,  +0.00e+00 ,  -3.64e-01 ,  -2.32e+00 ,  +2.42e+01 ,  -8.23e+02 ,  +2.51e+03 ,  +2.26e+06 , 
 0.0200 ,  +0.02007 ,  +0.00e+00 ,  -1.09e-01 ,  -2.17e+00 ,  +1.52e+01 ,  -5.47e+02 ,  -4.08e+03 ,  +1.75e+06 , 
 0.0300 ,  +0.01200 ,  +0.00e+00 ,  -2.50e-02 ,  -9.02e-01 ,  +5.76e+00 ,  -1.92e+02 ,  -3.77e+03 ,  +9.04e+05 , 
 0.0320 ,  +0.00448 ,  +0.00e+00 ,  -4.85e-03 ,  -2.68e-01 ,  +1.09e+00 ,  -8.42e+00 ,  -2.30e+02 ,  +1.59e+05 , 
 0.0325 ,  +0.00342 ,  +3.77e-04 ,  -1.25e-03 ,  -1.39e-01 ,  +9.11e-01 ,  +1.60e+02 ,  -4.73e+03 ,  -6.56e+05 , 
