--- model polynom_b (rz > 0). units: [m] for length, [rad] for angle and [m^(n-1)] for polynom_b ---
 len[m]     angle[deg]     PolyB(n=0)     PolyB(n=1)     PolyB(n=2)     PolyB(n=3)     PolyB(n=4)     PolyB(n=5)     PolyB(n=6)    
 0.1250 ,  -0.40656346 ,  +1.1352e-01 ,  -7.7514e-01 ,  +9.7901e-02 ,  -8.6001e-01 ,  -7.2135e+02 ,  +3.2392e+04 ,  +3.5489e+06 , 
 0.0550 ,  -0.17996464 ,  +1.1412e-01 ,  -7.7351e-01 ,  +9.7220e-02 ,  +2.5296e+00 ,  -1.2744e+03 ,  +1.2126e+04 ,  +5.7442e+06 , 
 0.0100 ,  -0.03293975 ,  +1.1439e-01 ,  -7.6885e-01 ,  +8.8202e-02 ,  +3.3974e+00 ,  -1.7872e+03 ,  +1.0070e+04 ,  +7.6343e+06 , 
 0.0050 ,  -0.01656680 ,  +1.1450e-01 ,  -7.6127e-01 ,  +2.6555e-02 ,  +2.7561e+00 ,  -1.5427e+03 ,  +1.0189e+04 ,  +6.2534e+06 , 
 0.0050 ,  -0.01651365 ,  +1.1414e-01 ,  -7.5282e-01 ,  -1.1261e-01 ,  +3.4501e+00 ,  -1.5955e+03 ,  +8.2062e+03 ,  +6.7077e+06 , 
 0.0050 ,  -0.01649154 ,  +1.1400e-01 ,  -7.4875e-01 ,  -1.8604e-01 ,  +5.5509e+00 ,  -1.7504e+03 ,  +4.2947e+02 ,  +7.2687e+06 , 
 0.0050 ,  -0.01650144 ,  +1.1415e-01 ,  -7.5382e-01 ,  -8.0898e-02 ,  +4.3748e+00 ,  -1.9786e+03 ,  +2.6394e+03 ,  +8.3411e+06 , 
 0.0100 ,  -0.03287860 ,  +1.1423e-01 ,  -7.6557e-01 ,  +6.9080e-02 ,  +5.0928e+00 ,  -1.9029e+03 ,  +7.0001e+01 ,  +8.0829e+06 , 
 0.0100 ,  -0.03298718 ,  +1.1467e-01 ,  -7.7180e-01 ,  +6.2423e-02 ,  +7.0044e+00 ,  -1.3556e+03 ,  -1.1067e+04 ,  +6.0315e+06 , 
 0.1750 ,  -0.57105325 ,  +1.1390e-01 ,  -7.7462e-01 ,  +7.5256e-02 ,  +1.1727e+01 ,  -7.2959e+01 ,  -3.2153e+04 ,  +5.0541e+05 , 
 0.1750 ,  -0.57056492 ,  +1.1381e-01 ,  -7.7350e-01 ,  +2.4167e-02 ,  +8.8044e+00 ,  +7.5834e+02 ,  -1.0210e+04 ,  -2.4560e+06 , 
 0.0200 ,  -0.06295733 ,  +1.0964e-01 ,  -7.8082e-01 ,  -2.3422e-01 ,  +1.2004e+01 ,  +2.1839e+02 ,  +6.5537e+03 ,  +1.4283e+05 , 
 0.0100 ,  -0.02639409 ,  +9.1970e-02 ,  -6.4016e-01 ,  -6.9225e-01 ,  +1.8403e+01 ,  +6.6143e+01 ,  +1.7612e+04 ,  -8.7001e+05 , 
 0.0150 ,  -0.02756609 ,  +6.3514e-02 ,  -3.2088e-01 ,  -2.5924e+00 ,  +2.0367e+01 ,  -1.2944e+02 ,  +2.0276e+04 ,  -3.6301e+05 , 
 0.0200 ,  -0.01913081 ,  +3.2919e-02 ,  -9.4257e-02 ,  -2.0992e+00 ,  +9.6397e+00 ,  +5.8870e-01 ,  +1.1105e+04 ,  -2.4410e+05 , 
 0.0300 ,  -0.01151016 ,  +1.3171e-02 ,  -2.1181e-02 ,  -8.3625e-01 ,  +3.1513e+00 ,  -6.1693e+00 ,  +1.1673e+03 ,  +1.5600e+05 , 
 0.0320 ,  -0.00439865 ,  +4.7011e-03 ,  -4.0713e-03 ,  -2.4598e-01 ,  +6.7373e-01 ,  +1.9792e+01 ,  -3.0760e+02 ,  -2.3754e+04 , 
 0.0325 ,  -0.00321764 ,  +3.4959e-03 ,  -1.2464e-03 ,  -1.2480e-01 ,  +9.7849e-01 ,  +4.2419e+01 ,  -2.6629e+03 ,  -1.6976e+05 , 
