--- model polynom_b (rz < 0). units: [m] for length, [rad] for angle and [m^(n-1)] for polynom_b ---
 len[m]    angle[deg]  PolyB(n=0)   PolyB(n=1)   PolyB(n=2)   PolyB(n=3)   PolyB(n=4)   PolyB(n=5)   PolyB(n=6)   
 0.1250 ,  +0.40645 ,  +0.00e+00 ,  -7.75e-01 ,  +6.56e-02 ,  -1.26e+00 ,  -7.21e+02 ,  +2.32e+04 ,  +3.68e+06 , 
 0.0550 ,  +0.17976 ,  +0.00e+00 ,  -7.74e-01 ,  +7.51e-02 ,  -2.03e-01 ,  -1.13e+03 ,  +1.52e+04 ,  +5.30e+06 , 
 0.0100 ,  +0.03263 ,  +0.00e+00 ,  -7.70e-01 ,  +5.08e-02 ,  +6.24e-01 ,  -1.28e+03 ,  +1.23e+04 ,  +5.60e+06 , 
 0.0050 ,  +0.01626 ,  +0.00e+00 ,  -7.63e-01 ,  -7.70e-03 ,  +1.03e+00 ,  -1.01e+03 ,  +7.31e+03 ,  +4.35e+06 , 
 0.0050 ,  +0.01621 ,  +0.00e+00 ,  -7.55e-01 ,  -1.07e-01 ,  -2.63e-01 ,  -1.35e+03 ,  +1.39e+04 ,  +6.09e+06 , 
 0.0050 ,  +0.01619 ,  +0.00e+00 ,  -7.51e-01 ,  -1.88e-01 ,  +3.66e-01 ,  -1.38e+03 ,  +1.13e+04 ,  +5.96e+06 , 
 0.0050 ,  +0.01622 ,  +0.00e+00 ,  -7.55e-01 ,  -1.04e-01 ,  +2.45e+00 ,  -1.51e+03 ,  +4.00e+02 ,  +6.26e+06 , 
 0.0100 ,  +0.03260 ,  +0.00e+00 ,  -7.65e-01 ,  +4.35e-02 ,  +2.68e-02 ,  -1.73e+03 ,  +1.46e+04 ,  +7.52e+06 , 
 0.0100 ,  +0.03273 ,  +0.00e+00 ,  -7.72e-01 ,  +2.52e-02 ,  +1.96e+00 ,  -1.08e+03 ,  +7.34e+03 ,  +5.13e+06 , 
 0.1750 ,  +0.57134 ,  +0.00e+00 ,  -7.75e-01 ,  +9.64e-02 ,  +5.34e+00 ,  -7.10e+02 ,  -7.88e+03 ,  +3.67e+06 , 
 0.1750 ,  +0.57075 ,  +0.00e+00 ,  -7.74e-01 ,  +2.14e-02 ,  +4.04e+00 ,  +8.56e+02 ,  +8.45e+03 ,  -3.28e+06 , 
 0.0200 ,  +0.06300 ,  +0.00e+00 ,  -7.85e-01 ,  -1.57e-01 ,  +6.09e+00 ,  -2.47e+01 ,  +2.98e+04 ,  +8.12e+05 , 
 0.0100 ,  +0.02689 ,  +0.00e+00 ,  -6.64e-01 ,  -3.90e-01 ,  +1.41e+01 ,  -5.73e+02 ,  +2.80e+04 ,  +1.99e+06 , 
 0.0150 ,  +0.02815 ,  +0.00e+00 ,  -3.46e-01 ,  -2.39e+00 ,  +1.82e+01 ,  -8.17e+02 ,  +2.80e+04 ,  +2.65e+06 , 
 0.0200 ,  +0.01961 ,  +0.00e+00 ,  -1.03e-01 ,  -2.11e+00 ,  +9.19e+00 ,  -6.29e+02 ,  +1.35e+04 ,  +2.43e+06 , 
 0.0300 ,  +0.01172 ,  +0.00e+00 ,  -2.30e-02 ,  -8.66e-01 ,  +3.40e+00 ,  -1.73e+02 ,  +7.16e+02 ,  +8.30e+05 , 
 0.0320 ,  +0.00438 ,  +0.00e+00 ,  -4.33e-03 ,  -2.56e-01 ,  +8.24e-01 ,  -1.66e+01 ,  -5.96e+02 ,  +1.34e+05 , 
 0.0325 ,  +0.00331 ,  -7.61e-04 ,  -1.08e-03 ,  -1.32e-01 ,  +1.05e+00 ,  +8.28e+00 ,  -4.20e+03 ,  +5.39e+04 , 
