--- model polynom_b (rz > 0). units: [m] for length, [rad] for angle and [m^(n-1)] for polynom_b ---
 len[m]    angle[deg]  PolyB(n=0)   PolyB(n=1)   PolyB(n=2)   PolyB(n=3)   PolyB(n=4)   PolyB(n=5)   PolyB(n=6)   
 0.1250 ,  +0.40661 ,  +0.00e+00 ,  -7.76e-01 ,  +1.76e-02 ,  +7.17e-01 ,  -3.73e+02 ,  +1.20e+04 ,  +2.14e+06 , 
 0.0550 ,  +0.17970 ,  +0.00e+00 ,  -7.74e-01 ,  -2.97e-03 ,  +2.14e-01 ,  -6.70e+02 ,  +1.44e+04 ,  +4.00e+06 , 
 0.0100 ,  +0.03261 ,  +0.00e+00 ,  -7.70e-01 ,  -4.71e-02 ,  +1.52e+00 ,  -6.69e+02 ,  +6.88e+03 ,  +3.83e+06 , 
 0.0050 ,  +0.01624 ,  +0.00e+00 ,  -7.63e-01 ,  -8.24e-02 ,  +6.76e-01 ,  -6.92e+02 ,  +7.69e+03 ,  +3.69e+06 , 
 0.0050 ,  +0.01619 ,  +0.00e+00 ,  -7.55e-01 ,  -2.15e-01 ,  +1.01e+00 ,  -5.35e+02 ,  +5.94e+03 ,  +3.02e+06 , 
 0.0050 ,  +0.01616 ,  +0.00e+00 ,  -7.49e-01 ,  -3.33e-01 ,  +2.28e+00 ,  -4.34e+02 ,  +6.57e+03 ,  +2.49e+06 , 
 0.0050 ,  +0.01618 ,  +0.00e+00 ,  -7.52e-01 ,  -2.70e-01 ,  +1.03e+00 ,  -4.71e+02 ,  +1.03e+04 ,  +2.86e+06 , 
 0.0100 ,  +0.03253 ,  +0.00e+00 ,  -7.64e-01 ,  -9.84e-02 ,  +2.60e+00 ,  -3.34e+02 ,  -7.18e+02 ,  +2.16e+06 , 
 0.0100 ,  +0.03268 ,  +0.00e+00 ,  -7.72e-01 ,  -6.83e-02 ,  +2.78e+00 ,  -1.44e+02 ,  +1.87e+03 ,  +1.55e+06 , 
 0.1750 ,  +0.57071 ,  +0.00e+00 ,  -7.75e-01 ,  +2.82e-02 ,  +4.67e+00 ,  +1.53e+02 ,  -3.66e+03 ,  +2.74e+04 , 
 0.1750 ,  +0.56981 ,  +0.00e+00 ,  -7.74e-01 ,  +7.84e-02 ,  +4.36e+00 ,  +2.15e+01 ,  +4.42e+03 ,  +5.23e+05 , 
 0.0200 ,  +0.06299 ,  +0.00e+00 ,  -7.83e-01 ,  -1.97e-01 ,  +1.15e+01 ,  -5.86e+01 ,  +4.92e+03 ,  +1.35e+05 , 
 0.0100 ,  +0.02715 ,  +0.00e+00 ,  -6.74e-01 ,  -4.09e-01 ,  +2.02e+01 ,  -2.97e+02 ,  +6.07e+03 ,  +5.61e+04 , 
 0.0150 ,  +0.02869 ,  +0.00e+00 ,  -3.60e-01 ,  -2.42e+00 ,  +2.21e+01 ,  -2.07e+02 ,  +1.73e+04 ,  -4.27e+05 , 
 0.0200 ,  +0.02003 ,  +0.00e+00 ,  -1.07e-01 ,  -2.20e+00 ,  +1.13e+01 ,  -1.06e+02 ,  +7.37e+03 ,  +7.30e+04 , 
 0.0300 ,  +0.01198 ,  +0.00e+00 ,  -2.40e-02 ,  -9.04e-01 ,  +3.62e+00 ,  -2.49e+01 ,  +1.19e+03 ,  +2.56e+05 , 
 0.0320 ,  +0.00449 ,  +0.00e+00 ,  -4.62e-03 ,  -2.67e-01 ,  +6.88e-01 ,  +1.21e+01 ,  +4.38e+02 ,  +5.38e+04 , 
 0.0325 ,  +0.00345 ,  +6.98e-04 ,  -1.37e-03 ,  -1.29e-01 ,  +6.28e-02 ,  -8.71e+01 ,  +1.10e+03 ,  +5.13e+05 , 
