--- model polynom_b (rz < 0). units: [m] for length, [rad] for angle and [m^(n-1)] for polynom_b ---
 len[m]    angle[deg]  PolyB(n=0)   PolyB(n=1)   PolyB(n=2)   PolyB(n=3)   PolyB(n=4)   PolyB(n=5)   PolyB(n=6)   
 0.1250 ,  +0.40550 ,  +0.00e+00 ,  -7.76e-01 ,  -7.15e-03 ,  -4.36e+00 ,  +5.06e+02 ,  +3.24e+04 ,  -1.87e+06 , 
 0.0550 ,  +0.17938 ,  +0.00e+00 ,  -7.75e-01 ,  +2.41e-04 ,  -3.11e+00 ,  +2.94e+01 ,  +2.59e+04 ,  +6.00e+04 , 
 0.0100 ,  +0.03258 ,  +0.00e+00 ,  -7.71e-01 ,  -4.77e-02 ,  -5.55e+00 ,  +2.23e+02 ,  +4.05e+04 ,  -1.00e+06 , 
 0.0050 ,  +0.01623 ,  +0.00e+00 ,  -7.65e-01 ,  -6.34e-02 ,  -5.82e+00 ,  +5.62e+01 ,  +3.87e+04 ,  -5.80e+05 , 
 0.0050 ,  +0.01618 ,  +0.00e+00 ,  -7.57e-01 ,  -1.70e-01 ,  -8.40e+00 ,  +1.20e+02 ,  +5.06e+04 ,  -9.18e+05 , 
 0.0050 ,  +0.01615 ,  +0.00e+00 ,  -7.51e-01 ,  -2.87e-01 ,  -6.03e+00 ,  +1.00e+02 ,  +4.26e+04 ,  -7.74e+05 , 
 0.0050 ,  +0.01616 ,  +0.00e+00 ,  -7.53e-01 ,  -2.34e-01 ,  -5.40e+00 ,  -1.52e+02 ,  +3.98e+04 ,  +2.50e+05 , 
 0.0100 ,  +0.03249 ,  +0.00e+00 ,  -7.64e-01 ,  -3.75e-02 ,  -6.13e+00 ,  -6.19e+02 ,  +4.30e+04 ,  +2.17e+06 , 
 0.0100 ,  +0.03265 ,  +0.00e+00 ,  -7.72e-01 ,  +9.23e-03 ,  -4.66e+00 ,  -7.00e+02 ,  +3.89e+04 ,  +2.97e+06 , 
 0.1750 ,  +0.57001 ,  +0.00e+00 ,  -7.75e-01 ,  +1.00e-01 ,  +3.74e+00 ,  -6.94e+02 ,  +1.77e+03 ,  +3.10e+06 , 
 0.1750 ,  +0.56954 ,  +0.00e+00 ,  -7.75e-01 ,  +8.63e-02 ,  +1.00e+01 ,  -4.97e+01 ,  -2.05e+04 ,  +5.65e+05 , 
 0.0200 ,  +0.06325 ,  +0.00e+00 ,  -7.87e-01 ,  -1.69e-01 ,  +1.56e+01 ,  -4.02e+00 ,  -2.19e+04 ,  +7.22e+05 , 
 0.0100 ,  +0.02753 ,  +0.00e+00 ,  -6.90e-01 ,  -2.28e-01 ,  +1.99e+01 ,  -4.09e+02 ,  -6.69e+03 ,  +1.30e+06 , 
 0.0150 ,  +0.02941 ,  +0.00e+00 ,  -3.77e-01 ,  -2.29e+00 ,  +2.32e+01 ,  -2.17e+02 ,  +2.90e+03 ,  +3.87e+03 , 
 0.0200 ,  +0.02071 ,  +0.00e+00 ,  -1.13e-01 ,  -2.25e+00 ,  +1.27e+01 ,  +3.40e+01 ,  +1.07e+03 ,  -4.84e+05 , 
 0.0300 ,  +0.01240 ,  +0.00e+00 ,  -2.54e-02 ,  -9.41e-01 ,  +4.39e+00 ,  +4.74e+01 ,  -1.15e+03 ,  -9.58e+04 , 
 0.0320 ,  +0.00459 ,  +0.00e+00 ,  -4.83e-03 ,  -2.76e-01 ,  +1.01e+00 ,  +1.91e+01 ,  -4.38e+02 ,  -3.69e+03 , 
 0.0325 ,  +0.00344 ,  +2.12e-03 ,  -1.24e-03 ,  -1.35e-01 ,  +7.04e-01 ,  +3.27e-01 ,  -3.77e+03 ,  +4.36e+04 , 
