--- model polynom_b (rz > 0). units: [m] for length, [rad] for angle and [m],[T] for polynom_b ---
 len[m]        angle[deg]             PolynomB(n=0)           PolynomB(n=1)           PolynomB(n=2)           PolynomB(n=3)           PolynomB(n=6)      
0.03000  +9.7755254767049882e-02 +0.0000000000000000e+00 -7.8944174058988292e-01 +2.5727880815323623e-01 +1.0971780128622331e+01 +1.9636513089772612e+06 
0.09500  +3.1034137668961626e-01 +0.0000000000000000e+00 -7.8950541853863765e-01 +2.5194856912531072e-01 +1.0791725613555318e+01 +1.8756334599239014e+06 
0.05500  +1.8078594199319478e-01 +0.0000000000000000e+00 -7.8911536701415508e-01 +2.3246167985051663e-01 +1.0007398367039411e+01 +1.6708671127788792e+06 
0.01000  +3.2729577330990849e-02 +0.0000000000000000e+00 -7.5995316306984084e-01 -4.3545903350369763e-01 +7.4795573447461665e+00 +2.3864986008167765e+06 
0.00500  +1.6119627916248463e-02 +0.0000000000000000e+00 -6.8517845249944376e-01 -2.7239349120494234e+00 +1.9681161207899660e+01 +4.8354829087786917e+06 
0.00500  +1.5876320463330471e-02 +0.0000000000000000e+00 -6.0521327681787562e-01 -5.3114354605559591e+00 +2.9416856808172618e+01 +1.0318829622001557e+07 
0.00500  +1.5752147213294723e-02 +0.0000000000000000e+00 -5.6312237432936663e-01 -6.6406597127996543e+00 +2.9227435954312959e+01 +1.4691645876602398e+07 
0.00500  +1.5866821141834360e-02 +0.0000000000000000e+00 -6.0030441996373296e-01 -5.4823476584363000e+00 +2.9723924865626373e+01 +1.1257709351681534e+07 
0.01000  +3.2427567048599670e-02 +0.0000000000000000e+00 -7.1116616020102186e-01 -1.9241165877244455e+00 +1.4694524708945803e+01 +4.4958021352119623e+06 
0.01000  +3.2891884764192122e-02 +0.0000000000000000e+00 -7.7892630553848308e-01 +4.6932777147139677e-02 +7.1944385009721010e+00 +1.8756166157009965e+06 
0.17500  +5.7321925499998594e-01 +0.0000000000000000e+00 -7.8929409810530116e-01 +2.5560120981442125e-01 +1.0988760012314019e+01 +1.8851496930699181e+06 
0.17500  +5.7365944428569138e-01 +0.0000000000000000e+00 -7.8947937188977102e-01 +2.5001510058316939e-01 +1.1144004843774011e+01 +1.9183090715768619e+06 
0.02000  +6.3837367417903093e-02 +0.0000000000000000e+00 -7.6212591305127364e-01 -1.0477062986674037e+00 +8.9531630232459065e+00 +3.5194170035230531e+06 
0.01000  +2.6008665444863875e-02 +0.0000000000000000e+00 -4.7479111078368053e-01 -5.7325100876316082e+00 +9.8253264695009062e+00 +1.1614320688256035e+07 
0.01500  +2.5265229845048066e-02 +0.0000000000000000e+00 -1.7537393571651988e-01 -4.6234797302656450e+00 -1.7038864142350725e+01 +5.0459398201674176e+06 
0.02000  +1.7032956703691697e-02 +0.0000000000000000e+00 -4.4836990434372594e-02 -2.0180358385520636e+00 -7.2508559794102923e-01 -1.7255635231708660e+05 
0.03000  +1.0512347578778168e-02 +0.0000000000000000e+00 -8.5918080038342986e-03 -7.6347698969574063e-01 +1.5884476604732840e+00 -9.0107446285067510e+02 
0.06400  +8.1182143956866435e-03 -1.1232225549618821e-05 +1.5800572105938106e-04 -1.7305755841691756e-01 +2.2077060670078941e-01 +1.4165908412473649e+04 
